<testsuite name="accounts.account_retrieval.Account Retrieval" tests="17" errors="0" failures="0" skipped="17" time="0.0" timestamp="2025-09-20T14:29:58.835581" hostname="DESKTOP-9TL42EO"><testcase classname="accounts.account_retrieval.Account Retrieval" name="Successfully retrieve account by valid ID" status="skipped" time="0"><skipped /><system-out>
<![CDATA[
@scenario.begin

  @happy_path @regression
  Scenario: Successfully retrieve account by valid ID
    Given the banking API is available ... skipped in 0.000s
    And I have valid authentication credentials ... skipped in 0.000s
    When I send a GET request to "/accounts/ACC001" ... skipped in 0.000s
    Then the response status code should be 200 ... skipped in 0.000s
    And the response should be valid JSON ... skipped in 0.000s
    And the response should contain "customerId" ... skipped in 0.000s
    And the response should contain "accountId" ... skipped in 0.000s
    And the response should contain "accountType" ... skipped in 0.000s
    And the response should contain "createdAt" ... skipped in 0.000s
    And the response should contain the correlation ID ... skipped in 0.000s
    And the response time should be under 2000 milliseconds ... skipped in 0.000s

@scenario.end
--------------------------------------------------------------------------------
]]>
</system-out></testcase><testcase classname="accounts.account_retrieval.Account Retrieval" name="Successfully retrieve account with different valid ID" status="skipped" time="0"><skipped /><system-out>
<![CDATA[
@scenario.begin

  @happy_path @regression
  Scenario: Successfully retrieve account with different valid ID
    Given the banking API is available ... skipped in 0.000s
    And I have valid authentication credentials ... skipped in 0.000s
    When I send a GET request to "/accounts/ACC002" ... skipped in 0.000s
    Then the response status code should be 200 ... skipped in 0.000s
    And the response should be valid JSON ... skipped in 0.000s
    And the response should contain "customerId" ... skipped in 0.000s
    And the response should contain the following fields: ... skipped in 0.000s
      | field       |
      | accountId   |
      | accountType |
      | currency    |
      | balance     |
      | bsb         |
      | createdAt   |

@scenario.end
--------------------------------------------------------------------------------
]]>
</system-out></testcase><testcase classname="accounts.account_retrieval.Account Retrieval" name="Attempt to retrieve non-existent account" status="skipped" time="0"><skipped /><system-out>
<![CDATA[
@scenario.begin

  @error_handling @regression
  Scenario: Attempt to retrieve non-existent account
    Given the banking API is available ... skipped in 0.000s
    And I have valid authentication credentials ... skipped in 0.000s
    When I send a GET request to "/accounts/NONEXISTENT" ... skipped in 0.000s
    Then the response status code should be 404 ... skipped in 0.000s
    And the response should be valid JSON ... skipped in 0.000s
    And the response should contain an error message ... skipped in 0.000s
    And the response should contain the correlation ID ... skipped in 0.000s

@scenario.end
--------------------------------------------------------------------------------
]]>
</system-out></testcase><testcase classname="accounts.account_retrieval.Account Retrieval" name="Attempt to retrieve account with invalid ID format" status="skipped" time="0"><skipped /><system-out>
<![CDATA[
@scenario.begin

  @error_handling @regression
  Scenario: Attempt to retrieve account with invalid ID format
    Given the banking API is available ... skipped in 0.000s
    And I have valid authentication credentials ... skipped in 0.000s
    When I send a GET request to "/accounts/123invalid" ... skipped in 0.000s
    Then the response status code should be 404 ... skipped in 0.000s
    And the response should contain an error message ... skipped in 0.000s

@scenario.end
--------------------------------------------------------------------------------
]]>
</system-out></testcase><testcase classname="accounts.account_retrieval.Account Retrieval" name="Retrieve accounts with boundary ID values -- @1.1 " status="skipped" time="0"><skipped /><system-out>
<![CDATA[
@scenario.begin

  @boundary_testing
  Scenario Outline: Retrieve accounts with boundary ID values -- @1.1 
    Given the banking API is available ... skipped in 0.000s
    And I have valid authentication credentials ... skipped in 0.000s
    When I send a GET request to "/accounts/ACC001" ... skipped in 0.000s
    Then the response status code should be 200 ... skipped in 0.000s
    And the response should be valid JSON ... skipped in 0.000s

@scenario.end
--------------------------------------------------------------------------------
]]>
</system-out></testcase><testcase classname="accounts.account_retrieval.Account Retrieval" name="Retrieve accounts with boundary ID values -- @1.2 " status="skipped" time="0"><skipped /><system-out>
<![CDATA[
@scenario.begin

  @boundary_testing
  Scenario Outline: Retrieve accounts with boundary ID values -- @1.2 
    Given the banking API is available ... skipped in 0.000s
    And I have valid authentication credentials ... skipped in 0.000s
    When I send a GET request to "/accounts/ACC999" ... skipped in 0.000s
    Then the response status code should be 404 ... skipped in 0.000s
    And the response should be valid JSON ... skipped in 0.000s

@scenario.end
--------------------------------------------------------------------------------
]]>
</system-out></testcase><testcase classname="accounts.account_retrieval.Account Retrieval" name="Retrieve accounts with boundary ID values -- @1.3 " status="skipped" time="0"><skipped /><system-out>
<![CDATA[
@scenario.begin

  @boundary_testing
  Scenario Outline: Retrieve accounts with boundary ID values -- @1.3 
    Given the banking API is available ... skipped in 0.000s
    And I have valid authentication credentials ... skipped in 0.000s
    When I send a GET request to "/accounts/A" ... skipped in 0.000s
    Then the response status code should be 404 ... skipped in 0.000s
    And the response should be valid JSON ... skipped in 0.000s

@scenario.end
--------------------------------------------------------------------------------
]]>
</system-out></testcase><testcase classname="accounts.account_retrieval.Account Retrieval" name="Retrieve accounts with boundary ID values -- @1.4 " status="skipped" time="0"><skipped /><system-out>
<![CDATA[
@scenario.begin

  @boundary_testing
  Scenario Outline: Retrieve accounts with boundary ID values -- @1.4 
    Given the banking API is available ... skipped in 0.000s
    And I have valid authentication credentials ... skipped in 0.000s
    When I send a GET request to "/accounts/VERYLONGACCOUNTID" ... skipped in 0.000s
    Then the response status code should be 404 ... skipped in 0.000s
    And the response should be valid JSON ... skipped in 0.000s

@scenario.end
--------------------------------------------------------------------------------
]]>
</system-out></testcase><testcase classname="accounts.account_retrieval.Account Retrieval" name="Multiple concurrent account retrievals" status="skipped" time="0"><skipped /><system-out>
<![CDATA[
@scenario.begin

  @performance @load_testing
  Scenario: Multiple concurrent account retrievals
    Given the banking API is available ... skipped in 0.000s
    And I have valid authentication credentials ... skipped in 0.000s
    When I send a GET request to "/accounts/ACC001" ... skipped in 0.000s
    And I send a GET request to "/accounts/ACC002" ... skipped in 0.000s
    Then the response time should be under 1500 milliseconds ... skipped in 0.000s
    And the response should be successful ... skipped in 0.000s

@scenario.end
--------------------------------------------------------------------------------
]]>
</system-out></testcase><testcase classname="accounts.account_retrieval.Account Retrieval" name="Verify account response data types and formats" status="skipped" time="0"><skipped /><system-out>
<![CDATA[
@scenario.begin

  @data_validation
  Scenario: Verify account response data types and formats
    Given the banking API is available ... skipped in 0.000s
    And I have valid authentication credentials ... skipped in 0.000s
    When I send a GET request to "/accounts/ACC001" ... skipped in 0.000s
    Then the response status code should be 200 ... skipped in 0.000s
    And the response "accountId" should be "ACC001" ... skipped in 0.000s
    And the response should contain "accountId" ... skipped in 0.000s
    And the response should contain "accountType" ... skipped in 0.000s
    And the response should contain "currency" ... skipped in 0.000s
    And the response should contain "balance" ... skipped in 0.000s
    And the response should contain "createdAt" ... skipped in 0.000s

@scenario.end
--------------------------------------------------------------------------------
]]>
</system-out></testcase><testcase classname="accounts.account_retrieval.Account Retrieval" name="Verify correlation ID is propagated in account retrieval" status="skipped" time="0"><skipped /><system-out>
<![CDATA[
@scenario.begin

  @correlation_tracking
  Scenario: Verify correlation ID is propagated in account retrieval
    Given the banking API is available ... skipped in 0.000s
    And I have valid authentication credentials ... skipped in 0.000s
    Given I set the correlation ID to "test-acc-001" ... skipped in 0.000s
    When I send a GET request to "/accounts/ACC001" ... skipped in 0.000s
    Then the response status code should be 200 ... skipped in 0.000s
    And the response should contain the correlation ID ... skipped in 0.000s

@scenario.end
--------------------------------------------------------------------------------
]]>
</system-out></testcase><testcase classname="accounts.account_retrieval.Account Retrieval" name="Verify consistent response for repeated requests" status="skipped" time="0"><skipped /><system-out>
<![CDATA[
@scenario.begin

  @caching_behavior
  Scenario: Verify consistent response for repeated requests
    Given the banking API is available ... skipped in 0.000s
    And I have valid authentication credentials ... skipped in 0.000s
    When I send a GET request to "/accounts/ACC001" ... skipped in 0.000s
    Then the response status code should be 200 ... skipped in 0.000s
    And I save the response "accountId" as "account_id_1" ... skipped in 0.000s
    When I send a GET request to "/accounts/ACC001" ... skipped in 0.000s
    Then the response status code should be 200 ... skipped in 0.000s
    And I save the response "accountId" as "account_id_2" ... skipped in 0.000s

@scenario.end
--------------------------------------------------------------------------------
]]>
</system-out></testcase><testcase classname="accounts.account_retrieval.Account Retrieval" name="Verify account retrieval response headers" status="skipped" time="0"><skipped /><system-out>
<![CDATA[
@scenario.begin

  @response_headers
  Scenario: Verify account retrieval response headers
    Given the banking API is available ... skipped in 0.000s
    And I have valid authentication credentials ... skipped in 0.000s
    When I send a GET request to "/accounts/ACC001" ... skipped in 0.000s
    Then the response status code should be 200 ... skipped in 0.000s
    And the response should include security headers ... skipped in 0.000s
    And the response should contain the correlation ID ... skipped in 0.000s

@scenario.end
--------------------------------------------------------------------------------
]]>
</system-out></testcase><testcase classname="accounts.account_retrieval.Account Retrieval" name="Account retrieval with special characters in ID -- @1.1 " status="skipped" time="0"><skipped /><system-out>
<![CDATA[
@scenario.begin

  @edge_cases
  Scenario Outline: Account retrieval with special characters in ID -- @1.1 
    Given the banking API is available ... skipped in 0.000s
    And I have valid authentication credentials ... skipped in 0.000s
    When I send a GET request to "/accounts/ACC@001" ... skipped in 0.000s
    Then the response status code should be 404 ... skipped in 0.000s
    And the response should contain an error message ... skipped in 0.000s

@scenario.end
--------------------------------------------------------------------------------
]]>
</system-out></testcase><testcase classname="accounts.account_retrieval.Account Retrieval" name="Account retrieval with special characters in ID -- @1.2 " status="skipped" time="0"><skipped /><system-out>
<![CDATA[
@scenario.begin

  @edge_cases
  Scenario Outline: Account retrieval with special characters in ID -- @1.2 
    Given the banking API is available ... skipped in 0.000s
    And I have valid authentication credentials ... skipped in 0.000s
    When I send a GET request to "/accounts/ACC 001" ... skipped in 0.000s
    Then the response status code should be 404 ... skipped in 0.000s
    And the response should contain an error message ... skipped in 0.000s

@scenario.end
--------------------------------------------------------------------------------
]]>
</system-out></testcase><testcase classname="accounts.account_retrieval.Account Retrieval" name="Account retrieval with special characters in ID -- @1.3 " status="skipped" time="0"><skipped /><system-out>
<![CDATA[
@scenario.begin

  @edge_cases
  Scenario Outline: Account retrieval with special characters in ID -- @1.3 
    Given the banking API is available ... skipped in 0.000s
    And I have valid authentication credentials ... skipped in 0.000s
    When I send a GET request to "/accounts/ACC#001" ... skipped in 0.000s
    Then the response status code should be 404 ... skipped in 0.000s
    And the response should contain an error message ... skipped in 0.000s

@scenario.end
--------------------------------------------------------------------------------
]]>
</system-out></testcase><testcase classname="accounts.account_retrieval.Account Retrieval" name="Account retrieval with special characters in ID -- @1.4 " status="skipped" time="0"><skipped /><system-out>
<![CDATA[
@scenario.begin

  @edge_cases
  Scenario Outline: Account retrieval with special characters in ID -- @1.4 
    Given the banking API is available ... skipped in 0.000s
    And I have valid authentication credentials ... skipped in 0.000s
    When I send a GET request to "/accounts/ACC%001" ... skipped in 0.000s
    Then the response status code should be 400 ... skipped in 0.000s
    And the response should contain an error message ... skipped in 0.000s

@scenario.end
--------------------------------------------------------------------------------
]]>
</system-out></testcase></testsuite>