2025-09-13 11:23:59,470 - banking_api_tests - INFO - [environment.py:232] - [FRAMEWORK] ================================================================================
2025-09-13 11:23:59,471 - banking_api_tests - INFO - [environment.py:233] - [FRAMEWORK] BANKING API BDD TEST FRAMEWORK - EXECUTION START
2025-09-13 11:23:59,471 - banking_api_tests - INFO - [environment.py:234] - [FRAMEWORK] ================================================================================
2025-09-13 11:23:59,471 - banking_api_tests - DEBUG - [environment.py:239] - [FILE] Created reports directories
2025-09-13 11:23:59,472 - banking_api_tests - INFO - [environment.py:258] - [ENV] Test Environment: test
2025-09-13 11:23:59,472 - banking_api_tests - INFO - [environment.py:259] - [URL] API Base URL: https://your-wiremock-app.railway.app
2025-09-13 11:23:59,472 - banking_api_tests - INFO - [environment.py:260] - [AUTH] Auth Token: ****************2024
2025-09-13 11:23:59,472 - banking_api_tests - INFO - [environment.py:261] - [FILE] Log File: logs/banking_api_tests_20250913_112359.log
2025-09-13 11:23:59,472 - banking_api_tests - INFO - [environment.py:264] - [PLATFORM]  Platform: nt
2025-09-13 11:23:59,472 - banking_api_tests - INFO - [environment.py:265] - [TIME] Start Time: 2025-09-13T11:23:59.472435
2025-09-13 11:23:59,472 - banking_api_tests - INFO - [environment.py:266] - [USER] User: D
2025-09-13 11:23:59,472 - banking_api_tests - INFO - [environment.py:267] - [DIR] Working Directory: C:\Users\D\python api automation framework
2025-09-13 11:23:59,472 - banking_api_tests - INFO - [environment.py:268] - [TIMEOUT] Request Timeout: 30s
2025-09-13 11:23:59,472 - banking_api_tests - INFO - [environment.py:269] - [PERFORMANCE] Performance Threshold: 2000ms
2025-09-13 11:23:59,472 - banking_api_tests - INFO - [environment.py:282] - [START] Framework initialization complete - Ready to execute tests
2025-09-13 11:23:59,474 - banking_api_tests - INFO - [environment.py:291] - [SCENARIO] ============================================================
2025-09-13 11:23:59,474 - banking_api_tests - INFO - [environment.py:292] - [TEST] SCENARIO START: Successfully create account with valid generated data
2025-09-13 11:23:59,474 - banking_api_tests - INFO - [environment.py:293] - [FILE] Feature: Account Creation
2025-09-13 11:23:59,474 - banking_api_tests - INFO - [environment.py:294] - [LOCATION] Location: features/accounts/account_creation.feature:12
2025-09-13 11:23:59,474 - banking_api_tests - INFO - [environment.py:295] - [TAGS]  Tags: happy_path, smoke
2025-09-13 11:23:59,474 - banking_api_tests - INFO - [environment.py:296] - [TIME] Start Time: 2025-09-13T11:23:59.473990
2025-09-13 11:23:59,474 - banking_api_tests - INFO - [environment.py:297] - [SCENARIO] ============================================================
2025-09-13 11:23:59,475 - banking_api_tests - INFO - [common_steps.py:153] - [API] Checking API availability...
2025-09-13 11:23:59,975 - banking_api_tests - INFO - [common_steps.py:163] - [RESPONSE] API Health Check - Status: 200
2025-09-13 11:23:59,975 - banking_api_tests - INFO - [common_steps.py:170] - [SUCCESS] API is available and responding
2025-09-13 11:23:59,976 - banking_api_tests - INFO - [common_steps.py:192] - [AUTH] Configuring authentication credentials...
2025-09-13 11:23:59,976 - banking_api_tests - INFO - [common_steps.py:201] - [AUTH] Auth Token Configured: ****************2024
2025-09-13 11:23:59,977 - banking_api_tests - INFO - [common_steps.py:211] - [SUCCESS] Authentication credentials validated and configured
2025-09-13 11:23:59,977 - banking_api_tests - INFO - [data_steps.py:31] - [DATA] Generating test data for: account
2025-09-13 11:23:59,978 - banking_api_tests - INFO - [data_steps.py:216] - [REQUEST] Creating account using generated data
2025-09-13 11:24:00,464 - banking_api_tests - INFO - [data_steps.py:236] - [RESPONSE] Create account Response: 404
2025-09-13 11:24:00,464 - banking_api_tests - INFO - [data_steps.py:237] - [TIME]  Response Time: 0.486s
2025-09-13 11:24:00,465 - banking_api_tests - INFO - [common_steps.py:484] - [VERIFY] Verifying response status code should be 201
2025-09-13 11:24:00,465 - banking_api_tests - INFO - [common_steps.py:491] - [INFO] Expected: 201, Actual: 404
2025-09-13 11:24:00,465 - banking_api_tests - ERROR - [common_steps.py:496] - [ERROR] Status code assertion FAILED: Expected 201, got 404
2025-09-13 11:24:00,465 - banking_api_tests - ERROR - [common_steps.py:497] - [BODY] Response content: Not Found...
2025-09-13 11:24:00,466 - banking_api_tests - ERROR - [environment.py:170] - [SAVE] Failure details saved to: logs/failures/FAILED_Successfully_create_account_with_valid_generated_d_20250913_112400.txt
2025-09-13 11:24:00,466 - banking_api_tests - INFO - [environment.py:331] - [END] ============================================================
2025-09-13 11:24:00,467 - banking_api_tests - INFO - [environment.py:332] - [FAILED] SCENARIO COMPLETE: Successfully create account with valid generated data
2025-09-13 11:24:00,467 - banking_api_tests - INFO - [environment.py:333] - [INFO] Status: [FAILED] FAILED
2025-09-13 11:24:00,467 - banking_api_tests - INFO - [environment.py:334] - [TIME]  Duration: 0:00:00.992074
2025-09-13 11:24:00,467 - banking_api_tests - INFO - [environment.py:335] - [URL] API Calls Made: 1
2025-09-13 11:24:00,467 - banking_api_tests - INFO - [environment.py:339] - [PERFORMANCE] Avg Response Time: 0.486s
2025-09-13 11:24:00,467 - banking_api_tests - INFO - [environment.py:340] - [INFO] Total Response Time: 0.486s
2025-09-13 11:24:00,467 - banking_api_tests - ERROR - [environment.py:344] - [ERROR] Last Error: Status code assertion failed - Expected: 201, Actual: 404
2025-09-13 11:24:00,467 - banking_api_tests - INFO - [environment.py:353] - [END] ============================================================
2025-09-13 11:24:00,489 - banking_api_tests - INFO - [environment.py:291] - [SCENARIO] ============================================================
2025-09-13 11:24:00,489 - banking_api_tests - INFO - [environment.py:292] - [TEST] SCENARIO START: Successfully create account with generated data
2025-09-13 11:24:00,489 - banking_api_tests - INFO - [environment.py:293] - [FILE] Feature: Account Creation with Dynamic Data
2025-09-13 11:24:00,489 - banking_api_tests - INFO - [environment.py:294] - [LOCATION] Location: features/accounts/account_creation_dynamic.feature:12
2025-09-13 11:24:00,489 - banking_api_tests - INFO - [environment.py:295] - [TAGS]  Tags: happy_path, smoke
2025-09-13 11:24:00,489 - banking_api_tests - INFO - [environment.py:296] - [TIME] Start Time: 2025-09-13T11:24:00.489244
2025-09-13 11:24:00,490 - banking_api_tests - INFO - [environment.py:297] - [SCENARIO] ============================================================
2025-09-13 11:24:00,490 - banking_api_tests - INFO - [common_steps.py:153] - [API] Checking API availability...
2025-09-13 11:24:01,443 - banking_api_tests - INFO - [common_steps.py:163] - [RESPONSE] API Health Check - Status: 200
2025-09-13 11:24:01,443 - banking_api_tests - INFO - [common_steps.py:170] - [SUCCESS] API is available and responding
2025-09-13 11:24:01,445 - banking_api_tests - INFO - [common_steps.py:192] - [AUTH] Configuring authentication credentials...
2025-09-13 11:24:01,445 - banking_api_tests - INFO - [common_steps.py:201] - [AUTH] Auth Token Configured: ****************2024
2025-09-13 11:24:01,445 - banking_api_tests - INFO - [common_steps.py:211] - [SUCCESS] Authentication credentials validated and configured
2025-09-13 11:24:01,445 - banking_api_tests - INFO - [data_steps.py:31] - [DATA] Generating test data for: account
2025-09-13 11:24:01,446 - banking_api_tests - INFO - [data_steps.py:216] - [REQUEST] Creating account using generated data
2025-09-13 11:24:01,972 - banking_api_tests - INFO - [data_steps.py:236] - [RESPONSE] Create account Response: 404
2025-09-13 11:24:01,973 - banking_api_tests - INFO - [data_steps.py:237] - [TIME]  Response Time: 0.526s
2025-09-13 11:24:01,973 - banking_api_tests - INFO - [common_steps.py:484] - [VERIFY] Verifying response status code should be 201
2025-09-13 11:24:01,973 - banking_api_tests - INFO - [common_steps.py:491] - [INFO] Expected: 201, Actual: 404
2025-09-13 11:24:01,973 - banking_api_tests - ERROR - [common_steps.py:496] - [ERROR] Status code assertion FAILED: Expected 201, got 404
2025-09-13 11:24:01,973 - banking_api_tests - ERROR - [common_steps.py:497] - [BODY] Response content: Not Found...
2025-09-13 11:24:01,975 - banking_api_tests - ERROR - [environment.py:170] - [SAVE] Failure details saved to: logs/failures/FAILED_Successfully_create_account_with_generated_data_20250913_112401.txt
2025-09-13 11:24:01,975 - banking_api_tests - INFO - [environment.py:331] - [END] ============================================================
2025-09-13 11:24:01,975 - banking_api_tests - INFO - [environment.py:332] - [FAILED] SCENARIO COMPLETE: Successfully create account with generated data
2025-09-13 11:24:01,975 - banking_api_tests - INFO - [environment.py:333] - [INFO] Status: [FAILED] FAILED
2025-09-13 11:24:01,976 - banking_api_tests - INFO - [environment.py:334] - [TIME]  Duration: 0:00:01.485158
2025-09-13 11:24:01,976 - banking_api_tests - INFO - [environment.py:335] - [URL] API Calls Made: 1
2025-09-13 11:24:01,976 - banking_api_tests - INFO - [environment.py:339] - [PERFORMANCE] Avg Response Time: 0.526s
2025-09-13 11:24:01,976 - banking_api_tests - INFO - [environment.py:340] - [INFO] Total Response Time: 0.526s
2025-09-13 11:24:01,976 - banking_api_tests - ERROR - [environment.py:344] - [ERROR] Last Error: Status code assertion failed - Expected: 201, Actual: 404
2025-09-13 11:24:01,976 - banking_api_tests - INFO - [environment.py:353] - [END] ============================================================
2025-09-13 11:24:02,013 - banking_api_tests - INFO - [environment.py:291] - [SCENARIO] ============================================================
2025-09-13 11:24:02,013 - banking_api_tests - INFO - [environment.py:292] - [TEST] SCENARIO START: Successfully retrieve account by valid ID
2025-09-13 11:24:02,014 - banking_api_tests - INFO - [environment.py:293] - [FILE] Feature: Account Retrieval
2025-09-13 11:24:02,014 - banking_api_tests - INFO - [environment.py:294] - [LOCATION] Location: features/accounts/account_retrieval.feature:12
2025-09-13 11:24:02,014 - banking_api_tests - INFO - [environment.py:295] - [TAGS]  Tags: happy_path, regression
2025-09-13 11:24:02,014 - banking_api_tests - INFO - [environment.py:296] - [TIME] Start Time: 2025-09-13T11:24:02.013725
2025-09-13 11:24:02,014 - banking_api_tests - INFO - [environment.py:297] - [SCENARIO] ============================================================
2025-09-13 11:24:02,015 - banking_api_tests - INFO - [common_steps.py:153] - [API] Checking API availability...
2025-09-13 11:24:02,506 - banking_api_tests - INFO - [common_steps.py:163] - [RESPONSE] API Health Check - Status: 200
2025-09-13 11:24:02,506 - banking_api_tests - INFO - [common_steps.py:170] - [SUCCESS] API is available and responding
2025-09-13 11:24:02,507 - banking_api_tests - INFO - [common_steps.py:192] - [AUTH] Configuring authentication credentials...
2025-09-13 11:24:02,508 - banking_api_tests - INFO - [common_steps.py:201] - [AUTH] Auth Token Configured: ****************2024
2025-09-13 11:24:02,508 - banking_api_tests - INFO - [common_steps.py:211] - [SUCCESS] Authentication credentials validated and configured
2025-09-13 11:24:02,508 - banking_api_tests - INFO - [common_steps.py:305] - [REQUEST] Sending GET request to: /accounts/ACC001
2025-09-13 11:24:03,004 - banking_api_tests - INFO - [common_steps.py:327] - [RESPONSE] GET Response: 404
2025-09-13 11:24:03,004 - banking_api_tests - INFO - [common_steps.py:328] - [TIME] Response Time: 0.495s
2025-09-13 11:24:03,004 - banking_api_tests - INFO - [common_steps.py:341] - [SUCCESS] GET request completed successfully
2025-09-13 11:24:03,004 - banking_api_tests - INFO - [common_steps.py:484] - [VERIFY] Verifying response status code should be 200
2025-09-13 11:24:03,004 - banking_api_tests - INFO - [common_steps.py:491] - [INFO] Expected: 200, Actual: 404
2025-09-13 11:24:03,005 - banking_api_tests - ERROR - [common_steps.py:496] - [ERROR] Status code assertion FAILED: Expected 200, got 404
2025-09-13 11:24:03,005 - banking_api_tests - ERROR - [common_steps.py:497] - [BODY] Response content: Not Found...
2025-09-13 11:24:03,006 - banking_api_tests - ERROR - [environment.py:170] - [SAVE] Failure details saved to: logs/failures/FAILED_Successfully_retrieve_account_by_valid_ID_20250913_112403.txt
2025-09-13 11:24:03,006 - banking_api_tests - INFO - [environment.py:331] - [END] ============================================================
2025-09-13 11:24:03,006 - banking_api_tests - INFO - [environment.py:332] - [FAILED] SCENARIO COMPLETE: Successfully retrieve account by valid ID
2025-09-13 11:24:03,006 - banking_api_tests - INFO - [environment.py:333] - [INFO] Status: [FAILED] FAILED
2025-09-13 11:24:03,006 - banking_api_tests - INFO - [environment.py:334] - [TIME]  Duration: 0:00:00.991955
2025-09-13 11:24:03,006 - banking_api_tests - INFO - [environment.py:335] - [URL] API Calls Made: 1
2025-09-13 11:24:03,007 - banking_api_tests - INFO - [environment.py:339] - [PERFORMANCE] Avg Response Time: 0.495s
2025-09-13 11:24:03,007 - banking_api_tests - INFO - [environment.py:340] - [INFO] Total Response Time: 0.495s
2025-09-13 11:24:03,007 - banking_api_tests - ERROR - [environment.py:344] - [ERROR] Last Error: Status code assertion failed - Expected: 200, Actual: 404
2025-09-13 11:24:03,007 - banking_api_tests - INFO - [environment.py:353] - [END] ============================================================
2025-09-13 11:24:03,009 - banking_api_tests - INFO - [environment.py:291] - [SCENARIO] ============================================================
2025-09-13 11:24:03,009 - banking_api_tests - INFO - [environment.py:292] - [TEST] SCENARIO START: Successfully retrieve account with different valid ID
2025-09-13 11:24:03,009 - banking_api_tests - INFO - [environment.py:293] - [FILE] Feature: Account Retrieval
2025-09-13 11:24:03,009 - banking_api_tests - INFO - [environment.py:294] - [LOCATION] Location: features/accounts/account_retrieval.feature:24
2025-09-13 11:24:03,009 - banking_api_tests - INFO - [environment.py:295] - [TAGS]  Tags: happy_path, regression
2025-09-13 11:24:03,009 - banking_api_tests - INFO - [environment.py:296] - [TIME] Start Time: 2025-09-13T11:24:03.009230
2025-09-13 11:24:03,009 - banking_api_tests - INFO - [environment.py:297] - [SCENARIO] ============================================================
2025-09-13 11:24:03,010 - banking_api_tests - INFO - [common_steps.py:153] - [API] Checking API availability...
2025-09-13 11:24:03,504 - banking_api_tests - INFO - [common_steps.py:163] - [RESPONSE] API Health Check - Status: 200
2025-09-13 11:24:03,505 - banking_api_tests - INFO - [common_steps.py:170] - [SUCCESS] API is available and responding
2025-09-13 11:24:03,506 - banking_api_tests - INFO - [common_steps.py:192] - [AUTH] Configuring authentication credentials...
2025-09-13 11:24:03,506 - banking_api_tests - INFO - [common_steps.py:201] - [AUTH] Auth Token Configured: ****************2024
2025-09-13 11:24:03,506 - banking_api_tests - INFO - [common_steps.py:211] - [SUCCESS] Authentication credentials validated and configured
2025-09-13 11:24:03,507 - banking_api_tests - INFO - [common_steps.py:305] - [REQUEST] Sending GET request to: /accounts/ACC002
2025-09-13 11:24:04,010 - banking_api_tests - INFO - [common_steps.py:327] - [RESPONSE] GET Response: 404
2025-09-13 11:24:04,010 - banking_api_tests - INFO - [common_steps.py:328] - [TIME] Response Time: 0.502s
2025-09-13 11:24:04,010 - banking_api_tests - INFO - [common_steps.py:341] - [SUCCESS] GET request completed successfully
2025-09-13 11:24:04,010 - banking_api_tests - INFO - [common_steps.py:484] - [VERIFY] Verifying response status code should be 200
2025-09-13 11:24:04,010 - banking_api_tests - INFO - [common_steps.py:491] - [INFO] Expected: 200, Actual: 404
2025-09-13 11:24:04,011 - banking_api_tests - ERROR - [common_steps.py:496] - [ERROR] Status code assertion FAILED: Expected 200, got 404
2025-09-13 11:24:04,011 - banking_api_tests - ERROR - [common_steps.py:497] - [BODY] Response content: Not Found...
2025-09-13 11:24:04,012 - banking_api_tests - ERROR - [environment.py:170] - [SAVE] Failure details saved to: logs/failures/FAILED_Successfully_retrieve_account_with_different_valid_20250913_112404.txt
2025-09-13 11:24:04,012 - banking_api_tests - INFO - [environment.py:331] - [END] ============================================================
2025-09-13 11:24:04,012 - banking_api_tests - INFO - [environment.py:332] - [FAILED] SCENARIO COMPLETE: Successfully retrieve account with different valid ID
2025-09-13 11:24:04,012 - banking_api_tests - INFO - [environment.py:333] - [INFO] Status: [FAILED] FAILED
2025-09-13 11:24:04,013 - banking_api_tests - INFO - [environment.py:334] - [TIME]  Duration: 0:00:01.002551
2025-09-13 11:24:04,013 - banking_api_tests - INFO - [environment.py:335] - [URL] API Calls Made: 1
2025-09-13 11:24:04,013 - banking_api_tests - INFO - [environment.py:339] - [PERFORMANCE] Avg Response Time: 0.502s
2025-09-13 11:24:04,013 - banking_api_tests - INFO - [environment.py:340] - [INFO] Total Response Time: 0.502s
2025-09-13 11:24:04,013 - banking_api_tests - ERROR - [environment.py:344] - [ERROR] Last Error: Status code assertion failed - Expected: 200, Actual: 404
2025-09-13 11:24:04,013 - banking_api_tests - INFO - [environment.py:353] - [END] ============================================================
2025-09-13 11:24:04,015 - banking_api_tests - INFO - [environment.py:291] - [SCENARIO] ============================================================
2025-09-13 11:24:04,015 - banking_api_tests - INFO - [environment.py:292] - [TEST] SCENARIO START: Attempt to retrieve non-existent account
2025-09-13 11:24:04,016 - banking_api_tests - INFO - [environment.py:293] - [FILE] Feature: Account Retrieval
2025-09-13 11:24:04,016 - banking_api_tests - INFO - [environment.py:294] - [LOCATION] Location: features/accounts/account_retrieval.feature:39
2025-09-13 11:24:04,016 - banking_api_tests - INFO - [environment.py:295] - [TAGS]  Tags: error_handling, regression
2025-09-13 11:24:04,016 - banking_api_tests - INFO - [environment.py:296] - [TIME] Start Time: 2025-09-13T11:24:04.015738
2025-09-13 11:24:04,016 - banking_api_tests - INFO - [environment.py:297] - [SCENARIO] ============================================================
2025-09-13 11:24:04,017 - banking_api_tests - INFO - [common_steps.py:153] - [API] Checking API availability...
2025-09-13 11:24:04,523 - banking_api_tests - INFO - [common_steps.py:163] - [RESPONSE] API Health Check - Status: 200
2025-09-13 11:24:04,523 - banking_api_tests - INFO - [common_steps.py:170] - [SUCCESS] API is available and responding
2025-09-13 11:24:04,525 - banking_api_tests - INFO - [common_steps.py:192] - [AUTH] Configuring authentication credentials...
2025-09-13 11:24:04,525 - banking_api_tests - INFO - [common_steps.py:201] - [AUTH] Auth Token Configured: ****************2024
2025-09-13 11:24:04,525 - banking_api_tests - INFO - [common_steps.py:211] - [SUCCESS] Authentication credentials validated and configured
2025-09-13 11:24:04,525 - banking_api_tests - INFO - [common_steps.py:305] - [REQUEST] Sending GET request to: /accounts/NONEXISTENT
2025-09-13 11:24:05,011 - banking_api_tests - INFO - [common_steps.py:327] - [RESPONSE] GET Response: 404
2025-09-13 11:24:05,011 - banking_api_tests - INFO - [common_steps.py:328] - [TIME] Response Time: 0.485s
2025-09-13 11:24:05,011 - banking_api_tests - INFO - [common_steps.py:341] - [SUCCESS] GET request completed successfully
2025-09-13 11:24:05,011 - banking_api_tests - INFO - [common_steps.py:484] - [VERIFY] Verifying response status code should be 404
2025-09-13 11:24:05,012 - banking_api_tests - INFO - [common_steps.py:491] - [INFO] Expected: 404, Actual: 404
2025-09-13 11:24:05,012 - banking_api_tests - INFO - [common_steps.py:494] - [SUCCESS] Status code assertion PASSED: 404
2025-09-13 11:24:05,012 - banking_api_tests - INFO - [common_steps.py:585] - [VERIFY] Verifying response is valid JSON
2025-09-13 11:24:05,012 - banking_api_tests - ERROR - [common_steps.py:604] - [ERROR] JSON validation FAILED: Expecting value: line 1 column 1 (char 0)
2025-09-13 11:24:05,012 - banking_api_tests - ERROR - [common_steps.py:605] - [BODY] Raw response content: Not Found...
2025-09-13 11:24:05,013 - banking_api_tests - ERROR - [environment.py:170] - [SAVE] Failure details saved to: logs/failures/FAILED_Attempt_to_retrieve_non-existent_account_20250913_112405.txt
2025-09-13 11:24:05,014 - banking_api_tests - INFO - [environment.py:331] - [END] ============================================================
2025-09-13 11:24:05,014 - banking_api_tests - INFO - [environment.py:332] - [FAILED] SCENARIO COMPLETE: Attempt to retrieve non-existent account
2025-09-13 11:24:05,014 - banking_api_tests - INFO - [environment.py:333] - [INFO] Status: [FAILED] FAILED
2025-09-13 11:24:05,014 - banking_api_tests - INFO - [environment.py:334] - [TIME]  Duration: 0:00:00.997205
2025-09-13 11:24:05,014 - banking_api_tests - INFO - [environment.py:335] - [URL] API Calls Made: 1
2025-09-13 11:24:05,014 - banking_api_tests - INFO - [environment.py:339] - [PERFORMANCE] Avg Response Time: 0.485s
2025-09-13 11:24:05,014 - banking_api_tests - INFO - [environment.py:340] - [INFO] Total Response Time: 0.485s
2025-09-13 11:24:05,014 - banking_api_tests - INFO - [environment.py:353] - [END] ============================================================
2025-09-13 11:24:05,015 - banking_api_tests - INFO - [environment.py:291] - [SCENARIO] ============================================================
2025-09-13 11:24:05,015 - banking_api_tests - INFO - [environment.py:292] - [TEST] SCENARIO START: Attempt to retrieve account with invalid ID format
2025-09-13 11:24:05,015 - banking_api_tests - INFO - [environment.py:293] - [FILE] Feature: Account Retrieval
2025-09-13 11:24:05,015 - banking_api_tests - INFO - [environment.py:294] - [LOCATION] Location: features/accounts/account_retrieval.feature:47
2025-09-13 11:24:05,015 - banking_api_tests - INFO - [environment.py:295] - [TAGS]  Tags: error_handling, regression
2025-09-13 11:24:05,016 - banking_api_tests - INFO - [environment.py:296] - [TIME] Start Time: 2025-09-13T11:24:05.015496
2025-09-13 11:24:05,016 - banking_api_tests - INFO - [environment.py:297] - [SCENARIO] ============================================================
2025-09-13 11:24:05,016 - banking_api_tests - INFO - [common_steps.py:153] - [API] Checking API availability...
2025-09-13 11:24:05,549 - banking_api_tests - INFO - [common_steps.py:163] - [RESPONSE] API Health Check - Status: 200
2025-09-13 11:24:05,549 - banking_api_tests - INFO - [common_steps.py:170] - [SUCCESS] API is available and responding
2025-09-13 11:24:05,551 - banking_api_tests - INFO - [common_steps.py:192] - [AUTH] Configuring authentication credentials...
2025-09-13 11:24:05,551 - banking_api_tests - INFO - [common_steps.py:201] - [AUTH] Auth Token Configured: ****************2024
2025-09-13 11:24:05,551 - banking_api_tests - INFO - [common_steps.py:211] - [SUCCESS] Authentication credentials validated and configured
2025-09-13 11:24:05,551 - banking_api_tests - INFO - [common_steps.py:305] - [REQUEST] Sending GET request to: /accounts/123invalid
2025-09-13 11:24:06,055 - banking_api_tests - INFO - [common_steps.py:327] - [RESPONSE] GET Response: 404
2025-09-13 11:24:06,055 - banking_api_tests - INFO - [common_steps.py:328] - [TIME] Response Time: 0.504s
2025-09-13 11:24:06,056 - banking_api_tests - INFO - [common_steps.py:341] - [SUCCESS] GET request completed successfully
2025-09-13 11:24:06,056 - banking_api_tests - INFO - [common_steps.py:484] - [VERIFY] Verifying response status code should be 404
2025-09-13 11:24:06,056 - banking_api_tests - INFO - [common_steps.py:491] - [INFO] Expected: 404, Actual: 404
2025-09-13 11:24:06,056 - banking_api_tests - INFO - [common_steps.py:494] - [SUCCESS] Status code assertion PASSED: 404
2025-09-13 11:24:06,057 - banking_api_tests - INFO - [common_steps.py:910] - [VERIFY] Verifying response contains error message
2025-09-13 11:24:06,057 - banking_api_tests - ERROR - [common_steps.py:946] - [ERROR] JSON decode error: Expecting value: line 1 column 1 (char 0)
2025-09-13 11:24:06,057 - banking_api_tests - ERROR - [common_steps.py:947] - [BODY] Raw response: Not Found...
2025-09-13 11:24:06,058 - banking_api_tests - ERROR - [environment.py:170] - [SAVE] Failure details saved to: logs/failures/FAILED_Attempt_to_retrieve_account_with_invalid_ID_format_20250913_112406.txt
2025-09-13 11:24:06,058 - banking_api_tests - INFO - [environment.py:331] - [END] ============================================================
2025-09-13 11:24:06,058 - banking_api_tests - INFO - [environment.py:332] - [FAILED] SCENARIO COMPLETE: Attempt to retrieve account with invalid ID format
2025-09-13 11:24:06,058 - banking_api_tests - INFO - [environment.py:333] - [INFO] Status: [FAILED] FAILED
2025-09-13 11:24:06,058 - banking_api_tests - INFO - [environment.py:334] - [TIME]  Duration: 0:00:01.042165
2025-09-13 11:24:06,058 - banking_api_tests - INFO - [environment.py:335] - [URL] API Calls Made: 1
2025-09-13 11:24:06,058 - banking_api_tests - INFO - [environment.py:339] - [PERFORMANCE] Avg Response Time: 0.504s
2025-09-13 11:24:06,059 - banking_api_tests - INFO - [environment.py:340] - [INFO] Total Response Time: 0.504s
2025-09-13 11:24:06,059 - banking_api_tests - ERROR - [environment.py:344] - [ERROR] Last Error: JSON decode error and no error text found: Expecting value: line 1 column 1 (char 0)
2025-09-13 11:24:06,059 - banking_api_tests - INFO - [environment.py:353] - [END] ============================================================
2025-09-13 11:24:06,060 - banking_api_tests - INFO - [environment.py:291] - [SCENARIO] ============================================================
2025-09-13 11:24:06,060 - banking_api_tests - INFO - [environment.py:292] - [TEST] SCENARIO START: Retrieve accounts with boundary ID values -- @1.1 
2025-09-13 11:24:06,060 - banking_api_tests - INFO - [environment.py:293] - [FILE] Feature: Account Retrieval
2025-09-13 11:24:06,060 - banking_api_tests - INFO - [environment.py:294] - [LOCATION] Location: features/accounts/account_retrieval.feature:60
2025-09-13 11:24:06,060 - banking_api_tests - INFO - [environment.py:295] - [TAGS]  Tags: boundary_testing
2025-09-13 11:24:06,061 - banking_api_tests - INFO - [environment.py:296] - [TIME] Start Time: 2025-09-13T11:24:06.060448
2025-09-13 11:24:06,061 - banking_api_tests - INFO - [environment.py:297] - [SCENARIO] ============================================================
2025-09-13 11:24:06,061 - banking_api_tests - INFO - [common_steps.py:153] - [API] Checking API availability...
2025-09-13 11:24:06,567 - banking_api_tests - INFO - [common_steps.py:163] - [RESPONSE] API Health Check - Status: 200
2025-09-13 11:24:06,567 - banking_api_tests - INFO - [common_steps.py:170] - [SUCCESS] API is available and responding
2025-09-13 11:24:06,569 - banking_api_tests - INFO - [common_steps.py:192] - [AUTH] Configuring authentication credentials...
2025-09-13 11:24:06,569 - banking_api_tests - INFO - [common_steps.py:201] - [AUTH] Auth Token Configured: ****************2024
2025-09-13 11:24:06,569 - banking_api_tests - INFO - [common_steps.py:211] - [SUCCESS] Authentication credentials validated and configured
2025-09-13 11:24:06,569 - banking_api_tests - INFO - [common_steps.py:305] - [REQUEST] Sending GET request to: /accounts/ACC001
2025-09-13 11:24:07,521 - banking_api_tests - INFO - [common_steps.py:327] - [RESPONSE] GET Response: 404
2025-09-13 11:24:07,521 - banking_api_tests - INFO - [common_steps.py:328] - [TIME] Response Time: 0.952s
2025-09-13 11:24:07,522 - banking_api_tests - INFO - [common_steps.py:341] - [SUCCESS] GET request completed successfully
2025-09-13 11:24:07,522 - banking_api_tests - INFO - [common_steps.py:484] - [VERIFY] Verifying response status code should be 200
2025-09-13 11:24:07,522 - banking_api_tests - INFO - [common_steps.py:491] - [INFO] Expected: 200, Actual: 404
2025-09-13 11:24:07,522 - banking_api_tests - ERROR - [common_steps.py:496] - [ERROR] Status code assertion FAILED: Expected 200, got 404
2025-09-13 11:24:07,523 - banking_api_tests - ERROR - [common_steps.py:497] - [BODY] Response content: Not Found...
2025-09-13 11:24:07,524 - banking_api_tests - ERROR - [environment.py:170] - [SAVE] Failure details saved to: logs/failures/FAILED_Retrieve_accounts_with_boundary_ID_values_--__1_1__20250913_112407.txt
2025-09-13 11:24:07,524 - banking_api_tests - INFO - [environment.py:331] - [END] ============================================================
2025-09-13 11:24:07,524 - banking_api_tests - INFO - [environment.py:332] - [FAILED] SCENARIO COMPLETE: Retrieve accounts with boundary ID values -- @1.1 
2025-09-13 11:24:07,524 - banking_api_tests - INFO - [environment.py:333] - [INFO] Status: [FAILED] FAILED
2025-09-13 11:24:07,524 - banking_api_tests - INFO - [environment.py:334] - [TIME]  Duration: 0:00:01.462953
2025-09-13 11:24:07,524 - banking_api_tests - INFO - [environment.py:335] - [URL] API Calls Made: 1
2025-09-13 11:24:07,524 - banking_api_tests - INFO - [environment.py:339] - [PERFORMANCE] Avg Response Time: 0.952s
2025-09-13 11:24:07,524 - banking_api_tests - INFO - [environment.py:340] - [INFO] Total Response Time: 0.952s
2025-09-13 11:24:07,525 - banking_api_tests - ERROR - [environment.py:344] - [ERROR] Last Error: Status code assertion failed - Expected: 200, Actual: 404
2025-09-13 11:24:07,525 - banking_api_tests - INFO - [environment.py:353] - [END] ============================================================
2025-09-13 11:24:07,526 - banking_api_tests - INFO - [environment.py:291] - [SCENARIO] ============================================================
2025-09-13 11:24:07,526 - banking_api_tests - INFO - [environment.py:292] - [TEST] SCENARIO START: Retrieve accounts with boundary ID values -- @1.2 
2025-09-13 11:24:07,526 - banking_api_tests - INFO - [environment.py:293] - [FILE] Feature: Account Retrieval
2025-09-13 11:24:07,527 - banking_api_tests - INFO - [environment.py:294] - [LOCATION] Location: features/accounts/account_retrieval.feature:61
2025-09-13 11:24:07,527 - banking_api_tests - INFO - [environment.py:295] - [TAGS]  Tags: boundary_testing
2025-09-13 11:24:07,527 - banking_api_tests - INFO - [environment.py:296] - [TIME] Start Time: 2025-09-13T11:24:07.526634
2025-09-13 11:24:07,527 - banking_api_tests - INFO - [environment.py:297] - [SCENARIO] ============================================================
2025-09-13 11:24:07,528 - banking_api_tests - INFO - [common_steps.py:153] - [API] Checking API availability...
2025-09-13 11:24:08,060 - banking_api_tests - INFO - [common_steps.py:163] - [RESPONSE] API Health Check - Status: 200
2025-09-13 11:24:08,061 - banking_api_tests - INFO - [common_steps.py:170] - [SUCCESS] API is available and responding
2025-09-13 11:24:08,062 - banking_api_tests - INFO - [common_steps.py:192] - [AUTH] Configuring authentication credentials...
2025-09-13 11:24:08,062 - banking_api_tests - INFO - [common_steps.py:201] - [AUTH] Auth Token Configured: ****************2024
2025-09-13 11:24:08,063 - banking_api_tests - INFO - [common_steps.py:211] - [SUCCESS] Authentication credentials validated and configured
2025-09-13 11:24:08,063 - banking_api_tests - INFO - [common_steps.py:305] - [REQUEST] Sending GET request to: /accounts/ACC999
2025-09-13 11:24:08,583 - banking_api_tests - INFO - [common_steps.py:327] - [RESPONSE] GET Response: 404
2025-09-13 11:24:08,584 - banking_api_tests - INFO - [common_steps.py:328] - [TIME] Response Time: 0.520s
2025-09-13 11:24:08,584 - banking_api_tests - INFO - [common_steps.py:341] - [SUCCESS] GET request completed successfully
2025-09-13 11:24:08,584 - banking_api_tests - INFO - [common_steps.py:484] - [VERIFY] Verifying response status code should be 404
2025-09-13 11:24:08,584 - banking_api_tests - INFO - [common_steps.py:491] - [INFO] Expected: 404, Actual: 404
2025-09-13 11:24:08,585 - banking_api_tests - INFO - [common_steps.py:494] - [SUCCESS] Status code assertion PASSED: 404
2025-09-13 11:24:08,585 - banking_api_tests - INFO - [common_steps.py:585] - [VERIFY] Verifying response is valid JSON
2025-09-13 11:24:08,585 - banking_api_tests - ERROR - [common_steps.py:604] - [ERROR] JSON validation FAILED: Expecting value: line 1 column 1 (char 0)
2025-09-13 11:24:08,585 - banking_api_tests - ERROR - [common_steps.py:605] - [BODY] Raw response content: Not Found...
2025-09-13 11:24:08,586 - banking_api_tests - ERROR - [environment.py:170] - [SAVE] Failure details saved to: logs/failures/FAILED_Retrieve_accounts_with_boundary_ID_values_--__1_2__20250913_112408.txt
2025-09-13 11:24:08,586 - banking_api_tests - INFO - [environment.py:331] - [END] ============================================================
2025-09-13 11:24:08,586 - banking_api_tests - INFO - [environment.py:332] - [FAILED] SCENARIO COMPLETE: Retrieve accounts with boundary ID values -- @1.2 
2025-09-13 11:24:08,586 - banking_api_tests - INFO - [environment.py:333] - [INFO] Status: [FAILED] FAILED
2025-09-13 11:24:08,587 - banking_api_tests - INFO - [environment.py:334] - [TIME]  Duration: 0:00:01.059339
2025-09-13 11:24:08,587 - banking_api_tests - INFO - [environment.py:335] - [URL] API Calls Made: 1
2025-09-13 11:24:08,587 - banking_api_tests - INFO - [environment.py:339] - [PERFORMANCE] Avg Response Time: 0.520s
2025-09-13 11:24:08,587 - banking_api_tests - INFO - [environment.py:340] - [INFO] Total Response Time: 0.520s
2025-09-13 11:24:08,587 - banking_api_tests - INFO - [environment.py:353] - [END] ============================================================
2025-09-13 11:24:08,587 - banking_api_tests - INFO - [environment.py:291] - [SCENARIO] ============================================================
2025-09-13 11:24:08,588 - banking_api_tests - INFO - [environment.py:292] - [TEST] SCENARIO START: Retrieve accounts with boundary ID values -- @1.3 
2025-09-13 11:24:08,588 - banking_api_tests - INFO - [environment.py:293] - [FILE] Feature: Account Retrieval
2025-09-13 11:24:08,588 - banking_api_tests - INFO - [environment.py:294] - [LOCATION] Location: features/accounts/account_retrieval.feature:62
2025-09-13 11:24:08,588 - banking_api_tests - INFO - [environment.py:295] - [TAGS]  Tags: boundary_testing
2025-09-13 11:24:08,588 - banking_api_tests - INFO - [environment.py:296] - [TIME] Start Time: 2025-09-13T11:24:08.587925
2025-09-13 11:24:08,588 - banking_api_tests - INFO - [environment.py:297] - [SCENARIO] ============================================================
2025-09-13 11:24:08,589 - banking_api_tests - INFO - [common_steps.py:153] - [API] Checking API availability...
2025-09-13 11:24:09,065 - banking_api_tests - INFO - [common_steps.py:163] - [RESPONSE] API Health Check - Status: 200
2025-09-13 11:24:09,065 - banking_api_tests - INFO - [common_steps.py:170] - [SUCCESS] API is available and responding
2025-09-13 11:24:09,067 - banking_api_tests - INFO - [common_steps.py:192] - [AUTH] Configuring authentication credentials...
2025-09-13 11:24:09,067 - banking_api_tests - INFO - [common_steps.py:201] - [AUTH] Auth Token Configured: ****************2024
2025-09-13 11:24:09,067 - banking_api_tests - INFO - [common_steps.py:211] - [SUCCESS] Authentication credentials validated and configured
2025-09-13 11:24:09,068 - banking_api_tests - INFO - [common_steps.py:305] - [REQUEST] Sending GET request to: /accounts/A
2025-09-13 11:24:09,578 - banking_api_tests - INFO - [common_steps.py:327] - [RESPONSE] GET Response: 404
2025-09-13 11:24:09,578 - banking_api_tests - INFO - [common_steps.py:328] - [TIME] Response Time: 0.510s
2025-09-13 11:24:09,578 - banking_api_tests - INFO - [common_steps.py:341] - [SUCCESS] GET request completed successfully
2025-09-13 11:24:09,579 - banking_api_tests - INFO - [common_steps.py:484] - [VERIFY] Verifying response status code should be 404
2025-09-13 11:24:09,579 - banking_api_tests - INFO - [common_steps.py:491] - [INFO] Expected: 404, Actual: 404
2025-09-13 11:24:09,579 - banking_api_tests - INFO - [common_steps.py:494] - [SUCCESS] Status code assertion PASSED: 404
2025-09-13 11:24:09,579 - banking_api_tests - INFO - [common_steps.py:585] - [VERIFY] Verifying response is valid JSON
2025-09-13 11:24:09,579 - banking_api_tests - ERROR - [common_steps.py:604] - [ERROR] JSON validation FAILED: Expecting value: line 1 column 1 (char 0)
2025-09-13 11:24:09,579 - banking_api_tests - ERROR - [common_steps.py:605] - [BODY] Raw response content: Not Found...
2025-09-13 11:24:09,580 - banking_api_tests - ERROR - [environment.py:170] - [SAVE] Failure details saved to: logs/failures/FAILED_Retrieve_accounts_with_boundary_ID_values_--__1_3__20250913_112409.txt
2025-09-13 11:24:09,581 - banking_api_tests - INFO - [environment.py:331] - [END] ============================================================
2025-09-13 11:24:09,581 - banking_api_tests - INFO - [environment.py:332] - [FAILED] SCENARIO COMPLETE: Retrieve accounts with boundary ID values -- @1.3 
2025-09-13 11:24:09,581 - banking_api_tests - INFO - [environment.py:333] - [INFO] Status: [FAILED] FAILED
2025-09-13 11:24:09,581 - banking_api_tests - INFO - [environment.py:334] - [TIME]  Duration: 0:00:00.992280
2025-09-13 11:24:09,581 - banking_api_tests - INFO - [environment.py:335] - [URL] API Calls Made: 1
2025-09-13 11:24:09,581 - banking_api_tests - INFO - [environment.py:339] - [PERFORMANCE] Avg Response Time: 0.510s
2025-09-13 11:24:09,581 - banking_api_tests - INFO - [environment.py:340] - [INFO] Total Response Time: 0.510s
2025-09-13 11:24:09,581 - banking_api_tests - INFO - [environment.py:353] - [END] ============================================================
2025-09-13 11:24:09,582 - banking_api_tests - INFO - [environment.py:291] - [SCENARIO] ============================================================
2025-09-13 11:24:09,582 - banking_api_tests - INFO - [environment.py:292] - [TEST] SCENARIO START: Retrieve accounts with boundary ID values -- @1.4 
2025-09-13 11:24:09,582 - banking_api_tests - INFO - [environment.py:293] - [FILE] Feature: Account Retrieval
2025-09-13 11:24:09,582 - banking_api_tests - INFO - [environment.py:294] - [LOCATION] Location: features/accounts/account_retrieval.feature:63
2025-09-13 11:24:09,582 - banking_api_tests - INFO - [environment.py:295] - [TAGS]  Tags: boundary_testing
2025-09-13 11:24:09,582 - banking_api_tests - INFO - [environment.py:296] - [TIME] Start Time: 2025-09-13T11:24:09.582257
2025-09-13 11:24:09,582 - banking_api_tests - INFO - [environment.py:297] - [SCENARIO] ============================================================
2025-09-13 11:24:09,583 - banking_api_tests - INFO - [common_steps.py:153] - [API] Checking API availability...
2025-09-13 11:24:10,084 - banking_api_tests - INFO - [common_steps.py:163] - [RESPONSE] API Health Check - Status: 200
2025-09-13 11:24:10,084 - banking_api_tests - INFO - [common_steps.py:170] - [SUCCESS] API is available and responding
2025-09-13 11:24:10,086 - banking_api_tests - INFO - [common_steps.py:192] - [AUTH] Configuring authentication credentials...
2025-09-13 11:24:10,086 - banking_api_tests - INFO - [common_steps.py:201] - [AUTH] Auth Token Configured: ****************2024
2025-09-13 11:24:10,086 - banking_api_tests - INFO - [common_steps.py:211] - [SUCCESS] Authentication credentials validated and configured
2025-09-13 11:24:10,086 - banking_api_tests - INFO - [common_steps.py:305] - [REQUEST] Sending GET request to: /accounts/VERYLONGACCOUNTID
2025-09-13 11:24:10,595 - banking_api_tests - INFO - [common_steps.py:327] - [RESPONSE] GET Response: 404
2025-09-13 11:24:10,595 - banking_api_tests - INFO - [common_steps.py:328] - [TIME] Response Time: 0.509s
2025-09-13 11:24:10,596 - banking_api_tests - INFO - [common_steps.py:341] - [SUCCESS] GET request completed successfully
2025-09-13 11:24:10,596 - banking_api_tests - INFO - [common_steps.py:484] - [VERIFY] Verifying response status code should be 404
2025-09-13 11:24:10,596 - banking_api_tests - INFO - [common_steps.py:491] - [INFO] Expected: 404, Actual: 404
2025-09-13 11:24:10,596 - banking_api_tests - INFO - [common_steps.py:494] - [SUCCESS] Status code assertion PASSED: 404
2025-09-13 11:24:10,597 - banking_api_tests - INFO - [common_steps.py:585] - [VERIFY] Verifying response is valid JSON
2025-09-13 11:24:10,597 - banking_api_tests - ERROR - [common_steps.py:604] - [ERROR] JSON validation FAILED: Expecting value: line 1 column 1 (char 0)
2025-09-13 11:24:10,597 - banking_api_tests - ERROR - [common_steps.py:605] - [BODY] Raw response content: Not Found...
2025-09-13 11:24:10,598 - banking_api_tests - ERROR - [environment.py:170] - [SAVE] Failure details saved to: logs/failures/FAILED_Retrieve_accounts_with_boundary_ID_values_--__1_4__20250913_112410.txt
2025-09-13 11:24:10,598 - banking_api_tests - INFO - [environment.py:331] - [END] ============================================================
2025-09-13 11:24:10,598 - banking_api_tests - INFO - [environment.py:332] - [FAILED] SCENARIO COMPLETE: Retrieve accounts with boundary ID values -- @1.4 
2025-09-13 11:24:10,598 - banking_api_tests - INFO - [environment.py:333] - [INFO] Status: [FAILED] FAILED
2025-09-13 11:24:10,598 - banking_api_tests - INFO - [environment.py:334] - [TIME]  Duration: 0:00:01.015300
2025-09-13 11:24:10,598 - banking_api_tests - INFO - [environment.py:335] - [URL] API Calls Made: 1
2025-09-13 11:24:10,598 - banking_api_tests - INFO - [environment.py:339] - [PERFORMANCE] Avg Response Time: 0.509s
2025-09-13 11:24:10,599 - banking_api_tests - INFO - [environment.py:340] - [INFO] Total Response Time: 0.509s
2025-09-13 11:24:10,599 - banking_api_tests - INFO - [environment.py:353] - [END] ============================================================
2025-09-13 11:24:10,599 - banking_api_tests - INFO - [environment.py:291] - [SCENARIO] ============================================================
2025-09-13 11:24:10,599 - banking_api_tests - INFO - [environment.py:292] - [TEST] SCENARIO START: Multiple concurrent account retrievals
2025-09-13 11:24:10,599 - banking_api_tests - INFO - [environment.py:293] - [FILE] Feature: Account Retrieval
2025-09-13 11:24:10,599 - banking_api_tests - INFO - [environment.py:294] - [LOCATION] Location: features/accounts/account_retrieval.feature:66
2025-09-13 11:24:10,600 - banking_api_tests - INFO - [environment.py:295] - [TAGS]  Tags: performance, load_testing
2025-09-13 11:24:10,600 - banking_api_tests - INFO - [environment.py:296] - [TIME] Start Time: 2025-09-13T11:24:10.599672
2025-09-13 11:24:10,600 - banking_api_tests - INFO - [environment.py:297] - [SCENARIO] ============================================================
2025-09-13 11:24:10,600 - banking_api_tests - INFO - [common_steps.py:153] - [API] Checking API availability...
2025-09-13 11:24:11,103 - banking_api_tests - INFO - [common_steps.py:163] - [RESPONSE] API Health Check - Status: 200
2025-09-13 11:24:11,104 - banking_api_tests - INFO - [common_steps.py:170] - [SUCCESS] API is available and responding
2025-09-13 11:24:11,105 - banking_api_tests - INFO - [common_steps.py:192] - [AUTH] Configuring authentication credentials...
2025-09-13 11:24:11,105 - banking_api_tests - INFO - [common_steps.py:201] - [AUTH] Auth Token Configured: ****************2024
2025-09-13 11:24:11,105 - banking_api_tests - INFO - [common_steps.py:211] - [SUCCESS] Authentication credentials validated and configured
2025-09-13 11:24:11,106 - banking_api_tests - INFO - [common_steps.py:305] - [REQUEST] Sending GET request to: /accounts/ACC001
2025-09-13 11:24:11,636 - banking_api_tests - INFO - [common_steps.py:327] - [RESPONSE] GET Response: 404
2025-09-13 11:24:11,636 - banking_api_tests - INFO - [common_steps.py:328] - [TIME] Response Time: 0.530s
2025-09-13 11:24:11,636 - banking_api_tests - INFO - [common_steps.py:341] - [SUCCESS] GET request completed successfully
2025-09-13 11:24:11,637 - banking_api_tests - INFO - [common_steps.py:305] - [REQUEST] Sending GET request to: /accounts/ACC002
2025-09-13 11:24:12,140 - banking_api_tests - INFO - [common_steps.py:327] - [RESPONSE] GET Response: 404
2025-09-13 11:24:12,140 - banking_api_tests - INFO - [common_steps.py:328] - [TIME] Response Time: 0.503s
2025-09-13 11:24:12,141 - banking_api_tests - INFO - [common_steps.py:341] - [SUCCESS] GET request completed successfully
2025-09-13 11:24:12,141 - banking_api_tests - INFO - [common_steps.py:970] - [VERIFY] Verifying response time is under 1500ms
2025-09-13 11:24:12,141 - banking_api_tests - INFO - [common_steps.py:989] - [SUCCESS] Response time assertion PASSED: 516ms <= 1500ms
2025-09-13 11:24:12,142 - banking_api_tests - INFO - [common_steps.py:879] - [VERIFY] Verifying response is successful (2xx status)
2025-09-13 11:24:12,142 - banking_api_tests - ERROR - [common_steps.py:891] - [ERROR] Success assertion FAILED: Status 404 is not successful
2025-09-13 11:24:12,142 - banking_api_tests - ERROR - [common_steps.py:892] - [BODY] Response content: Not Found...
2025-09-13 11:24:12,143 - banking_api_tests - ERROR - [environment.py:170] - [SAVE] Failure details saved to: logs/failures/FAILED_Multiple_concurrent_account_retrievals_20250913_112412.txt
2025-09-13 11:24:12,143 - banking_api_tests - INFO - [environment.py:331] - [END] ============================================================
2025-09-13 11:24:12,143 - banking_api_tests - INFO - [environment.py:332] - [FAILED] SCENARIO COMPLETE: Multiple concurrent account retrievals
2025-09-13 11:24:12,143 - banking_api_tests - INFO - [environment.py:333] - [INFO] Status: [FAILED] FAILED
2025-09-13 11:24:12,143 - banking_api_tests - INFO - [environment.py:334] - [TIME]  Duration: 0:00:01.542982
2025-09-13 11:24:12,144 - banking_api_tests - INFO - [environment.py:335] - [URL] API Calls Made: 2
2025-09-13 11:24:12,144 - banking_api_tests - INFO - [environment.py:339] - [PERFORMANCE] Avg Response Time: 0.516s
2025-09-13 11:24:12,144 - banking_api_tests - INFO - [environment.py:340] - [INFO] Total Response Time: 1.033s
2025-09-13 11:24:12,144 - banking_api_tests - ERROR - [environment.py:344] - [ERROR] Last Error: Success assertion failed - Status 404 is not in 2xx range
2025-09-13 11:24:12,144 - banking_api_tests - INFO - [environment.py:353] - [END] ============================================================
2025-09-13 11:24:12,146 - banking_api_tests - INFO - [environment.py:291] - [SCENARIO] ============================================================
2025-09-13 11:24:12,146 - banking_api_tests - INFO - [environment.py:292] - [TEST] SCENARIO START: Verify account response data types and formats
2025-09-13 11:24:12,146 - banking_api_tests - INFO - [environment.py:293] - [FILE] Feature: Account Retrieval
2025-09-13 11:24:12,146 - banking_api_tests - INFO - [environment.py:294] - [LOCATION] Location: features/accounts/account_retrieval.feature:73
2025-09-13 11:24:12,146 - banking_api_tests - INFO - [environment.py:295] - [TAGS]  Tags: data_validation
2025-09-13 11:24:12,146 - banking_api_tests - INFO - [environment.py:296] - [TIME] Start Time: 2025-09-13T11:24:12.145951
2025-09-13 11:24:12,146 - banking_api_tests - INFO - [environment.py:297] - [SCENARIO] ============================================================
2025-09-13 11:24:12,147 - banking_api_tests - INFO - [common_steps.py:153] - [API] Checking API availability...
2025-09-13 11:24:12,660 - banking_api_tests - INFO - [common_steps.py:163] - [RESPONSE] API Health Check - Status: 200
2025-09-13 11:24:12,660 - banking_api_tests - INFO - [common_steps.py:170] - [SUCCESS] API is available and responding
2025-09-13 11:24:12,662 - banking_api_tests - INFO - [common_steps.py:192] - [AUTH] Configuring authentication credentials...
2025-09-13 11:24:12,662 - banking_api_tests - INFO - [common_steps.py:201] - [AUTH] Auth Token Configured: ****************2024
2025-09-13 11:24:12,662 - banking_api_tests - INFO - [common_steps.py:211] - [SUCCESS] Authentication credentials validated and configured
2025-09-13 11:24:12,662 - banking_api_tests - INFO - [common_steps.py:305] - [REQUEST] Sending GET request to: /accounts/ACC001
2025-09-13 11:24:13,161 - banking_api_tests - INFO - [common_steps.py:327] - [RESPONSE] GET Response: 404
2025-09-13 11:24:13,161 - banking_api_tests - INFO - [common_steps.py:328] - [TIME] Response Time: 0.499s
2025-09-13 11:24:13,162 - banking_api_tests - INFO - [common_steps.py:341] - [SUCCESS] GET request completed successfully
2025-09-13 11:24:13,162 - banking_api_tests - INFO - [common_steps.py:484] - [VERIFY] Verifying response status code should be 200
2025-09-13 11:24:13,162 - banking_api_tests - INFO - [common_steps.py:491] - [INFO] Expected: 200, Actual: 404
2025-09-13 11:24:13,162 - banking_api_tests - ERROR - [common_steps.py:496] - [ERROR] Status code assertion FAILED: Expected 200, got 404
2025-09-13 11:24:13,162 - banking_api_tests - ERROR - [common_steps.py:497] - [BODY] Response content: Not Found...
2025-09-13 11:24:13,164 - banking_api_tests - ERROR - [environment.py:170] - [SAVE] Failure details saved to: logs/failures/FAILED_Verify_account_response_data_types_and_formats_20250913_112413.txt
2025-09-13 11:24:13,164 - banking_api_tests - INFO - [environment.py:331] - [END] ============================================================
2025-09-13 11:24:13,164 - banking_api_tests - INFO - [environment.py:332] - [FAILED] SCENARIO COMPLETE: Verify account response data types and formats
2025-09-13 11:24:13,164 - banking_api_tests - INFO - [environment.py:333] - [INFO] Status: [FAILED] FAILED
2025-09-13 11:24:13,164 - banking_api_tests - INFO - [environment.py:334] - [TIME]  Duration: 0:00:01.017427
2025-09-13 11:24:13,164 - banking_api_tests - INFO - [environment.py:335] - [URL] API Calls Made: 1
2025-09-13 11:24:13,164 - banking_api_tests - INFO - [environment.py:339] - [PERFORMANCE] Avg Response Time: 0.499s
2025-09-13 11:24:13,164 - banking_api_tests - INFO - [environment.py:340] - [INFO] Total Response Time: 0.499s
2025-09-13 11:24:13,164 - banking_api_tests - ERROR - [environment.py:344] - [ERROR] Last Error: Status code assertion failed - Expected: 200, Actual: 404
2025-09-13 11:24:13,164 - banking_api_tests - INFO - [environment.py:353] - [END] ============================================================
2025-09-13 11:24:13,166 - banking_api_tests - INFO - [environment.py:291] - [SCENARIO] ============================================================
2025-09-13 11:24:13,166 - banking_api_tests - INFO - [environment.py:292] - [TEST] SCENARIO START: Verify correlation ID is propagated in account retrieval
2025-09-13 11:24:13,166 - banking_api_tests - INFO - [environment.py:293] - [FILE] Feature: Account Retrieval
2025-09-13 11:24:13,166 - banking_api_tests - INFO - [environment.py:294] - [LOCATION] Location: features/accounts/account_retrieval.feature:84
2025-09-13 11:24:13,167 - banking_api_tests - INFO - [environment.py:295] - [TAGS]  Tags: correlation_tracking
2025-09-13 11:24:13,167 - banking_api_tests - INFO - [environment.py:296] - [TIME] Start Time: 2025-09-13T11:24:13.166609
2025-09-13 11:24:13,167 - banking_api_tests - INFO - [environment.py:297] - [SCENARIO] ============================================================
2025-09-13 11:24:13,167 - banking_api_tests - INFO - [common_steps.py:153] - [API] Checking API availability...
2025-09-13 11:24:13,653 - banking_api_tests - INFO - [common_steps.py:163] - [RESPONSE] API Health Check - Status: 200
2025-09-13 11:24:13,653 - banking_api_tests - INFO - [common_steps.py:170] - [SUCCESS] API is available and responding
2025-09-13 11:24:13,654 - banking_api_tests - INFO - [common_steps.py:192] - [AUTH] Configuring authentication credentials...
2025-09-13 11:24:13,654 - banking_api_tests - INFO - [common_steps.py:201] - [AUTH] Auth Token Configured: ****************2024
2025-09-13 11:24:13,654 - banking_api_tests - INFO - [common_steps.py:211] - [SUCCESS] Authentication credentials validated and configured
2025-09-13 11:24:13,655 - banking_api_tests - INFO - [common_steps.py:221] - [CORRELATION] Setting correlation ID: test-acc-001
2025-09-13 11:24:13,655 - banking_api_tests - INFO - [common_steps.py:305] - [REQUEST] Sending GET request to: /accounts/ACC001
2025-09-13 11:24:14,158 - banking_api_tests - INFO - [common_steps.py:327] - [RESPONSE] GET Response: 404
2025-09-13 11:24:14,158 - banking_api_tests - INFO - [common_steps.py:328] - [TIME] Response Time: 0.502s
2025-09-13 11:24:14,158 - banking_api_tests - INFO - [common_steps.py:341] - [SUCCESS] GET request completed successfully
2025-09-13 11:24:14,158 - banking_api_tests - INFO - [common_steps.py:484] - [VERIFY] Verifying response status code should be 200
2025-09-13 11:24:14,159 - banking_api_tests - INFO - [common_steps.py:491] - [INFO] Expected: 200, Actual: 404
2025-09-13 11:24:14,159 - banking_api_tests - ERROR - [common_steps.py:496] - [ERROR] Status code assertion FAILED: Expected 200, got 404
2025-09-13 11:24:14,159 - banking_api_tests - ERROR - [common_steps.py:497] - [BODY] Response content: Not Found...
2025-09-13 11:24:14,160 - banking_api_tests - ERROR - [environment.py:170] - [SAVE] Failure details saved to: logs/failures/FAILED_Verify_correlation_ID_is_propagated_in_account_ret_20250913_112414.txt
2025-09-13 11:24:14,160 - banking_api_tests - INFO - [environment.py:331] - [END] ============================================================
2025-09-13 11:24:14,160 - banking_api_tests - INFO - [environment.py:332] - [FAILED] SCENARIO COMPLETE: Verify correlation ID is propagated in account retrieval
2025-09-13 11:24:14,160 - banking_api_tests - INFO - [environment.py:333] - [INFO] Status: [FAILED] FAILED
2025-09-13 11:24:14,160 - banking_api_tests - INFO - [environment.py:334] - [TIME]  Duration: 0:00:00.993029
2025-09-13 11:24:14,161 - banking_api_tests - INFO - [environment.py:335] - [URL] API Calls Made: 1
2025-09-13 11:24:14,161 - banking_api_tests - INFO - [environment.py:339] - [PERFORMANCE] Avg Response Time: 0.502s
2025-09-13 11:24:14,161 - banking_api_tests - INFO - [environment.py:340] - [INFO] Total Response Time: 0.502s
2025-09-13 11:24:14,161 - banking_api_tests - ERROR - [environment.py:344] - [ERROR] Last Error: Status code assertion failed - Expected: 200, Actual: 404
2025-09-13 11:24:14,161 - banking_api_tests - INFO - [environment.py:353] - [END] ============================================================
2025-09-13 11:24:14,162 - banking_api_tests - INFO - [environment.py:291] - [SCENARIO] ============================================================
2025-09-13 11:24:14,163 - banking_api_tests - INFO - [environment.py:292] - [TEST] SCENARIO START: Verify consistent response for repeated requests
2025-09-13 11:24:14,163 - banking_api_tests - INFO - [environment.py:293] - [FILE] Feature: Account Retrieval
2025-09-13 11:24:14,163 - banking_api_tests - INFO - [environment.py:294] - [LOCATION] Location: features/accounts/account_retrieval.feature:91
2025-09-13 11:24:14,163 - banking_api_tests - INFO - [environment.py:295] - [TAGS]  Tags: caching_behavior
2025-09-13 11:24:14,163 - banking_api_tests - INFO - [environment.py:296] - [TIME] Start Time: 2025-09-13T11:24:14.162805
2025-09-13 11:24:14,163 - banking_api_tests - INFO - [environment.py:297] - [SCENARIO] ============================================================
2025-09-13 11:24:14,164 - banking_api_tests - INFO - [common_steps.py:153] - [API] Checking API availability...
2025-09-13 11:24:14,662 - banking_api_tests - INFO - [common_steps.py:163] - [RESPONSE] API Health Check - Status: 200
2025-09-13 11:24:14,663 - banking_api_tests - INFO - [common_steps.py:170] - [SUCCESS] API is available and responding
2025-09-13 11:24:14,664 - banking_api_tests - INFO - [common_steps.py:192] - [AUTH] Configuring authentication credentials...
2025-09-13 11:24:14,665 - banking_api_tests - INFO - [common_steps.py:201] - [AUTH] Auth Token Configured: ****************2024
2025-09-13 11:24:14,665 - banking_api_tests - INFO - [common_steps.py:211] - [SUCCESS] Authentication credentials validated and configured
2025-09-13 11:24:14,665 - banking_api_tests - INFO - [common_steps.py:305] - [REQUEST] Sending GET request to: /accounts/ACC001
2025-09-13 11:24:15,155 - banking_api_tests - INFO - [common_steps.py:327] - [RESPONSE] GET Response: 404
2025-09-13 11:24:15,156 - banking_api_tests - INFO - [common_steps.py:328] - [TIME] Response Time: 0.490s
2025-09-13 11:24:15,156 - banking_api_tests - INFO - [common_steps.py:341] - [SUCCESS] GET request completed successfully
2025-09-13 11:24:15,156 - banking_api_tests - INFO - [common_steps.py:484] - [VERIFY] Verifying response status code should be 200
2025-09-13 11:24:15,156 - banking_api_tests - INFO - [common_steps.py:491] - [INFO] Expected: 200, Actual: 404
2025-09-13 11:24:15,156 - banking_api_tests - ERROR - [common_steps.py:496] - [ERROR] Status code assertion FAILED: Expected 200, got 404
2025-09-13 11:24:15,156 - banking_api_tests - ERROR - [common_steps.py:497] - [BODY] Response content: Not Found...
2025-09-13 11:24:15,158 - banking_api_tests - ERROR - [environment.py:170] - [SAVE] Failure details saved to: logs/failures/FAILED_Verify_consistent_response_for_repeated_requests_20250913_112415.txt
2025-09-13 11:24:15,158 - banking_api_tests - INFO - [environment.py:331] - [END] ============================================================
2025-09-13 11:24:15,158 - banking_api_tests - INFO - [environment.py:332] - [FAILED] SCENARIO COMPLETE: Verify consistent response for repeated requests
2025-09-13 11:24:15,158 - banking_api_tests - INFO - [environment.py:333] - [INFO] Status: [FAILED] FAILED
2025-09-13 11:24:15,158 - banking_api_tests - INFO - [environment.py:334] - [TIME]  Duration: 0:00:00.994535
2025-09-13 11:24:15,158 - banking_api_tests - INFO - [environment.py:335] - [URL] API Calls Made: 1
2025-09-13 11:24:15,158 - banking_api_tests - INFO - [environment.py:339] - [PERFORMANCE] Avg Response Time: 0.490s
2025-09-13 11:24:15,159 - banking_api_tests - INFO - [environment.py:340] - [INFO] Total Response Time: 0.490s
2025-09-13 11:24:15,159 - banking_api_tests - ERROR - [environment.py:344] - [ERROR] Last Error: Status code assertion failed - Expected: 200, Actual: 404
2025-09-13 11:24:15,159 - banking_api_tests - INFO - [environment.py:353] - [END] ============================================================
2025-09-13 11:24:15,160 - banking_api_tests - INFO - [environment.py:291] - [SCENARIO] ============================================================
2025-09-13 11:24:15,160 - banking_api_tests - INFO - [environment.py:292] - [TEST] SCENARIO START: Verify account retrieval response headers
2025-09-13 11:24:15,161 - banking_api_tests - INFO - [environment.py:293] - [FILE] Feature: Account Retrieval
2025-09-13 11:24:15,161 - banking_api_tests - INFO - [environment.py:294] - [LOCATION] Location: features/accounts/account_retrieval.feature:101
2025-09-13 11:24:15,161 - banking_api_tests - INFO - [environment.py:295] - [TAGS]  Tags: response_headers
2025-09-13 11:24:15,161 - banking_api_tests - INFO - [environment.py:296] - [TIME] Start Time: 2025-09-13T11:24:15.160718
2025-09-13 11:24:15,161 - banking_api_tests - INFO - [environment.py:297] - [SCENARIO] ============================================================
2025-09-13 11:24:15,162 - banking_api_tests - INFO - [common_steps.py:153] - [API] Checking API availability...
2025-09-13 11:24:15,655 - banking_api_tests - INFO - [common_steps.py:163] - [RESPONSE] API Health Check - Status: 200
2025-09-13 11:24:15,655 - banking_api_tests - INFO - [common_steps.py:170] - [SUCCESS] API is available and responding
2025-09-13 11:24:15,657 - banking_api_tests - INFO - [common_steps.py:192] - [AUTH] Configuring authentication credentials...
2025-09-13 11:24:15,657 - banking_api_tests - INFO - [common_steps.py:201] - [AUTH] Auth Token Configured: ****************2024
2025-09-13 11:24:15,657 - banking_api_tests - INFO - [common_steps.py:211] - [SUCCESS] Authentication credentials validated and configured
2025-09-13 11:24:15,657 - banking_api_tests - INFO - [common_steps.py:305] - [REQUEST] Sending GET request to: /accounts/ACC001
2025-09-13 11:24:16,211 - banking_api_tests - INFO - [common_steps.py:327] - [RESPONSE] GET Response: 404
2025-09-13 11:24:16,212 - banking_api_tests - INFO - [common_steps.py:328] - [TIME] Response Time: 0.554s
2025-09-13 11:24:16,212 - banking_api_tests - INFO - [common_steps.py:341] - [SUCCESS] GET request completed successfully
2025-09-13 11:24:16,212 - banking_api_tests - INFO - [common_steps.py:484] - [VERIFY] Verifying response status code should be 200
2025-09-13 11:24:16,212 - banking_api_tests - INFO - [common_steps.py:491] - [INFO] Expected: 200, Actual: 404
2025-09-13 11:24:16,212 - banking_api_tests - ERROR - [common_steps.py:496] - [ERROR] Status code assertion FAILED: Expected 200, got 404
2025-09-13 11:24:16,212 - banking_api_tests - ERROR - [common_steps.py:497] - [BODY] Response content: Not Found...
2025-09-13 11:24:16,213 - banking_api_tests - ERROR - [environment.py:170] - [SAVE] Failure details saved to: logs/failures/FAILED_Verify_account_retrieval_response_headers_20250913_112416.txt
2025-09-13 11:24:16,214 - banking_api_tests - INFO - [environment.py:331] - [END] ============================================================
2025-09-13 11:24:16,214 - banking_api_tests - INFO - [environment.py:332] - [FAILED] SCENARIO COMPLETE: Verify account retrieval response headers
2025-09-13 11:24:16,214 - banking_api_tests - INFO - [environment.py:333] - [INFO] Status: [FAILED] FAILED
2025-09-13 11:24:16,214 - banking_api_tests - INFO - [environment.py:334] - [TIME]  Duration: 0:00:01.052628
2025-09-13 11:24:16,214 - banking_api_tests - INFO - [environment.py:335] - [URL] API Calls Made: 1
2025-09-13 11:24:16,214 - banking_api_tests - INFO - [environment.py:339] - [PERFORMANCE] Avg Response Time: 0.554s
2025-09-13 11:24:16,214 - banking_api_tests - INFO - [environment.py:340] - [INFO] Total Response Time: 0.554s
2025-09-13 11:24:16,214 - banking_api_tests - ERROR - [environment.py:344] - [ERROR] Last Error: Status code assertion failed - Expected: 200, Actual: 404
2025-09-13 11:24:16,214 - banking_api_tests - INFO - [environment.py:353] - [END] ============================================================
2025-09-13 11:24:16,217 - banking_api_tests - INFO - [environment.py:291] - [SCENARIO] ============================================================
2025-09-13 11:24:16,217 - banking_api_tests - INFO - [environment.py:292] - [TEST] SCENARIO START: Account retrieval with special characters in ID -- @1.1 
2025-09-13 11:24:16,217 - banking_api_tests - INFO - [environment.py:293] - [FILE] Feature: Account Retrieval
2025-09-13 11:24:16,217 - banking_api_tests - INFO - [environment.py:294] - [LOCATION] Location: features/accounts/account_retrieval.feature:115
2025-09-13 11:24:16,217 - banking_api_tests - INFO - [environment.py:295] - [TAGS]  Tags: edge_cases
2025-09-13 11:24:16,217 - banking_api_tests - INFO - [environment.py:296] - [TIME] Start Time: 2025-09-13T11:24:16.217064
2025-09-13 11:24:16,217 - banking_api_tests - INFO - [environment.py:297] - [SCENARIO] ============================================================
2025-09-13 11:24:16,218 - banking_api_tests - INFO - [common_steps.py:153] - [API] Checking API availability...
2025-09-13 11:24:16,693 - banking_api_tests - INFO - [common_steps.py:163] - [RESPONSE] API Health Check - Status: 200
2025-09-13 11:24:16,693 - banking_api_tests - INFO - [common_steps.py:170] - [SUCCESS] API is available and responding
2025-09-13 11:24:16,694 - banking_api_tests - INFO - [common_steps.py:192] - [AUTH] Configuring authentication credentials...
2025-09-13 11:24:16,694 - banking_api_tests - INFO - [common_steps.py:201] - [AUTH] Auth Token Configured: ****************2024
2025-09-13 11:24:16,694 - banking_api_tests - INFO - [common_steps.py:211] - [SUCCESS] Authentication credentials validated and configured
2025-09-13 11:24:16,695 - banking_api_tests - INFO - [common_steps.py:305] - [REQUEST] Sending GET request to: /accounts/ACC@001
2025-09-13 11:24:17,195 - banking_api_tests - INFO - [common_steps.py:327] - [RESPONSE] GET Response: 404
2025-09-13 11:24:17,195 - banking_api_tests - INFO - [common_steps.py:328] - [TIME] Response Time: 0.500s
2025-09-13 11:24:17,196 - banking_api_tests - INFO - [common_steps.py:341] - [SUCCESS] GET request completed successfully
2025-09-13 11:24:17,196 - banking_api_tests - INFO - [common_steps.py:484] - [VERIFY] Verifying response status code should be 404
2025-09-13 11:24:17,196 - banking_api_tests - INFO - [common_steps.py:491] - [INFO] Expected: 404, Actual: 404
2025-09-13 11:24:17,196 - banking_api_tests - INFO - [common_steps.py:494] - [SUCCESS] Status code assertion PASSED: 404
2025-09-13 11:24:17,197 - banking_api_tests - INFO - [common_steps.py:910] - [VERIFY] Verifying response contains error message
2025-09-13 11:24:17,197 - banking_api_tests - ERROR - [common_steps.py:946] - [ERROR] JSON decode error: Expecting value: line 1 column 1 (char 0)
2025-09-13 11:24:17,197 - banking_api_tests - ERROR - [common_steps.py:947] - [BODY] Raw response: Not Found...
2025-09-13 11:24:17,198 - banking_api_tests - ERROR - [environment.py:170] - [SAVE] Failure details saved to: logs/failures/FAILED_Account_retrieval_with_special_characters_in_ID_--_20250913_112417.txt
2025-09-13 11:24:17,198 - banking_api_tests - INFO - [environment.py:331] - [END] ============================================================
2025-09-13 11:24:17,198 - banking_api_tests - INFO - [environment.py:332] - [FAILED] SCENARIO COMPLETE: Account retrieval with special characters in ID -- @1.1 
2025-09-13 11:24:17,198 - banking_api_tests - INFO - [environment.py:333] - [INFO] Status: [FAILED] FAILED
2025-09-13 11:24:17,198 - banking_api_tests - INFO - [environment.py:334] - [TIME]  Duration: 0:00:00.980540
2025-09-13 11:24:17,199 - banking_api_tests - INFO - [environment.py:335] - [URL] API Calls Made: 1
2025-09-13 11:24:17,199 - banking_api_tests - INFO - [environment.py:339] - [PERFORMANCE] Avg Response Time: 0.500s
2025-09-13 11:24:17,199 - banking_api_tests - INFO - [environment.py:340] - [INFO] Total Response Time: 0.500s
2025-09-13 11:24:17,199 - banking_api_tests - ERROR - [environment.py:344] - [ERROR] Last Error: JSON decode error and no error text found: Expecting value: line 1 column 1 (char 0)
2025-09-13 11:24:17,199 - banking_api_tests - INFO - [environment.py:353] - [END] ============================================================
2025-09-13 11:24:17,200 - banking_api_tests - INFO - [environment.py:291] - [SCENARIO] ============================================================
2025-09-13 11:24:17,200 - banking_api_tests - INFO - [environment.py:292] - [TEST] SCENARIO START: Account retrieval with special characters in ID -- @1.2 
2025-09-13 11:24:17,200 - banking_api_tests - INFO - [environment.py:293] - [FILE] Feature: Account Retrieval
2025-09-13 11:24:17,200 - banking_api_tests - INFO - [environment.py:294] - [LOCATION] Location: features/accounts/account_retrieval.feature:116
2025-09-13 11:24:17,200 - banking_api_tests - INFO - [environment.py:295] - [TAGS]  Tags: edge_cases
2025-09-13 11:24:17,200 - banking_api_tests - INFO - [environment.py:296] - [TIME] Start Time: 2025-09-13T11:24:17.199990
2025-09-13 11:24:17,200 - banking_api_tests - INFO - [environment.py:297] - [SCENARIO] ============================================================
2025-09-13 11:24:17,201 - banking_api_tests - INFO - [common_steps.py:153] - [API] Checking API availability...
2025-09-13 11:24:17,740 - banking_api_tests - INFO - [common_steps.py:163] - [RESPONSE] API Health Check - Status: 200
2025-09-13 11:24:17,741 - banking_api_tests - INFO - [common_steps.py:170] - [SUCCESS] API is available and responding
2025-09-13 11:24:17,742 - banking_api_tests - INFO - [common_steps.py:192] - [AUTH] Configuring authentication credentials...
2025-09-13 11:24:17,742 - banking_api_tests - INFO - [common_steps.py:201] - [AUTH] Auth Token Configured: ****************2024
2025-09-13 11:24:17,742 - banking_api_tests - INFO - [common_steps.py:211] - [SUCCESS] Authentication credentials validated and configured
2025-09-13 11:24:17,742 - banking_api_tests - INFO - [common_steps.py:305] - [REQUEST] Sending GET request to: /accounts/ACC 001
2025-09-13 11:24:18,257 - banking_api_tests - INFO - [common_steps.py:327] - [RESPONSE] GET Response: 404
2025-09-13 11:24:18,257 - banking_api_tests - INFO - [common_steps.py:328] - [TIME] Response Time: 0.514s
2025-09-13 11:24:18,257 - banking_api_tests - INFO - [common_steps.py:341] - [SUCCESS] GET request completed successfully
2025-09-13 11:24:18,258 - banking_api_tests - INFO - [common_steps.py:484] - [VERIFY] Verifying response status code should be 404
2025-09-13 11:24:18,258 - banking_api_tests - INFO - [common_steps.py:491] - [INFO] Expected: 404, Actual: 404
2025-09-13 11:24:18,258 - banking_api_tests - INFO - [common_steps.py:494] - [SUCCESS] Status code assertion PASSED: 404
2025-09-13 11:24:18,258 - banking_api_tests - INFO - [common_steps.py:910] - [VERIFY] Verifying response contains error message
2025-09-13 11:24:18,259 - banking_api_tests - ERROR - [common_steps.py:946] - [ERROR] JSON decode error: Expecting value: line 1 column 1 (char 0)
2025-09-13 11:24:18,259 - banking_api_tests - ERROR - [common_steps.py:947] - [BODY] Raw response: Not Found...
2025-09-13 11:24:18,260 - banking_api_tests - ERROR - [environment.py:170] - [SAVE] Failure details saved to: logs/failures/FAILED_Account_retrieval_with_special_characters_in_ID_--_20250913_112418.txt
2025-09-13 11:24:18,260 - banking_api_tests - INFO - [environment.py:331] - [END] ============================================================
2025-09-13 11:24:18,260 - banking_api_tests - INFO - [environment.py:332] - [FAILED] SCENARIO COMPLETE: Account retrieval with special characters in ID -- @1.2 
2025-09-13 11:24:18,260 - banking_api_tests - INFO - [environment.py:333] - [INFO] Status: [FAILED] FAILED
2025-09-13 11:24:18,260 - banking_api_tests - INFO - [environment.py:334] - [TIME]  Duration: 0:00:01.059425
2025-09-13 11:24:18,260 - banking_api_tests - INFO - [environment.py:335] - [URL] API Calls Made: 1
2025-09-13 11:24:18,260 - banking_api_tests - INFO - [environment.py:339] - [PERFORMANCE] Avg Response Time: 0.514s
2025-09-13 11:24:18,260 - banking_api_tests - INFO - [environment.py:340] - [INFO] Total Response Time: 0.514s
2025-09-13 11:24:18,260 - banking_api_tests - ERROR - [environment.py:344] - [ERROR] Last Error: JSON decode error and no error text found: Expecting value: line 1 column 1 (char 0)
2025-09-13 11:24:18,261 - banking_api_tests - INFO - [environment.py:353] - [END] ============================================================
2025-09-13 11:24:18,261 - banking_api_tests - INFO - [environment.py:291] - [SCENARIO] ============================================================
2025-09-13 11:24:18,261 - banking_api_tests - INFO - [environment.py:292] - [TEST] SCENARIO START: Account retrieval with special characters in ID -- @1.3 
2025-09-13 11:24:18,261 - banking_api_tests - INFO - [environment.py:293] - [FILE] Feature: Account Retrieval
2025-09-13 11:24:18,261 - banking_api_tests - INFO - [environment.py:294] - [LOCATION] Location: features/accounts/account_retrieval.feature:117
2025-09-13 11:24:18,261 - banking_api_tests - INFO - [environment.py:295] - [TAGS]  Tags: edge_cases
2025-09-13 11:24:18,262 - banking_api_tests - INFO - [environment.py:296] - [TIME] Start Time: 2025-09-13T11:24:18.261535
2025-09-13 11:24:18,262 - banking_api_tests - INFO - [environment.py:297] - [SCENARIO] ============================================================
2025-09-13 11:24:18,262 - banking_api_tests - INFO - [common_steps.py:153] - [API] Checking API availability...
2025-09-13 11:24:18,765 - banking_api_tests - INFO - [common_steps.py:163] - [RESPONSE] API Health Check - Status: 200
2025-09-13 11:24:18,765 - banking_api_tests - INFO - [common_steps.py:170] - [SUCCESS] API is available and responding
2025-09-13 11:24:18,767 - banking_api_tests - INFO - [common_steps.py:192] - [AUTH] Configuring authentication credentials...
2025-09-13 11:24:18,767 - banking_api_tests - INFO - [common_steps.py:201] - [AUTH] Auth Token Configured: ****************2024
2025-09-13 11:24:18,767 - banking_api_tests - INFO - [common_steps.py:211] - [SUCCESS] Authentication credentials validated and configured
2025-09-13 11:24:18,767 - banking_api_tests - INFO - [common_steps.py:305] - [REQUEST] Sending GET request to: /accounts/ACC#001
2025-09-13 11:24:19,263 - banking_api_tests - INFO - [common_steps.py:327] - [RESPONSE] GET Response: 404
2025-09-13 11:24:19,263 - banking_api_tests - INFO - [common_steps.py:328] - [TIME] Response Time: 0.495s
2025-09-13 11:24:19,263 - banking_api_tests - INFO - [common_steps.py:341] - [SUCCESS] GET request completed successfully
2025-09-13 11:24:19,263 - banking_api_tests - INFO - [common_steps.py:484] - [VERIFY] Verifying response status code should be 404
2025-09-13 11:24:19,264 - banking_api_tests - INFO - [common_steps.py:491] - [INFO] Expected: 404, Actual: 404
2025-09-13 11:24:19,264 - banking_api_tests - INFO - [common_steps.py:494] - [SUCCESS] Status code assertion PASSED: 404
2025-09-13 11:24:19,264 - banking_api_tests - INFO - [common_steps.py:910] - [VERIFY] Verifying response contains error message
2025-09-13 11:24:19,264 - banking_api_tests - ERROR - [common_steps.py:946] - [ERROR] JSON decode error: Expecting value: line 1 column 1 (char 0)
2025-09-13 11:24:19,264 - banking_api_tests - ERROR - [common_steps.py:947] - [BODY] Raw response: Not Found...
2025-09-13 11:24:19,265 - banking_api_tests - ERROR - [environment.py:170] - [SAVE] Failure details saved to: logs/failures/FAILED_Account_retrieval_with_special_characters_in_ID_--_20250913_112419.txt
2025-09-13 11:24:19,265 - banking_api_tests - INFO - [environment.py:331] - [END] ============================================================
2025-09-13 11:24:19,265 - banking_api_tests - INFO - [environment.py:332] - [FAILED] SCENARIO COMPLETE: Account retrieval with special characters in ID -- @1.3 
2025-09-13 11:24:19,266 - banking_api_tests - INFO - [environment.py:333] - [INFO] Status: [FAILED] FAILED
2025-09-13 11:24:19,266 - banking_api_tests - INFO - [environment.py:334] - [TIME]  Duration: 0:00:01.003487
2025-09-13 11:24:19,266 - banking_api_tests - INFO - [environment.py:335] - [URL] API Calls Made: 1
2025-09-13 11:24:19,266 - banking_api_tests - INFO - [environment.py:339] - [PERFORMANCE] Avg Response Time: 0.495s
2025-09-13 11:24:19,266 - banking_api_tests - INFO - [environment.py:340] - [INFO] Total Response Time: 0.495s
2025-09-13 11:24:19,266 - banking_api_tests - ERROR - [environment.py:344] - [ERROR] Last Error: JSON decode error and no error text found: Expecting value: line 1 column 1 (char 0)
2025-09-13 11:24:19,266 - banking_api_tests - INFO - [environment.py:353] - [END] ============================================================
2025-09-13 11:24:19,267 - banking_api_tests - INFO - [environment.py:291] - [SCENARIO] ============================================================
2025-09-13 11:24:19,267 - banking_api_tests - INFO - [environment.py:292] - [TEST] SCENARIO START: Account retrieval with special characters in ID -- @1.4 
2025-09-13 11:24:19,267 - banking_api_tests - INFO - [environment.py:293] - [FILE] Feature: Account Retrieval
2025-09-13 11:24:19,267 - banking_api_tests - INFO - [environment.py:294] - [LOCATION] Location: features/accounts/account_retrieval.feature:118
2025-09-13 11:24:19,267 - banking_api_tests - INFO - [environment.py:295] - [TAGS]  Tags: edge_cases
2025-09-13 11:24:19,267 - banking_api_tests - INFO - [environment.py:296] - [TIME] Start Time: 2025-09-13T11:24:19.267150
2025-09-13 11:24:19,267 - banking_api_tests - INFO - [environment.py:297] - [SCENARIO] ============================================================
2025-09-13 11:24:19,268 - banking_api_tests - INFO - [common_steps.py:153] - [API] Checking API availability...
2025-09-13 11:24:19,795 - banking_api_tests - INFO - [common_steps.py:163] - [RESPONSE] API Health Check - Status: 200
2025-09-13 11:24:19,795 - banking_api_tests - INFO - [common_steps.py:170] - [SUCCESS] API is available and responding
2025-09-13 11:24:19,796 - banking_api_tests - INFO - [common_steps.py:192] - [AUTH] Configuring authentication credentials...
2025-09-13 11:24:19,796 - banking_api_tests - INFO - [common_steps.py:201] - [AUTH] Auth Token Configured: ****************2024
2025-09-13 11:24:19,797 - banking_api_tests - INFO - [common_steps.py:211] - [SUCCESS] Authentication credentials validated and configured
2025-09-13 11:24:19,797 - banking_api_tests - INFO - [common_steps.py:305] - [REQUEST] Sending GET request to: /accounts/ACC%001
2025-09-13 11:24:20,320 - banking_api_tests - INFO - [common_steps.py:327] - [RESPONSE] GET Response: 400
2025-09-13 11:24:20,320 - banking_api_tests - INFO - [common_steps.py:328] - [TIME] Response Time: 0.523s
2025-09-13 11:24:20,320 - banking_api_tests - INFO - [common_steps.py:341] - [SUCCESS] GET request completed successfully
2025-09-13 11:24:20,321 - banking_api_tests - INFO - [common_steps.py:484] - [VERIFY] Verifying response status code should be 404
2025-09-13 11:24:20,321 - banking_api_tests - INFO - [common_steps.py:491] - [INFO] Expected: 404, Actual: 400
2025-09-13 11:24:20,321 - banking_api_tests - ERROR - [common_steps.py:496] - [ERROR] Status code assertion FAILED: Expected 404, got 400
2025-09-13 11:24:20,321 - banking_api_tests - ERROR - [common_steps.py:497] - [BODY] Response content: ...
2025-09-13 11:24:20,323 - banking_api_tests - ERROR - [environment.py:170] - [SAVE] Failure details saved to: logs/failures/FAILED_Account_retrieval_with_special_characters_in_ID_--_20250913_112420.txt
2025-09-13 11:24:20,323 - banking_api_tests - INFO - [environment.py:331] - [END] ============================================================
2025-09-13 11:24:20,323 - banking_api_tests - INFO - [environment.py:332] - [FAILED] SCENARIO COMPLETE: Account retrieval with special characters in ID -- @1.4 
2025-09-13 11:24:20,323 - banking_api_tests - INFO - [environment.py:333] - [INFO] Status: [FAILED] FAILED
2025-09-13 11:24:20,323 - banking_api_tests - INFO - [environment.py:334] - [TIME]  Duration: 0:00:01.054925
2025-09-13 11:24:20,323 - banking_api_tests - INFO - [environment.py:335] - [URL] API Calls Made: 1
2025-09-13 11:24:20,324 - banking_api_tests - INFO - [environment.py:339] - [PERFORMANCE] Avg Response Time: 0.523s
2025-09-13 11:24:20,324 - banking_api_tests - INFO - [environment.py:340] - [INFO] Total Response Time: 0.523s
2025-09-13 11:24:20,324 - banking_api_tests - ERROR - [environment.py:344] - [ERROR] Last Error: Status code assertion failed - Expected: 404, Actual: 400
2025-09-13 11:24:20,324 - banking_api_tests - INFO - [environment.py:353] - [END] ============================================================
2025-09-13 11:24:20,326 - banking_api_tests - INFO - [environment.py:291] - [SCENARIO] ============================================================
2025-09-13 11:24:20,326 - banking_api_tests - INFO - [environment.py:292] - [TEST] SCENARIO START: Successful API access with valid bearer token
2025-09-13 11:24:20,326 - banking_api_tests - INFO - [environment.py:293] - [FILE] Feature: Authentication and Security
2025-09-13 11:24:20,326 - banking_api_tests - INFO - [environment.py:294] - [LOCATION] Location: features/authentication/auth_security.feature:11
2025-09-13 11:24:20,326 - banking_api_tests - INFO - [environment.py:295] - [TAGS]  Tags: authentication, smoke
2025-09-13 11:24:20,327 - banking_api_tests - INFO - [environment.py:296] - [TIME] Start Time: 2025-09-13T11:24:20.326501
2025-09-13 11:24:20,327 - banking_api_tests - INFO - [environment.py:297] - [SCENARIO] ============================================================
2025-09-13 11:24:20,327 - banking_api_tests - INFO - [common_steps.py:153] - [API] Checking API availability...
2025-09-13 11:24:20,838 - banking_api_tests - INFO - [common_steps.py:163] - [RESPONSE] API Health Check - Status: 200
2025-09-13 11:24:20,839 - banking_api_tests - INFO - [common_steps.py:170] - [SUCCESS] API is available and responding
2025-09-13 11:24:20,840 - banking_api_tests - INFO - [auth_steps.py:28] - [AUTH] Setting up valid bearer token
2025-09-13 11:24:20,841 - banking_api_tests - INFO - [common_steps.py:305] - [REQUEST] Sending GET request to: /customers/CUST001
2025-09-13 11:24:21,357 - banking_api_tests - INFO - [common_steps.py:327] - [RESPONSE] GET Response: 404
2025-09-13 11:24:21,357 - banking_api_tests - INFO - [common_steps.py:328] - [TIME] Response Time: 0.516s
2025-09-13 11:24:21,357 - banking_api_tests - INFO - [common_steps.py:341] - [SUCCESS] GET request completed successfully
2025-09-13 11:24:21,358 - banking_api_tests - INFO - [common_steps.py:879] - [VERIFY] Verifying response is successful (2xx status)
2025-09-13 11:24:21,358 - banking_api_tests - ERROR - [common_steps.py:891] - [ERROR] Success assertion FAILED: Status 404 is not successful
2025-09-13 11:24:21,358 - banking_api_tests - ERROR - [common_steps.py:892] - [BODY] Response content: Not Found...
2025-09-13 11:24:21,359 - banking_api_tests - ERROR - [environment.py:170] - [SAVE] Failure details saved to: logs/failures/FAILED_Successful_API_access_with_valid_bearer_token_20250913_112421.txt
2025-09-13 11:24:21,359 - banking_api_tests - INFO - [environment.py:331] - [END] ============================================================
2025-09-13 11:24:21,359 - banking_api_tests - INFO - [environment.py:332] - [FAILED] SCENARIO COMPLETE: Successful API access with valid bearer token
2025-09-13 11:24:21,359 - banking_api_tests - INFO - [environment.py:333] - [INFO] Status: [FAILED] FAILED
2025-09-13 11:24:21,360 - banking_api_tests - INFO - [environment.py:334] - [TIME]  Duration: 0:00:01.032212
2025-09-13 11:24:21,360 - banking_api_tests - INFO - [environment.py:335] - [URL] API Calls Made: 1
2025-09-13 11:24:21,360 - banking_api_tests - INFO - [environment.py:339] - [PERFORMANCE] Avg Response Time: 0.516s
2025-09-13 11:24:21,360 - banking_api_tests - INFO - [environment.py:340] - [INFO] Total Response Time: 0.516s
2025-09-13 11:24:21,360 - banking_api_tests - ERROR - [environment.py:344] - [ERROR] Last Error: Success assertion failed - Status 404 is not in 2xx range
2025-09-13 11:24:21,360 - banking_api_tests - INFO - [environment.py:353] - [END] ============================================================
2025-09-13 11:24:21,366 - banking_api_tests - INFO - [environment.py:291] - [SCENARIO] ============================================================
2025-09-13 11:24:21,366 - banking_api_tests - INFO - [environment.py:292] - [TEST] SCENARIO START: Successfully create booking with generated data
2025-09-13 11:24:21,366 - banking_api_tests - INFO - [environment.py:293] - [FILE] Feature: Booking Management
2025-09-13 11:24:21,366 - banking_api_tests - INFO - [environment.py:294] - [LOCATION] Location: features/bookings/booking_management.feature:12
2025-09-13 11:24:21,366 - banking_api_tests - INFO - [environment.py:295] - [TAGS]  Tags: happy_path, smoke
2025-09-13 11:24:21,366 - banking_api_tests - INFO - [environment.py:296] - [TIME] Start Time: 2025-09-13T11:24:21.365974
2025-09-13 11:24:21,366 - banking_api_tests - INFO - [environment.py:297] - [SCENARIO] ============================================================
2025-09-13 11:24:21,367 - banking_api_tests - INFO - [common_steps.py:153] - [API] Checking API availability...
2025-09-13 11:24:21,860 - banking_api_tests - INFO - [common_steps.py:163] - [RESPONSE] API Health Check - Status: 200
2025-09-13 11:24:21,860 - banking_api_tests - INFO - [common_steps.py:170] - [SUCCESS] API is available and responding
2025-09-13 11:24:21,861 - banking_api_tests - INFO - [common_steps.py:192] - [AUTH] Configuring authentication credentials...
2025-09-13 11:24:21,861 - banking_api_tests - INFO - [common_steps.py:201] - [AUTH] Auth Token Configured: ****************2024
2025-09-13 11:24:21,862 - banking_api_tests - INFO - [common_steps.py:211] - [SUCCESS] Authentication credentials validated and configured
2025-09-13 11:24:21,862 - banking_api_tests - INFO - [data_steps.py:31] - [DATA] Generating test data for: booking
2025-09-13 11:24:21,862 - banking_api_tests - INFO - [data_steps.py:216] - [REQUEST] Creating booking using generated data
2025-09-13 11:24:22,343 - banking_api_tests - INFO - [data_steps.py:236] - [RESPONSE] Create booking Response: 404
2025-09-13 11:24:22,343 - banking_api_tests - INFO - [data_steps.py:237] - [TIME]  Response Time: 0.480s
2025-09-13 11:24:22,343 - banking_api_tests - INFO - [common_steps.py:484] - [VERIFY] Verifying response status code should be 201
2025-09-13 11:24:22,343 - banking_api_tests - INFO - [common_steps.py:491] - [INFO] Expected: 201, Actual: 404
2025-09-13 11:24:22,343 - banking_api_tests - ERROR - [common_steps.py:496] - [ERROR] Status code assertion FAILED: Expected 201, got 404
2025-09-13 11:24:22,344 - banking_api_tests - ERROR - [common_steps.py:497] - [BODY] Response content: Not Found...
2025-09-13 11:24:22,345 - banking_api_tests - ERROR - [environment.py:170] - [SAVE] Failure details saved to: logs/failures/FAILED_Successfully_create_booking_with_generated_data_20250913_112422.txt
2025-09-13 11:24:22,345 - banking_api_tests - INFO - [environment.py:331] - [END] ============================================================
2025-09-13 11:24:22,345 - banking_api_tests - INFO - [environment.py:332] - [FAILED] SCENARIO COMPLETE: Successfully create booking with generated data
2025-09-13 11:24:22,345 - banking_api_tests - INFO - [environment.py:333] - [INFO] Status: [FAILED] FAILED
2025-09-13 11:24:22,345 - banking_api_tests - INFO - [environment.py:334] - [TIME]  Duration: 0:00:00.978567
2025-09-13 11:24:22,345 - banking_api_tests - INFO - [environment.py:335] - [URL] API Calls Made: 1
2025-09-13 11:24:22,346 - banking_api_tests - INFO - [environment.py:339] - [PERFORMANCE] Avg Response Time: 0.480s
2025-09-13 11:24:22,346 - banking_api_tests - INFO - [environment.py:340] - [INFO] Total Response Time: 0.480s
2025-09-13 11:24:22,346 - banking_api_tests - ERROR - [environment.py:344] - [ERROR] Last Error: Status code assertion failed - Expected: 201, Actual: 404
2025-09-13 11:24:22,346 - banking_api_tests - INFO - [environment.py:353] - [END] ============================================================
2025-09-13 11:24:22,350 - banking_api_tests - INFO - [environment.py:291] - [SCENARIO] ============================================================
2025-09-13 11:24:22,350 - banking_api_tests - INFO - [environment.py:292] - [TEST] SCENARIO START: Successfully create customer with generated data
2025-09-13 11:24:22,350 - banking_api_tests - INFO - [environment.py:293] - [FILE] Feature: Customer Management
2025-09-13 11:24:22,350 - banking_api_tests - INFO - [environment.py:294] - [LOCATION] Location: features/customers/customer_management.feature:12
2025-09-13 11:24:22,351 - banking_api_tests - INFO - [environment.py:295] - [TAGS]  Tags: happy_path, smoke
2025-09-13 11:24:22,351 - banking_api_tests - INFO - [environment.py:296] - [TIME] Start Time: 2025-09-13T11:24:22.350466
2025-09-13 11:24:22,351 - banking_api_tests - INFO - [environment.py:297] - [SCENARIO] ============================================================
2025-09-13 11:24:22,352 - banking_api_tests - INFO - [common_steps.py:153] - [API] Checking API availability...
2025-09-13 11:24:22,839 - banking_api_tests - INFO - [common_steps.py:163] - [RESPONSE] API Health Check - Status: 200
2025-09-13 11:24:22,840 - banking_api_tests - INFO - [common_steps.py:170] - [SUCCESS] API is available and responding
2025-09-13 11:24:22,841 - banking_api_tests - INFO - [common_steps.py:192] - [AUTH] Configuring authentication credentials...
2025-09-13 11:24:22,841 - banking_api_tests - INFO - [common_steps.py:201] - [AUTH] Auth Token Configured: ****************2024
2025-09-13 11:24:22,841 - banking_api_tests - INFO - [common_steps.py:211] - [SUCCESS] Authentication credentials validated and configured
2025-09-13 11:24:22,842 - banking_api_tests - INFO - [data_steps.py:31] - [DATA] Generating test data for: customer
2025-09-13 11:24:22,842 - banking_api_tests - INFO - [data_steps.py:216] - [REQUEST] Creating customer using generated data
2025-09-13 11:24:23,331 - banking_api_tests - INFO - [data_steps.py:236] - [RESPONSE] Create customer Response: 404
2025-09-13 11:24:23,331 - banking_api_tests - INFO - [data_steps.py:237] - [TIME]  Response Time: 0.489s
2025-09-13 11:24:23,331 - banking_api_tests - INFO - [common_steps.py:484] - [VERIFY] Verifying response status code should be 201
2025-09-13 11:24:23,332 - banking_api_tests - INFO - [common_steps.py:491] - [INFO] Expected: 201, Actual: 404
2025-09-13 11:24:23,332 - banking_api_tests - ERROR - [common_steps.py:496] - [ERROR] Status code assertion FAILED: Expected 201, got 404
2025-09-13 11:24:23,332 - banking_api_tests - ERROR - [common_steps.py:497] - [BODY] Response content: Not Found...
2025-09-13 11:24:23,333 - banking_api_tests - ERROR - [environment.py:170] - [SAVE] Failure details saved to: logs/failures/FAILED_Successfully_create_customer_with_generated_data_20250913_112423.txt
2025-09-13 11:24:23,333 - banking_api_tests - INFO - [environment.py:331] - [END] ============================================================
2025-09-13 11:24:23,333 - banking_api_tests - INFO - [environment.py:332] - [FAILED] SCENARIO COMPLETE: Successfully create customer with generated data
2025-09-13 11:24:23,333 - banking_api_tests - INFO - [environment.py:333] - [INFO] Status: [FAILED] FAILED
2025-09-13 11:24:23,334 - banking_api_tests - INFO - [environment.py:334] - [TIME]  Duration: 0:00:00.982419
2025-09-13 11:24:23,334 - banking_api_tests - INFO - [environment.py:335] - [URL] API Calls Made: 1
2025-09-13 11:24:23,334 - banking_api_tests - INFO - [environment.py:339] - [PERFORMANCE] Avg Response Time: 0.489s
2025-09-13 11:24:23,334 - banking_api_tests - INFO - [environment.py:340] - [INFO] Total Response Time: 0.489s
2025-09-13 11:24:23,334 - banking_api_tests - ERROR - [environment.py:344] - [ERROR] Last Error: Status code assertion failed - Expected: 201, Actual: 404
2025-09-13 11:24:23,334 - banking_api_tests - INFO - [environment.py:353] - [END] ============================================================
2025-09-13 11:24:23,336 - banking_api_tests - INFO - [environment.py:291] - [SCENARIO] ============================================================
2025-09-13 11:24:23,336 - banking_api_tests - INFO - [environment.py:292] - [TEST] SCENARIO START: Successfully retrieve customer with generated ID
2025-09-13 11:24:23,336 - banking_api_tests - INFO - [environment.py:293] - [FILE] Feature: Customer Management
2025-09-13 11:24:23,336 - banking_api_tests - INFO - [environment.py:294] - [LOCATION] Location: features/customers/customer_management.feature:25
2025-09-13 11:24:23,336 - banking_api_tests - INFO - [environment.py:295] - [TAGS]  Tags: happy_path, smoke
2025-09-13 11:24:23,336 - banking_api_tests - INFO - [environment.py:296] - [TIME] Start Time: 2025-09-13T11:24:23.336301
2025-09-13 11:24:23,336 - banking_api_tests - INFO - [environment.py:297] - [SCENARIO] ============================================================
2025-09-13 11:24:23,337 - banking_api_tests - INFO - [common_steps.py:153] - [API] Checking API availability...
2025-09-13 11:24:23,838 - banking_api_tests - INFO - [common_steps.py:163] - [RESPONSE] API Health Check - Status: 200
2025-09-13 11:24:23,839 - banking_api_tests - INFO - [common_steps.py:170] - [SUCCESS] API is available and responding
2025-09-13 11:24:23,840 - banking_api_tests - INFO - [common_steps.py:192] - [AUTH] Configuring authentication credentials...
2025-09-13 11:24:23,840 - banking_api_tests - INFO - [common_steps.py:201] - [AUTH] Auth Token Configured: ****************2024
2025-09-13 11:24:23,840 - banking_api_tests - INFO - [common_steps.py:211] - [SUCCESS] Authentication credentials validated and configured
2025-09-13 11:24:23,841 - banking_api_tests - INFO - [data_steps.py:31] - [DATA] Generating test data for: customer
2025-09-13 11:24:23,841 - banking_api_tests - INFO - [data_steps.py:216] - [REQUEST] Creating customer using generated data
2025-09-13 11:24:24,351 - banking_api_tests - INFO - [data_steps.py:236] - [RESPONSE] Create customer Response: 404
2025-09-13 11:24:24,351 - banking_api_tests - INFO - [data_steps.py:237] - [TIME]  Response Time: 0.510s
2025-09-13 11:24:24,352 - banking_api_tests - INFO - [common_steps.py:484] - [VERIFY] Verifying response status code should be 201
2025-09-13 11:24:24,352 - banking_api_tests - INFO - [common_steps.py:491] - [INFO] Expected: 201, Actual: 404
2025-09-13 11:24:24,352 - banking_api_tests - ERROR - [common_steps.py:496] - [ERROR] Status code assertion FAILED: Expected 201, got 404
2025-09-13 11:24:24,352 - banking_api_tests - ERROR - [common_steps.py:497] - [BODY] Response content: Not Found...
2025-09-13 11:24:24,353 - banking_api_tests - ERROR - [environment.py:170] - [SAVE] Failure details saved to: logs/failures/FAILED_Successfully_retrieve_customer_with_generated_ID_20250913_112424.txt
2025-09-13 11:24:24,354 - banking_api_tests - INFO - [environment.py:331] - [END] ============================================================
2025-09-13 11:24:24,354 - banking_api_tests - INFO - [environment.py:332] - [FAILED] SCENARIO COMPLETE: Successfully retrieve customer with generated ID
2025-09-13 11:24:24,354 - banking_api_tests - INFO - [environment.py:333] - [INFO] Status: [FAILED] FAILED
2025-09-13 11:24:24,354 - banking_api_tests - INFO - [environment.py:334] - [TIME]  Duration: 0:00:01.016794
2025-09-13 11:24:24,354 - banking_api_tests - INFO - [environment.py:335] - [URL] API Calls Made: 1
2025-09-13 11:24:24,354 - banking_api_tests - INFO - [environment.py:339] - [PERFORMANCE] Avg Response Time: 0.510s
2025-09-13 11:24:24,354 - banking_api_tests - INFO - [environment.py:340] - [INFO] Total Response Time: 0.510s
2025-09-13 11:24:24,354 - banking_api_tests - ERROR - [environment.py:344] - [ERROR] Last Error: Status code assertion failed - Expected: 201, Actual: 404
2025-09-13 11:24:24,354 - banking_api_tests - INFO - [environment.py:353] - [END] ============================================================
2025-09-13 11:24:24,360 - banking_api_tests - INFO - [environment.py:291] - [SCENARIO] ============================================================
2025-09-13 11:24:24,360 - banking_api_tests - INFO - [environment.py:292] - [TEST] SCENARIO START: Complete customer onboarding workflow
2025-09-13 11:24:24,360 - banking_api_tests - INFO - [environment.py:293] - [FILE] Feature: End-to-End Banking Workflows
2025-09-13 11:24:24,360 - banking_api_tests - INFO - [environment.py:294] - [LOCATION] Location: features/integration/end_to_end_workflows.feature:12
2025-09-13 11:24:24,360 - banking_api_tests - INFO - [environment.py:295] - [TAGS]  Tags: workflow, smoke
2025-09-13 11:24:24,360 - banking_api_tests - INFO - [environment.py:296] - [TIME] Start Time: 2025-09-13T11:24:24.360268
2025-09-13 11:24:24,360 - banking_api_tests - INFO - [environment.py:297] - [SCENARIO] ============================================================
2025-09-13 11:24:24,361 - banking_api_tests - INFO - [common_steps.py:153] - [API] Checking API availability...
2025-09-13 11:24:24,868 - banking_api_tests - INFO - [common_steps.py:163] - [RESPONSE] API Health Check - Status: 200
2025-09-13 11:24:24,869 - banking_api_tests - INFO - [common_steps.py:170] - [SUCCESS] API is available and responding
2025-09-13 11:24:24,870 - banking_api_tests - INFO - [common_steps.py:192] - [AUTH] Configuring authentication credentials...
2025-09-13 11:24:24,870 - banking_api_tests - INFO - [common_steps.py:201] - [AUTH] Auth Token Configured: ****************2024
2025-09-13 11:24:24,870 - banking_api_tests - INFO - [common_steps.py:211] - [SUCCESS] Authentication credentials validated and configured
2025-09-13 11:24:24,871 - banking_api_tests - INFO - [data_steps.py:31] - [DATA] Generating test data for: customer
2025-09-13 11:24:24,872 - banking_api_tests - INFO - [data_steps.py:574] - [HEADERS] Generated correlation ID: corr_a9cf3d751f25
2025-09-13 11:24:24,873 - banking_api_tests - INFO - [data_steps.py:216] - [REQUEST] Creating customer using generated data
2025-09-13 11:24:25,361 - banking_api_tests - INFO - [data_steps.py:236] - [RESPONSE] Create customer Response: 404
2025-09-13 11:24:25,361 - banking_api_tests - INFO - [data_steps.py:237] - [TIME]  Response Time: 0.488s
2025-09-13 11:24:25,362 - banking_api_tests - INFO - [common_steps.py:484] - [VERIFY] Verifying response status code should be 201
2025-09-13 11:24:25,362 - banking_api_tests - INFO - [common_steps.py:491] - [INFO] Expected: 201, Actual: 404
2025-09-13 11:24:25,362 - banking_api_tests - ERROR - [common_steps.py:496] - [ERROR] Status code assertion FAILED: Expected 201, got 404
2025-09-13 11:24:25,362 - banking_api_tests - ERROR - [common_steps.py:497] - [BODY] Response content: Not Found...
2025-09-13 11:24:25,364 - banking_api_tests - ERROR - [environment.py:170] - [SAVE] Failure details saved to: logs/failures/FAILED_Complete_customer_onboarding_workflow_20250913_112425.txt
2025-09-13 11:24:25,364 - banking_api_tests - INFO - [environment.py:331] - [END] ============================================================
2025-09-13 11:24:25,364 - banking_api_tests - INFO - [environment.py:332] - [FAILED] SCENARIO COMPLETE: Complete customer onboarding workflow
2025-09-13 11:24:25,364 - banking_api_tests - INFO - [environment.py:333] - [INFO] Status: [FAILED] FAILED
2025-09-13 11:24:25,364 - banking_api_tests - INFO - [environment.py:334] - [TIME]  Duration: 0:00:01.003103
2025-09-13 11:24:25,364 - banking_api_tests - INFO - [environment.py:335] - [URL] API Calls Made: 1
2025-09-13 11:24:25,364 - banking_api_tests - INFO - [environment.py:339] - [PERFORMANCE] Avg Response Time: 0.488s
2025-09-13 11:24:25,364 - banking_api_tests - INFO - [environment.py:340] - [INFO] Total Response Time: 0.488s
2025-09-13 11:24:25,364 - banking_api_tests - ERROR - [environment.py:344] - [ERROR] Last Error: Status code assertion failed - Expected: 201, Actual: 404
2025-09-13 11:24:25,365 - banking_api_tests - INFO - [environment.py:353] - [END] ============================================================
2025-09-13 11:24:25,370 - banking_api_tests - INFO - [environment.py:291] - [SCENARIO] ============================================================
2025-09-13 11:24:25,370 - banking_api_tests - INFO - [environment.py:292] - [TEST] SCENARIO START: Successfully create loan application with generated data
2025-09-13 11:24:25,370 - banking_api_tests - INFO - [environment.py:293] - [FILE] Feature: Loan Management
2025-09-13 11:24:25,370 - banking_api_tests - INFO - [environment.py:294] - [LOCATION] Location: features/loans/loan_management.feature:12
2025-09-13 11:24:25,370 - banking_api_tests - INFO - [environment.py:295] - [TAGS]  Tags: happy_path, smoke
2025-09-13 11:24:25,370 - banking_api_tests - INFO - [environment.py:296] - [TIME] Start Time: 2025-09-13T11:24:25.370195
2025-09-13 11:24:25,370 - banking_api_tests - INFO - [environment.py:297] - [SCENARIO] ============================================================
2025-09-13 11:24:25,371 - banking_api_tests - INFO - [common_steps.py:153] - [API] Checking API availability...
2025-09-13 11:24:25,853 - banking_api_tests - INFO - [common_steps.py:163] - [RESPONSE] API Health Check - Status: 200
2025-09-13 11:24:25,854 - banking_api_tests - INFO - [common_steps.py:170] - [SUCCESS] API is available and responding
2025-09-13 11:24:25,855 - banking_api_tests - INFO - [common_steps.py:192] - [AUTH] Configuring authentication credentials...
2025-09-13 11:24:25,855 - banking_api_tests - INFO - [common_steps.py:201] - [AUTH] Auth Token Configured: ****************2024
2025-09-13 11:24:25,855 - banking_api_tests - INFO - [common_steps.py:211] - [SUCCESS] Authentication credentials validated and configured
2025-09-13 11:24:25,855 - banking_api_tests - INFO - [data_steps.py:31] - [DATA] Generating test data for: loan
2025-09-13 11:24:25,856 - banking_api_tests - INFO - [data_steps.py:216] - [REQUEST] Creating loan using generated data
2025-09-13 11:24:26,358 - banking_api_tests - INFO - [data_steps.py:236] - [RESPONSE] Create loan Response: 404
2025-09-13 11:24:26,358 - banking_api_tests - INFO - [data_steps.py:237] - [TIME]  Response Time: 0.502s
2025-09-13 11:24:26,358 - banking_api_tests - INFO - [common_steps.py:484] - [VERIFY] Verifying response status code should be 201
2025-09-13 11:24:26,359 - banking_api_tests - INFO - [common_steps.py:491] - [INFO] Expected: 201, Actual: 404
2025-09-13 11:24:26,359 - banking_api_tests - ERROR - [common_steps.py:496] - [ERROR] Status code assertion FAILED: Expected 201, got 404
2025-09-13 11:24:26,359 - banking_api_tests - ERROR - [common_steps.py:497] - [BODY] Response content: Not Found...
2025-09-13 11:24:26,360 - banking_api_tests - ERROR - [environment.py:170] - [SAVE] Failure details saved to: logs/failures/FAILED_Successfully_create_loan_application_with_generate_20250913_112426.txt
2025-09-13 11:24:26,360 - banking_api_tests - INFO - [environment.py:331] - [END] ============================================================
2025-09-13 11:24:26,360 - banking_api_tests - INFO - [environment.py:332] - [FAILED] SCENARIO COMPLETE: Successfully create loan application with generated data
2025-09-13 11:24:26,361 - banking_api_tests - INFO - [environment.py:333] - [INFO] Status: [FAILED] FAILED
2025-09-13 11:24:26,361 - banking_api_tests - INFO - [environment.py:334] - [TIME]  Duration: 0:00:00.989576
2025-09-13 11:24:26,361 - banking_api_tests - INFO - [environment.py:335] - [URL] API Calls Made: 1
2025-09-13 11:24:26,361 - banking_api_tests - INFO - [environment.py:339] - [PERFORMANCE] Avg Response Time: 0.502s
2025-09-13 11:24:26,361 - banking_api_tests - INFO - [environment.py:340] - [INFO] Total Response Time: 0.502s
2025-09-13 11:24:26,361 - banking_api_tests - ERROR - [environment.py:344] - [ERROR] Last Error: Status code assertion failed - Expected: 201, Actual: 404
2025-09-13 11:24:26,361 - banking_api_tests - INFO - [environment.py:353] - [END] ============================================================
2025-09-13 11:24:26,364 - banking_api_tests - INFO - [environment.py:291] - [SCENARIO] ============================================================
2025-09-13 11:24:26,365 - banking_api_tests - INFO - [environment.py:292] - [TEST] SCENARIO START: Successfully create term deposit with generated data
2025-09-13 11:24:26,365 - banking_api_tests - INFO - [environment.py:293] - [FILE] Feature: Term Deposit Management
2025-09-13 11:24:26,365 - banking_api_tests - INFO - [environment.py:294] - [LOCATION] Location: features/term_deposits/term_deposit_management.feature:12
2025-09-13 11:24:26,365 - banking_api_tests - INFO - [environment.py:295] - [TAGS]  Tags: happy_path, smoke
2025-09-13 11:24:26,365 - banking_api_tests - INFO - [environment.py:296] - [TIME] Start Time: 2025-09-13T11:24:26.364912
2025-09-13 11:24:26,365 - banking_api_tests - INFO - [environment.py:297] - [SCENARIO] ============================================================
2025-09-13 11:24:26,366 - banking_api_tests - INFO - [common_steps.py:153] - [API] Checking API availability...
2025-09-13 11:24:26,860 - banking_api_tests - INFO - [common_steps.py:163] - [RESPONSE] API Health Check - Status: 200
2025-09-13 11:24:26,861 - banking_api_tests - INFO - [common_steps.py:170] - [SUCCESS] API is available and responding
2025-09-13 11:24:26,862 - banking_api_tests - INFO - [common_steps.py:192] - [AUTH] Configuring authentication credentials...
2025-09-13 11:24:26,862 - banking_api_tests - INFO - [common_steps.py:201] - [AUTH] Auth Token Configured: ****************2024
2025-09-13 11:24:26,862 - banking_api_tests - INFO - [common_steps.py:211] - [SUCCESS] Authentication credentials validated and configured
2025-09-13 11:24:26,863 - banking_api_tests - INFO - [data_steps.py:31] - [DATA] Generating test data for: term_deposit
2025-09-13 11:24:26,863 - banking_api_tests - INFO - [data_steps.py:216] - [REQUEST] Creating term_deposit using generated data
2025-09-13 11:24:27,391 - banking_api_tests - INFO - [data_steps.py:236] - [RESPONSE] Create term_deposit Response: 404
2025-09-13 11:24:27,391 - banking_api_tests - INFO - [data_steps.py:237] - [TIME]  Response Time: 0.528s
2025-09-13 11:24:27,392 - banking_api_tests - INFO - [common_steps.py:484] - [VERIFY] Verifying response status code should be 201
2025-09-13 11:24:27,392 - banking_api_tests - INFO - [common_steps.py:491] - [INFO] Expected: 201, Actual: 404
2025-09-13 11:24:27,392 - banking_api_tests - ERROR - [common_steps.py:496] - [ERROR] Status code assertion FAILED: Expected 201, got 404
2025-09-13 11:24:27,392 - banking_api_tests - ERROR - [common_steps.py:497] - [BODY] Response content: Not Found...
2025-09-13 11:24:27,393 - banking_api_tests - ERROR - [environment.py:170] - [SAVE] Failure details saved to: logs/failures/FAILED_Successfully_create_term_deposit_with_generated_da_20250913_112427.txt
2025-09-13 11:24:27,394 - banking_api_tests - INFO - [environment.py:331] - [END] ============================================================
2025-09-13 11:24:27,394 - banking_api_tests - INFO - [environment.py:332] - [FAILED] SCENARIO COMPLETE: Successfully create term deposit with generated data
2025-09-13 11:24:27,394 - banking_api_tests - INFO - [environment.py:333] - [INFO] Status: [FAILED] FAILED
2025-09-13 11:24:27,394 - banking_api_tests - INFO - [environment.py:334] - [TIME]  Duration: 0:00:01.028376
2025-09-13 11:24:27,394 - banking_api_tests - INFO - [environment.py:335] - [URL] API Calls Made: 1
2025-09-13 11:24:27,394 - banking_api_tests - INFO - [environment.py:339] - [PERFORMANCE] Avg Response Time: 0.528s
2025-09-13 11:24:27,394 - banking_api_tests - INFO - [environment.py:340] - [INFO] Total Response Time: 0.528s
2025-09-13 11:24:27,394 - banking_api_tests - ERROR - [environment.py:344] - [ERROR] Last Error: Status code assertion failed - Expected: 201, Actual: 404
2025-09-13 11:24:27,395 - banking_api_tests - INFO - [environment.py:353] - [END] ============================================================
2025-09-13 11:24:27,397 - banking_api_tests - INFO - [environment.py:376] - [RESULTS] ================================================================================
2025-09-13 11:24:27,397 - banking_api_tests - INFO - [environment.py:377] - [FRAMEWORK] BANKING API BDD TEST FRAMEWORK - EXECUTION COMPLETE
2025-09-13 11:24:27,397 - banking_api_tests - INFO - [environment.py:378] - [RESULTS] ================================================================================
2025-09-13 11:24:27,397 - banking_api_tests - INFO - [environment.py:379] - [TIMEOUT] Total Execution Time: 0:00:27.924676
2025-09-13 11:24:27,398 - banking_api_tests - INFO - [environment.py:380] - [INFO] Total Scenarios: 26
2025-09-13 11:24:27,398 - banking_api_tests - INFO - [environment.py:381] - [PASSED] Passed: 0
2025-09-13 11:24:27,398 - banking_api_tests - INFO - [environment.py:382] - [FAILED] Failed: 26
2025-09-13 11:24:27,398 - banking_api_tests - INFO - [environment.py:383] - [SKIPPED]  Skipped: 0
2025-09-13 11:24:27,398 - banking_api_tests - INFO - [environment.py:384] - [PERFORMANCE] Pass Rate: 0.00%
2025-09-13 11:24:27,398 - banking_api_tests - INFO - [environment.py:385] - [URL] Total API Calls: 27
2025-09-13 11:24:27,398 - banking_api_tests - INFO - [environment.py:389] - [PERFORMANCE] Average Response Time: 0.523s
2025-09-13 11:24:27,398 - banking_api_tests - INFO - [environment.py:390] - [INFO] Total Response Time: 14.112s
2025-09-13 11:24:27,399 - banking_api_tests - INFO - [environment.py:392] - [FILE] Detailed Logs: logs/banking_api_tests_20250913_112359.log
2025-09-13 11:24:27,399 - banking_api_tests - INFO - [environment.py:393] - [TIME] End Time: 2025-09-13T11:24:27.397593
2025-09-13 11:24:27,399 - banking_api_tests - ERROR - [environment.py:407] - [ERROR] LOW SUCCESS RATE. Significant issues need attention.
2025-09-13 11:24:27,399 - banking_api_tests - INFO - [environment.py:416] - [RESULTS] ================================================================================
