2025-09-14 20:43:55,752 - banking_api_tests - INFO - [environment.py:276] - [FRAMEWORK] ================================================================================
2025-09-14 20:43:55,752 - banking_api_tests - INFO - [environment.py:277] - [FRAMEWORK] BANKING API BDD TEST FRAMEWORK - EXECUTION START
2025-09-14 20:43:55,752 - banking_api_tests - INFO - [environment.py:278] - [FRAMEWORK] ================================================================================
2025-09-14 20:43:55,752 - banking_api_tests - DEBUG - [environment.py:283] - [FILE] Created reports directories
2025-09-14 20:43:55,752 - banking_api_tests - INFO - [environment.py:242] - [ENV] Loading environment: test
2025-09-14 20:43:55,753 - banking_api_tests - INFO - [environment.py:243] - [FILE] Environment file: environments/.env.test
2025-09-14 20:43:55,753 - banking_api_tests - INFO - [environment.py:261] - [ENV] Successfully loaded environments/.env.test
2025-09-14 20:43:55,753 - banking_api_tests - INFO - [environment.py:300] - [ENV] Configuration loaded successfully for environment: test
2025-09-14 20:43:55,753 - banking_api_tests - INFO - [environment.py:311] - [ENV] Test Environment: test
2025-09-14 20:43:55,754 - banking_api_tests - INFO - [environment.py:312] - [URL] API Base URL: http://localhost:8081
2025-09-14 20:43:55,754 - banking_api_tests - INFO - [environment.py:313] - [AUTH] Auth Token: ****************2024
2025-09-14 20:43:55,754 - banking_api_tests - INFO - [environment.py:314] - [FILE] Log File: logs/banking_api_tests_20250914_204355.log
2025-09-14 20:43:55,754 - banking_api_tests - INFO - [environment.py:317] - [PLATFORM]  Platform: nt
2025-09-14 20:43:55,754 - banking_api_tests - INFO - [environment.py:318] - [TIME] Start Time: 2025-09-14T20:43:55.754432
2025-09-14 20:43:55,754 - banking_api_tests - INFO - [environment.py:319] - [USER] User: D
2025-09-14 20:43:55,754 - banking_api_tests - INFO - [environment.py:320] - [DIR] Working Directory: C:\Users\D\python api automation framework
2025-09-14 20:43:55,754 - banking_api_tests - INFO - [environment.py:321] - [TIMEOUT] Request Timeout: 15s
2025-09-14 20:43:55,754 - banking_api_tests - INFO - [environment.py:322] - [PERFORMANCE] Performance Threshold: 3000ms
2025-09-14 20:43:55,754 - banking_api_tests - INFO - [environment.py:335] - [START] Framework initialization complete - Ready to execute tests
2025-09-14 20:43:55,756 - banking_api_tests - INFO - [environment.py:344] - [SCENARIO] ============================================================
2025-09-14 20:43:55,756 - banking_api_tests - INFO - [environment.py:345] - [TEST] SCENARIO START: Successfully create account with valid generated data
2025-09-14 20:43:55,756 - banking_api_tests - INFO - [environment.py:346] - [FILE] Feature: Account Creation
2025-09-14 20:43:55,756 - banking_api_tests - INFO - [environment.py:347] - [LOCATION] Location: features/accounts/account_creation.feature:12
2025-09-14 20:43:55,756 - banking_api_tests - INFO - [environment.py:348] - [TAGS]  Tags: happy_path, smoke
2025-09-14 20:43:55,756 - banking_api_tests - INFO - [environment.py:349] - [TIME] Start Time: 2025-09-14T20:43:55.756043
2025-09-14 20:43:55,756 - banking_api_tests - INFO - [environment.py:350] - [SCENARIO] ============================================================
2025-09-14 20:43:55,757 - banking_api_tests - INFO - [common_steps.py:153] - [API] Checking API availability...
2025-09-14 20:43:55,882 - banking_api_tests - INFO - [common_steps.py:163] - [RESPONSE] API Health Check - Status: 200
2025-09-14 20:43:55,882 - banking_api_tests - INFO - [common_steps.py:170] - [SUCCESS] API is available and responding
2025-09-14 20:43:55,882 - banking_api_tests - INFO - [common_steps.py:192] - [AUTH] Configuring authentication credentials...
2025-09-14 20:43:55,883 - banking_api_tests - INFO - [common_steps.py:201] - [AUTH] Auth Token Configured: ****************2024
2025-09-14 20:43:55,883 - banking_api_tests - INFO - [common_steps.py:211] - [SUCCESS] Authentication credentials validated and configured
2025-09-14 20:43:55,932 - banking_api_tests - INFO - [data_steps.py:37] - [DATA] Generating dynamic test data for: account
2025-09-14 20:43:55,933 - banking_api_tests - INFO - [data_steps.py:98] - [DATA] Using customer ID: CUST10267
2025-09-14 20:43:55,933 - banking_api_tests - INFO - [data_steps.py:256] - [REQUEST] Creating account using generated data
2025-09-14 20:43:55,962 - banking_api_tests - INFO - [data_steps.py:276] - [RESPONSE] Create account Response: 201
2025-09-14 20:43:55,962 - banking_api_tests - INFO - [data_steps.py:277] - [TIME]  Response Time: 0.028s
2025-09-14 20:43:55,963 - banking_api_tests - INFO - [common_steps.py:497] - [VERIFY] Verifying response status code should be 201
2025-09-14 20:43:55,963 - banking_api_tests - INFO - [common_steps.py:504] - [INFO] Expected: 201, Actual: 201
2025-09-14 20:43:55,963 - banking_api_tests - INFO - [common_steps.py:507] - [SUCCESS] Status code assertion PASSED: 201
2025-09-14 20:43:55,963 - banking_api_tests - INFO - [common_steps.py:590] - [VERIFY] Verifying response is valid JSON
2025-09-14 20:43:55,963 - banking_api_tests - INFO - [common_steps.py:598] - [SUCCESS] JSON validation PASSED: Response is valid JSON
2025-09-14 20:43:55,964 - banking_api_tests - INFO - [common_steps.py:539] - [VERIFY] Verifying response contains key: 'accountId'
2025-09-14 20:43:55,964 - banking_api_tests - INFO - [common_steps.py:552] - [SUCCESS] Key assertion PASSED: Found 'accountId' in response
2025-09-14 20:43:55,964 - banking_api_tests - INFO - [common_steps.py:539] - [VERIFY] Verifying response contains key: 'customerId'
2025-09-14 20:43:55,964 - banking_api_tests - INFO - [common_steps.py:552] - [SUCCESS] Key assertion PASSED: Found 'customerId' in response
2025-09-14 20:43:55,965 - banking_api_tests - INFO - [common_steps.py:539] - [VERIFY] Verifying response contains key: 'accountType'
2025-09-14 20:43:55,965 - banking_api_tests - INFO - [common_steps.py:552] - [SUCCESS] Key assertion PASSED: Found 'accountType' in response
2025-09-14 20:43:55,965 - banking_api_tests - INFO - [common_steps.py:539] - [VERIFY] Verifying response contains key: 'currency'
2025-09-14 20:43:55,965 - banking_api_tests - INFO - [common_steps.py:552] - [SUCCESS] Key assertion PASSED: Found 'currency' in response
2025-09-14 20:43:55,966 - banking_api_tests - INFO - [common_steps.py:539] - [VERIFY] Verifying response contains key: 'createdAt'
2025-09-14 20:43:55,966 - banking_api_tests - INFO - [common_steps.py:552] - [SUCCESS] Key assertion PASSED: Found 'createdAt' in response
2025-09-14 20:43:55,966 - banking_api_tests - INFO - [common_steps.py:682] - [SUCCESS] Found correlation ID: 
2025-09-14 20:43:55,966 - banking_api_tests - INFO - [environment.py:384] - [END] ============================================================
2025-09-14 20:43:55,966 - banking_api_tests - INFO - [environment.py:385] - [PASSED] SCENARIO COMPLETE: Successfully create account with valid generated data
2025-09-14 20:43:55,967 - banking_api_tests - INFO - [environment.py:386] - [INFO] Status: [PASSED] PASSED
2025-09-14 20:43:55,967 - banking_api_tests - INFO - [environment.py:387] - [TIME]  Duration: 0:00:00.210708
2025-09-14 20:43:55,967 - banking_api_tests - INFO - [environment.py:388] - [URL] API Calls Made: 1
2025-09-14 20:43:55,967 - banking_api_tests - INFO - [environment.py:392] - [PERFORMANCE] Avg Response Time: 0.028s
2025-09-14 20:43:55,967 - banking_api_tests - INFO - [environment.py:393] - [INFO] Total Response Time: 0.028s
2025-09-14 20:43:55,967 - banking_api_tests - INFO - [environment.py:401] - [URL] Final Response Status: 201
2025-09-14 20:43:55,967 - banking_api_tests - INFO - [environment.py:404] - [VERIFY] Correlation ID: 
2025-09-14 20:43:55,967 - banking_api_tests - INFO - [environment.py:406] - [END] ============================================================
2025-09-14 20:43:55,992 - banking_api_tests - INFO - [environment.py:344] - [SCENARIO] ============================================================
2025-09-14 20:43:55,992 - banking_api_tests - INFO - [environment.py:345] - [TEST] SCENARIO START: Successfully create account with generated data
2025-09-14 20:43:55,992 - banking_api_tests - INFO - [environment.py:346] - [FILE] Feature: Account Creation with Dynamic Data
2025-09-14 20:43:55,992 - banking_api_tests - INFO - [environment.py:347] - [LOCATION] Location: features/accounts/account_creation_dynamic.feature:12
2025-09-14 20:43:55,992 - banking_api_tests - INFO - [environment.py:348] - [TAGS]  Tags: happy_path, smoke
2025-09-14 20:43:55,992 - banking_api_tests - INFO - [environment.py:349] - [TIME] Start Time: 2025-09-14T20:43:55.992050
2025-09-14 20:43:55,992 - banking_api_tests - INFO - [environment.py:350] - [SCENARIO] ============================================================
2025-09-14 20:43:55,993 - banking_api_tests - INFO - [common_steps.py:153] - [API] Checking API availability...
2025-09-14 20:43:56,101 - banking_api_tests - INFO - [common_steps.py:163] - [RESPONSE] API Health Check - Status: 200
2025-09-14 20:43:56,101 - banking_api_tests - INFO - [common_steps.py:170] - [SUCCESS] API is available and responding
2025-09-14 20:43:56,102 - banking_api_tests - INFO - [common_steps.py:192] - [AUTH] Configuring authentication credentials...
2025-09-14 20:43:56,102 - banking_api_tests - INFO - [common_steps.py:201] - [AUTH] Auth Token Configured: ****************2024
2025-09-14 20:43:56,102 - banking_api_tests - INFO - [common_steps.py:211] - [SUCCESS] Authentication credentials validated and configured
2025-09-14 20:43:56,103 - banking_api_tests - INFO - [data_steps.py:37] - [DATA] Generating dynamic test data for: account
2025-09-14 20:43:56,104 - banking_api_tests - INFO - [data_steps.py:98] - [DATA] Using customer ID: CUST505882
2025-09-14 20:43:56,104 - banking_api_tests - INFO - [data_steps.py:256] - [REQUEST] Creating account using generated data
2025-09-14 20:43:56,133 - banking_api_tests - INFO - [data_steps.py:276] - [RESPONSE] Create account Response: 201
2025-09-14 20:43:56,133 - banking_api_tests - INFO - [data_steps.py:277] - [TIME]  Response Time: 0.029s
2025-09-14 20:43:56,134 - banking_api_tests - INFO - [common_steps.py:497] - [VERIFY] Verifying response status code should be 201
2025-09-14 20:43:56,134 - banking_api_tests - INFO - [common_steps.py:504] - [INFO] Expected: 201, Actual: 201
2025-09-14 20:43:56,134 - banking_api_tests - INFO - [common_steps.py:507] - [SUCCESS] Status code assertion PASSED: 201
2025-09-14 20:43:56,134 - banking_api_tests - INFO - [common_steps.py:590] - [VERIFY] Verifying response is valid JSON
2025-09-14 20:43:56,135 - banking_api_tests - INFO - [common_steps.py:598] - [SUCCESS] JSON validation PASSED: Response is valid JSON
2025-09-14 20:43:56,135 - banking_api_tests - INFO - [common_steps.py:539] - [VERIFY] Verifying response contains key: 'accountId'
2025-09-14 20:43:56,135 - banking_api_tests - INFO - [common_steps.py:552] - [SUCCESS] Key assertion PASSED: Found 'accountId' in response
2025-09-14 20:43:56,135 - banking_api_tests - INFO - [common_steps.py:539] - [VERIFY] Verifying response contains key: 'customerId'
2025-09-14 20:43:56,136 - banking_api_tests - INFO - [common_steps.py:552] - [SUCCESS] Key assertion PASSED: Found 'customerId' in response
2025-09-14 20:43:56,136 - banking_api_tests - INFO - [common_steps.py:539] - [VERIFY] Verifying response contains key: 'accountType'
2025-09-14 20:43:56,136 - banking_api_tests - INFO - [common_steps.py:552] - [SUCCESS] Key assertion PASSED: Found 'accountType' in response
2025-09-14 20:43:56,136 - banking_api_tests - INFO - [common_steps.py:539] - [VERIFY] Verifying response contains key: 'currency'
2025-09-14 20:43:56,136 - banking_api_tests - INFO - [common_steps.py:552] - [SUCCESS] Key assertion PASSED: Found 'currency' in response
2025-09-14 20:43:56,137 - banking_api_tests - INFO - [common_steps.py:539] - [VERIFY] Verifying response contains key: 'createdAt'
2025-09-14 20:43:56,137 - banking_api_tests - INFO - [common_steps.py:552] - [SUCCESS] Key assertion PASSED: Found 'createdAt' in response
2025-09-14 20:43:56,138 - banking_api_tests - INFO - [environment.py:384] - [END] ============================================================
2025-09-14 20:43:56,138 - banking_api_tests - INFO - [environment.py:385] - [PASSED] SCENARIO COMPLETE: Successfully create account with generated data
2025-09-14 20:43:56,138 - banking_api_tests - INFO - [environment.py:386] - [INFO] Status: [PASSED] PASSED
2025-09-14 20:43:56,138 - banking_api_tests - INFO - [environment.py:387] - [TIME]  Duration: 0:00:00.146075
2025-09-14 20:43:56,138 - banking_api_tests - INFO - [environment.py:388] - [URL] API Calls Made: 1
2025-09-14 20:43:56,138 - banking_api_tests - INFO - [environment.py:392] - [PERFORMANCE] Avg Response Time: 0.029s
2025-09-14 20:43:56,138 - banking_api_tests - INFO - [environment.py:393] - [INFO] Total Response Time: 0.029s
2025-09-14 20:43:56,138 - banking_api_tests - INFO - [environment.py:401] - [URL] Final Response Status: 201
2025-09-14 20:43:56,138 - banking_api_tests - INFO - [environment.py:404] - [VERIFY] Correlation ID: 
2025-09-14 20:43:56,139 - banking_api_tests - INFO - [environment.py:406] - [END] ============================================================
2025-09-14 20:43:56,177 - banking_api_tests - INFO - [environment.py:344] - [SCENARIO] ============================================================
2025-09-14 20:43:56,177 - banking_api_tests - INFO - [environment.py:345] - [TEST] SCENARIO START: Successfully retrieve account by valid ID
2025-09-14 20:43:56,177 - banking_api_tests - INFO - [environment.py:346] - [FILE] Feature: Account Retrieval
2025-09-14 20:43:56,177 - banking_api_tests - INFO - [environment.py:347] - [LOCATION] Location: features/accounts/account_retrieval.feature:12
2025-09-14 20:43:56,177 - banking_api_tests - INFO - [environment.py:348] - [TAGS]  Tags: happy_path, regression
2025-09-14 20:43:56,177 - banking_api_tests - INFO - [environment.py:349] - [TIME] Start Time: 2025-09-14T20:43:56.177096
2025-09-14 20:43:56,177 - banking_api_tests - INFO - [environment.py:350] - [SCENARIO] ============================================================
2025-09-14 20:43:56,178 - banking_api_tests - INFO - [common_steps.py:153] - [API] Checking API availability...
2025-09-14 20:43:56,286 - banking_api_tests - INFO - [common_steps.py:163] - [RESPONSE] API Health Check - Status: 200
2025-09-14 20:43:56,286 - banking_api_tests - INFO - [common_steps.py:170] - [SUCCESS] API is available and responding
2025-09-14 20:43:56,286 - banking_api_tests - INFO - [common_steps.py:192] - [AUTH] Configuring authentication credentials...
2025-09-14 20:43:56,287 - banking_api_tests - INFO - [common_steps.py:201] - [AUTH] Auth Token Configured: ****************2024
2025-09-14 20:43:56,287 - banking_api_tests - INFO - [common_steps.py:211] - [SUCCESS] Authentication credentials validated and configured
2025-09-14 20:43:56,287 - banking_api_tests - INFO - [common_steps.py:305] - [REQUEST] Sending GET request to: /accounts/ACC001
2025-09-14 20:43:56,303 - banking_api_tests - INFO - [common_steps.py:327] - [RESPONSE] GET Response: 500
2025-09-14 20:43:56,303 - banking_api_tests - INFO - [common_steps.py:328] - [TIME] Response Time: 0.016s
2025-09-14 20:43:56,303 - banking_api_tests - INFO - [common_steps.py:341] - [SUCCESS] GET request completed successfully
2025-09-14 20:43:56,304 - banking_api_tests - INFO - [common_steps.py:497] - [VERIFY] Verifying response status code should be 200
2025-09-14 20:43:56,304 - banking_api_tests - INFO - [common_steps.py:504] - [INFO] Expected: 200, Actual: 500
2025-09-14 20:43:56,304 - banking_api_tests - ERROR - [common_steps.py:509] - [ERROR] Status code assertion FAILED: Expected 200, got 500
2025-09-14 20:43:56,304 - banking_api_tests - ERROR - [common_steps.py:510] - [BODY] Response content: {
"cause1":"com.github.tomakehurst.wiremock.common.JsonException: {\r\n  &quot;errors&quot; : [ {\r\n    &quot;code&quot; : 10,\r\n    &quot;source&quot; : { },\r\n    &quot;title&quot; : &quot;Error parsing JSON&quot;,\r\n    &quot;detail&quot; : &quot;Unexpected character (&apos;g&apos; (code 103)...
2025-09-14 20:43:56,304 - banking_api_tests - ERROR - [common_steps.py:525] - [BODY] Error Response JSON: {
  "cause1": "com.github.tomakehurst.wiremock.common.JsonException: {\r\n  &quot;errors&quot; : [ {\r\n    &quot;code&quot; : 10,\r\n    &quot;source&quot; : { },\r\n    &quot;title&quot; : &quot;Error parsing JSON&quot;,\r\n    &quot;detail&quot; : &quot;Unexpected character (&apos;g&apos; (code 103)): was expecting comma to separate Object entries\\n at [Source: (String)\\&quot;{\\&quot;accountId\\&quot;:\\&quot;ACC001\\&quot;,\\&quot;customerId\\&quot;:\\&quot;CUST986870\\&quot;,\\&quot;bsb\\&quot;:\\&quot;353681\\&quot;,\\&quot;accountNumber\\&quot;:\\&quot;38598229\\&quot;,\\&quot;accountType\\&quot;:\\&quot;SAVINGS\\&quot;,\\&quot;currency\\&quot;:\\&quot;AUD\\&quot;,\\&quot;balance\\&quot;:\\&quot;yl|i^t*[i5r]qt0&apos;^kift\\&quot;g8{}1zh^3)h{7;\\&quot;,\\&quot;createdAt\\&quot;:\\&quot;2025-09-14 20:43:56\\&quot;}\\&quot;; line: 1, column: 165]&quot;\r\n  } ]\r\n}",
  "servlet": "com.github.tomakehurst.wiremock.servlet.WireMockHandlerDispatchingServlet-72ed9aad",
  "cause0": "wiremock.com.fasterxml.jackson.databind.JsonMappingException: {\r\n  &quot;errors&quot; : [ {\r\n    &quot;code&quot; : 10,\r\n    &quot;source&quot; : { },\r\n    &quot;title&quot; : &quot;Error parsing JSON&quot;,\r\n    &quot;detail&quot; : &quot;Unexpected character (&apos;g&apos; (code 103)): was expecting comma to separate Object entries\\n at [Source: (String)\\&quot;{\\&quot;accountId\\&quot;:\\&quot;ACC001\\&quot;,\\&quot;customerId\\&quot;:\\&quot;CUST986870\\&quot;,\\&quot;bsb\\&quot;:\\&quot;353681\\&quot;,\\&quot;accountNumber\\&quot;:\\&quot;38598229\\&quot;,\\&quot;accountType\\&quot;:\\&quot;SAVINGS\\&quot;,\\&quot;currency\\&quot;:\\&quot;AUD\\&quot;,\\&quot;balance\\&quot;:\\&quot;yl|i^t*[i5r]qt0&apos;^kift\\&quot;g8{}1zh^3)h{7;\\&quot;,\\&quot;createdAt\\&quot;:\\&quot;2025-09-14 20:43:56\\&quot;}\\&quot;; line: 1, column: 165]&quot;\r\n  } ]\r\n} (through reference chain: com.github.tomakehurst.wiremock.http.ResponseDefinition[&quot;jsonBody&quot;])",
  "message": "wiremock.com.fasterxml.jackson.databind.JsonMappingException: {\r\n  &quot;errors&quot; : [ {\r\n    &quot;code&quot; : 10,\r\n    &quot;source&quot; : { },\r\n    &quot;title&quot; : &quot;Error parsing JSON&quot;,\r\n    &quot;detail&quot; : &quot;Unexpected character (&apos;g&apos; (code 103)): was expecting comma to separate Object entries\\n at [Source: (String)\\&quot;{\\&quot;accountId\\&quot;:\\&quot;ACC001\\&quot;,\\&quot;customerId\\&quot;:\\&quot;CUST986870\\&quot;,\\&quot;bsb\\&quot;:\\&quot;353681\\&quot;,\\&quot;accountNumber\\&quot;:\\&quot;38598229\\&quot;,\\&quot;accountType\\&quot;:\\&quot;SAVINGS\\&quot;,\\&quot;currency\\&quot;:\\&quot;AUD\\&quot;,\\&quot;balance\\&quot;:\\&quot;yl|i^t*[i5r]qt0&apos;^kift\\&quot;g8{}1zh^3)h{7;\\&quot;,\\&quot;createdAt\\&quot;:\\&quot;2025-09-14 20:43:56\\&quot;}\\&quot;; line: 1, column: 165]&quot;\r\n  } ]\r\n} (through reference chain: com.github.tomakehurst.wiremock.http.ResponseDefinition[&quot;jsonBody&quot;])",
  "url": "/accounts/ACC001",
  "status": "500"
}
2025-09-14 20:43:56,306 - banking_api_tests - ERROR - [environment.py:170] - [SAVE] Failure details saved to: logs/failures/FAILED_Successfully_retrieve_account_by_valid_ID_20250914_204356.txt
2025-09-14 20:43:56,306 - banking_api_tests - INFO - [environment.py:384] - [END] ============================================================
2025-09-14 20:43:56,306 - banking_api_tests - INFO - [environment.py:385] - [FAILED] SCENARIO COMPLETE: Successfully retrieve account by valid ID
2025-09-14 20:43:56,306 - banking_api_tests - INFO - [environment.py:386] - [INFO] Status: [FAILED] FAILED
2025-09-14 20:43:56,307 - banking_api_tests - INFO - [environment.py:387] - [TIME]  Duration: 0:00:00.128739
2025-09-14 20:43:56,307 - banking_api_tests - INFO - [environment.py:388] - [URL] API Calls Made: 1
2025-09-14 20:43:56,307 - banking_api_tests - INFO - [environment.py:392] - [PERFORMANCE] Avg Response Time: 0.016s
2025-09-14 20:43:56,307 - banking_api_tests - INFO - [environment.py:393] - [INFO] Total Response Time: 0.016s
2025-09-14 20:43:56,307 - banking_api_tests - ERROR - [environment.py:397] - [ERROR] Last Error: Status code assertion failed - Expected: 200, Actual: 500 | JSON Error: {"cause1": "com.github.tomakehurst.wiremock.common.JsonException: {\r\n  &quot;errors&quot; : [ {\r\n    &quot;code&quot; : 10,\r\n    &quot;source&quot; : { },\r\n    &quot;title&quot; : &quot;Error parsing JSON&quot;,\r\n    &quot;detail&quot; : &quot;Unexpected character (&apos;g&apos; (code 103)): was expecting comma to separate Object entries\\n at [Source: (String)\\&quot;{\\&quot;accountId\\&quot;:\\&quot;ACC001\\&quot;,\\&quot;customerId\\&quot;:\\&quot;CUST986870\\&quot;,\\&quot;bsb\\&quot;:\\&quot;353681\\&quot;,\\&quot;accountNumber\\&quot;:\\&quot;38598229\\&quot;,\\&quot;accountType\\&quot;:\\&quot;SAVINGS\\&quot;,\\&quot;currency\\&quot;:\\&quot;AUD\\&quot;,\\&quot;balance\\&quot;:\\&quot;yl|i^t*[i5r]qt0&apos;^kift\\&quot;g8{}1zh^3)h{7;\\&quot;,\\&quot;createdAt\\&quot;:\\&quot;2025-09-14 20:43:56\\&quot;}\\&quot;; line: 1, column: 165]&quot;\r\n  } ]\r\n}", "servlet": "com.github.tomakehurst.wiremock.servlet.WireMockHandlerDispatchingServlet-72ed9aad", "cause0": "wiremock.com.fasterxml.jackson.databind.JsonMappingException: {\r\n  &quot;errors&quot; : [ {\r\n    &quot;code&quot; : 10,\r\n    &quot;source&quot; : { },\r\n    &quot;title&quot; : &quot;Error parsing JSON&quot;,\r\n    &quot;detail&quot; : &quot;Unexpected character (&apos;g&apos; (code 103)): was expecting comma to separate Object entries\\n at [Source: (String)\\&quot;{\\&quot;accountId\\&quot;:\\&quot;ACC001\\&quot;,\\&quot;customerId\\&quot;:\\&quot;CUST986870\\&quot;,\\&quot;bsb\\&quot;:\\&quot;353681\\&quot;,\\&quot;accountNumber\\&quot;:\\&quot;38598229\\&quot;,\\&quot;accountType\\&quot;:\\&quot;SAVINGS\\&quot;,\\&quot;currency\\&quot;:\\&quot;AUD\\&quot;,\\&quot;balance\\&quot;:\\&quot;yl|i^t*[i5r]qt0&apos;^kift\\&quot;g8{}1zh^3)h{7;\\&quot;,\\&quot;createdAt\\&quot;:\\&quot;2025-09-14 20:43:56\\&quot;}\\&quot;; line: 1, column: 165]&quot;\r\n  } ]\r\n} (through reference chain: com.github.tomakehurst.wiremock.http.ResponseDefinition[&quot;jsonBody&quot;])", "message": "wiremock.com.fasterxml.jackson.databind.JsonMappingException: {\r\n  &quot;errors&quot; : [ {\r\n    &quot;code&quot; : 10,\r\n    &quot;source&quot; : { },\r\n    &quot;title&quot; : &quot;Error parsing JSON&quot;,\r\n    &quot;detail&quot; : &quot;Unexpected character (&apos;g&apos; (code 103)): was expecting comma to separate Object entries\\n at [Source: (String)\\&quot;{\\&quot;accountId\\&quot;:\\&quot;ACC001\\&quot;,\\&quot;customerId\\&quot;:\\&quot;CUST986870\\&quot;,\\&quot;bsb\\&quot;:\\&quot;353681\\&quot;,\\&quot;accountNumber\\&quot;:\\&quot;38598229\\&quot;,\\&quot;accountType\\&quot;:\\&quot;SAVINGS\\&quot;,\\&quot;currency\\&quot;:\\&quot;AUD\\&quot;,\\&quot;balance\\&quot;:\\&quot;yl|i^t*[i5r]qt0&apos;^kift\\&quot;g8{}1zh^3)h{7;\\&quot;,\\&quot;createdAt\\&quot;:\\&quot;2025-09-14 20:43:56\\&quot;}\\&quot;; line: 1, column: 165]&quot;\r\n  } ]\r\n} (through reference chain: com.github.tomakehurst.wiremock.http.ResponseDefinition[&quot;jsonBody&quot;])", "url": "/accounts/ACC001", "status": "500"}
2025-09-14 20:43:56,307 - banking_api_tests - INFO - [environment.py:406] - [END] ============================================================
2025-09-14 20:43:56,309 - banking_api_tests - INFO - [environment.py:344] - [SCENARIO] ============================================================
2025-09-14 20:43:56,309 - banking_api_tests - INFO - [environment.py:345] - [TEST] SCENARIO START: Successfully retrieve account with different valid ID
2025-09-14 20:43:56,309 - banking_api_tests - INFO - [environment.py:346] - [FILE] Feature: Account Retrieval
2025-09-14 20:43:56,309 - banking_api_tests - INFO - [environment.py:347] - [LOCATION] Location: features/accounts/account_retrieval.feature:24
2025-09-14 20:43:56,309 - banking_api_tests - INFO - [environment.py:348] - [TAGS]  Tags: happy_path, regression
2025-09-14 20:43:56,309 - banking_api_tests - INFO - [environment.py:349] - [TIME] Start Time: 2025-09-14T20:43:56.309092
2025-09-14 20:43:56,309 - banking_api_tests - INFO - [environment.py:350] - [SCENARIO] ============================================================
2025-09-14 20:43:56,310 - banking_api_tests - INFO - [common_steps.py:153] - [API] Checking API availability...
2025-09-14 20:43:56,424 - banking_api_tests - INFO - [common_steps.py:163] - [RESPONSE] API Health Check - Status: 200
2025-09-14 20:43:56,424 - banking_api_tests - INFO - [common_steps.py:170] - [SUCCESS] API is available and responding
2025-09-14 20:43:56,425 - banking_api_tests - INFO - [common_steps.py:192] - [AUTH] Configuring authentication credentials...
2025-09-14 20:43:56,425 - banking_api_tests - INFO - [common_steps.py:201] - [AUTH] Auth Token Configured: ****************2024
2025-09-14 20:43:56,425 - banking_api_tests - INFO - [common_steps.py:211] - [SUCCESS] Authentication credentials validated and configured
2025-09-14 20:43:56,425 - banking_api_tests - INFO - [common_steps.py:305] - [REQUEST] Sending GET request to: /accounts/ACC002
2025-09-14 20:43:56,442 - banking_api_tests - INFO - [common_steps.py:327] - [RESPONSE] GET Response: 200
2025-09-14 20:43:56,442 - banking_api_tests - INFO - [common_steps.py:328] - [TIME] Response Time: 0.016s
2025-09-14 20:43:56,442 - banking_api_tests - INFO - [common_steps.py:341] - [SUCCESS] GET request completed successfully
2025-09-14 20:43:56,442 - banking_api_tests - INFO - [common_steps.py:497] - [VERIFY] Verifying response status code should be 200
2025-09-14 20:43:56,443 - banking_api_tests - INFO - [common_steps.py:504] - [INFO] Expected: 200, Actual: 200
2025-09-14 20:43:56,443 - banking_api_tests - INFO - [common_steps.py:507] - [SUCCESS] Status code assertion PASSED: 200
2025-09-14 20:43:56,443 - banking_api_tests - INFO - [common_steps.py:590] - [VERIFY] Verifying response is valid JSON
2025-09-14 20:43:56,443 - banking_api_tests - INFO - [common_steps.py:598] - [SUCCESS] JSON validation PASSED: Response is valid JSON
2025-09-14 20:43:56,444 - banking_api_tests - INFO - [common_steps.py:539] - [VERIFY] Verifying response contains key: 'customerId'
2025-09-14 20:43:56,444 - banking_api_tests - INFO - [common_steps.py:552] - [SUCCESS] Key assertion PASSED: Found 'customerId' in response
2025-09-14 20:43:56,444 - banking_api_tests - INFO - [common_steps.py:1094] - [VERIFY] Checking response contains required fields
2025-09-14 20:43:56,446 - banking_api_tests - INFO - [environment.py:384] - [END] ============================================================
2025-09-14 20:43:56,446 - banking_api_tests - INFO - [environment.py:385] - [FAILED] SCENARIO COMPLETE: Successfully retrieve account with different valid ID
2025-09-14 20:43:56,446 - banking_api_tests - INFO - [environment.py:386] - [INFO] Status: [FAILED] FAILED
2025-09-14 20:43:56,446 - banking_api_tests - INFO - [environment.py:387] - [TIME]  Duration: 0:00:00.137236
2025-09-14 20:43:56,446 - banking_api_tests - INFO - [environment.py:388] - [URL] API Calls Made: 1
2025-09-14 20:43:56,446 - banking_api_tests - INFO - [environment.py:392] - [PERFORMANCE] Avg Response Time: 0.016s
2025-09-14 20:43:56,447 - banking_api_tests - INFO - [environment.py:393] - [INFO] Total Response Time: 0.016s
2025-09-14 20:43:56,447 - banking_api_tests - INFO - [environment.py:401] - [URL] Final Response Status: 200
2025-09-14 20:43:56,447 - banking_api_tests - INFO - [environment.py:404] - [VERIFY] Correlation ID: 
2025-09-14 20:43:56,447 - banking_api_tests - INFO - [environment.py:406] - [END] ============================================================
2025-09-14 20:43:56,448 - banking_api_tests - INFO - [environment.py:344] - [SCENARIO] ============================================================
2025-09-14 20:43:56,448 - banking_api_tests - INFO - [environment.py:345] - [TEST] SCENARIO START: Attempt to retrieve non-existent account
2025-09-14 20:43:56,448 - banking_api_tests - INFO - [environment.py:346] - [FILE] Feature: Account Retrieval
2025-09-14 20:43:56,448 - banking_api_tests - INFO - [environment.py:347] - [LOCATION] Location: features/accounts/account_retrieval.feature:39
2025-09-14 20:43:56,448 - banking_api_tests - INFO - [environment.py:348] - [TAGS]  Tags: error_handling, regression
2025-09-14 20:43:56,448 - banking_api_tests - INFO - [environment.py:349] - [TIME] Start Time: 2025-09-14T20:43:56.448275
2025-09-14 20:43:56,449 - banking_api_tests - INFO - [environment.py:350] - [SCENARIO] ============================================================
2025-09-14 20:43:56,449 - banking_api_tests - INFO - [common_steps.py:153] - [API] Checking API availability...
2025-09-14 20:43:56,580 - banking_api_tests - INFO - [common_steps.py:163] - [RESPONSE] API Health Check - Status: 200
2025-09-14 20:43:56,580 - banking_api_tests - INFO - [common_steps.py:170] - [SUCCESS] API is available and responding
2025-09-14 20:43:56,580 - banking_api_tests - INFO - [common_steps.py:192] - [AUTH] Configuring authentication credentials...
2025-09-14 20:43:56,581 - banking_api_tests - INFO - [common_steps.py:201] - [AUTH] Auth Token Configured: ****************2024
2025-09-14 20:43:56,581 - banking_api_tests - INFO - [common_steps.py:211] - [SUCCESS] Authentication credentials validated and configured
2025-09-14 20:43:56,581 - banking_api_tests - INFO - [common_steps.py:305] - [REQUEST] Sending GET request to: /accounts/NONEXISTENT
2025-09-14 20:43:56,597 - banking_api_tests - INFO - [common_steps.py:327] - [RESPONSE] GET Response: 404
2025-09-14 20:43:56,597 - banking_api_tests - INFO - [common_steps.py:328] - [TIME] Response Time: 0.016s
2025-09-14 20:43:56,598 - banking_api_tests - INFO - [common_steps.py:341] - [SUCCESS] GET request completed successfully
2025-09-14 20:43:56,598 - banking_api_tests - INFO - [common_steps.py:497] - [VERIFY] Verifying response status code should be 404
2025-09-14 20:43:56,598 - banking_api_tests - INFO - [common_steps.py:504] - [INFO] Expected: 404, Actual: 404
2025-09-14 20:43:56,598 - banking_api_tests - INFO - [common_steps.py:507] - [SUCCESS] Status code assertion PASSED: 404
2025-09-14 20:43:56,599 - banking_api_tests - INFO - [common_steps.py:590] - [VERIFY] Verifying response is valid JSON
2025-09-14 20:43:56,599 - banking_api_tests - INFO - [common_steps.py:598] - [SUCCESS] JSON validation PASSED: Response is valid JSON
2025-09-14 20:43:56,599 - banking_api_tests - INFO - [common_steps.py:956] - [VERIFY] Verifying response contains error message
2025-09-14 20:43:56,599 - banking_api_tests - INFO - [common_steps.py:976] - [SUCCESS] Error message assertion PASSED: Found 'error': Account not found
2025-09-14 20:43:56,600 - banking_api_tests - INFO - [common_steps.py:682] - [SUCCESS] Found correlation ID: 
2025-09-14 20:43:56,600 - banking_api_tests - INFO - [environment.py:384] - [END] ============================================================
2025-09-14 20:43:56,600 - banking_api_tests - INFO - [environment.py:385] - [PASSED] SCENARIO COMPLETE: Attempt to retrieve non-existent account
2025-09-14 20:43:56,600 - banking_api_tests - INFO - [environment.py:386] - [INFO] Status: [PASSED] PASSED
2025-09-14 20:43:56,600 - banking_api_tests - INFO - [environment.py:387] - [TIME]  Duration: 0:00:00.152027
2025-09-14 20:43:56,600 - banking_api_tests - INFO - [environment.py:388] - [URL] API Calls Made: 1
2025-09-14 20:43:56,600 - banking_api_tests - INFO - [environment.py:392] - [PERFORMANCE] Avg Response Time: 0.016s
2025-09-14 20:43:56,601 - banking_api_tests - INFO - [environment.py:393] - [INFO] Total Response Time: 0.016s
2025-09-14 20:43:56,601 - banking_api_tests - INFO - [environment.py:406] - [END] ============================================================
2025-09-14 20:43:56,601 - banking_api_tests - INFO - [environment.py:344] - [SCENARIO] ============================================================
2025-09-14 20:43:56,601 - banking_api_tests - INFO - [environment.py:345] - [TEST] SCENARIO START: Attempt to retrieve account with invalid ID format
2025-09-14 20:43:56,601 - banking_api_tests - INFO - [environment.py:346] - [FILE] Feature: Account Retrieval
2025-09-14 20:43:56,602 - banking_api_tests - INFO - [environment.py:347] - [LOCATION] Location: features/accounts/account_retrieval.feature:47
2025-09-14 20:43:56,602 - banking_api_tests - INFO - [environment.py:348] - [TAGS]  Tags: error_handling, regression
2025-09-14 20:43:56,602 - banking_api_tests - INFO - [environment.py:349] - [TIME] Start Time: 2025-09-14T20:43:56.601687
2025-09-14 20:43:56,602 - banking_api_tests - INFO - [environment.py:350] - [SCENARIO] ============================================================
2025-09-14 20:43:56,602 - banking_api_tests - INFO - [common_steps.py:153] - [API] Checking API availability...
2025-09-14 20:43:56,735 - banking_api_tests - INFO - [common_steps.py:163] - [RESPONSE] API Health Check - Status: 200
2025-09-14 20:43:56,735 - banking_api_tests - INFO - [common_steps.py:170] - [SUCCESS] API is available and responding
2025-09-14 20:43:56,736 - banking_api_tests - INFO - [common_steps.py:192] - [AUTH] Configuring authentication credentials...
2025-09-14 20:43:56,736 - banking_api_tests - INFO - [common_steps.py:201] - [AUTH] Auth Token Configured: ****************2024
2025-09-14 20:43:56,736 - banking_api_tests - INFO - [common_steps.py:211] - [SUCCESS] Authentication credentials validated and configured
2025-09-14 20:43:56,737 - banking_api_tests - INFO - [common_steps.py:305] - [REQUEST] Sending GET request to: /accounts/123invalid
2025-09-14 20:43:56,752 - banking_api_tests - INFO - [common_steps.py:327] - [RESPONSE] GET Response: 404
2025-09-14 20:43:56,753 - banking_api_tests - INFO - [common_steps.py:328] - [TIME] Response Time: 0.016s
2025-09-14 20:43:56,753 - banking_api_tests - INFO - [common_steps.py:341] - [SUCCESS] GET request completed successfully
2025-09-14 20:43:56,753 - banking_api_tests - INFO - [common_steps.py:497] - [VERIFY] Verifying response status code should be 404
2025-09-14 20:43:56,753 - banking_api_tests - INFO - [common_steps.py:504] - [INFO] Expected: 404, Actual: 404
2025-09-14 20:43:56,753 - banking_api_tests - INFO - [common_steps.py:507] - [SUCCESS] Status code assertion PASSED: 404
2025-09-14 20:43:56,754 - banking_api_tests - INFO - [common_steps.py:956] - [VERIFY] Verifying response contains error message
2025-09-14 20:43:56,754 - banking_api_tests - INFO - [common_steps.py:976] - [SUCCESS] Error message assertion PASSED: Found 'error': Account not found
2025-09-14 20:43:56,754 - banking_api_tests - INFO - [environment.py:384] - [END] ============================================================
2025-09-14 20:43:56,754 - banking_api_tests - INFO - [environment.py:385] - [PASSED] SCENARIO COMPLETE: Attempt to retrieve account with invalid ID format
2025-09-14 20:43:56,754 - banking_api_tests - INFO - [environment.py:386] - [INFO] Status: [PASSED] PASSED
2025-09-14 20:43:56,755 - banking_api_tests - INFO - [environment.py:387] - [TIME]  Duration: 0:00:00.153000
2025-09-14 20:43:56,755 - banking_api_tests - INFO - [environment.py:388] - [URL] API Calls Made: 1
2025-09-14 20:43:56,755 - banking_api_tests - INFO - [environment.py:392] - [PERFORMANCE] Avg Response Time: 0.016s
2025-09-14 20:43:56,755 - banking_api_tests - INFO - [environment.py:393] - [INFO] Total Response Time: 0.016s
2025-09-14 20:43:56,755 - banking_api_tests - INFO - [environment.py:406] - [END] ============================================================
2025-09-14 20:43:56,756 - banking_api_tests - INFO - [environment.py:344] - [SCENARIO] ============================================================
2025-09-14 20:43:56,756 - banking_api_tests - INFO - [environment.py:345] - [TEST] SCENARIO START: Retrieve accounts with boundary ID values -- @1.1 
2025-09-14 20:43:56,756 - banking_api_tests - INFO - [environment.py:346] - [FILE] Feature: Account Retrieval
2025-09-14 20:43:56,756 - banking_api_tests - INFO - [environment.py:347] - [LOCATION] Location: features/accounts/account_retrieval.feature:60
2025-09-14 20:43:56,756 - banking_api_tests - INFO - [environment.py:348] - [TAGS]  Tags: boundary_testing
2025-09-14 20:43:56,757 - banking_api_tests - INFO - [environment.py:349] - [TIME] Start Time: 2025-09-14T20:43:56.756463
2025-09-14 20:43:56,757 - banking_api_tests - INFO - [environment.py:350] - [SCENARIO] ============================================================
2025-09-14 20:43:56,757 - banking_api_tests - INFO - [common_steps.py:153] - [API] Checking API availability...
2025-09-14 20:43:56,890 - banking_api_tests - INFO - [common_steps.py:163] - [RESPONSE] API Health Check - Status: 200
2025-09-14 20:43:56,891 - banking_api_tests - INFO - [common_steps.py:170] - [SUCCESS] API is available and responding
2025-09-14 20:43:56,891 - banking_api_tests - INFO - [common_steps.py:192] - [AUTH] Configuring authentication credentials...
2025-09-14 20:43:56,891 - banking_api_tests - INFO - [common_steps.py:201] - [AUTH] Auth Token Configured: ****************2024
2025-09-14 20:43:56,892 - banking_api_tests - INFO - [common_steps.py:211] - [SUCCESS] Authentication credentials validated and configured
2025-09-14 20:43:56,892 - banking_api_tests - INFO - [common_steps.py:305] - [REQUEST] Sending GET request to: /accounts/ACC001
2025-09-14 20:43:56,908 - banking_api_tests - INFO - [common_steps.py:327] - [RESPONSE] GET Response: 500
2025-09-14 20:43:56,908 - banking_api_tests - INFO - [common_steps.py:328] - [TIME] Response Time: 0.016s
2025-09-14 20:43:56,909 - banking_api_tests - INFO - [common_steps.py:341] - [SUCCESS] GET request completed successfully
2025-09-14 20:43:56,909 - banking_api_tests - INFO - [common_steps.py:497] - [VERIFY] Verifying response status code should be 200
2025-09-14 20:43:56,909 - banking_api_tests - INFO - [common_steps.py:504] - [INFO] Expected: 200, Actual: 500
2025-09-14 20:43:56,909 - banking_api_tests - ERROR - [common_steps.py:509] - [ERROR] Status code assertion FAILED: Expected 200, got 500
2025-09-14 20:43:56,909 - banking_api_tests - ERROR - [common_steps.py:510] - [BODY] Response content: {
"cause1":"com.github.tomakehurst.wiremock.common.JsonException: {\r\n  &quot;errors&quot; : [ {\r\n    &quot;code&quot; : 10,\r\n    &quot;source&quot; : { },\r\n    &quot;title&quot; : &quot;Error parsing JSON&quot;,\r\n    &quot;detail&quot; : &quot;Unexpected character (&apos;5&apos; (code 53))...
2025-09-14 20:43:56,910 - banking_api_tests - ERROR - [common_steps.py:525] - [BODY] Error Response JSON: {
  "cause1": "com.github.tomakehurst.wiremock.common.JsonException: {\r\n  &quot;errors&quot; : [ {\r\n    &quot;code&quot; : 10,\r\n    &quot;source&quot; : { },\r\n    &quot;title&quot; : &quot;Error parsing JSON&quot;,\r\n    &quot;detail&quot; : &quot;Unexpected character (&apos;5&apos; (code 53)): was expecting comma to separate Object entries\\n at [Source: (String)\\&quot;{\\&quot;accountId\\&quot;:\\&quot;ACC001\\&quot;,\\&quot;customerId\\&quot;:\\&quot;CUST952604\\&quot;,\\&quot;bsb\\&quot;:\\&quot;338508\\&quot;,\\&quot;accountNumber\\&quot;:\\&quot;58584674\\&quot;,\\&quot;accountType\\&quot;:\\&quot;SAVINGS\\&quot;,\\&quot;currency\\&quot;:\\&quot;AUD\\&quot;,\\&quot;balance\\&quot;:\\&quot;xjy4r.y\\&quot;5k!%%r}x-fglo]?vn%81uoe|)o2g\\&quot;,\\&quot;createdAt\\&quot;:\\&quot;2025-09-14 20:43:56\\&quot;}\\&quot;; line: 1, column: 151]&quot;\r\n  } ]\r\n}",
  "servlet": "com.github.tomakehurst.wiremock.servlet.WireMockHandlerDispatchingServlet-72ed9aad",
  "cause0": "wiremock.com.fasterxml.jackson.databind.JsonMappingException: {\r\n  &quot;errors&quot; : [ {\r\n    &quot;code&quot; : 10,\r\n    &quot;source&quot; : { },\r\n    &quot;title&quot; : &quot;Error parsing JSON&quot;,\r\n    &quot;detail&quot; : &quot;Unexpected character (&apos;5&apos; (code 53)): was expecting comma to separate Object entries\\n at [Source: (String)\\&quot;{\\&quot;accountId\\&quot;:\\&quot;ACC001\\&quot;,\\&quot;customerId\\&quot;:\\&quot;CUST952604\\&quot;,\\&quot;bsb\\&quot;:\\&quot;338508\\&quot;,\\&quot;accountNumber\\&quot;:\\&quot;58584674\\&quot;,\\&quot;accountType\\&quot;:\\&quot;SAVINGS\\&quot;,\\&quot;currency\\&quot;:\\&quot;AUD\\&quot;,\\&quot;balance\\&quot;:\\&quot;xjy4r.y\\&quot;5k!%%r}x-fglo]?vn%81uoe|)o2g\\&quot;,\\&quot;createdAt\\&quot;:\\&quot;2025-09-14 20:43:56\\&quot;}\\&quot;; line: 1, column: 151]&quot;\r\n  } ]\r\n} (through reference chain: com.github.tomakehurst.wiremock.http.ResponseDefinition[&quot;jsonBody&quot;])",
  "message": "wiremock.com.fasterxml.jackson.databind.JsonMappingException: {\r\n  &quot;errors&quot; : [ {\r\n    &quot;code&quot; : 10,\r\n    &quot;source&quot; : { },\r\n    &quot;title&quot; : &quot;Error parsing JSON&quot;,\r\n    &quot;detail&quot; : &quot;Unexpected character (&apos;5&apos; (code 53)): was expecting comma to separate Object entries\\n at [Source: (String)\\&quot;{\\&quot;accountId\\&quot;:\\&quot;ACC001\\&quot;,\\&quot;customerId\\&quot;:\\&quot;CUST952604\\&quot;,\\&quot;bsb\\&quot;:\\&quot;338508\\&quot;,\\&quot;accountNumber\\&quot;:\\&quot;58584674\\&quot;,\\&quot;accountType\\&quot;:\\&quot;SAVINGS\\&quot;,\\&quot;currency\\&quot;:\\&quot;AUD\\&quot;,\\&quot;balance\\&quot;:\\&quot;xjy4r.y\\&quot;5k!%%r}x-fglo]?vn%81uoe|)o2g\\&quot;,\\&quot;createdAt\\&quot;:\\&quot;2025-09-14 20:43:56\\&quot;}\\&quot;; line: 1, column: 151]&quot;\r\n  } ]\r\n} (through reference chain: com.github.tomakehurst.wiremock.http.ResponseDefinition[&quot;jsonBody&quot;])",
  "url": "/accounts/ACC001",
  "status": "500"
}
2025-09-14 20:43:56,911 - banking_api_tests - ERROR - [environment.py:170] - [SAVE] Failure details saved to: logs/failures/FAILED_Retrieve_accounts_with_boundary_ID_values_--__1_1__20250914_204356.txt
2025-09-14 20:43:56,911 - banking_api_tests - INFO - [environment.py:384] - [END] ============================================================
2025-09-14 20:43:56,911 - banking_api_tests - INFO - [environment.py:385] - [FAILED] SCENARIO COMPLETE: Retrieve accounts with boundary ID values -- @1.1 
2025-09-14 20:43:56,912 - banking_api_tests - INFO - [environment.py:386] - [INFO] Status: [FAILED] FAILED
2025-09-14 20:43:56,912 - banking_api_tests - INFO - [environment.py:387] - [TIME]  Duration: 0:00:00.154398
2025-09-14 20:43:56,912 - banking_api_tests - INFO - [environment.py:388] - [URL] API Calls Made: 1
2025-09-14 20:43:56,912 - banking_api_tests - INFO - [environment.py:392] - [PERFORMANCE] Avg Response Time: 0.016s
2025-09-14 20:43:56,912 - banking_api_tests - INFO - [environment.py:393] - [INFO] Total Response Time: 0.016s
2025-09-14 20:43:56,912 - banking_api_tests - ERROR - [environment.py:397] - [ERROR] Last Error: Status code assertion failed - Expected: 200, Actual: 500 | JSON Error: {"cause1": "com.github.tomakehurst.wiremock.common.JsonException: {\r\n  &quot;errors&quot; : [ {\r\n    &quot;code&quot; : 10,\r\n    &quot;source&quot; : { },\r\n    &quot;title&quot; : &quot;Error parsing JSON&quot;,\r\n    &quot;detail&quot; : &quot;Unexpected character (&apos;5&apos; (code 53)): was expecting comma to separate Object entries\\n at [Source: (String)\\&quot;{\\&quot;accountId\\&quot;:\\&quot;ACC001\\&quot;,\\&quot;customerId\\&quot;:\\&quot;CUST952604\\&quot;,\\&quot;bsb\\&quot;:\\&quot;338508\\&quot;,\\&quot;accountNumber\\&quot;:\\&quot;58584674\\&quot;,\\&quot;accountType\\&quot;:\\&quot;SAVINGS\\&quot;,\\&quot;currency\\&quot;:\\&quot;AUD\\&quot;,\\&quot;balance\\&quot;:\\&quot;xjy4r.y\\&quot;5k!%%r}x-fglo]?vn%81uoe|)o2g\\&quot;,\\&quot;createdAt\\&quot;:\\&quot;2025-09-14 20:43:56\\&quot;}\\&quot;; line: 1, column: 151]&quot;\r\n  } ]\r\n}", "servlet": "com.github.tomakehurst.wiremock.servlet.WireMockHandlerDispatchingServlet-72ed9aad", "cause0": "wiremock.com.fasterxml.jackson.databind.JsonMappingException: {\r\n  &quot;errors&quot; : [ {\r\n    &quot;code&quot; : 10,\r\n    &quot;source&quot; : { },\r\n    &quot;title&quot; : &quot;Error parsing JSON&quot;,\r\n    &quot;detail&quot; : &quot;Unexpected character (&apos;5&apos; (code 53)): was expecting comma to separate Object entries\\n at [Source: (String)\\&quot;{\\&quot;accountId\\&quot;:\\&quot;ACC001\\&quot;,\\&quot;customerId\\&quot;:\\&quot;CUST952604\\&quot;,\\&quot;bsb\\&quot;:\\&quot;338508\\&quot;,\\&quot;accountNumber\\&quot;:\\&quot;58584674\\&quot;,\\&quot;accountType\\&quot;:\\&quot;SAVINGS\\&quot;,\\&quot;currency\\&quot;:\\&quot;AUD\\&quot;,\\&quot;balance\\&quot;:\\&quot;xjy4r.y\\&quot;5k!%%r}x-fglo]?vn%81uoe|)o2g\\&quot;,\\&quot;createdAt\\&quot;:\\&quot;2025-09-14 20:43:56\\&quot;}\\&quot;; line: 1, column: 151]&quot;\r\n  } ]\r\n} (through reference chain: com.github.tomakehurst.wiremock.http.ResponseDefinition[&quot;jsonBody&quot;])", "message": "wiremock.com.fasterxml.jackson.databind.JsonMappingException: {\r\n  &quot;errors&quot; : [ {\r\n    &quot;code&quot; : 10,\r\n    &quot;source&quot; : { },\r\n    &quot;title&quot; : &quot;Error parsing JSON&quot;,\r\n    &quot;detail&quot; : &quot;Unexpected character (&apos;5&apos; (code 53)): was expecting comma to separate Object entries\\n at [Source: (String)\\&quot;{\\&quot;accountId\\&quot;:\\&quot;ACC001\\&quot;,\\&quot;customerId\\&quot;:\\&quot;CUST952604\\&quot;,\\&quot;bsb\\&quot;:\\&quot;338508\\&quot;,\\&quot;accountNumber\\&quot;:\\&quot;58584674\\&quot;,\\&quot;accountType\\&quot;:\\&quot;SAVINGS\\&quot;,\\&quot;currency\\&quot;:\\&quot;AUD\\&quot;,\\&quot;balance\\&quot;:\\&quot;xjy4r.y\\&quot;5k!%%r}x-fglo]?vn%81uoe|)o2g\\&quot;,\\&quot;createdAt\\&quot;:\\&quot;2025-09-14 20:43:56\\&quot;}\\&quot;; line: 1, column: 151]&quot;\r\n  } ]\r\n} (through reference chain: com.github.tomakehurst.wiremock.http.ResponseDefinition[&quot;jsonBody&quot;])", "url": "/accounts/ACC001", "status": "500"}
2025-09-14 20:43:56,912 - banking_api_tests - INFO - [environment.py:406] - [END] ============================================================
2025-09-14 20:43:56,913 - banking_api_tests - INFO - [environment.py:344] - [SCENARIO] ============================================================
2025-09-14 20:43:56,913 - banking_api_tests - INFO - [environment.py:345] - [TEST] SCENARIO START: Retrieve accounts with boundary ID values -- @1.2 
2025-09-14 20:43:56,913 - banking_api_tests - INFO - [environment.py:346] - [FILE] Feature: Account Retrieval
2025-09-14 20:43:56,913 - banking_api_tests - INFO - [environment.py:347] - [LOCATION] Location: features/accounts/account_retrieval.feature:61
2025-09-14 20:43:56,914 - banking_api_tests - INFO - [environment.py:348] - [TAGS]  Tags: boundary_testing
2025-09-14 20:43:56,914 - banking_api_tests - INFO - [environment.py:349] - [TIME] Start Time: 2025-09-14T20:43:56.913575
2025-09-14 20:43:56,914 - banking_api_tests - INFO - [environment.py:350] - [SCENARIO] ============================================================
2025-09-14 20:43:56,914 - banking_api_tests - INFO - [common_steps.py:153] - [API] Checking API availability...
2025-09-14 20:43:57,030 - banking_api_tests - INFO - [common_steps.py:163] - [RESPONSE] API Health Check - Status: 200
2025-09-14 20:43:57,031 - banking_api_tests - INFO - [common_steps.py:170] - [SUCCESS] API is available and responding
2025-09-14 20:43:57,031 - banking_api_tests - INFO - [common_steps.py:192] - [AUTH] Configuring authentication credentials...
2025-09-14 20:43:57,031 - banking_api_tests - INFO - [common_steps.py:201] - [AUTH] Auth Token Configured: ****************2024
2025-09-14 20:43:57,032 - banking_api_tests - INFO - [common_steps.py:211] - [SUCCESS] Authentication credentials validated and configured
2025-09-14 20:43:57,032 - banking_api_tests - INFO - [common_steps.py:305] - [REQUEST] Sending GET request to: /accounts/ACC999
2025-09-14 20:43:57,048 - banking_api_tests - INFO - [common_steps.py:327] - [RESPONSE] GET Response: 404
2025-09-14 20:43:57,048 - banking_api_tests - INFO - [common_steps.py:328] - [TIME] Response Time: 0.015s
2025-09-14 20:43:57,048 - banking_api_tests - INFO - [common_steps.py:341] - [SUCCESS] GET request completed successfully
2025-09-14 20:43:57,048 - banking_api_tests - INFO - [common_steps.py:497] - [VERIFY] Verifying response status code should be 404
2025-09-14 20:43:57,049 - banking_api_tests - INFO - [common_steps.py:504] - [INFO] Expected: 404, Actual: 404
2025-09-14 20:43:57,049 - banking_api_tests - INFO - [common_steps.py:507] - [SUCCESS] Status code assertion PASSED: 404
2025-09-14 20:43:57,049 - banking_api_tests - INFO - [common_steps.py:590] - [VERIFY] Verifying response is valid JSON
2025-09-14 20:43:57,049 - banking_api_tests - INFO - [common_steps.py:598] - [SUCCESS] JSON validation PASSED: Response is valid JSON
2025-09-14 20:43:57,050 - banking_api_tests - INFO - [environment.py:384] - [END] ============================================================
2025-09-14 20:43:57,050 - banking_api_tests - INFO - [environment.py:385] - [PASSED] SCENARIO COMPLETE: Retrieve accounts with boundary ID values -- @1.2 
2025-09-14 20:43:57,050 - banking_api_tests - INFO - [environment.py:386] - [INFO] Status: [PASSED] PASSED
2025-09-14 20:43:57,050 - banking_api_tests - INFO - [environment.py:387] - [TIME]  Duration: 0:00:00.136415
2025-09-14 20:43:57,050 - banking_api_tests - INFO - [environment.py:388] - [URL] API Calls Made: 1
2025-09-14 20:43:57,050 - banking_api_tests - INFO - [environment.py:392] - [PERFORMANCE] Avg Response Time: 0.015s
2025-09-14 20:43:57,050 - banking_api_tests - INFO - [environment.py:393] - [INFO] Total Response Time: 0.015s
2025-09-14 20:43:57,050 - banking_api_tests - INFO - [environment.py:406] - [END] ============================================================
2025-09-14 20:43:57,051 - banking_api_tests - INFO - [environment.py:344] - [SCENARIO] ============================================================
2025-09-14 20:43:57,051 - banking_api_tests - INFO - [environment.py:345] - [TEST] SCENARIO START: Retrieve accounts with boundary ID values -- @1.3 
2025-09-14 20:43:57,051 - banking_api_tests - INFO - [environment.py:346] - [FILE] Feature: Account Retrieval
2025-09-14 20:43:57,051 - banking_api_tests - INFO - [environment.py:347] - [LOCATION] Location: features/accounts/account_retrieval.feature:62
2025-09-14 20:43:57,051 - banking_api_tests - INFO - [environment.py:348] - [TAGS]  Tags: boundary_testing
2025-09-14 20:43:57,051 - banking_api_tests - INFO - [environment.py:349] - [TIME] Start Time: 2025-09-14T20:43:57.051209
2025-09-14 20:43:57,052 - banking_api_tests - INFO - [environment.py:350] - [SCENARIO] ============================================================
2025-09-14 20:43:57,052 - banking_api_tests - INFO - [common_steps.py:153] - [API] Checking API availability...
2025-09-14 20:43:57,185 - banking_api_tests - INFO - [common_steps.py:163] - [RESPONSE] API Health Check - Status: 200
2025-09-14 20:43:57,186 - banking_api_tests - INFO - [common_steps.py:170] - [SUCCESS] API is available and responding
2025-09-14 20:43:57,186 - banking_api_tests - INFO - [common_steps.py:192] - [AUTH] Configuring authentication credentials...
2025-09-14 20:43:57,186 - banking_api_tests - INFO - [common_steps.py:201] - [AUTH] Auth Token Configured: ****************2024
2025-09-14 20:43:57,187 - banking_api_tests - INFO - [common_steps.py:211] - [SUCCESS] Authentication credentials validated and configured
2025-09-14 20:43:57,187 - banking_api_tests - INFO - [common_steps.py:305] - [REQUEST] Sending GET request to: /accounts/A
2025-09-14 20:43:57,203 - banking_api_tests - INFO - [common_steps.py:327] - [RESPONSE] GET Response: 404
2025-09-14 20:43:57,203 - banking_api_tests - INFO - [common_steps.py:328] - [TIME] Response Time: 0.015s
2025-09-14 20:43:57,203 - banking_api_tests - INFO - [common_steps.py:341] - [SUCCESS] GET request completed successfully
2025-09-14 20:43:57,203 - banking_api_tests - INFO - [common_steps.py:497] - [VERIFY] Verifying response status code should be 404
2025-09-14 20:43:57,204 - banking_api_tests - INFO - [common_steps.py:504] - [INFO] Expected: 404, Actual: 404
2025-09-14 20:43:57,204 - banking_api_tests - INFO - [common_steps.py:507] - [SUCCESS] Status code assertion PASSED: 404
2025-09-14 20:43:57,204 - banking_api_tests - INFO - [common_steps.py:590] - [VERIFY] Verifying response is valid JSON
2025-09-14 20:43:57,204 - banking_api_tests - INFO - [common_steps.py:598] - [SUCCESS] JSON validation PASSED: Response is valid JSON
2025-09-14 20:43:57,205 - banking_api_tests - INFO - [environment.py:384] - [END] ============================================================
2025-09-14 20:43:57,205 - banking_api_tests - INFO - [environment.py:385] - [PASSED] SCENARIO COMPLETE: Retrieve accounts with boundary ID values -- @1.3 
2025-09-14 20:43:57,205 - banking_api_tests - INFO - [environment.py:386] - [INFO] Status: [PASSED] PASSED
2025-09-14 20:43:57,205 - banking_api_tests - INFO - [environment.py:387] - [TIME]  Duration: 0:00:00.154136
2025-09-14 20:43:57,206 - banking_api_tests - INFO - [environment.py:388] - [URL] API Calls Made: 1
2025-09-14 20:43:57,206 - banking_api_tests - INFO - [environment.py:392] - [PERFORMANCE] Avg Response Time: 0.015s
2025-09-14 20:43:57,206 - banking_api_tests - INFO - [environment.py:393] - [INFO] Total Response Time: 0.015s
2025-09-14 20:43:57,206 - banking_api_tests - INFO - [environment.py:406] - [END] ============================================================
2025-09-14 20:43:57,207 - banking_api_tests - INFO - [environment.py:344] - [SCENARIO] ============================================================
2025-09-14 20:43:57,207 - banking_api_tests - INFO - [environment.py:345] - [TEST] SCENARIO START: Retrieve accounts with boundary ID values -- @1.4 
2025-09-14 20:43:57,207 - banking_api_tests - INFO - [environment.py:346] - [FILE] Feature: Account Retrieval
2025-09-14 20:43:57,207 - banking_api_tests - INFO - [environment.py:347] - [LOCATION] Location: features/accounts/account_retrieval.feature:63
2025-09-14 20:43:57,207 - banking_api_tests - INFO - [environment.py:348] - [TAGS]  Tags: boundary_testing
2025-09-14 20:43:57,207 - banking_api_tests - INFO - [environment.py:349] - [TIME] Start Time: 2025-09-14T20:43:57.207157
2025-09-14 20:43:57,208 - banking_api_tests - INFO - [environment.py:350] - [SCENARIO] ============================================================
2025-09-14 20:43:57,208 - banking_api_tests - INFO - [common_steps.py:153] - [API] Checking API availability...
2025-09-14 20:43:57,341 - banking_api_tests - INFO - [common_steps.py:163] - [RESPONSE] API Health Check - Status: 200
2025-09-14 20:43:57,341 - banking_api_tests - INFO - [common_steps.py:170] - [SUCCESS] API is available and responding
2025-09-14 20:43:57,342 - banking_api_tests - INFO - [common_steps.py:192] - [AUTH] Configuring authentication credentials...
2025-09-14 20:43:57,342 - banking_api_tests - INFO - [common_steps.py:201] - [AUTH] Auth Token Configured: ****************2024
2025-09-14 20:43:57,342 - banking_api_tests - INFO - [common_steps.py:211] - [SUCCESS] Authentication credentials validated and configured
2025-09-14 20:43:57,342 - banking_api_tests - INFO - [common_steps.py:305] - [REQUEST] Sending GET request to: /accounts/VERYLONGACCOUNTID
2025-09-14 20:43:57,358 - banking_api_tests - INFO - [common_steps.py:327] - [RESPONSE] GET Response: 404
2025-09-14 20:43:57,358 - banking_api_tests - INFO - [common_steps.py:328] - [TIME] Response Time: 0.016s
2025-09-14 20:43:57,358 - banking_api_tests - INFO - [common_steps.py:341] - [SUCCESS] GET request completed successfully
2025-09-14 20:43:57,359 - banking_api_tests - INFO - [common_steps.py:497] - [VERIFY] Verifying response status code should be 404
2025-09-14 20:43:57,359 - banking_api_tests - INFO - [common_steps.py:504] - [INFO] Expected: 404, Actual: 404
2025-09-14 20:43:57,359 - banking_api_tests - INFO - [common_steps.py:507] - [SUCCESS] Status code assertion PASSED: 404
2025-09-14 20:43:57,360 - banking_api_tests - INFO - [common_steps.py:590] - [VERIFY] Verifying response is valid JSON
2025-09-14 20:43:57,360 - banking_api_tests - INFO - [common_steps.py:598] - [SUCCESS] JSON validation PASSED: Response is valid JSON
2025-09-14 20:43:57,360 - banking_api_tests - INFO - [environment.py:384] - [END] ============================================================
2025-09-14 20:43:57,360 - banking_api_tests - INFO - [environment.py:385] - [PASSED] SCENARIO COMPLETE: Retrieve accounts with boundary ID values -- @1.4 
2025-09-14 20:43:57,360 - banking_api_tests - INFO - [environment.py:386] - [INFO] Status: [PASSED] PASSED
2025-09-14 20:43:57,360 - banking_api_tests - INFO - [environment.py:387] - [TIME]  Duration: 0:00:00.153330
2025-09-14 20:43:57,361 - banking_api_tests - INFO - [environment.py:388] - [URL] API Calls Made: 1
2025-09-14 20:43:57,361 - banking_api_tests - INFO - [environment.py:392] - [PERFORMANCE] Avg Response Time: 0.016s
2025-09-14 20:43:57,361 - banking_api_tests - INFO - [environment.py:393] - [INFO] Total Response Time: 0.016s
2025-09-14 20:43:57,361 - banking_api_tests - INFO - [environment.py:406] - [END] ============================================================
2025-09-14 20:43:57,362 - banking_api_tests - INFO - [environment.py:344] - [SCENARIO] ============================================================
2025-09-14 20:43:57,362 - banking_api_tests - INFO - [environment.py:345] - [TEST] SCENARIO START: Multiple concurrent account retrievals
2025-09-14 20:43:57,362 - banking_api_tests - INFO - [environment.py:346] - [FILE] Feature: Account Retrieval
2025-09-14 20:43:57,362 - banking_api_tests - INFO - [environment.py:347] - [LOCATION] Location: features/accounts/account_retrieval.feature:66
2025-09-14 20:43:57,362 - banking_api_tests - INFO - [environment.py:348] - [TAGS]  Tags: performance, load_testing
2025-09-14 20:43:57,362 - banking_api_tests - INFO - [environment.py:349] - [TIME] Start Time: 2025-09-14T20:43:57.362106
2025-09-14 20:43:57,362 - banking_api_tests - INFO - [environment.py:350] - [SCENARIO] ============================================================
2025-09-14 20:43:57,363 - banking_api_tests - INFO - [common_steps.py:153] - [API] Checking API availability...
2025-09-14 20:43:57,496 - banking_api_tests - INFO - [common_steps.py:163] - [RESPONSE] API Health Check - Status: 200
2025-09-14 20:43:57,496 - banking_api_tests - INFO - [common_steps.py:170] - [SUCCESS] API is available and responding
2025-09-14 20:43:57,497 - banking_api_tests - INFO - [common_steps.py:192] - [AUTH] Configuring authentication credentials...
2025-09-14 20:43:57,497 - banking_api_tests - INFO - [common_steps.py:201] - [AUTH] Auth Token Configured: ****************2024
2025-09-14 20:43:57,497 - banking_api_tests - INFO - [common_steps.py:211] - [SUCCESS] Authentication credentials validated and configured
2025-09-14 20:43:57,498 - banking_api_tests - INFO - [common_steps.py:305] - [REQUEST] Sending GET request to: /accounts/ACC001
2025-09-14 20:43:57,514 - banking_api_tests - INFO - [common_steps.py:327] - [RESPONSE] GET Response: 500
2025-09-14 20:43:57,514 - banking_api_tests - INFO - [common_steps.py:328] - [TIME] Response Time: 0.016s
2025-09-14 20:43:57,514 - banking_api_tests - INFO - [common_steps.py:341] - [SUCCESS] GET request completed successfully
2025-09-14 20:43:57,515 - banking_api_tests - INFO - [common_steps.py:305] - [REQUEST] Sending GET request to: /accounts/ACC002
2025-09-14 20:43:57,544 - banking_api_tests - INFO - [common_steps.py:327] - [RESPONSE] GET Response: 200
2025-09-14 20:43:57,544 - banking_api_tests - INFO - [common_steps.py:328] - [TIME] Response Time: 0.029s
2025-09-14 20:43:57,544 - banking_api_tests - INFO - [common_steps.py:341] - [SUCCESS] GET request completed successfully
2025-09-14 20:43:57,544 - banking_api_tests - INFO - [common_steps.py:1016] - [VERIFY] Verifying response time is under 1500ms
2025-09-14 20:43:57,545 - banking_api_tests - INFO - [common_steps.py:1035] - [SUCCESS] Response time assertion PASSED: 22ms <= 1500ms
2025-09-14 20:43:57,545 - banking_api_tests - INFO - [common_steps.py:925] - [VERIFY] Verifying response is successful (2xx status)
2025-09-14 20:43:57,545 - banking_api_tests - INFO - [common_steps.py:935] - [SUCCESS] Success assertion PASSED: Status 200
2025-09-14 20:43:57,545 - banking_api_tests - INFO - [environment.py:384] - [END] ============================================================
2025-09-14 20:43:57,546 - banking_api_tests - INFO - [environment.py:385] - [PASSED] SCENARIO COMPLETE: Multiple concurrent account retrievals
2025-09-14 20:43:57,546 - banking_api_tests - INFO - [environment.py:386] - [INFO] Status: [PASSED] PASSED
2025-09-14 20:43:57,546 - banking_api_tests - INFO - [environment.py:387] - [TIME]  Duration: 0:00:00.183809
2025-09-14 20:43:57,546 - banking_api_tests - INFO - [environment.py:388] - [URL] API Calls Made: 2
2025-09-14 20:43:57,546 - banking_api_tests - INFO - [environment.py:392] - [PERFORMANCE] Avg Response Time: 0.022s
2025-09-14 20:43:57,546 - banking_api_tests - INFO - [environment.py:393] - [INFO] Total Response Time: 0.045s
2025-09-14 20:43:57,546 - banking_api_tests - INFO - [environment.py:401] - [URL] Final Response Status: 200
2025-09-14 20:43:57,546 - banking_api_tests - INFO - [environment.py:404] - [VERIFY] Correlation ID: 
2025-09-14 20:43:57,547 - banking_api_tests - INFO - [environment.py:406] - [END] ============================================================
2025-09-14 20:43:57,547 - banking_api_tests - INFO - [environment.py:344] - [SCENARIO] ============================================================
2025-09-14 20:43:57,547 - banking_api_tests - INFO - [environment.py:345] - [TEST] SCENARIO START: Verify account response data types and formats
2025-09-14 20:43:57,547 - banking_api_tests - INFO - [environment.py:346] - [FILE] Feature: Account Retrieval
2025-09-14 20:43:57,547 - banking_api_tests - INFO - [environment.py:347] - [LOCATION] Location: features/accounts/account_retrieval.feature:73
2025-09-14 20:43:57,548 - banking_api_tests - INFO - [environment.py:348] - [TAGS]  Tags: data_validation
2025-09-14 20:43:57,548 - banking_api_tests - INFO - [environment.py:349] - [TIME] Start Time: 2025-09-14T20:43:57.547452
2025-09-14 20:43:57,548 - banking_api_tests - INFO - [environment.py:350] - [SCENARIO] ============================================================
2025-09-14 20:43:57,548 - banking_api_tests - INFO - [common_steps.py:153] - [API] Checking API availability...
2025-09-14 20:43:57,679 - banking_api_tests - INFO - [common_steps.py:163] - [RESPONSE] API Health Check - Status: 200
2025-09-14 20:43:57,679 - banking_api_tests - INFO - [common_steps.py:170] - [SUCCESS] API is available and responding
2025-09-14 20:43:57,680 - banking_api_tests - INFO - [common_steps.py:192] - [AUTH] Configuring authentication credentials...
2025-09-14 20:43:57,680 - banking_api_tests - INFO - [common_steps.py:201] - [AUTH] Auth Token Configured: ****************2024
2025-09-14 20:43:57,680 - banking_api_tests - INFO - [common_steps.py:211] - [SUCCESS] Authentication credentials validated and configured
2025-09-14 20:43:57,681 - banking_api_tests - INFO - [common_steps.py:305] - [REQUEST] Sending GET request to: /accounts/ACC001
2025-09-14 20:43:57,697 - banking_api_tests - INFO - [common_steps.py:327] - [RESPONSE] GET Response: 200
2025-09-14 20:43:57,697 - banking_api_tests - INFO - [common_steps.py:328] - [TIME] Response Time: 0.016s
2025-09-14 20:43:57,698 - banking_api_tests - INFO - [common_steps.py:341] - [SUCCESS] GET request completed successfully
2025-09-14 20:43:57,698 - banking_api_tests - INFO - [common_steps.py:497] - [VERIFY] Verifying response status code should be 200
2025-09-14 20:43:57,698 - banking_api_tests - INFO - [common_steps.py:504] - [INFO] Expected: 200, Actual: 200
2025-09-14 20:43:57,698 - banking_api_tests - INFO - [common_steps.py:507] - [SUCCESS] Status code assertion PASSED: 200
2025-09-14 20:43:57,699 - banking_api_tests - INFO - [common_steps.py:871] - [VERIFY] Verifying response 'accountId' should be 'ACC001'
2025-09-14 20:43:57,699 - banking_api_tests - INFO - [common_steps.py:893] - [SUCCESS] Value assertion PASSED: 'accountId' = 'ACC001'
2025-09-14 20:43:57,699 - banking_api_tests - INFO - [common_steps.py:539] - [VERIFY] Verifying response contains key: 'accountId'
2025-09-14 20:43:57,700 - banking_api_tests - INFO - [common_steps.py:552] - [SUCCESS] Key assertion PASSED: Found 'accountId' in response
2025-09-14 20:43:57,700 - banking_api_tests - INFO - [common_steps.py:539] - [VERIFY] Verifying response contains key: 'accountType'
2025-09-14 20:43:57,700 - banking_api_tests - INFO - [common_steps.py:552] - [SUCCESS] Key assertion PASSED: Found 'accountType' in response
2025-09-14 20:43:57,701 - banking_api_tests - INFO - [common_steps.py:539] - [VERIFY] Verifying response contains key: 'currency'
2025-09-14 20:43:57,701 - banking_api_tests - INFO - [common_steps.py:552] - [SUCCESS] Key assertion PASSED: Found 'currency' in response
2025-09-14 20:43:57,701 - banking_api_tests - INFO - [common_steps.py:539] - [VERIFY] Verifying response contains key: 'balance'
2025-09-14 20:43:57,701 - banking_api_tests - INFO - [common_steps.py:552] - [SUCCESS] Key assertion PASSED: Found 'balance' in response
2025-09-14 20:43:57,702 - banking_api_tests - INFO - [common_steps.py:539] - [VERIFY] Verifying response contains key: 'createdAt'
2025-09-14 20:43:57,702 - banking_api_tests - INFO - [common_steps.py:552] - [SUCCESS] Key assertion PASSED: Found 'createdAt' in response
2025-09-14 20:43:57,702 - banking_api_tests - INFO - [environment.py:384] - [END] ============================================================
2025-09-14 20:43:57,703 - banking_api_tests - INFO - [environment.py:385] - [PASSED] SCENARIO COMPLETE: Verify account response data types and formats
2025-09-14 20:43:57,703 - banking_api_tests - INFO - [environment.py:386] - [INFO] Status: [PASSED] PASSED
2025-09-14 20:43:57,703 - banking_api_tests - INFO - [environment.py:387] - [TIME]  Duration: 0:00:00.155334
2025-09-14 20:43:57,703 - banking_api_tests - INFO - [environment.py:388] - [URL] API Calls Made: 1
2025-09-14 20:43:57,703 - banking_api_tests - INFO - [environment.py:392] - [PERFORMANCE] Avg Response Time: 0.016s
2025-09-14 20:43:57,703 - banking_api_tests - INFO - [environment.py:393] - [INFO] Total Response Time: 0.016s
2025-09-14 20:43:57,703 - banking_api_tests - INFO - [environment.py:401] - [URL] Final Response Status: 200
2025-09-14 20:43:57,703 - banking_api_tests - INFO - [environment.py:404] - [VERIFY] Correlation ID: 
2025-09-14 20:43:57,703 - banking_api_tests - INFO - [environment.py:406] - [END] ============================================================
2025-09-14 20:43:57,704 - banking_api_tests - INFO - [environment.py:344] - [SCENARIO] ============================================================
2025-09-14 20:43:57,704 - banking_api_tests - INFO - [environment.py:345] - [TEST] SCENARIO START: Verify correlation ID is propagated in account retrieval
2025-09-14 20:43:57,704 - banking_api_tests - INFO - [environment.py:346] - [FILE] Feature: Account Retrieval
2025-09-14 20:43:57,704 - banking_api_tests - INFO - [environment.py:347] - [LOCATION] Location: features/accounts/account_retrieval.feature:84
2025-09-14 20:43:57,705 - banking_api_tests - INFO - [environment.py:348] - [TAGS]  Tags: correlation_tracking
2025-09-14 20:43:57,705 - banking_api_tests - INFO - [environment.py:349] - [TIME] Start Time: 2025-09-14T20:43:57.704369
2025-09-14 20:43:57,705 - banking_api_tests - INFO - [environment.py:350] - [SCENARIO] ============================================================
2025-09-14 20:43:57,706 - banking_api_tests - INFO - [common_steps.py:153] - [API] Checking API availability...
2025-09-14 20:43:57,834 - banking_api_tests - INFO - [common_steps.py:163] - [RESPONSE] API Health Check - Status: 200
2025-09-14 20:43:57,834 - banking_api_tests - INFO - [common_steps.py:170] - [SUCCESS] API is available and responding
2025-09-14 20:43:57,835 - banking_api_tests - INFO - [common_steps.py:192] - [AUTH] Configuring authentication credentials...
2025-09-14 20:43:57,835 - banking_api_tests - INFO - [common_steps.py:201] - [AUTH] Auth Token Configured: ****************2024
2025-09-14 20:43:57,835 - banking_api_tests - INFO - [common_steps.py:211] - [SUCCESS] Authentication credentials validated and configured
2025-09-14 20:43:57,835 - banking_api_tests - INFO - [common_steps.py:221] - [CORRELATION] Setting correlation ID: test-acc-001
2025-09-14 20:43:57,836 - banking_api_tests - INFO - [common_steps.py:305] - [REQUEST] Sending GET request to: /accounts/ACC001
2025-09-14 20:43:57,840 - banking_api_tests - INFO - [common_steps.py:327] - [RESPONSE] GET Response: 500
2025-09-14 20:43:57,840 - banking_api_tests - INFO - [common_steps.py:328] - [TIME] Response Time: 0.004s
2025-09-14 20:43:57,840 - banking_api_tests - INFO - [common_steps.py:341] - [SUCCESS] GET request completed successfully
2025-09-14 20:43:57,840 - banking_api_tests - INFO - [common_steps.py:497] - [VERIFY] Verifying response status code should be 200
2025-09-14 20:43:57,841 - banking_api_tests - INFO - [common_steps.py:504] - [INFO] Expected: 200, Actual: 500
2025-09-14 20:43:57,841 - banking_api_tests - ERROR - [common_steps.py:509] - [ERROR] Status code assertion FAILED: Expected 200, got 500
2025-09-14 20:43:57,841 - banking_api_tests - ERROR - [common_steps.py:510] - [BODY] Response content: {
"cause1":"com.github.tomakehurst.wiremock.common.JsonException: {\r\n  &quot;errors&quot; : [ {\r\n    &quot;code&quot; : 10,\r\n    &quot;source&quot; : { },\r\n    &quot;title&quot; : &quot;Error parsing JSON&quot;,\r\n    &quot;detail&quot; : &quot;Unexpected character (&apos;j&apos; (code 106)...
2025-09-14 20:43:57,841 - banking_api_tests - ERROR - [common_steps.py:525] - [BODY] Error Response JSON: {
  "cause1": "com.github.tomakehurst.wiremock.common.JsonException: {\r\n  &quot;errors&quot; : [ {\r\n    &quot;code&quot; : 10,\r\n    &quot;source&quot; : { },\r\n    &quot;title&quot; : &quot;Error parsing JSON&quot;,\r\n    &quot;detail&quot; : &quot;Unexpected character (&apos;j&apos; (code 106)): was expecting comma to separate Object entries\\n at [Source: (String)\\&quot;{\\&quot;accountId\\&quot;:\\&quot;ACC001\\&quot;,\\&quot;customerId\\&quot;:\\&quot;CUST158344\\&quot;,\\&quot;bsb\\&quot;:\\&quot;960369\\&quot;,\\&quot;accountNumber\\&quot;:\\&quot;98034734\\&quot;,\\&quot;accountType\\&quot;:\\&quot;SAVINGS\\&quot;,\\&quot;currency\\&quot;:\\&quot;AUD\\&quot;,\\&quot;balance\\&quot;:\\&quot;\\&quot;jj#&apos;2]eov&lt;e7a=m|&gt;g-?m9zqp9?yecxmn!6\\&quot;,\\&quot;createdAt\\&quot;:\\&quot;2025-09-14 20:43:57\\&quot;}\\&quot;; line: 1, column: 144]&quot;\r\n  } ]\r\n}",
  "servlet": "com.github.tomakehurst.wiremock.servlet.WireMockHandlerDispatchingServlet-72ed9aad",
  "cause0": "wiremock.com.fasterxml.jackson.databind.JsonMappingException: {\r\n  &quot;errors&quot; : [ {\r\n    &quot;code&quot; : 10,\r\n    &quot;source&quot; : { },\r\n    &quot;title&quot; : &quot;Error parsing JSON&quot;,\r\n    &quot;detail&quot; : &quot;Unexpected character (&apos;j&apos; (code 106)): was expecting comma to separate Object entries\\n at [Source: (String)\\&quot;{\\&quot;accountId\\&quot;:\\&quot;ACC001\\&quot;,\\&quot;customerId\\&quot;:\\&quot;CUST158344\\&quot;,\\&quot;bsb\\&quot;:\\&quot;960369\\&quot;,\\&quot;accountNumber\\&quot;:\\&quot;98034734\\&quot;,\\&quot;accountType\\&quot;:\\&quot;SAVINGS\\&quot;,\\&quot;currency\\&quot;:\\&quot;AUD\\&quot;,\\&quot;balance\\&quot;:\\&quot;\\&quot;jj#&apos;2]eov&lt;e7a=m|&gt;g-?m9zqp9?yecxmn!6\\&quot;,\\&quot;createdAt\\&quot;:\\&quot;2025-09-14 20:43:57\\&quot;}\\&quot;; line: 1, column: 144]&quot;\r\n  } ]\r\n} (through reference chain: com.github.tomakehurst.wiremock.http.ResponseDefinition[&quot;jsonBody&quot;])",
  "message": "wiremock.com.fasterxml.jackson.databind.JsonMappingException: {\r\n  &quot;errors&quot; : [ {\r\n    &quot;code&quot; : 10,\r\n    &quot;source&quot; : { },\r\n    &quot;title&quot; : &quot;Error parsing JSON&quot;,\r\n    &quot;detail&quot; : &quot;Unexpected character (&apos;j&apos; (code 106)): was expecting comma to separate Object entries\\n at [Source: (String)\\&quot;{\\&quot;accountId\\&quot;:\\&quot;ACC001\\&quot;,\\&quot;customerId\\&quot;:\\&quot;CUST158344\\&quot;,\\&quot;bsb\\&quot;:\\&quot;960369\\&quot;,\\&quot;accountNumber\\&quot;:\\&quot;98034734\\&quot;,\\&quot;accountType\\&quot;:\\&quot;SAVINGS\\&quot;,\\&quot;currency\\&quot;:\\&quot;AUD\\&quot;,\\&quot;balance\\&quot;:\\&quot;\\&quot;jj#&apos;2]eov&lt;e7a=m|&gt;g-?m9zqp9?yecxmn!6\\&quot;,\\&quot;createdAt\\&quot;:\\&quot;2025-09-14 20:43:57\\&quot;}\\&quot;; line: 1, column: 144]&quot;\r\n  } ]\r\n} (through reference chain: com.github.tomakehurst.wiremock.http.ResponseDefinition[&quot;jsonBody&quot;])",
  "url": "/accounts/ACC001",
  "status": "500"
}
2025-09-14 20:43:57,842 - banking_api_tests - ERROR - [environment.py:170] - [SAVE] Failure details saved to: logs/failures/FAILED_Verify_correlation_ID_is_propagated_in_account_ret_20250914_204357.txt
2025-09-14 20:43:57,843 - banking_api_tests - INFO - [environment.py:384] - [END] ============================================================
2025-09-14 20:43:57,843 - banking_api_tests - INFO - [environment.py:385] - [FAILED] SCENARIO COMPLETE: Verify correlation ID is propagated in account retrieval
2025-09-14 20:43:57,843 - banking_api_tests - INFO - [environment.py:386] - [INFO] Status: [FAILED] FAILED
2025-09-14 20:43:57,843 - banking_api_tests - INFO - [environment.py:387] - [TIME]  Duration: 0:00:00.137881
2025-09-14 20:43:57,843 - banking_api_tests - INFO - [environment.py:388] - [URL] API Calls Made: 1
2025-09-14 20:43:57,843 - banking_api_tests - INFO - [environment.py:392] - [PERFORMANCE] Avg Response Time: 0.004s
2025-09-14 20:43:57,843 - banking_api_tests - INFO - [environment.py:393] - [INFO] Total Response Time: 0.004s
2025-09-14 20:43:57,843 - banking_api_tests - ERROR - [environment.py:397] - [ERROR] Last Error: Status code assertion failed - Expected: 200, Actual: 500 | JSON Error: {"cause1": "com.github.tomakehurst.wiremock.common.JsonException: {\r\n  &quot;errors&quot; : [ {\r\n    &quot;code&quot; : 10,\r\n    &quot;source&quot; : { },\r\n    &quot;title&quot; : &quot;Error parsing JSON&quot;,\r\n    &quot;detail&quot; : &quot;Unexpected character (&apos;j&apos; (code 106)): was expecting comma to separate Object entries\\n at [Source: (String)\\&quot;{\\&quot;accountId\\&quot;:\\&quot;ACC001\\&quot;,\\&quot;customerId\\&quot;:\\&quot;CUST158344\\&quot;,\\&quot;bsb\\&quot;:\\&quot;960369\\&quot;,\\&quot;accountNumber\\&quot;:\\&quot;98034734\\&quot;,\\&quot;accountType\\&quot;:\\&quot;SAVINGS\\&quot;,\\&quot;currency\\&quot;:\\&quot;AUD\\&quot;,\\&quot;balance\\&quot;:\\&quot;\\&quot;jj#&apos;2]eov&lt;e7a=m|&gt;g-?m9zqp9?yecxmn!6\\&quot;,\\&quot;createdAt\\&quot;:\\&quot;2025-09-14 20:43:57\\&quot;}\\&quot;; line: 1, column: 144]&quot;\r\n  } ]\r\n}", "servlet": "com.github.tomakehurst.wiremock.servlet.WireMockHandlerDispatchingServlet-72ed9aad", "cause0": "wiremock.com.fasterxml.jackson.databind.JsonMappingException: {\r\n  &quot;errors&quot; : [ {\r\n    &quot;code&quot; : 10,\r\n    &quot;source&quot; : { },\r\n    &quot;title&quot; : &quot;Error parsing JSON&quot;,\r\n    &quot;detail&quot; : &quot;Unexpected character (&apos;j&apos; (code 106)): was expecting comma to separate Object entries\\n at [Source: (String)\\&quot;{\\&quot;accountId\\&quot;:\\&quot;ACC001\\&quot;,\\&quot;customerId\\&quot;:\\&quot;CUST158344\\&quot;,\\&quot;bsb\\&quot;:\\&quot;960369\\&quot;,\\&quot;accountNumber\\&quot;:\\&quot;98034734\\&quot;,\\&quot;accountType\\&quot;:\\&quot;SAVINGS\\&quot;,\\&quot;currency\\&quot;:\\&quot;AUD\\&quot;,\\&quot;balance\\&quot;:\\&quot;\\&quot;jj#&apos;2]eov&lt;e7a=m|&gt;g-?m9zqp9?yecxmn!6\\&quot;,\\&quot;createdAt\\&quot;:\\&quot;2025-09-14 20:43:57\\&quot;}\\&quot;; line: 1, column: 144]&quot;\r\n  } ]\r\n} (through reference chain: com.github.tomakehurst.wiremock.http.ResponseDefinition[&quot;jsonBody&quot;])", "message": "wiremock.com.fasterxml.jackson.databind.JsonMappingException: {\r\n  &quot;errors&quot; : [ {\r\n    &quot;code&quot; : 10,\r\n    &quot;source&quot; : { },\r\n    &quot;title&quot; : &quot;Error parsing JSON&quot;,\r\n    &quot;detail&quot; : &quot;Unexpected character (&apos;j&apos; (code 106)): was expecting comma to separate Object entries\\n at [Source: (String)\\&quot;{\\&quot;accountId\\&quot;:\\&quot;ACC001\\&quot;,\\&quot;customerId\\&quot;:\\&quot;CUST158344\\&quot;,\\&quot;bsb\\&quot;:\\&quot;960369\\&quot;,\\&quot;accountNumber\\&quot;:\\&quot;98034734\\&quot;,\\&quot;accountType\\&quot;:\\&quot;SAVINGS\\&quot;,\\&quot;currency\\&quot;:\\&quot;AUD\\&quot;,\\&quot;balance\\&quot;:\\&quot;\\&quot;jj#&apos;2]eov&lt;e7a=m|&gt;g-?m9zqp9?yecxmn!6\\&quot;,\\&quot;createdAt\\&quot;:\\&quot;2025-09-14 20:43:57\\&quot;}\\&quot;; line: 1, column: 144]&quot;\r\n  } ]\r\n} (through reference chain: com.github.tomakehurst.wiremock.http.ResponseDefinition[&quot;jsonBody&quot;])", "url": "/accounts/ACC001", "status": "500"}
2025-09-14 20:43:57,844 - banking_api_tests - INFO - [environment.py:406] - [END] ============================================================
2025-09-14 20:43:57,845 - banking_api_tests - INFO - [environment.py:344] - [SCENARIO] ============================================================
2025-09-14 20:43:57,845 - banking_api_tests - INFO - [environment.py:345] - [TEST] SCENARIO START: Verify consistent response for repeated requests
2025-09-14 20:43:57,845 - banking_api_tests - INFO - [environment.py:346] - [FILE] Feature: Account Retrieval
2025-09-14 20:43:57,845 - banking_api_tests - INFO - [environment.py:347] - [LOCATION] Location: features/accounts/account_retrieval.feature:91
2025-09-14 20:43:57,845 - banking_api_tests - INFO - [environment.py:348] - [TAGS]  Tags: caching_behavior
2025-09-14 20:43:57,845 - banking_api_tests - INFO - [environment.py:349] - [TIME] Start Time: 2025-09-14T20:43:57.845091
2025-09-14 20:43:57,845 - banking_api_tests - INFO - [environment.py:350] - [SCENARIO] ============================================================
2025-09-14 20:43:57,846 - banking_api_tests - INFO - [common_steps.py:153] - [API] Checking API availability...
2025-09-14 20:43:57,958 - banking_api_tests - INFO - [common_steps.py:163] - [RESPONSE] API Health Check - Status: 200
2025-09-14 20:43:57,958 - banking_api_tests - INFO - [common_steps.py:170] - [SUCCESS] API is available and responding
2025-09-14 20:43:57,959 - banking_api_tests - INFO - [common_steps.py:192] - [AUTH] Configuring authentication credentials...
2025-09-14 20:43:57,959 - banking_api_tests - INFO - [common_steps.py:201] - [AUTH] Auth Token Configured: ****************2024
2025-09-14 20:43:57,959 - banking_api_tests - INFO - [common_steps.py:211] - [SUCCESS] Authentication credentials validated and configured
2025-09-14 20:43:57,960 - banking_api_tests - INFO - [common_steps.py:305] - [REQUEST] Sending GET request to: /accounts/ACC001
2025-09-14 20:43:57,975 - banking_api_tests - INFO - [common_steps.py:327] - [RESPONSE] GET Response: 500
2025-09-14 20:43:57,975 - banking_api_tests - INFO - [common_steps.py:328] - [TIME] Response Time: 0.015s
2025-09-14 20:43:57,976 - banking_api_tests - INFO - [common_steps.py:341] - [SUCCESS] GET request completed successfully
2025-09-14 20:43:57,976 - banking_api_tests - INFO - [common_steps.py:497] - [VERIFY] Verifying response status code should be 200
2025-09-14 20:43:57,976 - banking_api_tests - INFO - [common_steps.py:504] - [INFO] Expected: 200, Actual: 500
2025-09-14 20:43:57,977 - banking_api_tests - ERROR - [common_steps.py:509] - [ERROR] Status code assertion FAILED: Expected 200, got 500
2025-09-14 20:43:57,977 - banking_api_tests - ERROR - [common_steps.py:510] - [BODY] Response content: {
"cause1":"com.github.tomakehurst.wiremock.common.JsonException: {\r\n  &quot;errors&quot; : [ {\r\n    &quot;code&quot; : 10,\r\n    &quot;source&quot; : { },\r\n    &quot;title&quot; : &quot;Error parsing JSON&quot;,\r\n    &quot;detail&quot; : &quot;Unrecognized character escape &apos;c&apos; (c...
2025-09-14 20:43:57,977 - banking_api_tests - ERROR - [common_steps.py:525] - [BODY] Error Response JSON: {
  "cause1": "com.github.tomakehurst.wiremock.common.JsonException: {\r\n  &quot;errors&quot; : [ {\r\n    &quot;code&quot; : 10,\r\n    &quot;source&quot; : { },\r\n    &quot;title&quot; : &quot;Error parsing JSON&quot;,\r\n    &quot;detail&quot; : &quot;Unrecognized character escape &apos;c&apos; (code 99)\\n at [Source: (String)\\&quot;{\\&quot;accountId\\&quot;:\\&quot;ACC001\\&quot;,\\&quot;customerId\\&quot;:\\&quot;CUST232834\\&quot;,\\&quot;bsb\\&quot;:\\&quot;168051\\&quot;,\\&quot;accountNumber\\&quot;:\\&quot;10565274\\&quot;,\\&quot;accountType\\&quot;:\\&quot;SAVINGS\\&quot;,\\&quot;currency\\&quot;:\\&quot;AUD\\&quot;,\\&quot;balance\\&quot;:\\&quot;7]5,cda8-6+f&amp;n:yl3$=2mh\\\\ct0u`ek@[kk=\\&quot;,\\&quot;createdAt\\&quot;:\\&quot;2025-09-14 20:43:57\\&quot;}\\&quot;; line: 1, column: 167]&quot;\r\n  } ]\r\n}",
  "servlet": "com.github.tomakehurst.wiremock.servlet.WireMockHandlerDispatchingServlet-72ed9aad",
  "cause0": "wiremock.com.fasterxml.jackson.databind.JsonMappingException: {\r\n  &quot;errors&quot; : [ {\r\n    &quot;code&quot; : 10,\r\n    &quot;source&quot; : { },\r\n    &quot;title&quot; : &quot;Error parsing JSON&quot;,\r\n    &quot;detail&quot; : &quot;Unrecognized character escape &apos;c&apos; (code 99)\\n at [Source: (String)\\&quot;{\\&quot;accountId\\&quot;:\\&quot;ACC001\\&quot;,\\&quot;customerId\\&quot;:\\&quot;CUST232834\\&quot;,\\&quot;bsb\\&quot;:\\&quot;168051\\&quot;,\\&quot;accountNumber\\&quot;:\\&quot;10565274\\&quot;,\\&quot;accountType\\&quot;:\\&quot;SAVINGS\\&quot;,\\&quot;currency\\&quot;:\\&quot;AUD\\&quot;,\\&quot;balance\\&quot;:\\&quot;7]5,cda8-6+f&amp;n:yl3$=2mh\\\\ct0u`ek@[kk=\\&quot;,\\&quot;createdAt\\&quot;:\\&quot;2025-09-14 20:43:57\\&quot;}\\&quot;; line: 1, column: 167]&quot;\r\n  } ]\r\n} (through reference chain: com.github.tomakehurst.wiremock.http.ResponseDefinition[&quot;jsonBody&quot;])",
  "message": "wiremock.com.fasterxml.jackson.databind.JsonMappingException: {\r\n  &quot;errors&quot; : [ {\r\n    &quot;code&quot; : 10,\r\n    &quot;source&quot; : { },\r\n    &quot;title&quot; : &quot;Error parsing JSON&quot;,\r\n    &quot;detail&quot; : &quot;Unrecognized character escape &apos;c&apos; (code 99)\\n at [Source: (String)\\&quot;{\\&quot;accountId\\&quot;:\\&quot;ACC001\\&quot;,\\&quot;customerId\\&quot;:\\&quot;CUST232834\\&quot;,\\&quot;bsb\\&quot;:\\&quot;168051\\&quot;,\\&quot;accountNumber\\&quot;:\\&quot;10565274\\&quot;,\\&quot;accountType\\&quot;:\\&quot;SAVINGS\\&quot;,\\&quot;currency\\&quot;:\\&quot;AUD\\&quot;,\\&quot;balance\\&quot;:\\&quot;7]5,cda8-6+f&amp;n:yl3$=2mh\\\\ct0u`ek@[kk=\\&quot;,\\&quot;createdAt\\&quot;:\\&quot;2025-09-14 20:43:57\\&quot;}\\&quot;; line: 1, column: 167]&quot;\r\n  } ]\r\n} (through reference chain: com.github.tomakehurst.wiremock.http.ResponseDefinition[&quot;jsonBody&quot;])",
  "url": "/accounts/ACC001",
  "status": "500"
}
2025-09-14 20:43:57,978 - banking_api_tests - ERROR - [environment.py:170] - [SAVE] Failure details saved to: logs/failures/FAILED_Verify_consistent_response_for_repeated_requests_20250914_204357.txt
2025-09-14 20:43:57,979 - banking_api_tests - INFO - [environment.py:384] - [END] ============================================================
2025-09-14 20:43:57,979 - banking_api_tests - INFO - [environment.py:385] - [FAILED] SCENARIO COMPLETE: Verify consistent response for repeated requests
2025-09-14 20:43:57,979 - banking_api_tests - INFO - [environment.py:386] - [INFO] Status: [FAILED] FAILED
2025-09-14 20:43:57,979 - banking_api_tests - INFO - [environment.py:387] - [TIME]  Duration: 0:00:00.133031
2025-09-14 20:43:57,979 - banking_api_tests - INFO - [environment.py:388] - [URL] API Calls Made: 1
2025-09-14 20:43:57,979 - banking_api_tests - INFO - [environment.py:392] - [PERFORMANCE] Avg Response Time: 0.015s
2025-09-14 20:43:57,979 - banking_api_tests - INFO - [environment.py:393] - [INFO] Total Response Time: 0.015s
2025-09-14 20:43:57,979 - banking_api_tests - ERROR - [environment.py:397] - [ERROR] Last Error: Status code assertion failed - Expected: 200, Actual: 500 | JSON Error: {"cause1": "com.github.tomakehurst.wiremock.common.JsonException: {\r\n  &quot;errors&quot; : [ {\r\n    &quot;code&quot; : 10,\r\n    &quot;source&quot; : { },\r\n    &quot;title&quot; : &quot;Error parsing JSON&quot;,\r\n    &quot;detail&quot; : &quot;Unrecognized character escape &apos;c&apos; (code 99)\\n at [Source: (String)\\&quot;{\\&quot;accountId\\&quot;:\\&quot;ACC001\\&quot;,\\&quot;customerId\\&quot;:\\&quot;CUST232834\\&quot;,\\&quot;bsb\\&quot;:\\&quot;168051\\&quot;,\\&quot;accountNumber\\&quot;:\\&quot;10565274\\&quot;,\\&quot;accountType\\&quot;:\\&quot;SAVINGS\\&quot;,\\&quot;currency\\&quot;:\\&quot;AUD\\&quot;,\\&quot;balance\\&quot;:\\&quot;7]5,cda8-6+f&amp;n:yl3$=2mh\\\\ct0u`ek@[kk=\\&quot;,\\&quot;createdAt\\&quot;:\\&quot;2025-09-14 20:43:57\\&quot;}\\&quot;; line: 1, column: 167]&quot;\r\n  } ]\r\n}", "servlet": "com.github.tomakehurst.wiremock.servlet.WireMockHandlerDispatchingServlet-72ed9aad", "cause0": "wiremock.com.fasterxml.jackson.databind.JsonMappingException: {\r\n  &quot;errors&quot; : [ {\r\n    &quot;code&quot; : 10,\r\n    &quot;source&quot; : { },\r\n    &quot;title&quot; : &quot;Error parsing JSON&quot;,\r\n    &quot;detail&quot; : &quot;Unrecognized character escape &apos;c&apos; (code 99)\\n at [Source: (String)\\&quot;{\\&quot;accountId\\&quot;:\\&quot;ACC001\\&quot;,\\&quot;customerId\\&quot;:\\&quot;CUST232834\\&quot;,\\&quot;bsb\\&quot;:\\&quot;168051\\&quot;,\\&quot;accountNumber\\&quot;:\\&quot;10565274\\&quot;,\\&quot;accountType\\&quot;:\\&quot;SAVINGS\\&quot;,\\&quot;currency\\&quot;:\\&quot;AUD\\&quot;,\\&quot;balance\\&quot;:\\&quot;7]5,cda8-6+f&amp;n:yl3$=2mh\\\\ct0u`ek@[kk=\\&quot;,\\&quot;createdAt\\&quot;:\\&quot;2025-09-14 20:43:57\\&quot;}\\&quot;; line: 1, column: 167]&quot;\r\n  } ]\r\n} (through reference chain: com.github.tomakehurst.wiremock.http.ResponseDefinition[&quot;jsonBody&quot;])", "message": "wiremock.com.fasterxml.jackson.databind.JsonMappingException: {\r\n  &quot;errors&quot; : [ {\r\n    &quot;code&quot; : 10,\r\n    &quot;source&quot; : { },\r\n    &quot;title&quot; : &quot;Error parsing JSON&quot;,\r\n    &quot;detail&quot; : &quot;Unrecognized character escape &apos;c&apos; (code 99)\\n at [Source: (String)\\&quot;{\\&quot;accountId\\&quot;:\\&quot;ACC001\\&quot;,\\&quot;customerId\\&quot;:\\&quot;CUST232834\\&quot;,\\&quot;bsb\\&quot;:\\&quot;168051\\&quot;,\\&quot;accountNumber\\&quot;:\\&quot;10565274\\&quot;,\\&quot;accountType\\&quot;:\\&quot;SAVINGS\\&quot;,\\&quot;currency\\&quot;:\\&quot;AUD\\&quot;,\\&quot;balance\\&quot;:\\&quot;7]5,cda8-6+f&amp;n:yl3$=2mh\\\\ct0u`ek@[kk=\\&quot;,\\&quot;createdAt\\&quot;:\\&quot;2025-09-14 20:43:57\\&quot;}\\&quot;; line: 1, column: 167]&quot;\r\n  } ]\r\n} (through reference chain: com.github.tomakehurst.wiremock.http.ResponseDefinition[&quot;jsonBody&quot;])", "url": "/accounts/ACC001", "status": "500"}
2025-09-14 20:43:57,980 - banking_api_tests - INFO - [environment.py:406] - [END] ============================================================
2025-09-14 20:43:57,981 - banking_api_tests - INFO - [environment.py:344] - [SCENARIO] ============================================================
2025-09-14 20:43:57,981 - banking_api_tests - INFO - [environment.py:345] - [TEST] SCENARIO START: Verify account retrieval response headers
2025-09-14 20:43:57,981 - banking_api_tests - INFO - [environment.py:346] - [FILE] Feature: Account Retrieval
2025-09-14 20:43:57,981 - banking_api_tests - INFO - [environment.py:347] - [LOCATION] Location: features/accounts/account_retrieval.feature:101
2025-09-14 20:43:57,981 - banking_api_tests - INFO - [environment.py:348] - [TAGS]  Tags: response_headers
2025-09-14 20:43:57,981 - banking_api_tests - INFO - [environment.py:349] - [TIME] Start Time: 2025-09-14T20:43:57.981074
2025-09-14 20:43:57,981 - banking_api_tests - INFO - [environment.py:350] - [SCENARIO] ============================================================
2025-09-14 20:43:57,982 - banking_api_tests - INFO - [common_steps.py:153] - [API] Checking API availability...
2025-09-14 20:43:58,096 - banking_api_tests - INFO - [common_steps.py:163] - [RESPONSE] API Health Check - Status: 200
2025-09-14 20:43:58,096 - banking_api_tests - INFO - [common_steps.py:170] - [SUCCESS] API is available and responding
2025-09-14 20:43:58,097 - banking_api_tests - INFO - [common_steps.py:192] - [AUTH] Configuring authentication credentials...
2025-09-14 20:43:58,097 - banking_api_tests - INFO - [common_steps.py:201] - [AUTH] Auth Token Configured: ****************2024
2025-09-14 20:43:58,097 - banking_api_tests - INFO - [common_steps.py:211] - [SUCCESS] Authentication credentials validated and configured
2025-09-14 20:43:58,098 - banking_api_tests - INFO - [common_steps.py:305] - [REQUEST] Sending GET request to: /accounts/ACC001
2025-09-14 20:43:58,113 - banking_api_tests - INFO - [common_steps.py:327] - [RESPONSE] GET Response: 200
2025-09-14 20:43:58,113 - banking_api_tests - INFO - [common_steps.py:328] - [TIME] Response Time: 0.015s
2025-09-14 20:43:58,113 - banking_api_tests - INFO - [common_steps.py:341] - [SUCCESS] GET request completed successfully
2025-09-14 20:43:58,114 - banking_api_tests - INFO - [common_steps.py:497] - [VERIFY] Verifying response status code should be 200
2025-09-14 20:43:58,114 - banking_api_tests - INFO - [common_steps.py:504] - [INFO] Expected: 200, Actual: 200
2025-09-14 20:43:58,114 - banking_api_tests - INFO - [common_steps.py:507] - [SUCCESS] Status code assertion PASSED: 200
2025-09-14 20:43:58,115 - banking_api_tests - INFO - [common_steps.py:1127] - [VERIFY] Checking security headers in response
2025-09-14 20:43:58,115 - banking_api_tests - INFO - [common_steps.py:1151] - [SUCCESS] All security headers present
2025-09-14 20:43:58,115 - banking_api_tests - INFO - [common_steps.py:682] - [SUCCESS] Found correlation ID: 
2025-09-14 20:43:58,115 - banking_api_tests - INFO - [environment.py:384] - [END] ============================================================
2025-09-14 20:43:58,116 - banking_api_tests - INFO - [environment.py:385] - [PASSED] SCENARIO COMPLETE: Verify account retrieval response headers
2025-09-14 20:43:58,116 - banking_api_tests - INFO - [environment.py:386] - [INFO] Status: [PASSED] PASSED
2025-09-14 20:43:58,116 - banking_api_tests - INFO - [environment.py:387] - [TIME]  Duration: 0:00:00.134749
2025-09-14 20:43:58,116 - banking_api_tests - INFO - [environment.py:388] - [URL] API Calls Made: 1
2025-09-14 20:43:58,116 - banking_api_tests - INFO - [environment.py:392] - [PERFORMANCE] Avg Response Time: 0.015s
2025-09-14 20:43:58,116 - banking_api_tests - INFO - [environment.py:393] - [INFO] Total Response Time: 0.015s
2025-09-14 20:43:58,116 - banking_api_tests - INFO - [environment.py:401] - [URL] Final Response Status: 200
2025-09-14 20:43:58,116 - banking_api_tests - INFO - [environment.py:404] - [VERIFY] Correlation ID: 
2025-09-14 20:43:58,116 - banking_api_tests - INFO - [environment.py:406] - [END] ============================================================
2025-09-14 20:43:58,117 - banking_api_tests - INFO - [environment.py:344] - [SCENARIO] ============================================================
2025-09-14 20:43:58,118 - banking_api_tests - INFO - [environment.py:345] - [TEST] SCENARIO START: Account retrieval with special characters in ID -- @1.1 
2025-09-14 20:43:58,118 - banking_api_tests - INFO - [environment.py:346] - [FILE] Feature: Account Retrieval
2025-09-14 20:43:58,118 - banking_api_tests - INFO - [environment.py:347] - [LOCATION] Location: features/accounts/account_retrieval.feature:115
2025-09-14 20:43:58,118 - banking_api_tests - INFO - [environment.py:348] - [TAGS]  Tags: edge_cases
2025-09-14 20:43:58,118 - banking_api_tests - INFO - [environment.py:349] - [TIME] Start Time: 2025-09-14T20:43:58.117940
2025-09-14 20:43:58,118 - banking_api_tests - INFO - [environment.py:350] - [SCENARIO] ============================================================
2025-09-14 20:43:58,119 - banking_api_tests - INFO - [common_steps.py:153] - [API] Checking API availability...
2025-09-14 20:43:58,235 - banking_api_tests - INFO - [common_steps.py:163] - [RESPONSE] API Health Check - Status: 200
2025-09-14 20:43:58,235 - banking_api_tests - INFO - [common_steps.py:170] - [SUCCESS] API is available and responding
2025-09-14 20:43:58,236 - banking_api_tests - INFO - [common_steps.py:192] - [AUTH] Configuring authentication credentials...
2025-09-14 20:43:58,236 - banking_api_tests - INFO - [common_steps.py:201] - [AUTH] Auth Token Configured: ****************2024
2025-09-14 20:43:58,236 - banking_api_tests - INFO - [common_steps.py:211] - [SUCCESS] Authentication credentials validated and configured
2025-09-14 20:43:58,236 - banking_api_tests - INFO - [common_steps.py:305] - [REQUEST] Sending GET request to: /accounts/ACC@001
2025-09-14 20:43:58,252 - banking_api_tests - INFO - [common_steps.py:327] - [RESPONSE] GET Response: 404
2025-09-14 20:43:58,252 - banking_api_tests - INFO - [common_steps.py:328] - [TIME] Response Time: 0.015s
2025-09-14 20:43:58,252 - banking_api_tests - INFO - [common_steps.py:341] - [SUCCESS] GET request completed successfully
2025-09-14 20:43:58,253 - banking_api_tests - INFO - [common_steps.py:497] - [VERIFY] Verifying response status code should be 404
2025-09-14 20:43:58,253 - banking_api_tests - INFO - [common_steps.py:504] - [INFO] Expected: 404, Actual: 404
2025-09-14 20:43:58,253 - banking_api_tests - INFO - [common_steps.py:507] - [SUCCESS] Status code assertion PASSED: 404
2025-09-14 20:43:58,254 - banking_api_tests - INFO - [common_steps.py:956] - [VERIFY] Verifying response contains error message
2025-09-14 20:43:58,254 - banking_api_tests - INFO - [common_steps.py:976] - [SUCCESS] Error message assertion PASSED: Found 'error': Account not found
2025-09-14 20:43:58,254 - banking_api_tests - INFO - [environment.py:384] - [END] ============================================================
2025-09-14 20:43:58,254 - banking_api_tests - INFO - [environment.py:385] - [PASSED] SCENARIO COMPLETE: Account retrieval with special characters in ID -- @1.1 
2025-09-14 20:43:58,254 - banking_api_tests - INFO - [environment.py:386] - [INFO] Status: [PASSED] PASSED
2025-09-14 20:43:58,254 - banking_api_tests - INFO - [environment.py:387] - [TIME]  Duration: 0:00:00.136478
2025-09-14 20:43:58,255 - banking_api_tests - INFO - [environment.py:388] - [URL] API Calls Made: 1
2025-09-14 20:43:58,255 - banking_api_tests - INFO - [environment.py:392] - [PERFORMANCE] Avg Response Time: 0.015s
2025-09-14 20:43:58,255 - banking_api_tests - INFO - [environment.py:393] - [INFO] Total Response Time: 0.015s
2025-09-14 20:43:58,255 - banking_api_tests - INFO - [environment.py:406] - [END] ============================================================
2025-09-14 20:43:58,256 - banking_api_tests - INFO - [environment.py:344] - [SCENARIO] ============================================================
2025-09-14 20:43:58,256 - banking_api_tests - INFO - [environment.py:345] - [TEST] SCENARIO START: Account retrieval with special characters in ID -- @1.2 
2025-09-14 20:43:58,256 - banking_api_tests - INFO - [environment.py:346] - [FILE] Feature: Account Retrieval
2025-09-14 20:43:58,256 - banking_api_tests - INFO - [environment.py:347] - [LOCATION] Location: features/accounts/account_retrieval.feature:116
2025-09-14 20:43:58,256 - banking_api_tests - INFO - [environment.py:348] - [TAGS]  Tags: edge_cases
2025-09-14 20:43:58,256 - banking_api_tests - INFO - [environment.py:349] - [TIME] Start Time: 2025-09-14T20:43:58.255997
2025-09-14 20:43:58,256 - banking_api_tests - INFO - [environment.py:350] - [SCENARIO] ============================================================
2025-09-14 20:43:58,257 - banking_api_tests - INFO - [common_steps.py:153] - [API] Checking API availability...
2025-09-14 20:43:58,388 - banking_api_tests - INFO - [common_steps.py:163] - [RESPONSE] API Health Check - Status: 200
2025-09-14 20:43:58,389 - banking_api_tests - INFO - [common_steps.py:170] - [SUCCESS] API is available and responding
2025-09-14 20:43:58,389 - banking_api_tests - INFO - [common_steps.py:192] - [AUTH] Configuring authentication credentials...
2025-09-14 20:43:58,389 - banking_api_tests - INFO - [common_steps.py:201] - [AUTH] Auth Token Configured: ****************2024
2025-09-14 20:43:58,390 - banking_api_tests - INFO - [common_steps.py:211] - [SUCCESS] Authentication credentials validated and configured
2025-09-14 20:43:58,390 - banking_api_tests - INFO - [common_steps.py:305] - [REQUEST] Sending GET request to: /accounts/ACC 001
2025-09-14 20:43:58,405 - banking_api_tests - INFO - [common_steps.py:327] - [RESPONSE] GET Response: 404
2025-09-14 20:43:58,406 - banking_api_tests - INFO - [common_steps.py:328] - [TIME] Response Time: 0.015s
2025-09-14 20:43:58,406 - banking_api_tests - INFO - [common_steps.py:341] - [SUCCESS] GET request completed successfully
2025-09-14 20:43:58,406 - banking_api_tests - INFO - [common_steps.py:497] - [VERIFY] Verifying response status code should be 404
2025-09-14 20:43:58,406 - banking_api_tests - INFO - [common_steps.py:504] - [INFO] Expected: 404, Actual: 404
2025-09-14 20:43:58,407 - banking_api_tests - INFO - [common_steps.py:507] - [SUCCESS] Status code assertion PASSED: 404
2025-09-14 20:43:58,407 - banking_api_tests - INFO - [common_steps.py:956] - [VERIFY] Verifying response contains error message
2025-09-14 20:43:58,407 - banking_api_tests - INFO - [common_steps.py:976] - [SUCCESS] Error message assertion PASSED: Found 'error': Account not found
2025-09-14 20:43:58,407 - banking_api_tests - INFO - [environment.py:384] - [END] ============================================================
2025-09-14 20:43:58,408 - banking_api_tests - INFO - [environment.py:385] - [PASSED] SCENARIO COMPLETE: Account retrieval with special characters in ID -- @1.2 
2025-09-14 20:43:58,408 - banking_api_tests - INFO - [environment.py:386] - [INFO] Status: [PASSED] PASSED
2025-09-14 20:43:58,408 - banking_api_tests - INFO - [environment.py:387] - [TIME]  Duration: 0:00:00.151895
2025-09-14 20:43:58,408 - banking_api_tests - INFO - [environment.py:388] - [URL] API Calls Made: 1
2025-09-14 20:43:58,408 - banking_api_tests - INFO - [environment.py:392] - [PERFORMANCE] Avg Response Time: 0.015s
2025-09-14 20:43:58,408 - banking_api_tests - INFO - [environment.py:393] - [INFO] Total Response Time: 0.015s
2025-09-14 20:43:58,408 - banking_api_tests - INFO - [environment.py:406] - [END] ============================================================
2025-09-14 20:43:58,409 - banking_api_tests - INFO - [environment.py:344] - [SCENARIO] ============================================================
2025-09-14 20:43:58,409 - banking_api_tests - INFO - [environment.py:345] - [TEST] SCENARIO START: Account retrieval with special characters in ID -- @1.3 
2025-09-14 20:43:58,409 - banking_api_tests - INFO - [environment.py:346] - [FILE] Feature: Account Retrieval
2025-09-14 20:43:58,409 - banking_api_tests - INFO - [environment.py:347] - [LOCATION] Location: features/accounts/account_retrieval.feature:117
2025-09-14 20:43:58,409 - banking_api_tests - INFO - [environment.py:348] - [TAGS]  Tags: edge_cases
2025-09-14 20:43:58,409 - banking_api_tests - INFO - [environment.py:349] - [TIME] Start Time: 2025-09-14T20:43:58.409197
2025-09-14 20:43:58,409 - banking_api_tests - INFO - [environment.py:350] - [SCENARIO] ============================================================
2025-09-14 20:43:58,410 - banking_api_tests - INFO - [common_steps.py:153] - [API] Checking API availability...
2025-09-14 20:43:58,544 - banking_api_tests - INFO - [common_steps.py:163] - [RESPONSE] API Health Check - Status: 200
2025-09-14 20:43:58,544 - banking_api_tests - INFO - [common_steps.py:170] - [SUCCESS] API is available and responding
2025-09-14 20:43:58,544 - banking_api_tests - INFO - [common_steps.py:192] - [AUTH] Configuring authentication credentials...
2025-09-14 20:43:58,544 - banking_api_tests - INFO - [common_steps.py:201] - [AUTH] Auth Token Configured: ****************2024
2025-09-14 20:43:58,545 - banking_api_tests - INFO - [common_steps.py:211] - [SUCCESS] Authentication credentials validated and configured
2025-09-14 20:43:58,545 - banking_api_tests - INFO - [common_steps.py:305] - [REQUEST] Sending GET request to: /accounts/ACC#001
2025-09-14 20:43:58,561 - banking_api_tests - INFO - [common_steps.py:327] - [RESPONSE] GET Response: 404
2025-09-14 20:43:58,561 - banking_api_tests - INFO - [common_steps.py:328] - [TIME] Response Time: 0.015s
2025-09-14 20:43:58,561 - banking_api_tests - INFO - [common_steps.py:341] - [SUCCESS] GET request completed successfully
2025-09-14 20:43:58,561 - banking_api_tests - INFO - [common_steps.py:497] - [VERIFY] Verifying response status code should be 404
2025-09-14 20:43:58,562 - banking_api_tests - INFO - [common_steps.py:504] - [INFO] Expected: 404, Actual: 404
2025-09-14 20:43:58,562 - banking_api_tests - INFO - [common_steps.py:507] - [SUCCESS] Status code assertion PASSED: 404
2025-09-14 20:43:58,562 - banking_api_tests - INFO - [common_steps.py:956] - [VERIFY] Verifying response contains error message
2025-09-14 20:43:58,562 - banking_api_tests - INFO - [common_steps.py:976] - [SUCCESS] Error message assertion PASSED: Found 'error': Account not found
2025-09-14 20:43:58,562 - banking_api_tests - INFO - [environment.py:384] - [END] ============================================================
2025-09-14 20:43:58,563 - banking_api_tests - INFO - [environment.py:385] - [PASSED] SCENARIO COMPLETE: Account retrieval with special characters in ID -- @1.3 
2025-09-14 20:43:58,563 - banking_api_tests - INFO - [environment.py:386] - [INFO] Status: [PASSED] PASSED
2025-09-14 20:43:58,563 - banking_api_tests - INFO - [environment.py:387] - [TIME]  Duration: 0:00:00.153732
2025-09-14 20:43:58,563 - banking_api_tests - INFO - [environment.py:388] - [URL] API Calls Made: 1
2025-09-14 20:43:58,563 - banking_api_tests - INFO - [environment.py:392] - [PERFORMANCE] Avg Response Time: 0.015s
2025-09-14 20:43:58,563 - banking_api_tests - INFO - [environment.py:393] - [INFO] Total Response Time: 0.015s
2025-09-14 20:43:58,563 - banking_api_tests - INFO - [environment.py:406] - [END] ============================================================
2025-09-14 20:43:58,564 - banking_api_tests - INFO - [environment.py:344] - [SCENARIO] ============================================================
2025-09-14 20:43:58,564 - banking_api_tests - INFO - [environment.py:345] - [TEST] SCENARIO START: Account retrieval with special characters in ID -- @1.4 
2025-09-14 20:43:58,564 - banking_api_tests - INFO - [environment.py:346] - [FILE] Feature: Account Retrieval
2025-09-14 20:43:58,564 - banking_api_tests - INFO - [environment.py:347] - [LOCATION] Location: features/accounts/account_retrieval.feature:118
2025-09-14 20:43:58,564 - banking_api_tests - INFO - [environment.py:348] - [TAGS]  Tags: edge_cases
2025-09-14 20:43:58,565 - banking_api_tests - INFO - [environment.py:349] - [TIME] Start Time: 2025-09-14T20:43:58.564436
2025-09-14 20:43:58,565 - banking_api_tests - INFO - [environment.py:350] - [SCENARIO] ============================================================
2025-09-14 20:43:58,565 - banking_api_tests - INFO - [common_steps.py:153] - [API] Checking API availability...
2025-09-14 20:43:58,699 - banking_api_tests - INFO - [common_steps.py:163] - [RESPONSE] API Health Check - Status: 200
2025-09-14 20:43:58,700 - banking_api_tests - INFO - [common_steps.py:170] - [SUCCESS] API is available and responding
2025-09-14 20:43:58,700 - banking_api_tests - INFO - [common_steps.py:192] - [AUTH] Configuring authentication credentials...
2025-09-14 20:43:58,700 - banking_api_tests - INFO - [common_steps.py:201] - [AUTH] Auth Token Configured: ****************2024
2025-09-14 20:43:58,701 - banking_api_tests - INFO - [common_steps.py:211] - [SUCCESS] Authentication credentials validated and configured
2025-09-14 20:43:58,701 - banking_api_tests - INFO - [common_steps.py:305] - [REQUEST] Sending GET request to: /accounts/ACC%001
2025-09-14 20:43:58,715 - banking_api_tests - INFO - [common_steps.py:327] - [RESPONSE] GET Response: 400
2025-09-14 20:43:58,715 - banking_api_tests - INFO - [common_steps.py:328] - [TIME] Response Time: 0.013s
2025-09-14 20:43:58,715 - banking_api_tests - INFO - [common_steps.py:341] - [SUCCESS] GET request completed successfully
2025-09-14 20:43:58,715 - banking_api_tests - INFO - [common_steps.py:497] - [VERIFY] Verifying response status code should be 404
2025-09-14 20:43:58,715 - banking_api_tests - INFO - [common_steps.py:504] - [INFO] Expected: 404, Actual: 400
2025-09-14 20:43:58,716 - banking_api_tests - ERROR - [common_steps.py:509] - [ERROR] Status code assertion FAILED: Expected 404, got 400
2025-09-14 20:43:58,716 - banking_api_tests - ERROR - [common_steps.py:510] - [BODY] Response content: <h1>Bad Message 400</h1><pre>reason: Bad Request</pre>...
2025-09-14 20:43:58,717 - banking_api_tests - ERROR - [environment.py:170] - [SAVE] Failure details saved to: logs/failures/FAILED_Account_retrieval_with_special_characters_in_ID_--_20250914_204358.txt
2025-09-14 20:43:58,717 - banking_api_tests - INFO - [environment.py:384] - [END] ============================================================
2025-09-14 20:43:58,717 - banking_api_tests - INFO - [environment.py:385] - [FAILED] SCENARIO COMPLETE: Account retrieval with special characters in ID -- @1.4 
2025-09-14 20:43:58,717 - banking_api_tests - INFO - [environment.py:386] - [INFO] Status: [FAILED] FAILED
2025-09-14 20:43:58,718 - banking_api_tests - INFO - [environment.py:387] - [TIME]  Duration: 0:00:00.152193
2025-09-14 20:43:58,718 - banking_api_tests - INFO - [environment.py:388] - [URL] API Calls Made: 1
2025-09-14 20:43:58,718 - banking_api_tests - INFO - [environment.py:392] - [PERFORMANCE] Avg Response Time: 0.013s
2025-09-14 20:43:58,718 - banking_api_tests - INFO - [environment.py:393] - [INFO] Total Response Time: 0.013s
2025-09-14 20:43:58,718 - banking_api_tests - ERROR - [environment.py:397] - [ERROR] Last Error: Status code assertion failed - Expected: 404, Actual: 400
2025-09-14 20:43:58,718 - banking_api_tests - INFO - [environment.py:406] - [END] ============================================================
2025-09-14 20:43:58,722 - banking_api_tests - INFO - [environment.py:344] - [SCENARIO] ============================================================
2025-09-14 20:43:58,722 - banking_api_tests - INFO - [environment.py:345] - [TEST] SCENARIO START: Successful API access with valid bearer token
2025-09-14 20:43:58,722 - banking_api_tests - INFO - [environment.py:346] - [FILE] Feature: Authentication and Security
2025-09-14 20:43:58,722 - banking_api_tests - INFO - [environment.py:347] - [LOCATION] Location: features/authentication/auth_security.feature:11
2025-09-14 20:43:58,723 - banking_api_tests - INFO - [environment.py:348] - [TAGS]  Tags: authentication, smoke
2025-09-14 20:43:58,723 - banking_api_tests - INFO - [environment.py:349] - [TIME] Start Time: 2025-09-14T20:43:58.722469
2025-09-14 20:43:58,723 - banking_api_tests - INFO - [environment.py:350] - [SCENARIO] ============================================================
2025-09-14 20:43:58,723 - banking_api_tests - INFO - [common_steps.py:153] - [API] Checking API availability...
2025-09-14 20:43:58,856 - banking_api_tests - INFO - [common_steps.py:163] - [RESPONSE] API Health Check - Status: 200
2025-09-14 20:43:58,856 - banking_api_tests - INFO - [common_steps.py:170] - [SUCCESS] API is available and responding
2025-09-14 20:43:58,857 - banking_api_tests - INFO - [auth_steps.py:28] - [AUTH] Setting up valid bearer token
2025-09-14 20:43:58,858 - banking_api_tests - INFO - [common_steps.py:305] - [REQUEST] Sending GET request to: /customers/CUST001
2025-09-14 20:43:58,873 - banking_api_tests - INFO - [common_steps.py:327] - [RESPONSE] GET Response: 200
2025-09-14 20:43:58,873 - banking_api_tests - INFO - [common_steps.py:328] - [TIME] Response Time: 0.015s
2025-09-14 20:43:58,873 - banking_api_tests - INFO - [common_steps.py:341] - [SUCCESS] GET request completed successfully
2025-09-14 20:43:58,873 - banking_api_tests - INFO - [common_steps.py:925] - [VERIFY] Verifying response is successful (2xx status)
2025-09-14 20:43:58,874 - banking_api_tests - INFO - [common_steps.py:935] - [SUCCESS] Success assertion PASSED: Status 200
2025-09-14 20:43:58,874 - banking_api_tests - INFO - [common_steps.py:682] - [SUCCESS] Found correlation ID: 
2025-09-14 20:43:58,874 - banking_api_tests - INFO - [environment.py:384] - [END] ============================================================
2025-09-14 20:43:58,874 - banking_api_tests - INFO - [environment.py:385] - [PASSED] SCENARIO COMPLETE: Successful API access with valid bearer token
2025-09-14 20:43:58,875 - banking_api_tests - INFO - [environment.py:386] - [INFO] Status: [PASSED] PASSED
2025-09-14 20:43:58,875 - banking_api_tests - INFO - [environment.py:387] - [TIME]  Duration: 0:00:00.152301
2025-09-14 20:43:58,875 - banking_api_tests - INFO - [environment.py:388] - [URL] API Calls Made: 1
2025-09-14 20:43:58,875 - banking_api_tests - INFO - [environment.py:392] - [PERFORMANCE] Avg Response Time: 0.015s
2025-09-14 20:43:58,875 - banking_api_tests - INFO - [environment.py:393] - [INFO] Total Response Time: 0.015s
2025-09-14 20:43:58,875 - banking_api_tests - INFO - [environment.py:401] - [URL] Final Response Status: 200
2025-09-14 20:43:58,875 - banking_api_tests - INFO - [environment.py:404] - [VERIFY] Correlation ID: 
2025-09-14 20:43:58,875 - banking_api_tests - INFO - [environment.py:406] - [END] ============================================================
2025-09-14 20:43:58,881 - banking_api_tests - INFO - [environment.py:344] - [SCENARIO] ============================================================
2025-09-14 20:43:58,881 - banking_api_tests - INFO - [environment.py:345] - [TEST] SCENARIO START: Successfully create booking with generated data
2025-09-14 20:43:58,882 - banking_api_tests - INFO - [environment.py:346] - [FILE] Feature: Booking Management
2025-09-14 20:43:58,882 - banking_api_tests - INFO - [environment.py:347] - [LOCATION] Location: features/bookings/booking_management.feature:12
2025-09-14 20:43:58,882 - banking_api_tests - INFO - [environment.py:348] - [TAGS]  Tags: happy_path, smoke
2025-09-14 20:43:58,882 - banking_api_tests - INFO - [environment.py:349] - [TIME] Start Time: 2025-09-14T20:43:58.881687
2025-09-14 20:43:58,882 - banking_api_tests - INFO - [environment.py:350] - [SCENARIO] ============================================================
2025-09-14 20:43:58,883 - banking_api_tests - INFO - [common_steps.py:153] - [API] Checking API availability...
2025-09-14 20:43:58,996 - banking_api_tests - INFO - [common_steps.py:163] - [RESPONSE] API Health Check - Status: 200
2025-09-14 20:43:58,997 - banking_api_tests - INFO - [common_steps.py:170] - [SUCCESS] API is available and responding
2025-09-14 20:43:58,997 - banking_api_tests - INFO - [common_steps.py:192] - [AUTH] Configuring authentication credentials...
2025-09-14 20:43:58,998 - banking_api_tests - INFO - [common_steps.py:201] - [AUTH] Auth Token Configured: ****************2024
2025-09-14 20:43:58,998 - banking_api_tests - INFO - [common_steps.py:211] - [SUCCESS] Authentication credentials validated and configured
2025-09-14 20:43:58,999 - banking_api_tests - INFO - [data_steps.py:37] - [DATA] Generating dynamic test data for: booking
2025-09-14 20:43:59,000 - banking_api_tests - INFO - [data_steps.py:98] - [DATA] Using customer ID: CUST182095
2025-09-14 20:43:59,000 - banking_api_tests - INFO - [data_steps.py:256] - [REQUEST] Creating booking using generated data
2025-09-14 20:43:59,014 - banking_api_tests - INFO - [data_steps.py:276] - [RESPONSE] Create booking Response: 201
2025-09-14 20:43:59,014 - banking_api_tests - INFO - [data_steps.py:277] - [TIME]  Response Time: 0.014s
2025-09-14 20:43:59,015 - banking_api_tests - INFO - [common_steps.py:497] - [VERIFY] Verifying response status code should be 201
2025-09-14 20:43:59,015 - banking_api_tests - INFO - [common_steps.py:504] - [INFO] Expected: 201, Actual: 201
2025-09-14 20:43:59,015 - banking_api_tests - INFO - [common_steps.py:507] - [SUCCESS] Status code assertion PASSED: 201
2025-09-14 20:43:59,015 - banking_api_tests - INFO - [common_steps.py:590] - [VERIFY] Verifying response is valid JSON
2025-09-14 20:43:59,015 - banking_api_tests - INFO - [common_steps.py:598] - [SUCCESS] JSON validation PASSED: Response is valid JSON
2025-09-14 20:43:59,016 - banking_api_tests - INFO - [common_steps.py:539] - [VERIFY] Verifying response contains key: 'bookingId'
2025-09-14 20:43:59,016 - banking_api_tests - INFO - [common_steps.py:552] - [SUCCESS] Key assertion PASSED: Found 'bookingId' in response
2025-09-14 20:43:59,016 - banking_api_tests - INFO - [common_steps.py:539] - [VERIFY] Verifying response contains key: 'customerId'
2025-09-14 20:43:59,016 - banking_api_tests - INFO - [common_steps.py:552] - [SUCCESS] Key assertion PASSED: Found 'customerId' in response
2025-09-14 20:43:59,017 - banking_api_tests - INFO - [common_steps.py:539] - [VERIFY] Verifying response contains key: 'productType'
2025-09-14 20:43:59,017 - banking_api_tests - INFO - [common_steps.py:552] - [SUCCESS] Key assertion PASSED: Found 'productType' in response
2025-09-14 20:43:59,017 - banking_api_tests - INFO - [common_steps.py:539] - [VERIFY] Verifying response contains key: 'bookingDate'
2025-09-14 20:43:59,017 - banking_api_tests - ERROR - [common_steps.py:555] - [ERROR] Key assertion FAILED: 'bookingDate' not found in response
2025-09-14 20:43:59,018 - banking_api_tests - ERROR - [common_steps.py:556] - [HEADERS] Available keys: ['bookingId', 'customerId', 'productType', 'productId', 'status', 'createdAt']
2025-09-14 20:43:59,019 - banking_api_tests - ERROR - [environment.py:170] - [SAVE] Failure details saved to: logs/failures/FAILED_Successfully_create_booking_with_generated_data_20250914_204359.txt
2025-09-14 20:43:59,019 - banking_api_tests - INFO - [environment.py:384] - [END] ============================================================
2025-09-14 20:43:59,019 - banking_api_tests - INFO - [environment.py:385] - [FAILED] SCENARIO COMPLETE: Successfully create booking with generated data
2025-09-14 20:43:59,020 - banking_api_tests - INFO - [environment.py:386] - [INFO] Status: [FAILED] FAILED
2025-09-14 20:43:59,020 - banking_api_tests - INFO - [environment.py:387] - [TIME]  Duration: 0:00:00.136942
2025-09-14 20:43:59,020 - banking_api_tests - INFO - [environment.py:388] - [URL] API Calls Made: 1
2025-09-14 20:43:59,020 - banking_api_tests - INFO - [environment.py:392] - [PERFORMANCE] Avg Response Time: 0.014s
2025-09-14 20:43:59,020 - banking_api_tests - INFO - [environment.py:393] - [INFO] Total Response Time: 0.014s
2025-09-14 20:43:59,020 - banking_api_tests - ERROR - [environment.py:397] - [ERROR] Last Error: Key assertion failed - 'bookingDate' not found. Available keys: ['bookingId', 'customerId', 'productType', 'productId', 'status', 'createdAt']
2025-09-14 20:43:59,020 - banking_api_tests - INFO - [environment.py:401] - [URL] Final Response Status: 201
2025-09-14 20:43:59,020 - banking_api_tests - INFO - [environment.py:404] - [VERIFY] Correlation ID: 
2025-09-14 20:43:59,021 - banking_api_tests - INFO - [environment.py:406] - [END] ============================================================
2025-09-14 20:43:59,025 - banking_api_tests - INFO - [environment.py:344] - [SCENARIO] ============================================================
2025-09-14 20:43:59,025 - banking_api_tests - INFO - [environment.py:345] - [TEST] SCENARIO START: Successfully create customer with generated data
2025-09-14 20:43:59,025 - banking_api_tests - INFO - [environment.py:346] - [FILE] Feature: Customer Management
2025-09-14 20:43:59,026 - banking_api_tests - INFO - [environment.py:347] - [LOCATION] Location: features/customers/customer_management.feature:12
2025-09-14 20:43:59,026 - banking_api_tests - INFO - [environment.py:348] - [TAGS]  Tags: happy_path, smoke
2025-09-14 20:43:59,026 - banking_api_tests - INFO - [environment.py:349] - [TIME] Start Time: 2025-09-14T20:43:59.025518
2025-09-14 20:43:59,026 - banking_api_tests - INFO - [environment.py:350] - [SCENARIO] ============================================================
2025-09-14 20:43:59,027 - banking_api_tests - INFO - [common_steps.py:153] - [API] Checking API availability...
2025-09-14 20:43:59,151 - banking_api_tests - INFO - [common_steps.py:163] - [RESPONSE] API Health Check - Status: 200
2025-09-14 20:43:59,152 - banking_api_tests - INFO - [common_steps.py:170] - [SUCCESS] API is available and responding
2025-09-14 20:43:59,152 - banking_api_tests - INFO - [common_steps.py:192] - [AUTH] Configuring authentication credentials...
2025-09-14 20:43:59,152 - banking_api_tests - INFO - [common_steps.py:201] - [AUTH] Auth Token Configured: ****************2024
2025-09-14 20:43:59,153 - banking_api_tests - INFO - [common_steps.py:211] - [SUCCESS] Authentication credentials validated and configured
2025-09-14 20:43:59,154 - banking_api_tests - INFO - [data_steps.py:37] - [DATA] Generating dynamic test data for: customer
2025-09-14 20:43:59,155 - banking_api_tests - INFO - [data_steps.py:96] - [DATA] Generated customer email: spearskathryn@example.org
2025-09-14 20:43:59,155 - banking_api_tests - INFO - [data_steps.py:256] - [REQUEST] Creating customer using generated data
2025-09-14 20:43:59,169 - banking_api_tests - INFO - [data_steps.py:276] - [RESPONSE] Create customer Response: 201
2025-09-14 20:43:59,169 - banking_api_tests - INFO - [data_steps.py:277] - [TIME]  Response Time: 0.014s
2025-09-14 20:43:59,170 - banking_api_tests - INFO - [common_steps.py:497] - [VERIFY] Verifying response status code should be 201
2025-09-14 20:43:59,170 - banking_api_tests - INFO - [common_steps.py:504] - [INFO] Expected: 201, Actual: 201
2025-09-14 20:43:59,170 - banking_api_tests - INFO - [common_steps.py:507] - [SUCCESS] Status code assertion PASSED: 201
2025-09-14 20:43:59,170 - banking_api_tests - INFO - [common_steps.py:590] - [VERIFY] Verifying response is valid JSON
2025-09-14 20:43:59,171 - banking_api_tests - INFO - [common_steps.py:598] - [SUCCESS] JSON validation PASSED: Response is valid JSON
2025-09-14 20:43:59,171 - banking_api_tests - INFO - [common_steps.py:539] - [VERIFY] Verifying response contains key: 'customerId'
2025-09-14 20:43:59,171 - banking_api_tests - INFO - [common_steps.py:552] - [SUCCESS] Key assertion PASSED: Found 'customerId' in response
2025-09-14 20:43:59,172 - banking_api_tests - INFO - [common_steps.py:539] - [VERIFY] Verifying response contains key: 'firstName'
2025-09-14 20:43:59,172 - banking_api_tests - INFO - [common_steps.py:552] - [SUCCESS] Key assertion PASSED: Found 'firstName' in response
2025-09-14 20:43:59,172 - banking_api_tests - INFO - [common_steps.py:539] - [VERIFY] Verifying response contains key: 'lastName'
2025-09-14 20:43:59,172 - banking_api_tests - INFO - [common_steps.py:552] - [SUCCESS] Key assertion PASSED: Found 'lastName' in response
2025-09-14 20:43:59,173 - banking_api_tests - INFO - [common_steps.py:539] - [VERIFY] Verifying response contains key: 'email'
2025-09-14 20:43:59,173 - banking_api_tests - INFO - [common_steps.py:552] - [SUCCESS] Key assertion PASSED: Found 'email' in response
2025-09-14 20:43:59,173 - banking_api_tests - INFO - [common_steps.py:539] - [VERIFY] Verifying response contains key: 'phone'
2025-09-14 20:43:59,173 - banking_api_tests - INFO - [common_steps.py:552] - [SUCCESS] Key assertion PASSED: Found 'phone' in response
2025-09-14 20:43:59,174 - banking_api_tests - INFO - [common_steps.py:539] - [VERIFY] Verifying response contains key: 'createdAt'
2025-09-14 20:43:59,174 - banking_api_tests - INFO - [common_steps.py:552] - [SUCCESS] Key assertion PASSED: Found 'createdAt' in response
2025-09-14 20:43:59,174 - banking_api_tests - INFO - [environment.py:384] - [END] ============================================================
2025-09-14 20:43:59,174 - banking_api_tests - INFO - [environment.py:385] - [PASSED] SCENARIO COMPLETE: Successfully create customer with generated data
2025-09-14 20:43:59,174 - banking_api_tests - INFO - [environment.py:386] - [INFO] Status: [PASSED] PASSED
2025-09-14 20:43:59,174 - banking_api_tests - INFO - [environment.py:387] - [TIME]  Duration: 0:00:00.148917
2025-09-14 20:43:59,174 - banking_api_tests - INFO - [environment.py:388] - [URL] API Calls Made: 1
2025-09-14 20:43:59,175 - banking_api_tests - INFO - [environment.py:392] - [PERFORMANCE] Avg Response Time: 0.014s
2025-09-14 20:43:59,175 - banking_api_tests - INFO - [environment.py:393] - [INFO] Total Response Time: 0.014s
2025-09-14 20:43:59,175 - banking_api_tests - INFO - [environment.py:401] - [URL] Final Response Status: 201
2025-09-14 20:43:59,175 - banking_api_tests - INFO - [environment.py:404] - [VERIFY] Correlation ID: 
2025-09-14 20:43:59,175 - banking_api_tests - INFO - [environment.py:406] - [END] ============================================================
2025-09-14 20:43:59,176 - banking_api_tests - INFO - [environment.py:344] - [SCENARIO] ============================================================
2025-09-14 20:43:59,176 - banking_api_tests - INFO - [environment.py:345] - [TEST] SCENARIO START: Successfully retrieve customer with generated ID
2025-09-14 20:43:59,176 - banking_api_tests - INFO - [environment.py:346] - [FILE] Feature: Customer Management
2025-09-14 20:43:59,176 - banking_api_tests - INFO - [environment.py:347] - [LOCATION] Location: features/customers/customer_management.feature:25
2025-09-14 20:43:59,176 - banking_api_tests - INFO - [environment.py:348] - [TAGS]  Tags: happy_path, smoke
2025-09-14 20:43:59,176 - banking_api_tests - INFO - [environment.py:349] - [TIME] Start Time: 2025-09-14T20:43:59.175984
2025-09-14 20:43:59,176 - banking_api_tests - INFO - [environment.py:350] - [SCENARIO] ============================================================
2025-09-14 20:43:59,177 - banking_api_tests - INFO - [common_steps.py:153] - [API] Checking API availability...
2025-09-14 20:43:59,306 - banking_api_tests - INFO - [common_steps.py:163] - [RESPONSE] API Health Check - Status: 200
2025-09-14 20:43:59,306 - banking_api_tests - INFO - [common_steps.py:170] - [SUCCESS] API is available and responding
2025-09-14 20:43:59,307 - banking_api_tests - INFO - [common_steps.py:192] - [AUTH] Configuring authentication credentials...
2025-09-14 20:43:59,307 - banking_api_tests - INFO - [common_steps.py:201] - [AUTH] Auth Token Configured: ****************2024
2025-09-14 20:43:59,307 - banking_api_tests - INFO - [common_steps.py:211] - [SUCCESS] Authentication credentials validated and configured
2025-09-14 20:43:59,310 - banking_api_tests - INFO - [data_steps.py:37] - [DATA] Generating dynamic test data for: customer
2025-09-14 20:43:59,311 - banking_api_tests - INFO - [data_steps.py:96] - [DATA] Generated customer email: brendagomez@example.org
2025-09-14 20:43:59,311 - banking_api_tests - INFO - [data_steps.py:256] - [REQUEST] Creating customer using generated data
2025-09-14 20:43:59,315 - banking_api_tests - INFO - [data_steps.py:276] - [RESPONSE] Create customer Response: 201
2025-09-14 20:43:59,315 - banking_api_tests - INFO - [data_steps.py:277] - [TIME]  Response Time: 0.004s
2025-09-14 20:43:59,316 - banking_api_tests - INFO - [common_steps.py:497] - [VERIFY] Verifying response status code should be 201
2025-09-14 20:43:59,316 - banking_api_tests - INFO - [common_steps.py:504] - [INFO] Expected: 201, Actual: 201
2025-09-14 20:43:59,316 - banking_api_tests - INFO - [common_steps.py:507] - [SUCCESS] Status code assertion PASSED: 201
2025-09-14 20:43:59,317 - banking_api_tests - INFO - [data_steps.py:348] - [VERIFY] Retrieving customer with ID: CUST756956
2025-09-14 20:43:59,320 - banking_api_tests - INFO - [data_steps.py:367] - [RESPONSE] Retrieve customer Response: 200
2025-09-14 20:43:59,320 - banking_api_tests - INFO - [data_steps.py:368] - [TIME]  Response Time: 0.003s
2025-09-14 20:43:59,321 - banking_api_tests - INFO - [common_steps.py:497] - [VERIFY] Verifying response status code should be 200
2025-09-14 20:43:59,321 - banking_api_tests - INFO - [common_steps.py:504] - [INFO] Expected: 200, Actual: 200
2025-09-14 20:43:59,321 - banking_api_tests - INFO - [common_steps.py:507] - [SUCCESS] Status code assertion PASSED: 200
2025-09-14 20:43:59,321 - banking_api_tests - INFO - [common_steps.py:539] - [VERIFY] Verifying response contains key: 'customerId'
2025-09-14 20:43:59,322 - banking_api_tests - INFO - [common_steps.py:552] - [SUCCESS] Key assertion PASSED: Found 'customerId' in response
2025-09-14 20:43:59,322 - banking_api_tests - INFO - [environment.py:384] - [END] ============================================================
2025-09-14 20:43:59,322 - banking_api_tests - INFO - [environment.py:385] - [PASSED] SCENARIO COMPLETE: Successfully retrieve customer with generated ID
2025-09-14 20:43:59,322 - banking_api_tests - INFO - [environment.py:386] - [INFO] Status: [PASSED] PASSED
2025-09-14 20:43:59,322 - banking_api_tests - INFO - [environment.py:387] - [TIME]  Duration: 0:00:00.146304
2025-09-14 20:43:59,322 - banking_api_tests - INFO - [environment.py:388] - [URL] API Calls Made: 2
2025-09-14 20:43:59,322 - banking_api_tests - INFO - [environment.py:392] - [PERFORMANCE] Avg Response Time: 0.003s
2025-09-14 20:43:59,323 - banking_api_tests - INFO - [environment.py:393] - [INFO] Total Response Time: 0.007s
2025-09-14 20:43:59,323 - banking_api_tests - INFO - [environment.py:401] - [URL] Final Response Status: 200
2025-09-14 20:43:59,323 - banking_api_tests - INFO - [environment.py:404] - [VERIFY] Correlation ID: 
2025-09-14 20:43:59,323 - banking_api_tests - INFO - [environment.py:406] - [END] ============================================================
2025-09-14 20:43:59,329 - banking_api_tests - INFO - [environment.py:344] - [SCENARIO] ============================================================
2025-09-14 20:43:59,329 - banking_api_tests - INFO - [environment.py:345] - [TEST] SCENARIO START: Complete customer onboarding workflow
2025-09-14 20:43:59,329 - banking_api_tests - INFO - [environment.py:346] - [FILE] Feature: End-to-End Banking Workflows
2025-09-14 20:43:59,329 - banking_api_tests - INFO - [environment.py:347] - [LOCATION] Location: features/integration/end_to_end_workflows.feature:12
2025-09-14 20:43:59,329 - banking_api_tests - INFO - [environment.py:348] - [TAGS]  Tags: workflow, smoke
2025-09-14 20:43:59,329 - banking_api_tests - INFO - [environment.py:349] - [TIME] Start Time: 2025-09-14T20:43:59.329254
2025-09-14 20:43:59,329 - banking_api_tests - INFO - [environment.py:350] - [SCENARIO] ============================================================
2025-09-14 20:43:59,330 - banking_api_tests - INFO - [common_steps.py:153] - [API] Checking API availability...
2025-09-14 20:43:59,446 - banking_api_tests - INFO - [common_steps.py:163] - [RESPONSE] API Health Check - Status: 200
2025-09-14 20:43:59,446 - banking_api_tests - INFO - [common_steps.py:170] - [SUCCESS] API is available and responding
2025-09-14 20:43:59,447 - banking_api_tests - INFO - [common_steps.py:192] - [AUTH] Configuring authentication credentials...
2025-09-14 20:43:59,447 - banking_api_tests - INFO - [common_steps.py:201] - [AUTH] Auth Token Configured: ****************2024
2025-09-14 20:43:59,447 - banking_api_tests - INFO - [common_steps.py:211] - [SUCCESS] Authentication credentials validated and configured
2025-09-14 20:43:59,448 - banking_api_tests - INFO - [data_steps.py:37] - [DATA] Generating dynamic test data for: customer
2025-09-14 20:43:59,449 - banking_api_tests - INFO - [data_steps.py:96] - [DATA] Generated customer email: thompsoncharles@example.net
2025-09-14 20:43:59,450 - banking_api_tests - INFO - [data_steps.py:614] - [HEADERS] Generated correlation ID: corr_ea9941b64e0e
2025-09-14 20:43:59,450 - banking_api_tests - INFO - [data_steps.py:256] - [REQUEST] Creating customer using generated data
2025-09-14 20:43:59,479 - banking_api_tests - INFO - [data_steps.py:276] - [RESPONSE] Create customer Response: 201
2025-09-14 20:43:59,479 - banking_api_tests - INFO - [data_steps.py:277] - [TIME]  Response Time: 0.028s
2025-09-14 20:43:59,479 - banking_api_tests - INFO - [common_steps.py:497] - [VERIFY] Verifying response status code should be 201
2025-09-14 20:43:59,479 - banking_api_tests - INFO - [common_steps.py:504] - [INFO] Expected: 201, Actual: 201
2025-09-14 20:43:59,480 - banking_api_tests - INFO - [common_steps.py:507] - [SUCCESS] Status code assertion PASSED: 201
2025-09-14 20:43:59,480 - banking_api_tests - INFO - [common_steps.py:662] - [SUCCESS] Saved customerId='CUST049389' as 'customer_id'
2025-09-14 20:43:59,481 - banking_api_tests - INFO - [data_steps.py:37] - [DATA] Generating dynamic test data for: account
2025-09-14 20:43:59,481 - banking_api_tests - INFO - [data_steps.py:98] - [DATA] Using customer ID: CUST526362
2025-09-14 20:43:59,482 - banking_api_tests - INFO - [data_steps.py:256] - [REQUEST] Creating account using generated data
2025-09-14 20:43:59,486 - banking_api_tests - INFO - [data_steps.py:276] - [RESPONSE] Create account Response: 201
2025-09-14 20:43:59,486 - banking_api_tests - INFO - [data_steps.py:277] - [TIME]  Response Time: 0.004s
2025-09-14 20:43:59,486 - banking_api_tests - INFO - [common_steps.py:497] - [VERIFY] Verifying response status code should be 201
2025-09-14 20:43:59,487 - banking_api_tests - INFO - [common_steps.py:504] - [INFO] Expected: 201, Actual: 201
2025-09-14 20:43:59,487 - banking_api_tests - INFO - [common_steps.py:507] - [SUCCESS] Status code assertion PASSED: 201
2025-09-14 20:43:59,487 - banking_api_tests - INFO - [common_steps.py:662] - [SUCCESS] Saved accountId='ACC924848' as 'account_id'
2025-09-14 20:43:59,488 - banking_api_tests - INFO - [data_steps.py:348] - [VERIFY] Retrieving customer with ID: CUST049389
2025-09-14 20:43:59,509 - banking_api_tests - INFO - [data_steps.py:367] - [RESPONSE] Retrieve customer Response: 200
2025-09-14 20:43:59,509 - banking_api_tests - INFO - [data_steps.py:368] - [TIME]  Response Time: 0.021s
2025-09-14 20:43:59,510 - banking_api_tests - INFO - [common_steps.py:497] - [VERIFY] Verifying response status code should be 200
2025-09-14 20:43:59,510 - banking_api_tests - INFO - [common_steps.py:504] - [INFO] Expected: 200, Actual: 200
2025-09-14 20:43:59,510 - banking_api_tests - INFO - [common_steps.py:507] - [SUCCESS] Status code assertion PASSED: 200
2025-09-14 20:43:59,511 - banking_api_tests - INFO - [data_steps.py:348] - [VERIFY] Retrieving account with ID: ACC924848
2025-09-14 20:43:59,524 - banking_api_tests - INFO - [data_steps.py:367] - [RESPONSE] Retrieve account Response: 404
2025-09-14 20:43:59,525 - banking_api_tests - INFO - [data_steps.py:368] - [TIME]  Response Time: 0.014s
2025-09-14 20:43:59,525 - banking_api_tests - INFO - [common_steps.py:497] - [VERIFY] Verifying response status code should be 200
2025-09-14 20:43:59,525 - banking_api_tests - INFO - [common_steps.py:504] - [INFO] Expected: 200, Actual: 404
2025-09-14 20:43:59,525 - banking_api_tests - ERROR - [common_steps.py:509] - [ERROR] Status code assertion FAILED: Expected 200, got 404
2025-09-14 20:43:59,526 - banking_api_tests - ERROR - [common_steps.py:510] - [BODY] Response content: {"error":"Account not found","code":"ACCOUNT_NOT_FOUND","accountId":"ACC924848","message":"No account found with ID: ACC924848","timestamp":"2025-09-14 20:43:59"}...
2025-09-14 20:43:59,526 - banking_api_tests - ERROR - [common_steps.py:525] - [BODY] Error Response JSON: {
  "error": "Account not found",
  "code": "ACCOUNT_NOT_FOUND",
  "accountId": "ACC924848",
  "message": "No account found with ID: ACC924848",
  "timestamp": "2025-09-14 20:43:59"
}
2025-09-14 20:43:59,527 - banking_api_tests - ERROR - [environment.py:170] - [SAVE] Failure details saved to: logs/failures/FAILED_Complete_customer_onboarding_workflow_20250914_204359.txt
2025-09-14 20:43:59,527 - banking_api_tests - INFO - [environment.py:384] - [END] ============================================================
2025-09-14 20:43:59,527 - banking_api_tests - INFO - [environment.py:385] - [FAILED] SCENARIO COMPLETE: Complete customer onboarding workflow
2025-09-14 20:43:59,528 - banking_api_tests - INFO - [environment.py:386] - [INFO] Status: [FAILED] FAILED
2025-09-14 20:43:59,528 - banking_api_tests - INFO - [environment.py:387] - [TIME]  Duration: 0:00:00.197464
2025-09-14 20:43:59,528 - banking_api_tests - INFO - [environment.py:388] - [URL] API Calls Made: 4
2025-09-14 20:43:59,528 - banking_api_tests - INFO - [environment.py:392] - [PERFORMANCE] Avg Response Time: 0.017s
2025-09-14 20:43:59,528 - banking_api_tests - INFO - [environment.py:393] - [INFO] Total Response Time: 0.067s
2025-09-14 20:43:59,528 - banking_api_tests - ERROR - [environment.py:397] - [ERROR] Last Error: Status code assertion failed - Expected: 200, Actual: 404 | JSON Error: {"error": "Account not found", "code": "ACCOUNT_NOT_FOUND", "accountId": "ACC924848", "message": "No account found with ID: ACC924848", "timestamp": "2025-09-14 20:43:59"}
2025-09-14 20:43:59,528 - banking_api_tests - INFO - [environment.py:406] - [END] ============================================================
2025-09-14 20:43:59,533 - banking_api_tests - INFO - [environment.py:344] - [SCENARIO] ============================================================
2025-09-14 20:43:59,534 - banking_api_tests - INFO - [environment.py:345] - [TEST] SCENARIO START: Successfully create loan application with generated data
2025-09-14 20:43:59,534 - banking_api_tests - INFO - [environment.py:346] - [FILE] Feature: Loan Management
2025-09-14 20:43:59,534 - banking_api_tests - INFO - [environment.py:347] - [LOCATION] Location: features/loans/loan_management.feature:12
2025-09-14 20:43:59,534 - banking_api_tests - INFO - [environment.py:348] - [TAGS]  Tags: happy_path, smoke
2025-09-14 20:43:59,534 - banking_api_tests - INFO - [environment.py:349] - [TIME] Start Time: 2025-09-14T20:43:59.533869
2025-09-14 20:43:59,534 - banking_api_tests - INFO - [environment.py:350] - [SCENARIO] ============================================================
2025-09-14 20:43:59,535 - banking_api_tests - INFO - [common_steps.py:153] - [API] Checking API availability...
2025-09-14 20:43:59,663 - banking_api_tests - INFO - [common_steps.py:163] - [RESPONSE] API Health Check - Status: 200
2025-09-14 20:43:59,663 - banking_api_tests - INFO - [common_steps.py:170] - [SUCCESS] API is available and responding
2025-09-14 20:43:59,664 - banking_api_tests - INFO - [common_steps.py:192] - [AUTH] Configuring authentication credentials...
2025-09-14 20:43:59,664 - banking_api_tests - INFO - [common_steps.py:201] - [AUTH] Auth Token Configured: ****************2024
2025-09-14 20:43:59,664 - banking_api_tests - INFO - [common_steps.py:211] - [SUCCESS] Authentication credentials validated and configured
2025-09-14 20:43:59,666 - banking_api_tests - INFO - [data_steps.py:37] - [DATA] Generating dynamic test data for: loan
2025-09-14 20:43:59,666 - banking_api_tests - INFO - [data_steps.py:98] - [DATA] Using customer ID: CUST504444
2025-09-14 20:43:59,667 - banking_api_tests - INFO - [data_steps.py:256] - [REQUEST] Creating loan using generated data
2025-09-14 20:43:59,680 - banking_api_tests - INFO - [data_steps.py:276] - [RESPONSE] Create loan Response: 500
2025-09-14 20:43:59,681 - banking_api_tests - INFO - [data_steps.py:277] - [TIME]  Response Time: 0.013s
2025-09-14 20:43:59,681 - banking_api_tests - INFO - [common_steps.py:497] - [VERIFY] Verifying response status code should be 201
2025-09-14 20:43:59,681 - banking_api_tests - INFO - [common_steps.py:504] - [INFO] Expected: 201, Actual: 500
2025-09-14 20:43:59,681 - banking_api_tests - ERROR - [common_steps.py:509] - [ERROR] Status code assertion FAILED: Expected 201, got 500
2025-09-14 20:43:59,681 - banking_api_tests - ERROR - [common_steps.py:510] - [BODY] Response content: 1:661: java.lang.IllegalArgumentException: No enum constant com.github.tomakehurst.wiremock.common.DateTimeUnit.MONTH...
2025-09-14 20:43:59,683 - banking_api_tests - ERROR - [environment.py:170] - [SAVE] Failure details saved to: logs/failures/FAILED_Successfully_create_loan_application_with_generate_20250914_204359.txt
2025-09-14 20:43:59,683 - banking_api_tests - INFO - [environment.py:384] - [END] ============================================================
2025-09-14 20:43:59,683 - banking_api_tests - INFO - [environment.py:385] - [FAILED] SCENARIO COMPLETE: Successfully create loan application with generated data
2025-09-14 20:43:59,683 - banking_api_tests - INFO - [environment.py:386] - [INFO] Status: [FAILED] FAILED
2025-09-14 20:43:59,683 - banking_api_tests - INFO - [environment.py:387] - [TIME]  Duration: 0:00:00.148566
2025-09-14 20:43:59,683 - banking_api_tests - INFO - [environment.py:388] - [URL] API Calls Made: 1
2025-09-14 20:43:59,684 - banking_api_tests - INFO - [environment.py:392] - [PERFORMANCE] Avg Response Time: 0.013s
2025-09-14 20:43:59,684 - banking_api_tests - INFO - [environment.py:393] - [INFO] Total Response Time: 0.013s
2025-09-14 20:43:59,684 - banking_api_tests - ERROR - [environment.py:397] - [ERROR] Last Error: Status code assertion failed - Expected: 201, Actual: 500
2025-09-14 20:43:59,684 - banking_api_tests - INFO - [environment.py:406] - [END] ============================================================
2025-09-14 20:43:59,687 - banking_api_tests - INFO - [environment.py:344] - [SCENARIO] ============================================================
2025-09-14 20:43:59,687 - banking_api_tests - INFO - [environment.py:345] - [TEST] SCENARIO START: Successfully create term deposit with generated data
2025-09-14 20:43:59,687 - banking_api_tests - INFO - [environment.py:346] - [FILE] Feature: Term Deposit Management
2025-09-14 20:43:59,688 - banking_api_tests - INFO - [environment.py:347] - [LOCATION] Location: features/term_deposits/term_deposit_management.feature:12
2025-09-14 20:43:59,688 - banking_api_tests - INFO - [environment.py:348] - [TAGS]  Tags: happy_path, smoke
2025-09-14 20:43:59,688 - banking_api_tests - INFO - [environment.py:349] - [TIME] Start Time: 2025-09-14T20:43:59.687710
2025-09-14 20:43:59,688 - banking_api_tests - INFO - [environment.py:350] - [SCENARIO] ============================================================
2025-09-14 20:43:59,689 - banking_api_tests - INFO - [common_steps.py:153] - [API] Checking API availability...
2025-09-14 20:43:59,820 - banking_api_tests - INFO - [common_steps.py:163] - [RESPONSE] API Health Check - Status: 200
2025-09-14 20:43:59,820 - banking_api_tests - INFO - [common_steps.py:170] - [SUCCESS] API is available and responding
2025-09-14 20:43:59,821 - banking_api_tests - INFO - [common_steps.py:192] - [AUTH] Configuring authentication credentials...
2025-09-14 20:43:59,821 - banking_api_tests - INFO - [common_steps.py:201] - [AUTH] Auth Token Configured: ****************2024
2025-09-14 20:43:59,821 - banking_api_tests - INFO - [common_steps.py:211] - [SUCCESS] Authentication credentials validated and configured
2025-09-14 20:43:59,822 - banking_api_tests - INFO - [data_steps.py:37] - [DATA] Generating dynamic test data for: term_deposit
2025-09-14 20:43:59,823 - banking_api_tests - INFO - [data_steps.py:98] - [DATA] Using customer ID: CUST114910
2025-09-14 20:43:59,823 - banking_api_tests - INFO - [data_steps.py:256] - [REQUEST] Creating term_deposit using generated data
2025-09-14 20:43:59,827 - banking_api_tests - INFO - [data_steps.py:276] - [RESPONSE] Create term_deposit Response: 201
2025-09-14 20:43:59,827 - banking_api_tests - INFO - [data_steps.py:277] - [TIME]  Response Time: 0.004s
2025-09-14 20:43:59,828 - banking_api_tests - INFO - [common_steps.py:497] - [VERIFY] Verifying response status code should be 201
2025-09-14 20:43:59,828 - banking_api_tests - INFO - [common_steps.py:504] - [INFO] Expected: 201, Actual: 201
2025-09-14 20:43:59,828 - banking_api_tests - INFO - [common_steps.py:507] - [SUCCESS] Status code assertion PASSED: 201
2025-09-14 20:43:59,829 - banking_api_tests - INFO - [common_steps.py:539] - [VERIFY] Verifying response contains key: 'depositId'
2025-09-14 20:43:59,829 - banking_api_tests - INFO - [common_steps.py:552] - [SUCCESS] Key assertion PASSED: Found 'depositId' in response
2025-09-14 20:43:59,829 - banking_api_tests - INFO - [common_steps.py:539] - [VERIFY] Verifying response contains key: 'customerId'
2025-09-14 20:43:59,829 - banking_api_tests - INFO - [common_steps.py:552] - [SUCCESS] Key assertion PASSED: Found 'customerId' in response
2025-09-14 20:43:59,830 - banking_api_tests - INFO - [common_steps.py:539] - [VERIFY] Verifying response contains key: 'principal'
2025-09-14 20:43:59,830 - banking_api_tests - INFO - [common_steps.py:552] - [SUCCESS] Key assertion PASSED: Found 'principal' in response
2025-09-14 20:43:59,830 - banking_api_tests - INFO - [common_steps.py:539] - [VERIFY] Verifying response contains key: 'termMonths'
2025-09-14 20:43:59,830 - banking_api_tests - INFO - [common_steps.py:552] - [SUCCESS] Key assertion PASSED: Found 'termMonths' in response
2025-09-14 20:43:59,831 - banking_api_tests - INFO - [common_steps.py:539] - [VERIFY] Verifying response contains key: 'interestRate'
2025-09-14 20:43:59,831 - banking_api_tests - INFO - [common_steps.py:552] - [SUCCESS] Key assertion PASSED: Found 'interestRate' in response
2025-09-14 20:43:59,831 - banking_api_tests - INFO - [environment.py:384] - [END] ============================================================
2025-09-14 20:43:59,831 - banking_api_tests - INFO - [environment.py:385] - [PASSED] SCENARIO COMPLETE: Successfully create term deposit with generated data
2025-09-14 20:43:59,832 - banking_api_tests - INFO - [environment.py:386] - [INFO] Status: [PASSED] PASSED
2025-09-14 20:43:59,832 - banking_api_tests - INFO - [environment.py:387] - [TIME]  Duration: 0:00:00.144033
2025-09-14 20:43:59,832 - banking_api_tests - INFO - [environment.py:388] - [URL] API Calls Made: 1
2025-09-14 20:43:59,832 - banking_api_tests - INFO - [environment.py:392] - [PERFORMANCE] Avg Response Time: 0.004s
2025-09-14 20:43:59,832 - banking_api_tests - INFO - [environment.py:393] - [INFO] Total Response Time: 0.004s
2025-09-14 20:43:59,832 - banking_api_tests - INFO - [environment.py:401] - [URL] Final Response Status: 201
2025-09-14 20:43:59,832 - banking_api_tests - INFO - [environment.py:404] - [VERIFY] Correlation ID: 
2025-09-14 20:43:59,832 - banking_api_tests - INFO - [environment.py:406] - [END] ============================================================
2025-09-14 20:43:59,835 - banking_api_tests - INFO - [environment.py:429] - [RESULTS] ================================================================================
2025-09-14 20:43:59,835 - banking_api_tests - INFO - [environment.py:430] - [FRAMEWORK] BANKING API BDD TEST FRAMEWORK - EXECUTION COMPLETE
2025-09-14 20:43:59,835 - banking_api_tests - INFO - [environment.py:431] - [RESULTS] ================================================================================
2025-09-14 20:43:59,835 - banking_api_tests - INFO - [environment.py:432] - [TIMEOUT] Total Execution Time: 0:00:04.080097
2025-09-14 20:43:59,835 - banking_api_tests - INFO - [environment.py:433] - [INFO] Total Scenarios: 26
2025-09-14 20:43:59,835 - banking_api_tests - INFO - [environment.py:434] - [PASSED] Passed: 17
2025-09-14 20:43:59,836 - banking_api_tests - INFO - [environment.py:435] - [FAILED] Failed: 8
2025-09-14 20:43:59,836 - banking_api_tests - INFO - [environment.py:436] - [SKIPPED]  Skipped: 1
2025-09-14 20:43:59,836 - banking_api_tests - INFO - [environment.py:437] - [PERFORMANCE] Pass Rate: 65.38%
2025-09-14 20:43:59,836 - banking_api_tests - INFO - [environment.py:438] - [URL] Total API Calls: 31
2025-09-14 20:43:59,836 - banking_api_tests - INFO - [environment.py:442] - [PERFORMANCE] Average Response Time: 0.015s
2025-09-14 20:43:59,836 - banking_api_tests - INFO - [environment.py:443] - [INFO] Total Response Time: 0.471s
2025-09-14 20:43:59,836 - banking_api_tests - INFO - [environment.py:445] - [FILE] Detailed Logs: logs/banking_api_tests_20250914_204355.log
2025-09-14 20:43:59,837 - banking_api_tests - INFO - [environment.py:446] - [TIME] End Time: 2025-09-14T20:43:59.835008
2025-09-14 20:43:59,837 - banking_api_tests - ERROR - [environment.py:460] - [ERROR] LOW SUCCESS RATE. Significant issues need attention.
2025-09-14 20:43:59,837 - banking_api_tests - INFO - [environment.py:469] - [RESULTS] ================================================================================
