2025-09-14 10:45:49,753 - banking_api_tests - INFO - [environment.py:276] - [FRAMEWORK] ================================================================================
2025-09-14 10:45:49,754 - banking_api_tests - INFO - [environment.py:277] - [FRAMEWORK] BANKING API BDD TEST FRAMEWORK - EXECUTION START
2025-09-14 10:45:49,754 - banking_api_tests - INFO - [environment.py:278] - [FRAMEWORK] ================================================================================
2025-09-14 10:45:49,754 - banking_api_tests - DEBUG - [environment.py:283] - [FILE] Created reports directories
2025-09-14 10:45:49,754 - banking_api_tests - INFO - [environment.py:242] - [ENV] Loading environment: test
2025-09-14 10:45:49,754 - banking_api_tests - INFO - [environment.py:243] - [FILE] Environment file: environments/.env.test
2025-09-14 10:45:49,755 - banking_api_tests - INFO - [environment.py:261] - [ENV] Successfully loaded environments/.env.test
2025-09-14 10:45:49,755 - banking_api_tests - INFO - [environment.py:300] - [ENV] Configuration loaded successfully for environment: test
2025-09-14 10:45:49,755 - banking_api_tests - INFO - [environment.py:311] - [ENV] Test Environment: test
2025-09-14 10:45:49,755 - banking_api_tests - INFO - [environment.py:312] - [URL] API Base URL: http://wiremock-production.up.railway.app
2025-09-14 10:45:49,756 - banking_api_tests - INFO - [environment.py:313] - [AUTH] Auth Token: ****************2024
2025-09-14 10:45:49,756 - banking_api_tests - INFO - [environment.py:314] - [FILE] Log File: logs/banking_api_tests_20250914_104549.log
2025-09-14 10:45:49,756 - banking_api_tests - INFO - [environment.py:317] - [PLATFORM]  Platform: nt
2025-09-14 10:45:49,756 - banking_api_tests - INFO - [environment.py:318] - [TIME] Start Time: 2025-09-14T10:45:49.756134
2025-09-14 10:45:49,756 - banking_api_tests - INFO - [environment.py:319] - [USER] User: D
2025-09-14 10:45:49,756 - banking_api_tests - INFO - [environment.py:320] - [DIR] Working Directory: C:\Users\D\python api automation framework
2025-09-14 10:45:49,756 - banking_api_tests - INFO - [environment.py:321] - [TIMEOUT] Request Timeout: 15s
2025-09-14 10:45:49,756 - banking_api_tests - INFO - [environment.py:322] - [PERFORMANCE] Performance Threshold: 3000ms
2025-09-14 10:45:49,756 - banking_api_tests - INFO - [environment.py:335] - [START] Framework initialization complete - Ready to execute tests
2025-09-14 10:45:49,758 - banking_api_tests - INFO - [environment.py:344] - [SCENARIO] ============================================================
2025-09-14 10:45:49,758 - banking_api_tests - INFO - [environment.py:345] - [TEST] SCENARIO START: Successfully create account with valid generated data
2025-09-14 10:45:49,758 - banking_api_tests - INFO - [environment.py:346] - [FILE] Feature: Account Creation
2025-09-14 10:45:49,758 - banking_api_tests - INFO - [environment.py:347] - [LOCATION] Location: features/accounts/account_creation.feature:12
2025-09-14 10:45:49,758 - banking_api_tests - INFO - [environment.py:348] - [TAGS]  Tags: happy_path, smoke
2025-09-14 10:45:49,758 - banking_api_tests - INFO - [environment.py:349] - [TIME] Start Time: 2025-09-14T10:45:49.758364
2025-09-14 10:45:49,758 - banking_api_tests - INFO - [environment.py:350] - [SCENARIO] ============================================================
2025-09-14 10:45:49,759 - banking_api_tests - INFO - [common_steps.py:153] - [API] Checking API availability...
2025-09-14 10:45:51,258 - banking_api_tests - INFO - [common_steps.py:163] - [RESPONSE] API Health Check - Status: 200
2025-09-14 10:45:51,258 - banking_api_tests - INFO - [common_steps.py:170] - [SUCCESS] API is available and responding
2025-09-14 10:45:51,260 - banking_api_tests - INFO - [common_steps.py:192] - [AUTH] Configuring authentication credentials...
2025-09-14 10:45:51,260 - banking_api_tests - INFO - [common_steps.py:201] - [AUTH] Auth Token Configured: ****************2024
2025-09-14 10:45:51,261 - banking_api_tests - INFO - [common_steps.py:211] - [SUCCESS] Authentication credentials validated and configured
2025-09-14 10:45:51,338 - banking_api_tests - INFO - [data_steps.py:37] - [DATA] Generating dynamic test data for: account
2025-09-14 10:45:51,340 - banking_api_tests - INFO - [data_steps.py:98] - [DATA] Using customer ID: CUST219818
2025-09-14 10:45:51,341 - banking_api_tests - INFO - [data_steps.py:256] - [REQUEST] Creating account using generated data
2025-09-14 10:45:52,540 - banking_api_tests - INFO - [data_steps.py:276] - [RESPONSE] Create account Response: 404
2025-09-14 10:45:52,540 - banking_api_tests - INFO - [data_steps.py:277] - [TIME]  Response Time: 1.199s
2025-09-14 10:45:52,541 - banking_api_tests - INFO - [common_steps.py:497] - [VERIFY] Verifying response status code should be 201
2025-09-14 10:45:52,541 - banking_api_tests - INFO - [common_steps.py:504] - [INFO] Expected: 201, Actual: 404
2025-09-14 10:45:52,541 - banking_api_tests - ERROR - [common_steps.py:509] - [ERROR] Status code assertion FAILED: Expected 201, got 404
2025-09-14 10:45:52,541 - banking_api_tests - ERROR - [common_steps.py:510] - [BODY] Response content: 
                                               Request was not matched
                                               =======================

-----------------------------------------------------------------------------------------------------------------------
| Closest stub                      ...
2025-09-14 10:45:52,543 - banking_api_tests - ERROR - [environment.py:170] - [SAVE] Failure details saved to: logs/failures/FAILED_Successfully_create_account_with_valid_generated_d_20250914_104552.txt
2025-09-14 10:45:52,543 - banking_api_tests - INFO - [environment.py:384] - [END] ============================================================
2025-09-14 10:45:52,543 - banking_api_tests - INFO - [environment.py:385] - [FAILED] SCENARIO COMPLETE: Successfully create account with valid generated data
2025-09-14 10:45:52,543 - banking_api_tests - INFO - [environment.py:386] - [INFO] Status: [FAILED] FAILED
2025-09-14 10:45:52,543 - banking_api_tests - INFO - [environment.py:387] - [TIME]  Duration: 0:00:02.783553
2025-09-14 10:45:52,543 - banking_api_tests - INFO - [environment.py:388] - [URL] API Calls Made: 1
2025-09-14 10:45:52,543 - banking_api_tests - INFO - [environment.py:392] - [PERFORMANCE] Avg Response Time: 1.199s
2025-09-14 10:45:52,543 - banking_api_tests - INFO - [environment.py:393] - [INFO] Total Response Time: 1.199s
2025-09-14 10:45:52,543 - banking_api_tests - ERROR - [environment.py:397] - [ERROR] Last Error: Status code assertion failed - Expected: 201, Actual: 404
2025-09-14 10:45:52,543 - banking_api_tests - INFO - [environment.py:406] - [END] ============================================================
2025-09-14 10:45:52,557 - banking_api_tests - INFO - [environment.py:344] - [SCENARIO] ============================================================
2025-09-14 10:45:52,557 - banking_api_tests - INFO - [environment.py:345] - [TEST] SCENARIO START: Successfully create account with generated data
2025-09-14 10:45:52,557 - banking_api_tests - INFO - [environment.py:346] - [FILE] Feature: Account Creation with Dynamic Data
2025-09-14 10:45:52,557 - banking_api_tests - INFO - [environment.py:347] - [LOCATION] Location: features/accounts/account_creation_dynamic.feature:12
2025-09-14 10:45:52,557 - banking_api_tests - INFO - [environment.py:348] - [TAGS]  Tags: happy_path, smoke
2025-09-14 10:45:52,557 - banking_api_tests - INFO - [environment.py:349] - [TIME] Start Time: 2025-09-14T10:45:52.557491
2025-09-14 10:45:52,558 - banking_api_tests - INFO - [environment.py:350] - [SCENARIO] ============================================================
2025-09-14 10:45:52,558 - banking_api_tests - INFO - [common_steps.py:153] - [API] Checking API availability...
2025-09-14 10:45:53,852 - banking_api_tests - INFO - [common_steps.py:163] - [RESPONSE] API Health Check - Status: 200
2025-09-14 10:45:53,853 - banking_api_tests - INFO - [common_steps.py:170] - [SUCCESS] API is available and responding
2025-09-14 10:45:53,855 - banking_api_tests - INFO - [common_steps.py:192] - [AUTH] Configuring authentication credentials...
2025-09-14 10:45:53,855 - banking_api_tests - INFO - [common_steps.py:201] - [AUTH] Auth Token Configured: ****************2024
2025-09-14 10:45:53,855 - banking_api_tests - INFO - [common_steps.py:211] - [SUCCESS] Authentication credentials validated and configured
2025-09-14 10:45:53,856 - banking_api_tests - INFO - [data_steps.py:37] - [DATA] Generating dynamic test data for: account
2025-09-14 10:45:53,858 - banking_api_tests - INFO - [data_steps.py:98] - [DATA] Using customer ID: CUST416428
2025-09-14 10:45:53,858 - banking_api_tests - INFO - [data_steps.py:256] - [REQUEST] Creating account using generated data
2025-09-14 10:45:55,044 - banking_api_tests - INFO - [data_steps.py:276] - [RESPONSE] Create account Response: 404
2025-09-14 10:45:55,044 - banking_api_tests - INFO - [data_steps.py:277] - [TIME]  Response Time: 1.186s
2025-09-14 10:45:55,045 - banking_api_tests - INFO - [common_steps.py:497] - [VERIFY] Verifying response status code should be 201
2025-09-14 10:45:55,045 - banking_api_tests - INFO - [common_steps.py:504] - [INFO] Expected: 201, Actual: 404
2025-09-14 10:45:55,045 - banking_api_tests - ERROR - [common_steps.py:509] - [ERROR] Status code assertion FAILED: Expected 201, got 404
2025-09-14 10:45:55,045 - banking_api_tests - ERROR - [common_steps.py:510] - [BODY] Response content: 
                                               Request was not matched
                                               =======================

-----------------------------------------------------------------------------------------------------------------------
| Closest stub                      ...
2025-09-14 10:45:55,046 - banking_api_tests - ERROR - [environment.py:170] - [SAVE] Failure details saved to: logs/failures/FAILED_Successfully_create_account_with_generated_data_20250914_104555.txt
2025-09-14 10:45:55,046 - banking_api_tests - INFO - [environment.py:384] - [END] ============================================================
2025-09-14 10:45:55,046 - banking_api_tests - INFO - [environment.py:385] - [FAILED] SCENARIO COMPLETE: Successfully create account with generated data
2025-09-14 10:45:55,046 - banking_api_tests - INFO - [environment.py:386] - [INFO] Status: [FAILED] FAILED
2025-09-14 10:45:55,046 - banking_api_tests - INFO - [environment.py:387] - [TIME]  Duration: 0:00:02.488235
2025-09-14 10:45:55,046 - banking_api_tests - INFO - [environment.py:388] - [URL] API Calls Made: 1
2025-09-14 10:45:55,046 - banking_api_tests - INFO - [environment.py:392] - [PERFORMANCE] Avg Response Time: 1.186s
2025-09-14 10:45:55,046 - banking_api_tests - INFO - [environment.py:393] - [INFO] Total Response Time: 1.186s
2025-09-14 10:45:55,047 - banking_api_tests - ERROR - [environment.py:397] - [ERROR] Last Error: Status code assertion failed - Expected: 201, Actual: 404
2025-09-14 10:45:55,047 - banking_api_tests - INFO - [environment.py:406] - [END] ============================================================
2025-09-14 10:45:55,074 - banking_api_tests - INFO - [environment.py:344] - [SCENARIO] ============================================================
2025-09-14 10:45:55,074 - banking_api_tests - INFO - [environment.py:345] - [TEST] SCENARIO START: Successfully retrieve account by valid ID
2025-09-14 10:45:55,074 - banking_api_tests - INFO - [environment.py:346] - [FILE] Feature: Account Retrieval
2025-09-14 10:45:55,074 - banking_api_tests - INFO - [environment.py:347] - [LOCATION] Location: features/accounts/account_retrieval.feature:12
2025-09-14 10:45:55,074 - banking_api_tests - INFO - [environment.py:348] - [TAGS]  Tags: happy_path, regression
2025-09-14 10:45:55,075 - banking_api_tests - INFO - [environment.py:349] - [TIME] Start Time: 2025-09-14T10:45:55.074670
2025-09-14 10:45:55,075 - banking_api_tests - INFO - [environment.py:350] - [SCENARIO] ============================================================
2025-09-14 10:45:55,075 - banking_api_tests - INFO - [common_steps.py:153] - [API] Checking API availability...
2025-09-14 10:45:56,366 - banking_api_tests - INFO - [common_steps.py:163] - [RESPONSE] API Health Check - Status: 200
2025-09-14 10:45:56,366 - banking_api_tests - INFO - [common_steps.py:170] - [SUCCESS] API is available and responding
2025-09-14 10:45:56,368 - banking_api_tests - INFO - [common_steps.py:192] - [AUTH] Configuring authentication credentials...
2025-09-14 10:45:56,368 - banking_api_tests - INFO - [common_steps.py:201] - [AUTH] Auth Token Configured: ****************2024
2025-09-14 10:45:56,368 - banking_api_tests - INFO - [common_steps.py:211] - [SUCCESS] Authentication credentials validated and configured
2025-09-14 10:45:56,368 - banking_api_tests - INFO - [common_steps.py:305] - [REQUEST] Sending GET request to: /accounts/ACC001
2025-09-14 10:45:57,660 - banking_api_tests - INFO - [common_steps.py:327] - [RESPONSE] GET Response: 200
2025-09-14 10:45:57,661 - banking_api_tests - INFO - [common_steps.py:328] - [TIME] Response Time: 1.292s
2025-09-14 10:45:57,661 - banking_api_tests - INFO - [common_steps.py:341] - [SUCCESS] GET request completed successfully
2025-09-14 10:45:57,661 - banking_api_tests - INFO - [common_steps.py:497] - [VERIFY] Verifying response status code should be 200
2025-09-14 10:45:57,661 - banking_api_tests - INFO - [common_steps.py:504] - [INFO] Expected: 200, Actual: 200
2025-09-14 10:45:57,661 - banking_api_tests - INFO - [common_steps.py:507] - [SUCCESS] Status code assertion PASSED: 200
2025-09-14 10:45:57,661 - banking_api_tests - INFO - [common_steps.py:590] - [VERIFY] Verifying response is valid JSON
2025-09-14 10:45:57,661 - banking_api_tests - INFO - [common_steps.py:598] - [SUCCESS] JSON validation PASSED: Response is valid JSON
2025-09-14 10:45:57,662 - banking_api_tests - INFO - [common_steps.py:539] - [VERIFY] Verifying response contains key: 'customerId'
2025-09-14 10:45:57,662 - banking_api_tests - INFO - [common_steps.py:552] - [SUCCESS] Key assertion PASSED: Found 'customerId' in response
2025-09-14 10:45:57,662 - banking_api_tests - INFO - [common_steps.py:539] - [VERIFY] Verifying response contains key: 'firstName'
2025-09-14 10:45:57,662 - banking_api_tests - ERROR - [common_steps.py:555] - [ERROR] Key assertion FAILED: 'firstName' not found in response
2025-09-14 10:45:57,662 - banking_api_tests - ERROR - [common_steps.py:556] - [HEADERS] Available keys: ['accountId', 'customerId', 'bsb', 'accountNumber', 'accountType', 'createdAt']
2025-09-14 10:45:57,664 - banking_api_tests - ERROR - [environment.py:170] - [SAVE] Failure details saved to: logs/failures/FAILED_Successfully_retrieve_account_by_valid_ID_20250914_104557.txt
2025-09-14 10:45:57,664 - banking_api_tests - INFO - [environment.py:384] - [END] ============================================================
2025-09-14 10:45:57,664 - banking_api_tests - INFO - [environment.py:385] - [FAILED] SCENARIO COMPLETE: Successfully retrieve account by valid ID
2025-09-14 10:45:57,664 - banking_api_tests - INFO - [environment.py:386] - [INFO] Status: [FAILED] FAILED
2025-09-14 10:45:57,664 - banking_api_tests - INFO - [environment.py:387] - [TIME]  Duration: 0:00:02.588376
2025-09-14 10:45:57,664 - banking_api_tests - INFO - [environment.py:388] - [URL] API Calls Made: 1
2025-09-14 10:45:57,664 - banking_api_tests - INFO - [environment.py:392] - [PERFORMANCE] Avg Response Time: 1.292s
2025-09-14 10:45:57,664 - banking_api_tests - INFO - [environment.py:393] - [INFO] Total Response Time: 1.292s
2025-09-14 10:45:57,664 - banking_api_tests - ERROR - [environment.py:397] - [ERROR] Last Error: Key assertion failed - 'firstName' not found. Available keys: ['accountId', 'customerId', 'bsb', 'accountNumber', 'accountType', 'createdAt']
2025-09-14 10:45:57,664 - banking_api_tests - INFO - [environment.py:401] - [URL] Final Response Status: 200
2025-09-14 10:45:57,664 - banking_api_tests - INFO - [environment.py:404] - [VERIFY] Correlation ID: 
2025-09-14 10:45:57,664 - banking_api_tests - INFO - [environment.py:406] - [END] ============================================================
2025-09-14 10:45:57,667 - banking_api_tests - INFO - [environment.py:344] - [SCENARIO] ============================================================
2025-09-14 10:45:57,667 - banking_api_tests - INFO - [environment.py:345] - [TEST] SCENARIO START: Successfully retrieve account with different valid ID
2025-09-14 10:45:57,667 - banking_api_tests - INFO - [environment.py:346] - [FILE] Feature: Account Retrieval
2025-09-14 10:45:57,667 - banking_api_tests - INFO - [environment.py:347] - [LOCATION] Location: features/accounts/account_retrieval.feature:24
2025-09-14 10:45:57,667 - banking_api_tests - INFO - [environment.py:348] - [TAGS]  Tags: happy_path, regression
2025-09-14 10:45:57,667 - banking_api_tests - INFO - [environment.py:349] - [TIME] Start Time: 2025-09-14T10:45:57.667006
2025-09-14 10:45:57,667 - banking_api_tests - INFO - [environment.py:350] - [SCENARIO] ============================================================
2025-09-14 10:45:57,667 - banking_api_tests - INFO - [common_steps.py:153] - [API] Checking API availability...
2025-09-14 10:45:58,947 - banking_api_tests - INFO - [common_steps.py:163] - [RESPONSE] API Health Check - Status: 200
2025-09-14 10:45:58,947 - banking_api_tests - INFO - [common_steps.py:170] - [SUCCESS] API is available and responding
2025-09-14 10:45:58,948 - banking_api_tests - INFO - [common_steps.py:192] - [AUTH] Configuring authentication credentials...
2025-09-14 10:45:58,948 - banking_api_tests - INFO - [common_steps.py:201] - [AUTH] Auth Token Configured: ****************2024
2025-09-14 10:45:58,949 - banking_api_tests - INFO - [common_steps.py:211] - [SUCCESS] Authentication credentials validated and configured
2025-09-14 10:45:58,949 - banking_api_tests - INFO - [common_steps.py:305] - [REQUEST] Sending GET request to: /accounts/ACC002
2025-09-14 10:46:00,259 - banking_api_tests - INFO - [common_steps.py:327] - [RESPONSE] GET Response: 200
2025-09-14 10:46:00,259 - banking_api_tests - INFO - [common_steps.py:328] - [TIME] Response Time: 1.310s
2025-09-14 10:46:00,259 - banking_api_tests - INFO - [common_steps.py:341] - [SUCCESS] GET request completed successfully
2025-09-14 10:46:00,259 - banking_api_tests - INFO - [common_steps.py:497] - [VERIFY] Verifying response status code should be 200
2025-09-14 10:46:00,259 - banking_api_tests - INFO - [common_steps.py:504] - [INFO] Expected: 200, Actual: 200
2025-09-14 10:46:00,260 - banking_api_tests - INFO - [common_steps.py:507] - [SUCCESS] Status code assertion PASSED: 200
2025-09-14 10:46:00,260 - banking_api_tests - INFO - [common_steps.py:590] - [VERIFY] Verifying response is valid JSON
2025-09-14 10:46:00,260 - banking_api_tests - INFO - [common_steps.py:598] - [SUCCESS] JSON validation PASSED: Response is valid JSON
2025-09-14 10:46:00,260 - banking_api_tests - INFO - [common_steps.py:539] - [VERIFY] Verifying response contains key: 'customerId'
2025-09-14 10:46:00,260 - banking_api_tests - INFO - [common_steps.py:552] - [SUCCESS] Key assertion PASSED: Found 'customerId' in response
2025-09-14 10:46:00,261 - banking_api_tests - INFO - [common_steps.py:1094] - [VERIFY] Checking response contains required fields
2025-09-14 10:46:00,261 - banking_api_tests - ERROR - [common_steps.py:1105] - [ERROR] Missing fields: ['firstName', 'lastName', 'email', 'phone', 'dob']
2025-09-14 10:46:00,262 - banking_api_tests - ERROR - [environment.py:170] - [SAVE] Failure details saved to: logs/failures/FAILED_Successfully_retrieve_account_with_different_valid_20250914_104600.txt
2025-09-14 10:46:00,262 - banking_api_tests - INFO - [environment.py:384] - [END] ============================================================
2025-09-14 10:46:00,262 - banking_api_tests - INFO - [environment.py:385] - [FAILED] SCENARIO COMPLETE: Successfully retrieve account with different valid ID
2025-09-14 10:46:00,262 - banking_api_tests - INFO - [environment.py:386] - [INFO] Status: [FAILED] FAILED
2025-09-14 10:46:00,262 - banking_api_tests - INFO - [environment.py:387] - [TIME]  Duration: 0:00:02.594332
2025-09-14 10:46:00,262 - banking_api_tests - INFO - [environment.py:388] - [URL] API Calls Made: 1
2025-09-14 10:46:00,262 - banking_api_tests - INFO - [environment.py:392] - [PERFORMANCE] Avg Response Time: 1.310s
2025-09-14 10:46:00,263 - banking_api_tests - INFO - [environment.py:393] - [INFO] Total Response Time: 1.310s
2025-09-14 10:46:00,263 - banking_api_tests - INFO - [environment.py:401] - [URL] Final Response Status: 200
2025-09-14 10:46:00,263 - banking_api_tests - INFO - [environment.py:404] - [VERIFY] Correlation ID: 
2025-09-14 10:46:00,263 - banking_api_tests - INFO - [environment.py:406] - [END] ============================================================
2025-09-14 10:46:00,266 - banking_api_tests - INFO - [environment.py:344] - [SCENARIO] ============================================================
2025-09-14 10:46:00,266 - banking_api_tests - INFO - [environment.py:345] - [TEST] SCENARIO START: Attempt to retrieve non-existent account
2025-09-14 10:46:00,266 - banking_api_tests - INFO - [environment.py:346] - [FILE] Feature: Account Retrieval
2025-09-14 10:46:00,266 - banking_api_tests - INFO - [environment.py:347] - [LOCATION] Location: features/accounts/account_retrieval.feature:39
2025-09-14 10:46:00,266 - banking_api_tests - INFO - [environment.py:348] - [TAGS]  Tags: error_handling, regression
2025-09-14 10:46:00,266 - banking_api_tests - INFO - [environment.py:349] - [TIME] Start Time: 2025-09-14T10:46:00.265956
2025-09-14 10:46:00,266 - banking_api_tests - INFO - [environment.py:350] - [SCENARIO] ============================================================
2025-09-14 10:46:00,266 - banking_api_tests - INFO - [common_steps.py:153] - [API] Checking API availability...
2025-09-14 10:46:01,540 - banking_api_tests - INFO - [common_steps.py:163] - [RESPONSE] API Health Check - Status: 200
2025-09-14 10:46:01,540 - banking_api_tests - INFO - [common_steps.py:170] - [SUCCESS] API is available and responding
2025-09-14 10:46:01,541 - banking_api_tests - INFO - [common_steps.py:192] - [AUTH] Configuring authentication credentials...
2025-09-14 10:46:01,541 - banking_api_tests - INFO - [common_steps.py:201] - [AUTH] Auth Token Configured: ****************2024
2025-09-14 10:46:01,541 - banking_api_tests - INFO - [common_steps.py:211] - [SUCCESS] Authentication credentials validated and configured
2025-09-14 10:46:01,542 - banking_api_tests - INFO - [common_steps.py:305] - [REQUEST] Sending GET request to: /accounts/NONEXISTENT
2025-09-14 10:46:02,726 - banking_api_tests - INFO - [common_steps.py:327] - [RESPONSE] GET Response: 500
2025-09-14 10:46:02,726 - banking_api_tests - INFO - [common_steps.py:328] - [TIME] Response Time: 1.184s
2025-09-14 10:46:02,726 - banking_api_tests - INFO - [common_steps.py:341] - [SUCCESS] GET request completed successfully
2025-09-14 10:46:02,727 - banking_api_tests - INFO - [common_steps.py:497] - [VERIFY] Verifying response status code should be 404
2025-09-14 10:46:02,727 - banking_api_tests - INFO - [common_steps.py:504] - [INFO] Expected: 404, Actual: 500
2025-09-14 10:46:02,727 - banking_api_tests - ERROR - [common_steps.py:509] - [ERROR] Status code assertion FAILED: Expected 404, got 500
2025-09-14 10:46:02,727 - banking_api_tests - ERROR - [common_steps.py:510] - [BODY] Response content: {
"servlet":"com.github.tomakehurst.wiremock.servlet.WireMockHandlerDispatchingServlet-5305c37d",
"cause0":"java.io.FileNotFoundException: /app/./__files/account-NONEXISTENT.json (No such file or directory)",
"message":"java.io.FileNotFoundException: /app/./__files/account-NONEXISTENT.json (No such ...
2025-09-14 10:46:02,727 - banking_api_tests - ERROR - [common_steps.py:525] - [BODY] Error Response JSON: {
  "servlet": "com.github.tomakehurst.wiremock.servlet.WireMockHandlerDispatchingServlet-5305c37d",
  "cause0": "java.io.FileNotFoundException: /app/./__files/account-NONEXISTENT.json (No such file or directory)",
  "message": "java.io.FileNotFoundException: /app/./__files/account-NONEXISTENT.json (No such file or directory)",
  "url": "/accounts/NONEXISTENT",
  "status": "500"
}
2025-09-14 10:46:02,728 - banking_api_tests - ERROR - [environment.py:170] - [SAVE] Failure details saved to: logs/failures/FAILED_Attempt_to_retrieve_non-existent_account_20250914_104602.txt
2025-09-14 10:46:02,728 - banking_api_tests - INFO - [environment.py:384] - [END] ============================================================
2025-09-14 10:46:02,728 - banking_api_tests - INFO - [environment.py:385] - [FAILED] SCENARIO COMPLETE: Attempt to retrieve non-existent account
2025-09-14 10:46:02,728 - banking_api_tests - INFO - [environment.py:386] - [INFO] Status: [FAILED] FAILED
2025-09-14 10:46:02,729 - banking_api_tests - INFO - [environment.py:387] - [TIME]  Duration: 0:00:02.461931
2025-09-14 10:46:02,729 - banking_api_tests - INFO - [environment.py:388] - [URL] API Calls Made: 1
2025-09-14 10:46:02,729 - banking_api_tests - INFO - [environment.py:392] - [PERFORMANCE] Avg Response Time: 1.184s
2025-09-14 10:46:02,729 - banking_api_tests - INFO - [environment.py:393] - [INFO] Total Response Time: 1.184s
2025-09-14 10:46:02,729 - banking_api_tests - ERROR - [environment.py:397] - [ERROR] Last Error: Status code assertion failed - Expected: 404, Actual: 500 | JSON Error: {"servlet": "com.github.tomakehurst.wiremock.servlet.WireMockHandlerDispatchingServlet-5305c37d", "cause0": "java.io.FileNotFoundException: /app/./__files/account-NONEXISTENT.json (No such file or directory)", "message": "java.io.FileNotFoundException: /app/./__files/account-NONEXISTENT.json (No such file or directory)", "url": "/accounts/NONEXISTENT", "status": "500"}
2025-09-14 10:46:02,729 - banking_api_tests - INFO - [environment.py:406] - [END] ============================================================
2025-09-14 10:46:02,731 - banking_api_tests - INFO - [environment.py:344] - [SCENARIO] ============================================================
2025-09-14 10:46:02,731 - banking_api_tests - INFO - [environment.py:345] - [TEST] SCENARIO START: Attempt to retrieve account with invalid ID format
2025-09-14 10:46:02,731 - banking_api_tests - INFO - [environment.py:346] - [FILE] Feature: Account Retrieval
2025-09-14 10:46:02,731 - banking_api_tests - INFO - [environment.py:347] - [LOCATION] Location: features/accounts/account_retrieval.feature:47
2025-09-14 10:46:02,731 - banking_api_tests - INFO - [environment.py:348] - [TAGS]  Tags: error_handling, regression
2025-09-14 10:46:02,731 - banking_api_tests - INFO - [environment.py:349] - [TIME] Start Time: 2025-09-14T10:46:02.731464
2025-09-14 10:46:02,731 - banking_api_tests - INFO - [environment.py:350] - [SCENARIO] ============================================================
2025-09-14 10:46:02,732 - banking_api_tests - INFO - [common_steps.py:153] - [API] Checking API availability...
2025-09-14 10:46:04,043 - banking_api_tests - INFO - [common_steps.py:163] - [RESPONSE] API Health Check - Status: 200
2025-09-14 10:46:04,043 - banking_api_tests - INFO - [common_steps.py:170] - [SUCCESS] API is available and responding
2025-09-14 10:46:04,045 - banking_api_tests - INFO - [common_steps.py:192] - [AUTH] Configuring authentication credentials...
2025-09-14 10:46:04,045 - banking_api_tests - INFO - [common_steps.py:201] - [AUTH] Auth Token Configured: ****************2024
2025-09-14 10:46:04,045 - banking_api_tests - INFO - [common_steps.py:211] - [SUCCESS] Authentication credentials validated and configured
2025-09-14 10:46:04,045 - banking_api_tests - INFO - [common_steps.py:305] - [REQUEST] Sending GET request to: /accounts/123invalid
2025-09-14 10:46:05,236 - banking_api_tests - INFO - [common_steps.py:327] - [RESPONSE] GET Response: 500
2025-09-14 10:46:05,236 - banking_api_tests - INFO - [common_steps.py:328] - [TIME] Response Time: 1.191s
2025-09-14 10:46:05,236 - banking_api_tests - INFO - [common_steps.py:341] - [SUCCESS] GET request completed successfully
2025-09-14 10:46:05,237 - banking_api_tests - INFO - [common_steps.py:497] - [VERIFY] Verifying response status code should be 404
2025-09-14 10:46:05,237 - banking_api_tests - INFO - [common_steps.py:504] - [INFO] Expected: 404, Actual: 500
2025-09-14 10:46:05,237 - banking_api_tests - ERROR - [common_steps.py:509] - [ERROR] Status code assertion FAILED: Expected 404, got 500
2025-09-14 10:46:05,237 - banking_api_tests - ERROR - [common_steps.py:510] - [BODY] Response content: {
"servlet":"com.github.tomakehurst.wiremock.servlet.WireMockHandlerDispatchingServlet-5305c37d",
"cause0":"java.io.FileNotFoundException: /app/./__files/account-123invalid.json (No such file or directory)",
"message":"java.io.FileNotFoundException: /app/./__files/account-123invalid.json (No such fi...
2025-09-14 10:46:05,237 - banking_api_tests - ERROR - [common_steps.py:525] - [BODY] Error Response JSON: {
  "servlet": "com.github.tomakehurst.wiremock.servlet.WireMockHandlerDispatchingServlet-5305c37d",
  "cause0": "java.io.FileNotFoundException: /app/./__files/account-123invalid.json (No such file or directory)",
  "message": "java.io.FileNotFoundException: /app/./__files/account-123invalid.json (No such file or directory)",
  "url": "/accounts/123invalid",
  "status": "500"
}
2025-09-14 10:46:05,239 - banking_api_tests - ERROR - [environment.py:170] - [SAVE] Failure details saved to: logs/failures/FAILED_Attempt_to_retrieve_account_with_invalid_ID_format_20250914_104605.txt
2025-09-14 10:46:05,239 - banking_api_tests - INFO - [environment.py:384] - [END] ============================================================
2025-09-14 10:46:05,239 - banking_api_tests - INFO - [environment.py:385] - [FAILED] SCENARIO COMPLETE: Attempt to retrieve account with invalid ID format
2025-09-14 10:46:05,239 - banking_api_tests - INFO - [environment.py:386] - [INFO] Status: [FAILED] FAILED
2025-09-14 10:46:05,239 - banking_api_tests - INFO - [environment.py:387] - [TIME]  Duration: 0:00:02.506671
2025-09-14 10:46:05,240 - banking_api_tests - INFO - [environment.py:388] - [URL] API Calls Made: 1
2025-09-14 10:46:05,240 - banking_api_tests - INFO - [environment.py:392] - [PERFORMANCE] Avg Response Time: 1.191s
2025-09-14 10:46:05,240 - banking_api_tests - INFO - [environment.py:393] - [INFO] Total Response Time: 1.191s
2025-09-14 10:46:05,240 - banking_api_tests - ERROR - [environment.py:397] - [ERROR] Last Error: Status code assertion failed - Expected: 404, Actual: 500 | JSON Error: {"servlet": "com.github.tomakehurst.wiremock.servlet.WireMockHandlerDispatchingServlet-5305c37d", "cause0": "java.io.FileNotFoundException: /app/./__files/account-123invalid.json (No such file or directory)", "message": "java.io.FileNotFoundException: /app/./__files/account-123invalid.json (No such file or directory)", "url": "/accounts/123invalid", "status": "500"}
2025-09-14 10:46:05,240 - banking_api_tests - INFO - [environment.py:406] - [END] ============================================================
2025-09-14 10:46:05,242 - banking_api_tests - INFO - [environment.py:344] - [SCENARIO] ============================================================
2025-09-14 10:46:05,242 - banking_api_tests - INFO - [environment.py:345] - [TEST] SCENARIO START: Retrieve accounts with boundary ID values -- @1.1 
2025-09-14 10:46:05,242 - banking_api_tests - INFO - [environment.py:346] - [FILE] Feature: Account Retrieval
2025-09-14 10:46:05,242 - banking_api_tests - INFO - [environment.py:347] - [LOCATION] Location: features/accounts/account_retrieval.feature:60
2025-09-14 10:46:05,242 - banking_api_tests - INFO - [environment.py:348] - [TAGS]  Tags: boundary_testing
2025-09-14 10:46:05,243 - banking_api_tests - INFO - [environment.py:349] - [TIME] Start Time: 2025-09-14T10:46:05.242629
2025-09-14 10:46:05,243 - banking_api_tests - INFO - [environment.py:350] - [SCENARIO] ============================================================
2025-09-14 10:46:05,243 - banking_api_tests - INFO - [common_steps.py:153] - [API] Checking API availability...
2025-09-14 10:46:06,566 - banking_api_tests - INFO - [common_steps.py:163] - [RESPONSE] API Health Check - Status: 200
2025-09-14 10:46:06,566 - banking_api_tests - INFO - [common_steps.py:170] - [SUCCESS] API is available and responding
2025-09-14 10:46:06,568 - banking_api_tests - INFO - [common_steps.py:192] - [AUTH] Configuring authentication credentials...
2025-09-14 10:46:06,568 - banking_api_tests - INFO - [common_steps.py:201] - [AUTH] Auth Token Configured: ****************2024
2025-09-14 10:46:06,568 - banking_api_tests - INFO - [common_steps.py:211] - [SUCCESS] Authentication credentials validated and configured
2025-09-14 10:46:06,568 - banking_api_tests - INFO - [common_steps.py:305] - [REQUEST] Sending GET request to: /accounts/ACC001
2025-09-14 10:46:07,870 - banking_api_tests - INFO - [common_steps.py:327] - [RESPONSE] GET Response: 200
2025-09-14 10:46:07,870 - banking_api_tests - INFO - [common_steps.py:328] - [TIME] Response Time: 1.302s
2025-09-14 10:46:07,871 - banking_api_tests - INFO - [common_steps.py:341] - [SUCCESS] GET request completed successfully
2025-09-14 10:46:07,871 - banking_api_tests - INFO - [common_steps.py:497] - [VERIFY] Verifying response status code should be 200
2025-09-14 10:46:07,871 - banking_api_tests - INFO - [common_steps.py:504] - [INFO] Expected: 200, Actual: 200
2025-09-14 10:46:07,871 - banking_api_tests - INFO - [common_steps.py:507] - [SUCCESS] Status code assertion PASSED: 200
2025-09-14 10:46:07,872 - banking_api_tests - INFO - [common_steps.py:590] - [VERIFY] Verifying response is valid JSON
2025-09-14 10:46:07,872 - banking_api_tests - INFO - [common_steps.py:598] - [SUCCESS] JSON validation PASSED: Response is valid JSON
2025-09-14 10:46:07,872 - banking_api_tests - INFO - [environment.py:384] - [END] ============================================================
2025-09-14 10:46:07,872 - banking_api_tests - INFO - [environment.py:385] - [PASSED] SCENARIO COMPLETE: Retrieve accounts with boundary ID values -- @1.1 
2025-09-14 10:46:07,872 - banking_api_tests - INFO - [environment.py:386] - [INFO] Status: [PASSED] PASSED
2025-09-14 10:46:07,872 - banking_api_tests - INFO - [environment.py:387] - [TIME]  Duration: 0:00:02.629877
2025-09-14 10:46:07,872 - banking_api_tests - INFO - [environment.py:388] - [URL] API Calls Made: 1
2025-09-14 10:46:07,872 - banking_api_tests - INFO - [environment.py:392] - [PERFORMANCE] Avg Response Time: 1.302s
2025-09-14 10:46:07,873 - banking_api_tests - INFO - [environment.py:393] - [INFO] Total Response Time: 1.302s
2025-09-14 10:46:07,873 - banking_api_tests - INFO - [environment.py:401] - [URL] Final Response Status: 200
2025-09-14 10:46:07,873 - banking_api_tests - INFO - [environment.py:404] - [VERIFY] Correlation ID: 
2025-09-14 10:46:07,873 - banking_api_tests - INFO - [environment.py:406] - [END] ============================================================
2025-09-14 10:46:07,875 - banking_api_tests - INFO - [environment.py:344] - [SCENARIO] ============================================================
2025-09-14 10:46:07,875 - banking_api_tests - INFO - [environment.py:345] - [TEST] SCENARIO START: Retrieve accounts with boundary ID values -- @1.2 
2025-09-14 10:46:07,875 - banking_api_tests - INFO - [environment.py:346] - [FILE] Feature: Account Retrieval
2025-09-14 10:46:07,876 - banking_api_tests - INFO - [environment.py:347] - [LOCATION] Location: features/accounts/account_retrieval.feature:61
2025-09-14 10:46:07,876 - banking_api_tests - INFO - [environment.py:348] - [TAGS]  Tags: boundary_testing
2025-09-14 10:46:07,876 - banking_api_tests - INFO - [environment.py:349] - [TIME] Start Time: 2025-09-14T10:46:07.875513
2025-09-14 10:46:07,876 - banking_api_tests - INFO - [environment.py:350] - [SCENARIO] ============================================================
2025-09-14 10:46:07,877 - banking_api_tests - INFO - [common_steps.py:153] - [API] Checking API availability...
2025-09-14 10:46:09,190 - banking_api_tests - INFO - [common_steps.py:163] - [RESPONSE] API Health Check - Status: 200
2025-09-14 10:46:09,190 - banking_api_tests - INFO - [common_steps.py:170] - [SUCCESS] API is available and responding
2025-09-14 10:46:09,192 - banking_api_tests - INFO - [common_steps.py:192] - [AUTH] Configuring authentication credentials...
2025-09-14 10:46:09,192 - banking_api_tests - INFO - [common_steps.py:201] - [AUTH] Auth Token Configured: ****************2024
2025-09-14 10:46:09,192 - banking_api_tests - INFO - [common_steps.py:211] - [SUCCESS] Authentication credentials validated and configured
2025-09-14 10:46:09,193 - banking_api_tests - INFO - [common_steps.py:305] - [REQUEST] Sending GET request to: /accounts/ACC999
2025-09-14 10:46:10,390 - banking_api_tests - INFO - [common_steps.py:327] - [RESPONSE] GET Response: 500
2025-09-14 10:46:10,390 - banking_api_tests - INFO - [common_steps.py:328] - [TIME] Response Time: 1.197s
2025-09-14 10:46:10,390 - banking_api_tests - INFO - [common_steps.py:341] - [SUCCESS] GET request completed successfully
2025-09-14 10:46:10,391 - banking_api_tests - INFO - [common_steps.py:497] - [VERIFY] Verifying response status code should be 404
2025-09-14 10:46:10,391 - banking_api_tests - INFO - [common_steps.py:504] - [INFO] Expected: 404, Actual: 500
2025-09-14 10:46:10,391 - banking_api_tests - ERROR - [common_steps.py:509] - [ERROR] Status code assertion FAILED: Expected 404, got 500
2025-09-14 10:46:10,391 - banking_api_tests - ERROR - [common_steps.py:510] - [BODY] Response content: {
"servlet":"com.github.tomakehurst.wiremock.servlet.WireMockHandlerDispatchingServlet-5305c37d",
"cause0":"java.io.FileNotFoundException: /app/./__files/account-ACC999.json (No such file or directory)",
"message":"java.io.FileNotFoundException: /app/./__files/account-ACC999.json (No such file or di...
2025-09-14 10:46:10,391 - banking_api_tests - ERROR - [common_steps.py:525] - [BODY] Error Response JSON: {
  "servlet": "com.github.tomakehurst.wiremock.servlet.WireMockHandlerDispatchingServlet-5305c37d",
  "cause0": "java.io.FileNotFoundException: /app/./__files/account-ACC999.json (No such file or directory)",
  "message": "java.io.FileNotFoundException: /app/./__files/account-ACC999.json (No such file or directory)",
  "url": "/accounts/ACC999",
  "status": "500"
}
2025-09-14 10:46:10,392 - banking_api_tests - ERROR - [environment.py:170] - [SAVE] Failure details saved to: logs/failures/FAILED_Retrieve_accounts_with_boundary_ID_values_--__1_2__20250914_104610.txt
2025-09-14 10:46:10,393 - banking_api_tests - INFO - [environment.py:384] - [END] ============================================================
2025-09-14 10:46:10,393 - banking_api_tests - INFO - [environment.py:385] - [FAILED] SCENARIO COMPLETE: Retrieve accounts with boundary ID values -- @1.2 
2025-09-14 10:46:10,393 - banking_api_tests - INFO - [environment.py:386] - [INFO] Status: [FAILED] FAILED
2025-09-14 10:46:10,393 - banking_api_tests - INFO - [environment.py:387] - [TIME]  Duration: 0:00:02.516327
2025-09-14 10:46:10,393 - banking_api_tests - INFO - [environment.py:388] - [URL] API Calls Made: 1
2025-09-14 10:46:10,393 - banking_api_tests - INFO - [environment.py:392] - [PERFORMANCE] Avg Response Time: 1.197s
2025-09-14 10:46:10,393 - banking_api_tests - INFO - [environment.py:393] - [INFO] Total Response Time: 1.197s
2025-09-14 10:46:10,393 - banking_api_tests - ERROR - [environment.py:397] - [ERROR] Last Error: Status code assertion failed - Expected: 404, Actual: 500 | JSON Error: {"servlet": "com.github.tomakehurst.wiremock.servlet.WireMockHandlerDispatchingServlet-5305c37d", "cause0": "java.io.FileNotFoundException: /app/./__files/account-ACC999.json (No such file or directory)", "message": "java.io.FileNotFoundException: /app/./__files/account-ACC999.json (No such file or directory)", "url": "/accounts/ACC999", "status": "500"}
2025-09-14 10:46:10,393 - banking_api_tests - INFO - [environment.py:406] - [END] ============================================================
2025-09-14 10:46:10,395 - banking_api_tests - INFO - [environment.py:344] - [SCENARIO] ============================================================
2025-09-14 10:46:10,395 - banking_api_tests - INFO - [environment.py:345] - [TEST] SCENARIO START: Retrieve accounts with boundary ID values -- @1.3 
2025-09-14 10:46:10,395 - banking_api_tests - INFO - [environment.py:346] - [FILE] Feature: Account Retrieval
2025-09-14 10:46:10,395 - banking_api_tests - INFO - [environment.py:347] - [LOCATION] Location: features/accounts/account_retrieval.feature:62
2025-09-14 10:46:10,396 - banking_api_tests - INFO - [environment.py:348] - [TAGS]  Tags: boundary_testing
2025-09-14 10:46:10,396 - banking_api_tests - INFO - [environment.py:349] - [TIME] Start Time: 2025-09-14T10:46:10.395504
2025-09-14 10:46:10,396 - banking_api_tests - INFO - [environment.py:350] - [SCENARIO] ============================================================
2025-09-14 10:46:10,396 - banking_api_tests - INFO - [common_steps.py:153] - [API] Checking API availability...
2025-09-14 10:46:11,721 - banking_api_tests - INFO - [common_steps.py:163] - [RESPONSE] API Health Check - Status: 200
2025-09-14 10:46:11,722 - banking_api_tests - INFO - [common_steps.py:170] - [SUCCESS] API is available and responding
2025-09-14 10:46:11,723 - banking_api_tests - INFO - [common_steps.py:192] - [AUTH] Configuring authentication credentials...
2025-09-14 10:46:11,723 - banking_api_tests - INFO - [common_steps.py:201] - [AUTH] Auth Token Configured: ****************2024
2025-09-14 10:46:11,723 - banking_api_tests - INFO - [common_steps.py:211] - [SUCCESS] Authentication credentials validated and configured
2025-09-14 10:46:11,724 - banking_api_tests - INFO - [common_steps.py:305] - [REQUEST] Sending GET request to: /accounts/A
2025-09-14 10:46:12,943 - banking_api_tests - INFO - [common_steps.py:327] - [RESPONSE] GET Response: 500
2025-09-14 10:46:12,943 - banking_api_tests - INFO - [common_steps.py:328] - [TIME] Response Time: 1.219s
2025-09-14 10:46:12,943 - banking_api_tests - INFO - [common_steps.py:341] - [SUCCESS] GET request completed successfully
2025-09-14 10:46:12,943 - banking_api_tests - INFO - [common_steps.py:497] - [VERIFY] Verifying response status code should be 404
2025-09-14 10:46:12,944 - banking_api_tests - INFO - [common_steps.py:504] - [INFO] Expected: 404, Actual: 500
2025-09-14 10:46:12,944 - banking_api_tests - ERROR - [common_steps.py:509] - [ERROR] Status code assertion FAILED: Expected 404, got 500
2025-09-14 10:46:12,944 - banking_api_tests - ERROR - [common_steps.py:510] - [BODY] Response content: {
"servlet":"com.github.tomakehurst.wiremock.servlet.WireMockHandlerDispatchingServlet-5305c37d",
"cause0":"java.io.FileNotFoundException: /app/./__files/account-A.json (No such file or directory)",
"message":"java.io.FileNotFoundException: /app/./__files/account-A.json (No such file or directory)",...
2025-09-14 10:46:12,944 - banking_api_tests - ERROR - [common_steps.py:525] - [BODY] Error Response JSON: {
  "servlet": "com.github.tomakehurst.wiremock.servlet.WireMockHandlerDispatchingServlet-5305c37d",
  "cause0": "java.io.FileNotFoundException: /app/./__files/account-A.json (No such file or directory)",
  "message": "java.io.FileNotFoundException: /app/./__files/account-A.json (No such file or directory)",
  "url": "/accounts/A",
  "status": "500"
}
2025-09-14 10:46:12,945 - banking_api_tests - ERROR - [environment.py:170] - [SAVE] Failure details saved to: logs/failures/FAILED_Retrieve_accounts_with_boundary_ID_values_--__1_3__20250914_104612.txt
2025-09-14 10:46:12,946 - banking_api_tests - INFO - [environment.py:384] - [END] ============================================================
2025-09-14 10:46:12,946 - banking_api_tests - INFO - [environment.py:385] - [FAILED] SCENARIO COMPLETE: Retrieve accounts with boundary ID values -- @1.3 
2025-09-14 10:46:12,946 - banking_api_tests - INFO - [environment.py:386] - [INFO] Status: [FAILED] FAILED
2025-09-14 10:46:12,946 - banking_api_tests - INFO - [environment.py:387] - [TIME]  Duration: 0:00:02.549406
2025-09-14 10:46:12,946 - banking_api_tests - INFO - [environment.py:388] - [URL] API Calls Made: 1
2025-09-14 10:46:12,946 - banking_api_tests - INFO - [environment.py:392] - [PERFORMANCE] Avg Response Time: 1.219s
2025-09-14 10:46:12,946 - banking_api_tests - INFO - [environment.py:393] - [INFO] Total Response Time: 1.219s
2025-09-14 10:46:12,946 - banking_api_tests - ERROR - [environment.py:397] - [ERROR] Last Error: Status code assertion failed - Expected: 404, Actual: 500 | JSON Error: {"servlet": "com.github.tomakehurst.wiremock.servlet.WireMockHandlerDispatchingServlet-5305c37d", "cause0": "java.io.FileNotFoundException: /app/./__files/account-A.json (No such file or directory)", "message": "java.io.FileNotFoundException: /app/./__files/account-A.json (No such file or directory)", "url": "/accounts/A", "status": "500"}
2025-09-14 10:46:12,946 - banking_api_tests - INFO - [environment.py:406] - [END] ============================================================
2025-09-14 10:46:12,948 - banking_api_tests - INFO - [environment.py:344] - [SCENARIO] ============================================================
2025-09-14 10:46:12,948 - banking_api_tests - INFO - [environment.py:345] - [TEST] SCENARIO START: Retrieve accounts with boundary ID values -- @1.4 
2025-09-14 10:46:12,948 - banking_api_tests - INFO - [environment.py:346] - [FILE] Feature: Account Retrieval
2025-09-14 10:46:12,949 - banking_api_tests - INFO - [environment.py:347] - [LOCATION] Location: features/accounts/account_retrieval.feature:63
2025-09-14 10:46:12,949 - banking_api_tests - INFO - [environment.py:348] - [TAGS]  Tags: boundary_testing
2025-09-14 10:46:12,949 - banking_api_tests - INFO - [environment.py:349] - [TIME] Start Time: 2025-09-14T10:46:12.948760
2025-09-14 10:46:12,949 - banking_api_tests - INFO - [environment.py:350] - [SCENARIO] ============================================================
2025-09-14 10:46:12,949 - banking_api_tests - INFO - [common_steps.py:153] - [API] Checking API availability...
2025-09-14 10:46:14,248 - banking_api_tests - INFO - [common_steps.py:163] - [RESPONSE] API Health Check - Status: 200
2025-09-14 10:46:14,248 - banking_api_tests - INFO - [common_steps.py:170] - [SUCCESS] API is available and responding
2025-09-14 10:46:14,249 - banking_api_tests - INFO - [common_steps.py:192] - [AUTH] Configuring authentication credentials...
2025-09-14 10:46:14,250 - banking_api_tests - INFO - [common_steps.py:201] - [AUTH] Auth Token Configured: ****************2024
2025-09-14 10:46:14,250 - banking_api_tests - INFO - [common_steps.py:211] - [SUCCESS] Authentication credentials validated and configured
2025-09-14 10:46:14,250 - banking_api_tests - INFO - [common_steps.py:305] - [REQUEST] Sending GET request to: /accounts/VERYLONGACCOUNTID
2025-09-14 10:46:15,475 - banking_api_tests - INFO - [common_steps.py:327] - [RESPONSE] GET Response: 500
2025-09-14 10:46:15,475 - banking_api_tests - INFO - [common_steps.py:328] - [TIME] Response Time: 1.225s
2025-09-14 10:46:15,475 - banking_api_tests - INFO - [common_steps.py:341] - [SUCCESS] GET request completed successfully
2025-09-14 10:46:15,476 - banking_api_tests - INFO - [common_steps.py:497] - [VERIFY] Verifying response status code should be 404
2025-09-14 10:46:15,476 - banking_api_tests - INFO - [common_steps.py:504] - [INFO] Expected: 404, Actual: 500
2025-09-14 10:46:15,476 - banking_api_tests - ERROR - [common_steps.py:509] - [ERROR] Status code assertion FAILED: Expected 404, got 500
2025-09-14 10:46:15,476 - banking_api_tests - ERROR - [common_steps.py:510] - [BODY] Response content: {
"servlet":"com.github.tomakehurst.wiremock.servlet.WireMockHandlerDispatchingServlet-5305c37d",
"cause0":"java.io.FileNotFoundException: /app/./__files/account-VERYLONGACCOUNTID.json (No such file or directory)",
"message":"java.io.FileNotFoundException: /app/./__files/account-VERYLONGACCOUNTID.js...
2025-09-14 10:46:15,476 - banking_api_tests - ERROR - [common_steps.py:525] - [BODY] Error Response JSON: {
  "servlet": "com.github.tomakehurst.wiremock.servlet.WireMockHandlerDispatchingServlet-5305c37d",
  "cause0": "java.io.FileNotFoundException: /app/./__files/account-VERYLONGACCOUNTID.json (No such file or directory)",
  "message": "java.io.FileNotFoundException: /app/./__files/account-VERYLONGACCOUNTID.json (No such file or directory)",
  "url": "/accounts/VERYLONGACCOUNTID",
  "status": "500"
}
2025-09-14 10:46:15,477 - banking_api_tests - ERROR - [environment.py:170] - [SAVE] Failure details saved to: logs/failures/FAILED_Retrieve_accounts_with_boundary_ID_values_--__1_4__20250914_104615.txt
2025-09-14 10:46:15,477 - banking_api_tests - INFO - [environment.py:384] - [END] ============================================================
2025-09-14 10:46:15,478 - banking_api_tests - INFO - [environment.py:385] - [FAILED] SCENARIO COMPLETE: Retrieve accounts with boundary ID values -- @1.4 
2025-09-14 10:46:15,478 - banking_api_tests - INFO - [environment.py:386] - [INFO] Status: [FAILED] FAILED
2025-09-14 10:46:15,478 - banking_api_tests - INFO - [environment.py:387] - [TIME]  Duration: 0:00:02.528120
2025-09-14 10:46:15,478 - banking_api_tests - INFO - [environment.py:388] - [URL] API Calls Made: 1
2025-09-14 10:46:15,478 - banking_api_tests - INFO - [environment.py:392] - [PERFORMANCE] Avg Response Time: 1.225s
2025-09-14 10:46:15,478 - banking_api_tests - INFO - [environment.py:393] - [INFO] Total Response Time: 1.225s
2025-09-14 10:46:15,478 - banking_api_tests - ERROR - [environment.py:397] - [ERROR] Last Error: Status code assertion failed - Expected: 404, Actual: 500 | JSON Error: {"servlet": "com.github.tomakehurst.wiremock.servlet.WireMockHandlerDispatchingServlet-5305c37d", "cause0": "java.io.FileNotFoundException: /app/./__files/account-VERYLONGACCOUNTID.json (No such file or directory)", "message": "java.io.FileNotFoundException: /app/./__files/account-VERYLONGACCOUNTID.json (No such file or directory)", "url": "/accounts/VERYLONGACCOUNTID", "status": "500"}
2025-09-14 10:46:15,478 - banking_api_tests - INFO - [environment.py:406] - [END] ============================================================
2025-09-14 10:46:15,480 - banking_api_tests - INFO - [environment.py:344] - [SCENARIO] ============================================================
2025-09-14 10:46:15,480 - banking_api_tests - INFO - [environment.py:345] - [TEST] SCENARIO START: Multiple concurrent account retrievals
2025-09-14 10:46:15,480 - banking_api_tests - INFO - [environment.py:346] - [FILE] Feature: Account Retrieval
2025-09-14 10:46:15,480 - banking_api_tests - INFO - [environment.py:347] - [LOCATION] Location: features/accounts/account_retrieval.feature:66
2025-09-14 10:46:15,480 - banking_api_tests - INFO - [environment.py:348] - [TAGS]  Tags: performance, load_testing
2025-09-14 10:46:15,480 - banking_api_tests - INFO - [environment.py:349] - [TIME] Start Time: 2025-09-14T10:46:15.480017
2025-09-14 10:46:15,480 - banking_api_tests - INFO - [environment.py:350] - [SCENARIO] ============================================================
2025-09-14 10:46:15,480 - banking_api_tests - INFO - [common_steps.py:153] - [API] Checking API availability...
2025-09-14 10:46:16,780 - banking_api_tests - INFO - [common_steps.py:163] - [RESPONSE] API Health Check - Status: 200
2025-09-14 10:46:16,780 - banking_api_tests - INFO - [common_steps.py:170] - [SUCCESS] API is available and responding
2025-09-14 10:46:16,782 - banking_api_tests - INFO - [common_steps.py:192] - [AUTH] Configuring authentication credentials...
2025-09-14 10:46:16,782 - banking_api_tests - INFO - [common_steps.py:201] - [AUTH] Auth Token Configured: ****************2024
2025-09-14 10:46:16,783 - banking_api_tests - INFO - [common_steps.py:211] - [SUCCESS] Authentication credentials validated and configured
2025-09-14 10:46:16,783 - banking_api_tests - INFO - [common_steps.py:305] - [REQUEST] Sending GET request to: /accounts/ACC001
2025-09-14 10:46:18,088 - banking_api_tests - INFO - [common_steps.py:327] - [RESPONSE] GET Response: 200
2025-09-14 10:46:18,088 - banking_api_tests - INFO - [common_steps.py:328] - [TIME] Response Time: 1.305s
2025-09-14 10:46:18,089 - banking_api_tests - INFO - [common_steps.py:341] - [SUCCESS] GET request completed successfully
2025-09-14 10:46:18,089 - banking_api_tests - INFO - [common_steps.py:305] - [REQUEST] Sending GET request to: /accounts/ACC002
2025-09-14 10:46:19,441 - banking_api_tests - INFO - [common_steps.py:327] - [RESPONSE] GET Response: 200
2025-09-14 10:46:19,441 - banking_api_tests - INFO - [common_steps.py:328] - [TIME] Response Time: 1.350s
2025-09-14 10:46:19,441 - banking_api_tests - INFO - [common_steps.py:341] - [SUCCESS] GET request completed successfully
2025-09-14 10:46:19,441 - banking_api_tests - INFO - [common_steps.py:1016] - [VERIFY] Verifying response time is under 1500ms
2025-09-14 10:46:19,441 - banking_api_tests - INFO - [common_steps.py:1035] - [SUCCESS] Response time assertion PASSED: 1327ms <= 1500ms
2025-09-14 10:46:19,442 - banking_api_tests - INFO - [common_steps.py:925] - [VERIFY] Verifying response is successful (2xx status)
2025-09-14 10:46:19,442 - banking_api_tests - INFO - [common_steps.py:935] - [SUCCESS] Success assertion PASSED: Status 200
2025-09-14 10:46:19,442 - banking_api_tests - INFO - [environment.py:384] - [END] ============================================================
2025-09-14 10:46:19,442 - banking_api_tests - INFO - [environment.py:385] - [PASSED] SCENARIO COMPLETE: Multiple concurrent account retrievals
2025-09-14 10:46:19,442 - banking_api_tests - INFO - [environment.py:386] - [INFO] Status: [PASSED] PASSED
2025-09-14 10:46:19,442 - banking_api_tests - INFO - [environment.py:387] - [TIME]  Duration: 0:00:03.962540
2025-09-14 10:46:19,442 - banking_api_tests - INFO - [environment.py:388] - [URL] API Calls Made: 2
2025-09-14 10:46:19,442 - banking_api_tests - INFO - [environment.py:392] - [PERFORMANCE] Avg Response Time: 1.327s
2025-09-14 10:46:19,443 - banking_api_tests - INFO - [environment.py:393] - [INFO] Total Response Time: 2.655s
2025-09-14 10:46:19,443 - banking_api_tests - INFO - [environment.py:401] - [URL] Final Response Status: 200
2025-09-14 10:46:19,443 - banking_api_tests - INFO - [environment.py:404] - [VERIFY] Correlation ID: 
2025-09-14 10:46:19,443 - banking_api_tests - INFO - [environment.py:406] - [END] ============================================================
2025-09-14 10:46:19,444 - banking_api_tests - INFO - [environment.py:344] - [SCENARIO] ============================================================
2025-09-14 10:46:19,444 - banking_api_tests - INFO - [environment.py:345] - [TEST] SCENARIO START: Verify account response data types and formats
2025-09-14 10:46:19,445 - banking_api_tests - INFO - [environment.py:346] - [FILE] Feature: Account Retrieval
2025-09-14 10:46:19,445 - banking_api_tests - INFO - [environment.py:347] - [LOCATION] Location: features/accounts/account_retrieval.feature:73
2025-09-14 10:46:19,445 - banking_api_tests - INFO - [environment.py:348] - [TAGS]  Tags: data_validation
2025-09-14 10:46:19,445 - banking_api_tests - INFO - [environment.py:349] - [TIME] Start Time: 2025-09-14T10:46:19.444803
2025-09-14 10:46:19,445 - banking_api_tests - INFO - [environment.py:350] - [SCENARIO] ============================================================
2025-09-14 10:46:19,445 - banking_api_tests - INFO - [common_steps.py:153] - [API] Checking API availability...
2025-09-14 10:46:20,767 - banking_api_tests - INFO - [common_steps.py:163] - [RESPONSE] API Health Check - Status: 200
2025-09-14 10:46:20,767 - banking_api_tests - INFO - [common_steps.py:170] - [SUCCESS] API is available and responding
2025-09-14 10:46:20,769 - banking_api_tests - INFO - [common_steps.py:192] - [AUTH] Configuring authentication credentials...
2025-09-14 10:46:20,769 - banking_api_tests - INFO - [common_steps.py:201] - [AUTH] Auth Token Configured: ****************2024
2025-09-14 10:46:20,769 - banking_api_tests - INFO - [common_steps.py:211] - [SUCCESS] Authentication credentials validated and configured
2025-09-14 10:46:20,770 - banking_api_tests - INFO - [common_steps.py:305] - [REQUEST] Sending GET request to: /accounts/ACC001
2025-09-14 10:46:22,085 - banking_api_tests - INFO - [common_steps.py:327] - [RESPONSE] GET Response: 200
2025-09-14 10:46:22,085 - banking_api_tests - INFO - [common_steps.py:328] - [TIME] Response Time: 1.315s
2025-09-14 10:46:22,085 - banking_api_tests - INFO - [common_steps.py:341] - [SUCCESS] GET request completed successfully
2025-09-14 10:46:22,086 - banking_api_tests - INFO - [common_steps.py:497] - [VERIFY] Verifying response status code should be 200
2025-09-14 10:46:22,086 - banking_api_tests - INFO - [common_steps.py:504] - [INFO] Expected: 200, Actual: 200
2025-09-14 10:46:22,086 - banking_api_tests - INFO - [common_steps.py:507] - [SUCCESS] Status code assertion PASSED: 200
2025-09-14 10:46:22,086 - banking_api_tests - INFO - [common_steps.py:871] - [VERIFY] Verifying response 'customerId' should be 'ACC001'
2025-09-14 10:46:22,086 - banking_api_tests - ERROR - [common_steps.py:895] - [ERROR] Value assertion FAILED: Expected 'ACC001', got 'CUST001'
2025-09-14 10:46:22,088 - banking_api_tests - ERROR - [environment.py:170] - [SAVE] Failure details saved to: logs/failures/FAILED_Verify_account_response_data_types_and_formats_20250914_104622.txt
2025-09-14 10:46:22,088 - banking_api_tests - INFO - [environment.py:384] - [END] ============================================================
2025-09-14 10:46:22,088 - banking_api_tests - INFO - [environment.py:385] - [FAILED] SCENARIO COMPLETE: Verify account response data types and formats
2025-09-14 10:46:22,088 - banking_api_tests - INFO - [environment.py:386] - [INFO] Status: [FAILED] FAILED
2025-09-14 10:46:22,088 - banking_api_tests - INFO - [environment.py:387] - [TIME]  Duration: 0:00:02.642363
2025-09-14 10:46:22,088 - banking_api_tests - INFO - [environment.py:388] - [URL] API Calls Made: 1
2025-09-14 10:46:22,088 - banking_api_tests - INFO - [environment.py:392] - [PERFORMANCE] Avg Response Time: 1.315s
2025-09-14 10:46:22,088 - banking_api_tests - INFO - [environment.py:393] - [INFO] Total Response Time: 1.315s
2025-09-14 10:46:22,088 - banking_api_tests - ERROR - [environment.py:397] - [ERROR] Last Error: Value assertion failed - 'customerId' expected 'ACC001' but got 'CUST001'
2025-09-14 10:46:22,088 - banking_api_tests - INFO - [environment.py:401] - [URL] Final Response Status: 200
2025-09-14 10:46:22,089 - banking_api_tests - INFO - [environment.py:404] - [VERIFY] Correlation ID: 
2025-09-14 10:46:22,089 - banking_api_tests - INFO - [environment.py:406] - [END] ============================================================
2025-09-14 10:46:22,091 - banking_api_tests - INFO - [environment.py:344] - [SCENARIO] ============================================================
2025-09-14 10:46:22,091 - banking_api_tests - INFO - [environment.py:345] - [TEST] SCENARIO START: Verify correlation ID is propagated in account retrieval
2025-09-14 10:46:22,091 - banking_api_tests - INFO - [environment.py:346] - [FILE] Feature: Account Retrieval
2025-09-14 10:46:22,091 - banking_api_tests - INFO - [environment.py:347] - [LOCATION] Location: features/accounts/account_retrieval.feature:84
2025-09-14 10:46:22,091 - banking_api_tests - INFO - [environment.py:348] - [TAGS]  Tags: correlation_tracking
2025-09-14 10:46:22,091 - banking_api_tests - INFO - [environment.py:349] - [TIME] Start Time: 2025-09-14T10:46:22.091066
2025-09-14 10:46:22,091 - banking_api_tests - INFO - [environment.py:350] - [SCENARIO] ============================================================
2025-09-14 10:46:22,091 - banking_api_tests - INFO - [common_steps.py:153] - [API] Checking API availability...
2025-09-14 10:46:23,402 - banking_api_tests - INFO - [common_steps.py:163] - [RESPONSE] API Health Check - Status: 200
2025-09-14 10:46:23,402 - banking_api_tests - INFO - [common_steps.py:170] - [SUCCESS] API is available and responding
2025-09-14 10:46:23,404 - banking_api_tests - INFO - [common_steps.py:192] - [AUTH] Configuring authentication credentials...
2025-09-14 10:46:23,404 - banking_api_tests - INFO - [common_steps.py:201] - [AUTH] Auth Token Configured: ****************2024
2025-09-14 10:46:23,404 - banking_api_tests - INFO - [common_steps.py:211] - [SUCCESS] Authentication credentials validated and configured
2025-09-14 10:46:23,405 - banking_api_tests - INFO - [common_steps.py:221] - [CORRELATION] Setting correlation ID: test-acc-001
2025-09-14 10:46:23,405 - banking_api_tests - INFO - [common_steps.py:305] - [REQUEST] Sending GET request to: /accounts/ACC001
2025-09-14 10:46:24,735 - banking_api_tests - INFO - [common_steps.py:327] - [RESPONSE] GET Response: 200
2025-09-14 10:46:24,735 - banking_api_tests - INFO - [common_steps.py:328] - [TIME] Response Time: 1.329s
2025-09-14 10:46:24,735 - banking_api_tests - INFO - [common_steps.py:341] - [SUCCESS] GET request completed successfully
2025-09-14 10:46:24,735 - banking_api_tests - INFO - [common_steps.py:497] - [VERIFY] Verifying response status code should be 200
2025-09-14 10:46:24,735 - banking_api_tests - INFO - [common_steps.py:504] - [INFO] Expected: 200, Actual: 200
2025-09-14 10:46:24,736 - banking_api_tests - INFO - [common_steps.py:507] - [SUCCESS] Status code assertion PASSED: 200
2025-09-14 10:46:24,736 - banking_api_tests - INFO - [common_steps.py:682] - [SUCCESS] Found correlation ID: test-acc-001
2025-09-14 10:46:24,736 - banking_api_tests - INFO - [environment.py:384] - [END] ============================================================
2025-09-14 10:46:24,736 - banking_api_tests - INFO - [environment.py:385] - [PASSED] SCENARIO COMPLETE: Verify correlation ID is propagated in account retrieval
2025-09-14 10:46:24,736 - banking_api_tests - INFO - [environment.py:386] - [INFO] Status: [PASSED] PASSED
2025-09-14 10:46:24,736 - banking_api_tests - INFO - [environment.py:387] - [TIME]  Duration: 0:00:02.645433
2025-09-14 10:46:24,736 - banking_api_tests - INFO - [environment.py:388] - [URL] API Calls Made: 1
2025-09-14 10:46:24,736 - banking_api_tests - INFO - [environment.py:392] - [PERFORMANCE] Avg Response Time: 1.329s
2025-09-14 10:46:24,736 - banking_api_tests - INFO - [environment.py:393] - [INFO] Total Response Time: 1.329s
2025-09-14 10:46:24,737 - banking_api_tests - INFO - [environment.py:401] - [URL] Final Response Status: 200
2025-09-14 10:46:24,737 - banking_api_tests - INFO - [environment.py:404] - [VERIFY] Correlation ID: test-acc-001
2025-09-14 10:46:24,737 - banking_api_tests - INFO - [environment.py:406] - [END] ============================================================
2025-09-14 10:46:24,738 - banking_api_tests - INFO - [environment.py:344] - [SCENARIO] ============================================================
2025-09-14 10:46:24,738 - banking_api_tests - INFO - [environment.py:345] - [TEST] SCENARIO START: Verify consistent response for repeated requests
2025-09-14 10:46:24,738 - banking_api_tests - INFO - [environment.py:346] - [FILE] Feature: Account Retrieval
2025-09-14 10:46:24,738 - banking_api_tests - INFO - [environment.py:347] - [LOCATION] Location: features/accounts/account_retrieval.feature:91
2025-09-14 10:46:24,738 - banking_api_tests - INFO - [environment.py:348] - [TAGS]  Tags: caching_behavior
2025-09-14 10:46:24,738 - banking_api_tests - INFO - [environment.py:349] - [TIME] Start Time: 2025-09-14T10:46:24.738474
2025-09-14 10:46:24,738 - banking_api_tests - INFO - [environment.py:350] - [SCENARIO] ============================================================
2025-09-14 10:46:24,739 - banking_api_tests - INFO - [common_steps.py:153] - [API] Checking API availability...
2025-09-14 10:46:26,081 - banking_api_tests - INFO - [common_steps.py:163] - [RESPONSE] API Health Check - Status: 200
2025-09-14 10:46:26,081 - banking_api_tests - INFO - [common_steps.py:170] - [SUCCESS] API is available and responding
2025-09-14 10:46:26,082 - banking_api_tests - INFO - [common_steps.py:192] - [AUTH] Configuring authentication credentials...
2025-09-14 10:46:26,082 - banking_api_tests - INFO - [common_steps.py:201] - [AUTH] Auth Token Configured: ****************2024
2025-09-14 10:46:26,083 - banking_api_tests - INFO - [common_steps.py:211] - [SUCCESS] Authentication credentials validated and configured
2025-09-14 10:46:26,083 - banking_api_tests - INFO - [common_steps.py:305] - [REQUEST] Sending GET request to: /accounts/ACC001
2025-09-14 10:46:27,403 - banking_api_tests - INFO - [common_steps.py:327] - [RESPONSE] GET Response: 200
2025-09-14 10:46:27,403 - banking_api_tests - INFO - [common_steps.py:328] - [TIME] Response Time: 1.320s
2025-09-14 10:46:27,403 - banking_api_tests - INFO - [common_steps.py:341] - [SUCCESS] GET request completed successfully
2025-09-14 10:46:27,403 - banking_api_tests - INFO - [common_steps.py:497] - [VERIFY] Verifying response status code should be 200
2025-09-14 10:46:27,403 - banking_api_tests - INFO - [common_steps.py:504] - [INFO] Expected: 200, Actual: 200
2025-09-14 10:46:27,403 - banking_api_tests - INFO - [common_steps.py:507] - [SUCCESS] Status code assertion PASSED: 200
2025-09-14 10:46:27,404 - banking_api_tests - ERROR - [common_steps.py:654] - [ERROR] Response does not contain field: firstName
2025-09-14 10:46:27,405 - banking_api_tests - ERROR - [environment.py:170] - [SAVE] Failure details saved to: logs/failures/FAILED_Verify_consistent_response_for_repeated_requests_20250914_104627.txt
2025-09-14 10:46:27,406 - banking_api_tests - INFO - [environment.py:384] - [END] ============================================================
2025-09-14 10:46:27,406 - banking_api_tests - INFO - [environment.py:385] - [FAILED] SCENARIO COMPLETE: Verify consistent response for repeated requests
2025-09-14 10:46:27,406 - banking_api_tests - INFO - [environment.py:386] - [INFO] Status: [FAILED] FAILED
2025-09-14 10:46:27,406 - banking_api_tests - INFO - [environment.py:387] - [TIME]  Duration: 0:00:02.666323
2025-09-14 10:46:27,406 - banking_api_tests - INFO - [environment.py:388] - [URL] API Calls Made: 1
2025-09-14 10:46:27,406 - banking_api_tests - INFO - [environment.py:392] - [PERFORMANCE] Avg Response Time: 1.320s
2025-09-14 10:46:27,406 - banking_api_tests - INFO - [environment.py:393] - [INFO] Total Response Time: 1.320s
2025-09-14 10:46:27,406 - banking_api_tests - INFO - [environment.py:401] - [URL] Final Response Status: 200
2025-09-14 10:46:27,406 - banking_api_tests - INFO - [environment.py:404] - [VERIFY] Correlation ID: 
2025-09-14 10:46:27,406 - banking_api_tests - INFO - [environment.py:406] - [END] ============================================================
2025-09-14 10:46:27,408 - banking_api_tests - INFO - [environment.py:344] - [SCENARIO] ============================================================
2025-09-14 10:46:27,408 - banking_api_tests - INFO - [environment.py:345] - [TEST] SCENARIO START: Verify account retrieval response headers
2025-09-14 10:46:27,409 - banking_api_tests - INFO - [environment.py:346] - [FILE] Feature: Account Retrieval
2025-09-14 10:46:27,409 - banking_api_tests - INFO - [environment.py:347] - [LOCATION] Location: features/accounts/account_retrieval.feature:101
2025-09-14 10:46:27,409 - banking_api_tests - INFO - [environment.py:348] - [TAGS]  Tags: response_headers
2025-09-14 10:46:27,409 - banking_api_tests - INFO - [environment.py:349] - [TIME] Start Time: 2025-09-14T10:46:27.408785
2025-09-14 10:46:27,409 - banking_api_tests - INFO - [environment.py:350] - [SCENARIO] ============================================================
2025-09-14 10:46:27,409 - banking_api_tests - INFO - [common_steps.py:153] - [API] Checking API availability...
2025-09-14 10:46:28,712 - banking_api_tests - INFO - [common_steps.py:163] - [RESPONSE] API Health Check - Status: 200
2025-09-14 10:46:28,713 - banking_api_tests - INFO - [common_steps.py:170] - [SUCCESS] API is available and responding
2025-09-14 10:46:28,714 - banking_api_tests - INFO - [common_steps.py:192] - [AUTH] Configuring authentication credentials...
2025-09-14 10:46:28,714 - banking_api_tests - INFO - [common_steps.py:201] - [AUTH] Auth Token Configured: ****************2024
2025-09-14 10:46:28,714 - banking_api_tests - INFO - [common_steps.py:211] - [SUCCESS] Authentication credentials validated and configured
2025-09-14 10:46:28,714 - banking_api_tests - INFO - [common_steps.py:305] - [REQUEST] Sending GET request to: /accounts/ACC001
2025-09-14 10:46:30,008 - banking_api_tests - INFO - [common_steps.py:327] - [RESPONSE] GET Response: 200
2025-09-14 10:46:30,009 - banking_api_tests - INFO - [common_steps.py:328] - [TIME] Response Time: 1.294s
2025-09-14 10:46:30,009 - banking_api_tests - INFO - [common_steps.py:341] - [SUCCESS] GET request completed successfully
2025-09-14 10:46:30,009 - banking_api_tests - INFO - [common_steps.py:497] - [VERIFY] Verifying response status code should be 200
2025-09-14 10:46:30,009 - banking_api_tests - INFO - [common_steps.py:504] - [INFO] Expected: 200, Actual: 200
2025-09-14 10:46:30,009 - banking_api_tests - INFO - [common_steps.py:507] - [SUCCESS] Status code assertion PASSED: 200
2025-09-14 10:46:30,009 - banking_api_tests - INFO - [common_steps.py:1127] - [VERIFY] Checking security headers in response
2025-09-14 10:46:30,010 - banking_api_tests - INFO - [common_steps.py:1151] - [SUCCESS] All security headers present
2025-09-14 10:46:30,010 - banking_api_tests - INFO - [common_steps.py:682] - [SUCCESS] Found correlation ID: 
2025-09-14 10:46:30,010 - banking_api_tests - INFO - [environment.py:384] - [END] ============================================================
2025-09-14 10:46:30,010 - banking_api_tests - INFO - [environment.py:385] - [PASSED] SCENARIO COMPLETE: Verify account retrieval response headers
2025-09-14 10:46:30,010 - banking_api_tests - INFO - [environment.py:386] - [INFO] Status: [PASSED] PASSED
2025-09-14 10:46:30,010 - banking_api_tests - INFO - [environment.py:387] - [TIME]  Duration: 0:00:02.601795
2025-09-14 10:46:30,010 - banking_api_tests - INFO - [environment.py:388] - [URL] API Calls Made: 1
2025-09-14 10:46:30,010 - banking_api_tests - INFO - [environment.py:392] - [PERFORMANCE] Avg Response Time: 1.294s
2025-09-14 10:46:30,011 - banking_api_tests - INFO - [environment.py:393] - [INFO] Total Response Time: 1.294s
2025-09-14 10:46:30,011 - banking_api_tests - INFO - [environment.py:401] - [URL] Final Response Status: 200
2025-09-14 10:46:30,011 - banking_api_tests - INFO - [environment.py:404] - [VERIFY] Correlation ID: 
2025-09-14 10:46:30,011 - banking_api_tests - INFO - [environment.py:406] - [END] ============================================================
2025-09-14 10:46:30,013 - banking_api_tests - INFO - [environment.py:344] - [SCENARIO] ============================================================
2025-09-14 10:46:30,013 - banking_api_tests - INFO - [environment.py:345] - [TEST] SCENARIO START: Account retrieval with special characters in ID -- @1.1 
2025-09-14 10:46:30,014 - banking_api_tests - INFO - [environment.py:346] - [FILE] Feature: Account Retrieval
2025-09-14 10:46:30,014 - banking_api_tests - INFO - [environment.py:347] - [LOCATION] Location: features/accounts/account_retrieval.feature:115
2025-09-14 10:46:30,014 - banking_api_tests - INFO - [environment.py:348] - [TAGS]  Tags: edge_cases
2025-09-14 10:46:30,014 - banking_api_tests - INFO - [environment.py:349] - [TIME] Start Time: 2025-09-14T10:46:30.013850
2025-09-14 10:46:30,014 - banking_api_tests - INFO - [environment.py:350] - [SCENARIO] ============================================================
2025-09-14 10:46:30,014 - banking_api_tests - INFO - [common_steps.py:153] - [API] Checking API availability...
2025-09-14 10:46:31,319 - banking_api_tests - INFO - [common_steps.py:163] - [RESPONSE] API Health Check - Status: 200
2025-09-14 10:46:31,319 - banking_api_tests - INFO - [common_steps.py:170] - [SUCCESS] API is available and responding
2025-09-14 10:46:31,321 - banking_api_tests - INFO - [common_steps.py:192] - [AUTH] Configuring authentication credentials...
2025-09-14 10:46:31,321 - banking_api_tests - INFO - [common_steps.py:201] - [AUTH] Auth Token Configured: ****************2024
2025-09-14 10:46:31,321 - banking_api_tests - INFO - [common_steps.py:211] - [SUCCESS] Authentication credentials validated and configured
2025-09-14 10:46:31,321 - banking_api_tests - INFO - [common_steps.py:305] - [REQUEST] Sending GET request to: /accounts/ACC@001
2025-09-14 10:46:32,524 - banking_api_tests - INFO - [common_steps.py:327] - [RESPONSE] GET Response: 404
2025-09-14 10:46:32,524 - banking_api_tests - INFO - [common_steps.py:328] - [TIME] Response Time: 1.203s
2025-09-14 10:46:32,525 - banking_api_tests - INFO - [common_steps.py:341] - [SUCCESS] GET request completed successfully
2025-09-14 10:46:32,525 - banking_api_tests - INFO - [common_steps.py:497] - [VERIFY] Verifying response status code should be 404
2025-09-14 10:46:32,525 - banking_api_tests - INFO - [common_steps.py:504] - [INFO] Expected: 404, Actual: 404
2025-09-14 10:46:32,525 - banking_api_tests - INFO - [common_steps.py:507] - [SUCCESS] Status code assertion PASSED: 404
2025-09-14 10:46:32,525 - banking_api_tests - INFO - [common_steps.py:956] - [VERIFY] Verifying response contains error message
2025-09-14 10:46:32,526 - banking_api_tests - ERROR - [common_steps.py:992] - [ERROR] JSON decode error: Expecting value: line 2 column 48 (char 48)
2025-09-14 10:46:32,526 - banking_api_tests - ERROR - [common_steps.py:993] - [BODY] Raw response: 
                                               Request was not matched
                                               =======================

--------------------------------------------------------...
2025-09-14 10:46:32,527 - banking_api_tests - ERROR - [environment.py:170] - [SAVE] Failure details saved to: logs/failures/FAILED_Account_retrieval_with_special_characters_in_ID_--_20250914_104632.txt
2025-09-14 10:46:32,527 - banking_api_tests - INFO - [environment.py:384] - [END] ============================================================
2025-09-14 10:46:32,527 - banking_api_tests - INFO - [environment.py:385] - [FAILED] SCENARIO COMPLETE: Account retrieval with special characters in ID -- @1.1 
2025-09-14 10:46:32,527 - banking_api_tests - INFO - [environment.py:386] - [INFO] Status: [FAILED] FAILED
2025-09-14 10:46:32,527 - banking_api_tests - INFO - [environment.py:387] - [TIME]  Duration: 0:00:02.512504
2025-09-14 10:46:32,527 - banking_api_tests - INFO - [environment.py:388] - [URL] API Calls Made: 1
2025-09-14 10:46:32,528 - banking_api_tests - INFO - [environment.py:392] - [PERFORMANCE] Avg Response Time: 1.203s
2025-09-14 10:46:32,528 - banking_api_tests - INFO - [environment.py:393] - [INFO] Total Response Time: 1.203s
2025-09-14 10:46:32,528 - banking_api_tests - ERROR - [environment.py:397] - [ERROR] Last Error: JSON decode error and no error text found: Expecting value: line 2 column 48 (char 48)
2025-09-14 10:46:32,528 - banking_api_tests - INFO - [environment.py:406] - [END] ============================================================
2025-09-14 10:46:32,528 - banking_api_tests - INFO - [environment.py:344] - [SCENARIO] ============================================================
2025-09-14 10:46:32,528 - banking_api_tests - INFO - [environment.py:345] - [TEST] SCENARIO START: Account retrieval with special characters in ID -- @1.2 
2025-09-14 10:46:32,529 - banking_api_tests - INFO - [environment.py:346] - [FILE] Feature: Account Retrieval
2025-09-14 10:46:32,529 - banking_api_tests - INFO - [environment.py:347] - [LOCATION] Location: features/accounts/account_retrieval.feature:116
2025-09-14 10:46:32,529 - banking_api_tests - INFO - [environment.py:348] - [TAGS]  Tags: edge_cases
2025-09-14 10:46:32,529 - banking_api_tests - INFO - [environment.py:349] - [TIME] Start Time: 2025-09-14T10:46:32.528772
2025-09-14 10:46:32,529 - banking_api_tests - INFO - [environment.py:350] - [SCENARIO] ============================================================
2025-09-14 10:46:32,529 - banking_api_tests - INFO - [common_steps.py:153] - [API] Checking API availability...
2025-09-14 10:46:33,845 - banking_api_tests - INFO - [common_steps.py:163] - [RESPONSE] API Health Check - Status: 200
2025-09-14 10:46:33,845 - banking_api_tests - INFO - [common_steps.py:170] - [SUCCESS] API is available and responding
2025-09-14 10:46:33,847 - banking_api_tests - INFO - [common_steps.py:192] - [AUTH] Configuring authentication credentials...
2025-09-14 10:46:33,847 - banking_api_tests - INFO - [common_steps.py:201] - [AUTH] Auth Token Configured: ****************2024
2025-09-14 10:46:33,847 - banking_api_tests - INFO - [common_steps.py:211] - [SUCCESS] Authentication credentials validated and configured
2025-09-14 10:46:33,847 - banking_api_tests - INFO - [common_steps.py:305] - [REQUEST] Sending GET request to: /accounts/ACC 001
2025-09-14 10:46:35,048 - banking_api_tests - INFO - [common_steps.py:327] - [RESPONSE] GET Response: 404
2025-09-14 10:46:35,049 - banking_api_tests - INFO - [common_steps.py:328] - [TIME] Response Time: 1.201s
2025-09-14 10:46:35,049 - banking_api_tests - INFO - [common_steps.py:341] - [SUCCESS] GET request completed successfully
2025-09-14 10:46:35,049 - banking_api_tests - INFO - [common_steps.py:497] - [VERIFY] Verifying response status code should be 404
2025-09-14 10:46:35,049 - banking_api_tests - INFO - [common_steps.py:504] - [INFO] Expected: 404, Actual: 404
2025-09-14 10:46:35,049 - banking_api_tests - INFO - [common_steps.py:507] - [SUCCESS] Status code assertion PASSED: 404
2025-09-14 10:46:35,050 - banking_api_tests - INFO - [common_steps.py:956] - [VERIFY] Verifying response contains error message
2025-09-14 10:46:35,050 - banking_api_tests - ERROR - [common_steps.py:992] - [ERROR] JSON decode error: Expecting value: line 2 column 48 (char 48)
2025-09-14 10:46:35,050 - banking_api_tests - ERROR - [common_steps.py:993] - [BODY] Raw response: 
                                               Request was not matched
                                               =======================

--------------------------------------------------------...
2025-09-14 10:46:35,051 - banking_api_tests - ERROR - [environment.py:170] - [SAVE] Failure details saved to: logs/failures/FAILED_Account_retrieval_with_special_characters_in_ID_--_20250914_104635.txt
2025-09-14 10:46:35,051 - banking_api_tests - INFO - [environment.py:384] - [END] ============================================================
2025-09-14 10:46:35,051 - banking_api_tests - INFO - [environment.py:385] - [FAILED] SCENARIO COMPLETE: Account retrieval with special characters in ID -- @1.2 
2025-09-14 10:46:35,052 - banking_api_tests - INFO - [environment.py:386] - [INFO] Status: [FAILED] FAILED
2025-09-14 10:46:35,052 - banking_api_tests - INFO - [environment.py:387] - [TIME]  Duration: 0:00:02.521716
2025-09-14 10:46:35,052 - banking_api_tests - INFO - [environment.py:388] - [URL] API Calls Made: 1
2025-09-14 10:46:35,052 - banking_api_tests - INFO - [environment.py:392] - [PERFORMANCE] Avg Response Time: 1.201s
2025-09-14 10:46:35,052 - banking_api_tests - INFO - [environment.py:393] - [INFO] Total Response Time: 1.201s
2025-09-14 10:46:35,052 - banking_api_tests - ERROR - [environment.py:397] - [ERROR] Last Error: JSON decode error and no error text found: Expecting value: line 2 column 48 (char 48)
2025-09-14 10:46:35,052 - banking_api_tests - INFO - [environment.py:406] - [END] ============================================================
2025-09-14 10:46:35,053 - banking_api_tests - INFO - [environment.py:344] - [SCENARIO] ============================================================
2025-09-14 10:46:35,053 - banking_api_tests - INFO - [environment.py:345] - [TEST] SCENARIO START: Account retrieval with special characters in ID -- @1.3 
2025-09-14 10:46:35,053 - banking_api_tests - INFO - [environment.py:346] - [FILE] Feature: Account Retrieval
2025-09-14 10:46:35,053 - banking_api_tests - INFO - [environment.py:347] - [LOCATION] Location: features/accounts/account_retrieval.feature:117
2025-09-14 10:46:35,053 - banking_api_tests - INFO - [environment.py:348] - [TAGS]  Tags: edge_cases
2025-09-14 10:46:35,053 - banking_api_tests - INFO - [environment.py:349] - [TIME] Start Time: 2025-09-14T10:46:35.053076
2025-09-14 10:46:35,053 - banking_api_tests - INFO - [environment.py:350] - [SCENARIO] ============================================================
2025-09-14 10:46:35,053 - banking_api_tests - INFO - [common_steps.py:153] - [API] Checking API availability...
2025-09-14 10:46:36,356 - banking_api_tests - INFO - [common_steps.py:163] - [RESPONSE] API Health Check - Status: 200
2025-09-14 10:46:36,356 - banking_api_tests - INFO - [common_steps.py:170] - [SUCCESS] API is available and responding
2025-09-14 10:46:36,357 - banking_api_tests - INFO - [common_steps.py:192] - [AUTH] Configuring authentication credentials...
2025-09-14 10:46:36,357 - banking_api_tests - INFO - [common_steps.py:201] - [AUTH] Auth Token Configured: ****************2024
2025-09-14 10:46:36,357 - banking_api_tests - INFO - [common_steps.py:211] - [SUCCESS] Authentication credentials validated and configured
2025-09-14 10:46:36,358 - banking_api_tests - INFO - [common_steps.py:305] - [REQUEST] Sending GET request to: /accounts/ACC#001
2025-09-14 10:46:37,569 - banking_api_tests - INFO - [common_steps.py:327] - [RESPONSE] GET Response: 500
2025-09-14 10:46:37,569 - banking_api_tests - INFO - [common_steps.py:328] - [TIME] Response Time: 1.211s
2025-09-14 10:46:37,569 - banking_api_tests - INFO - [common_steps.py:341] - [SUCCESS] GET request completed successfully
2025-09-14 10:46:37,570 - banking_api_tests - INFO - [common_steps.py:497] - [VERIFY] Verifying response status code should be 404
2025-09-14 10:46:37,570 - banking_api_tests - INFO - [common_steps.py:504] - [INFO] Expected: 404, Actual: 500
2025-09-14 10:46:37,570 - banking_api_tests - ERROR - [common_steps.py:509] - [ERROR] Status code assertion FAILED: Expected 404, got 500
2025-09-14 10:46:37,570 - banking_api_tests - ERROR - [common_steps.py:510] - [BODY] Response content: {
"servlet":"com.github.tomakehurst.wiremock.servlet.WireMockHandlerDispatchingServlet-5305c37d",
"cause0":"java.io.FileNotFoundException: /app/./__files/account-ACC.json (No such file or directory)",
"message":"java.io.FileNotFoundException: /app/./__files/account-ACC.json (No such file or director...
2025-09-14 10:46:37,570 - banking_api_tests - ERROR - [common_steps.py:525] - [BODY] Error Response JSON: {
  "servlet": "com.github.tomakehurst.wiremock.servlet.WireMockHandlerDispatchingServlet-5305c37d",
  "cause0": "java.io.FileNotFoundException: /app/./__files/account-ACC.json (No such file or directory)",
  "message": "java.io.FileNotFoundException: /app/./__files/account-ACC.json (No such file or directory)",
  "url": "/accounts/ACC",
  "status": "500"
}
2025-09-14 10:46:37,572 - banking_api_tests - ERROR - [environment.py:170] - [SAVE] Failure details saved to: logs/failures/FAILED_Account_retrieval_with_special_characters_in_ID_--_20250914_104637.txt
2025-09-14 10:46:37,572 - banking_api_tests - INFO - [environment.py:384] - [END] ============================================================
2025-09-14 10:46:37,572 - banking_api_tests - INFO - [environment.py:385] - [FAILED] SCENARIO COMPLETE: Account retrieval with special characters in ID -- @1.3 
2025-09-14 10:46:37,572 - banking_api_tests - INFO - [environment.py:386] - [INFO] Status: [FAILED] FAILED
2025-09-14 10:46:37,572 - banking_api_tests - INFO - [environment.py:387] - [TIME]  Duration: 0:00:02.517964
2025-09-14 10:46:37,572 - banking_api_tests - INFO - [environment.py:388] - [URL] API Calls Made: 1
2025-09-14 10:46:37,572 - banking_api_tests - INFO - [environment.py:392] - [PERFORMANCE] Avg Response Time: 1.211s
2025-09-14 10:46:37,573 - banking_api_tests - INFO - [environment.py:393] - [INFO] Total Response Time: 1.211s
2025-09-14 10:46:37,573 - banking_api_tests - ERROR - [environment.py:397] - [ERROR] Last Error: Status code assertion failed - Expected: 404, Actual: 500 | JSON Error: {"servlet": "com.github.tomakehurst.wiremock.servlet.WireMockHandlerDispatchingServlet-5305c37d", "cause0": "java.io.FileNotFoundException: /app/./__files/account-ACC.json (No such file or directory)", "message": "java.io.FileNotFoundException: /app/./__files/account-ACC.json (No such file or directory)", "url": "/accounts/ACC", "status": "500"}
2025-09-14 10:46:37,573 - banking_api_tests - INFO - [environment.py:406] - [END] ============================================================
2025-09-14 10:46:37,575 - banking_api_tests - INFO - [environment.py:344] - [SCENARIO] ============================================================
2025-09-14 10:46:37,575 - banking_api_tests - INFO - [environment.py:345] - [TEST] SCENARIO START: Account retrieval with special characters in ID -- @1.4 
2025-09-14 10:46:37,575 - banking_api_tests - INFO - [environment.py:346] - [FILE] Feature: Account Retrieval
2025-09-14 10:46:37,575 - banking_api_tests - INFO - [environment.py:347] - [LOCATION] Location: features/accounts/account_retrieval.feature:118
2025-09-14 10:46:37,575 - banking_api_tests - INFO - [environment.py:348] - [TAGS]  Tags: edge_cases
2025-09-14 10:46:37,575 - banking_api_tests - INFO - [environment.py:349] - [TIME] Start Time: 2025-09-14T10:46:37.575460
2025-09-14 10:46:37,576 - banking_api_tests - INFO - [environment.py:350] - [SCENARIO] ============================================================
2025-09-14 10:46:37,576 - banking_api_tests - INFO - [common_steps.py:153] - [API] Checking API availability...
2025-09-14 10:46:38,895 - banking_api_tests - INFO - [common_steps.py:163] - [RESPONSE] API Health Check - Status: 200
2025-09-14 10:46:38,896 - banking_api_tests - INFO - [common_steps.py:170] - [SUCCESS] API is available and responding
2025-09-14 10:46:38,898 - banking_api_tests - INFO - [common_steps.py:192] - [AUTH] Configuring authentication credentials...
2025-09-14 10:46:38,898 - banking_api_tests - INFO - [common_steps.py:201] - [AUTH] Auth Token Configured: ****************2024
2025-09-14 10:46:38,898 - banking_api_tests - INFO - [common_steps.py:211] - [SUCCESS] Authentication credentials validated and configured
2025-09-14 10:46:38,898 - banking_api_tests - INFO - [common_steps.py:305] - [REQUEST] Sending GET request to: /accounts/ACC%001
2025-09-14 10:46:40,095 - banking_api_tests - INFO - [common_steps.py:327] - [RESPONSE] GET Response: 400
2025-09-14 10:46:40,095 - banking_api_tests - INFO - [common_steps.py:328] - [TIME] Response Time: 1.196s
2025-09-14 10:46:40,095 - banking_api_tests - INFO - [common_steps.py:341] - [SUCCESS] GET request completed successfully
2025-09-14 10:46:40,096 - banking_api_tests - INFO - [common_steps.py:497] - [VERIFY] Verifying response status code should be 404
2025-09-14 10:46:40,096 - banking_api_tests - INFO - [common_steps.py:504] - [INFO] Expected: 404, Actual: 400
2025-09-14 10:46:40,096 - banking_api_tests - ERROR - [common_steps.py:509] - [ERROR] Status code assertion FAILED: Expected 404, got 400
2025-09-14 10:46:40,096 - banking_api_tests - ERROR - [common_steps.py:510] - [BODY] Response content: <h1>Bad Message 400</h1><pre>reason: Bad Request</pre>...
2025-09-14 10:46:40,098 - banking_api_tests - ERROR - [environment.py:170] - [SAVE] Failure details saved to: logs/failures/FAILED_Account_retrieval_with_special_characters_in_ID_--_20250914_104640.txt
2025-09-14 10:46:40,098 - banking_api_tests - INFO - [environment.py:384] - [END] ============================================================
2025-09-14 10:46:40,098 - banking_api_tests - INFO - [environment.py:385] - [FAILED] SCENARIO COMPLETE: Account retrieval with special characters in ID -- @1.4 
2025-09-14 10:46:40,098 - banking_api_tests - INFO - [environment.py:386] - [INFO] Status: [FAILED] FAILED
2025-09-14 10:46:40,098 - banking_api_tests - INFO - [environment.py:387] - [TIME]  Duration: 0:00:02.521397
2025-09-14 10:46:40,098 - banking_api_tests - INFO - [environment.py:388] - [URL] API Calls Made: 1
2025-09-14 10:46:40,098 - banking_api_tests - INFO - [environment.py:392] - [PERFORMANCE] Avg Response Time: 1.196s
2025-09-14 10:46:40,098 - banking_api_tests - INFO - [environment.py:393] - [INFO] Total Response Time: 1.196s
2025-09-14 10:46:40,098 - banking_api_tests - ERROR - [environment.py:397] - [ERROR] Last Error: Status code assertion failed - Expected: 404, Actual: 400
2025-09-14 10:46:40,098 - banking_api_tests - INFO - [environment.py:406] - [END] ============================================================
2025-09-14 10:46:40,103 - banking_api_tests - INFO - [environment.py:344] - [SCENARIO] ============================================================
2025-09-14 10:46:40,103 - banking_api_tests - INFO - [environment.py:345] - [TEST] SCENARIO START: Successful API access with valid bearer token
2025-09-14 10:46:40,103 - banking_api_tests - INFO - [environment.py:346] - [FILE] Feature: Authentication and Security
2025-09-14 10:46:40,104 - banking_api_tests - INFO - [environment.py:347] - [LOCATION] Location: features/authentication/auth_security.feature:11
2025-09-14 10:46:40,104 - banking_api_tests - INFO - [environment.py:348] - [TAGS]  Tags: authentication, smoke
2025-09-14 10:46:40,104 - banking_api_tests - INFO - [environment.py:349] - [TIME] Start Time: 2025-09-14T10:46:40.103733
2025-09-14 10:46:40,104 - banking_api_tests - INFO - [environment.py:350] - [SCENARIO] ============================================================
2025-09-14 10:46:40,104 - banking_api_tests - INFO - [common_steps.py:153] - [API] Checking API availability...
2025-09-14 10:46:41,409 - banking_api_tests - INFO - [common_steps.py:163] - [RESPONSE] API Health Check - Status: 200
2025-09-14 10:46:41,410 - banking_api_tests - INFO - [common_steps.py:170] - [SUCCESS] API is available and responding
2025-09-14 10:46:41,411 - banking_api_tests - INFO - [auth_steps.py:28] - [AUTH] Setting up valid bearer token
2025-09-14 10:46:41,412 - banking_api_tests - INFO - [common_steps.py:305] - [REQUEST] Sending GET request to: /customers/CUST001
2025-09-14 10:46:42,650 - banking_api_tests - INFO - [common_steps.py:327] - [RESPONSE] GET Response: 500
2025-09-14 10:46:42,650 - banking_api_tests - INFO - [common_steps.py:328] - [TIME] Response Time: 1.238s
2025-09-14 10:46:42,650 - banking_api_tests - INFO - [common_steps.py:341] - [SUCCESS] GET request completed successfully
2025-09-14 10:46:42,651 - banking_api_tests - INFO - [common_steps.py:925] - [VERIFY] Verifying response is successful (2xx status)
2025-09-14 10:46:42,651 - banking_api_tests - ERROR - [common_steps.py:937] - [ERROR] Success assertion FAILED: Status 500 is not successful
2025-09-14 10:46:42,651 - banking_api_tests - ERROR - [common_steps.py:938] - [BODY] Response content: {
"cause1":"wiremock.com.github.jknack.handlebars.HandlebarsException: inline@7685f485:1:2: could not find helper: &apos;fake&apos;\n{{fake &apos;name.firstName&apos;}}&quot;,\n  ^\n",
"servlet":"com.github.tomakehurst.wiremock.servlet.WireMockHandlerDispatchingServlet-5305c37d",
"cause0":"wiremock....
2025-09-14 10:46:42,652 - banking_api_tests - ERROR - [environment.py:170] - [SAVE] Failure details saved to: logs/failures/FAILED_Successful_API_access_with_valid_bearer_token_20250914_104642.txt
2025-09-14 10:46:42,652 - banking_api_tests - INFO - [environment.py:384] - [END] ============================================================
2025-09-14 10:46:42,652 - banking_api_tests - INFO - [environment.py:385] - [FAILED] SCENARIO COMPLETE: Successful API access with valid bearer token
2025-09-14 10:46:42,652 - banking_api_tests - INFO - [environment.py:386] - [INFO] Status: [FAILED] FAILED
2025-09-14 10:46:42,653 - banking_api_tests - INFO - [environment.py:387] - [TIME]  Duration: 0:00:02.547980
2025-09-14 10:46:42,653 - banking_api_tests - INFO - [environment.py:388] - [URL] API Calls Made: 1
2025-09-14 10:46:42,653 - banking_api_tests - INFO - [environment.py:392] - [PERFORMANCE] Avg Response Time: 1.238s
2025-09-14 10:46:42,653 - banking_api_tests - INFO - [environment.py:393] - [INFO] Total Response Time: 1.238s
2025-09-14 10:46:42,653 - banking_api_tests - ERROR - [environment.py:397] - [ERROR] Last Error: Success assertion failed - Status 500 is not in 2xx range
2025-09-14 10:46:42,653 - banking_api_tests - INFO - [environment.py:406] - [END] ============================================================
2025-09-14 10:46:42,658 - banking_api_tests - INFO - [environment.py:344] - [SCENARIO] ============================================================
2025-09-14 10:46:42,658 - banking_api_tests - INFO - [environment.py:345] - [TEST] SCENARIO START: Successfully create booking with generated data
2025-09-14 10:46:42,659 - banking_api_tests - INFO - [environment.py:346] - [FILE] Feature: Booking Management
2025-09-14 10:46:42,659 - banking_api_tests - INFO - [environment.py:347] - [LOCATION] Location: features/bookings/booking_management.feature:12
2025-09-14 10:46:42,659 - banking_api_tests - INFO - [environment.py:348] - [TAGS]  Tags: happy_path, smoke
2025-09-14 10:46:42,659 - banking_api_tests - INFO - [environment.py:349] - [TIME] Start Time: 2025-09-14T10:46:42.658735
2025-09-14 10:46:42,659 - banking_api_tests - INFO - [environment.py:350] - [SCENARIO] ============================================================
2025-09-14 10:46:42,659 - banking_api_tests - INFO - [common_steps.py:153] - [API] Checking API availability...
2025-09-14 10:46:44,000 - banking_api_tests - INFO - [common_steps.py:163] - [RESPONSE] API Health Check - Status: 200
2025-09-14 10:46:44,001 - banking_api_tests - INFO - [common_steps.py:170] - [SUCCESS] API is available and responding
2025-09-14 10:46:44,003 - banking_api_tests - INFO - [common_steps.py:192] - [AUTH] Configuring authentication credentials...
2025-09-14 10:46:44,003 - banking_api_tests - INFO - [common_steps.py:201] - [AUTH] Auth Token Configured: ****************2024
2025-09-14 10:46:44,003 - banking_api_tests - INFO - [common_steps.py:211] - [SUCCESS] Authentication credentials validated and configured
2025-09-14 10:46:44,004 - banking_api_tests - INFO - [data_steps.py:37] - [DATA] Generating dynamic test data for: booking
2025-09-14 10:46:44,005 - banking_api_tests - INFO - [data_steps.py:98] - [DATA] Using customer ID: CUST840380
2025-09-14 10:46:44,006 - banking_api_tests - INFO - [data_steps.py:256] - [REQUEST] Creating booking using generated data
