2025-09-14 20:04:48,747 - banking_api_tests - INFO - [environment.py:276] - [FRAMEWORK] ================================================================================
2025-09-14 20:04:48,747 - banking_api_tests - INFO - [environment.py:277] - [FRAMEWORK] BANKING API BDD TEST FRAMEWORK - EXECUTION START
2025-09-14 20:04:48,747 - banking_api_tests - INFO - [environment.py:278] - [FRAMEWORK] ================================================================================
2025-09-14 20:04:48,748 - banking_api_tests - DEBUG - [environment.py:283] - [FILE] Created reports directories
2025-09-14 20:04:48,748 - banking_api_tests - INFO - [environment.py:242] - [ENV] Loading environment: test
2025-09-14 20:04:48,748 - banking_api_tests - INFO - [environment.py:243] - [FILE] Environment file: environments/.env.test
2025-09-14 20:04:48,749 - banking_api_tests - INFO - [environment.py:261] - [ENV] Successfully loaded environments/.env.test
2025-09-14 20:04:48,749 - banking_api_tests - INFO - [environment.py:300] - [ENV] Configuration loaded successfully for environment: test
2025-09-14 20:04:48,749 - banking_api_tests - INFO - [environment.py:311] - [ENV] Test Environment: test
2025-09-14 20:04:48,749 - banking_api_tests - INFO - [environment.py:312] - [URL] API Base URL: https://wiremock-production.up.railway.app
2025-09-14 20:04:48,749 - banking_api_tests - INFO - [environment.py:313] - [AUTH] Auth Token: ****************2024
2025-09-14 20:04:48,750 - banking_api_tests - INFO - [environment.py:314] - [FILE] Log File: logs/banking_api_tests_20250914_200448.log
2025-09-14 20:04:48,750 - banking_api_tests - INFO - [environment.py:317] - [PLATFORM]  Platform: nt
2025-09-14 20:04:48,750 - banking_api_tests - INFO - [environment.py:318] - [TIME] Start Time: 2025-09-14T20:04:48.750200
2025-09-14 20:04:48,750 - banking_api_tests - INFO - [environment.py:319] - [USER] User: D
2025-09-14 20:04:48,750 - banking_api_tests - INFO - [environment.py:320] - [DIR] Working Directory: C:\Users\D\python api automation framework
2025-09-14 20:04:48,750 - banking_api_tests - INFO - [environment.py:321] - [TIMEOUT] Request Timeout: 15s
2025-09-14 20:04:48,750 - banking_api_tests - INFO - [environment.py:322] - [PERFORMANCE] Performance Threshold: 3000ms
2025-09-14 20:04:48,750 - banking_api_tests - INFO - [environment.py:335] - [START] Framework initialization complete - Ready to execute tests
2025-09-14 20:04:48,751 - banking_api_tests - INFO - [environment.py:344] - [SCENARIO] ============================================================
2025-09-14 20:04:48,752 - banking_api_tests - INFO - [environment.py:345] - [TEST] SCENARIO START: Successfully create account with valid generated data
2025-09-14 20:04:48,752 - banking_api_tests - INFO - [environment.py:346] - [FILE] Feature: Account Creation
2025-09-14 20:04:48,752 - banking_api_tests - INFO - [environment.py:347] - [LOCATION] Location: features/accounts/account_creation.feature:12
2025-09-14 20:04:48,752 - banking_api_tests - INFO - [environment.py:348] - [TAGS]  Tags: happy_path, smoke
2025-09-14 20:04:48,752 - banking_api_tests - INFO - [environment.py:349] - [TIME] Start Time: 2025-09-14T20:04:48.751849
2025-09-14 20:04:48,752 - banking_api_tests - INFO - [environment.py:350] - [SCENARIO] ============================================================
2025-09-14 20:04:48,753 - banking_api_tests - INFO - [common_steps.py:153] - [API] Checking API availability...
2025-09-14 20:04:50,085 - banking_api_tests - INFO - [common_steps.py:163] - [RESPONSE] API Health Check - Status: 200
2025-09-14 20:04:50,085 - banking_api_tests - INFO - [common_steps.py:170] - [SUCCESS] API is available and responding
2025-09-14 20:04:50,087 - banking_api_tests - INFO - [common_steps.py:192] - [AUTH] Configuring authentication credentials...
2025-09-14 20:04:50,087 - banking_api_tests - INFO - [common_steps.py:201] - [AUTH] Auth Token Configured: ****************2024
2025-09-14 20:04:50,088 - banking_api_tests - INFO - [common_steps.py:211] - [SUCCESS] Authentication credentials validated and configured
2025-09-14 20:04:50,134 - banking_api_tests - INFO - [data_steps.py:37] - [DATA] Generating dynamic test data for: account
2025-09-14 20:04:50,134 - banking_api_tests - INFO - [data_steps.py:98] - [DATA] Using customer ID: CUST686523
2025-09-14 20:04:50,135 - banking_api_tests - INFO - [data_steps.py:256] - [REQUEST] Creating account using generated data
2025-09-14 20:04:50,920 - banking_api_tests - INFO - [data_steps.py:276] - [RESPONSE] Create account Response: 201
2025-09-14 20:04:50,920 - banking_api_tests - INFO - [data_steps.py:277] - [TIME]  Response Time: 0.785s
2025-09-14 20:04:50,920 - banking_api_tests - INFO - [common_steps.py:497] - [VERIFY] Verifying response status code should be 201
2025-09-14 20:04:50,921 - banking_api_tests - INFO - [common_steps.py:504] - [INFO] Expected: 201, Actual: 201
2025-09-14 20:04:50,921 - banking_api_tests - INFO - [common_steps.py:507] - [SUCCESS] Status code assertion PASSED: 201
2025-09-14 20:04:50,921 - banking_api_tests - INFO - [common_steps.py:590] - [VERIFY] Verifying response is valid JSON
2025-09-14 20:04:50,921 - banking_api_tests - INFO - [common_steps.py:598] - [SUCCESS] JSON validation PASSED: Response is valid JSON
2025-09-14 20:04:50,922 - banking_api_tests - INFO - [common_steps.py:539] - [VERIFY] Verifying response contains key: 'accountId'
2025-09-14 20:04:50,922 - banking_api_tests - INFO - [common_steps.py:552] - [SUCCESS] Key assertion PASSED: Found 'accountId' in response
2025-09-14 20:04:50,922 - banking_api_tests - INFO - [common_steps.py:539] - [VERIFY] Verifying response contains key: 'customerId'
2025-09-14 20:04:50,922 - banking_api_tests - INFO - [common_steps.py:552] - [SUCCESS] Key assertion PASSED: Found 'customerId' in response
2025-09-14 20:04:50,923 - banking_api_tests - INFO - [common_steps.py:539] - [VERIFY] Verifying response contains key: 'accountType'
2025-09-14 20:04:50,923 - banking_api_tests - INFO - [common_steps.py:552] - [SUCCESS] Key assertion PASSED: Found 'accountType' in response
2025-09-14 20:04:50,923 - banking_api_tests - INFO - [common_steps.py:539] - [VERIFY] Verifying response contains key: 'currency'
2025-09-14 20:04:50,923 - banking_api_tests - INFO - [common_steps.py:552] - [SUCCESS] Key assertion PASSED: Found 'currency' in response
2025-09-14 20:04:50,923 - banking_api_tests - INFO - [common_steps.py:539] - [VERIFY] Verifying response contains key: 'createdAt'
2025-09-14 20:04:50,924 - banking_api_tests - INFO - [common_steps.py:552] - [SUCCESS] Key assertion PASSED: Found 'createdAt' in response
2025-09-14 20:04:50,924 - banking_api_tests - INFO - [common_steps.py:682] - [SUCCESS] Found correlation ID: 
2025-09-14 20:04:50,924 - banking_api_tests - INFO - [environment.py:384] - [END] ============================================================
2025-09-14 20:04:50,924 - banking_api_tests - INFO - [environment.py:385] - [PASSED] SCENARIO COMPLETE: Successfully create account with valid generated data
2025-09-14 20:04:50,924 - banking_api_tests - INFO - [environment.py:386] - [INFO] Status: [PASSED] PASSED
2025-09-14 20:04:50,924 - banking_api_tests - INFO - [environment.py:387] - [TIME]  Duration: 0:00:02.172784
2025-09-14 20:04:50,925 - banking_api_tests - INFO - [environment.py:388] - [URL] API Calls Made: 1
2025-09-14 20:04:50,925 - banking_api_tests - INFO - [environment.py:392] - [PERFORMANCE] Avg Response Time: 0.785s
2025-09-14 20:04:50,925 - banking_api_tests - INFO - [environment.py:393] - [INFO] Total Response Time: 0.785s
2025-09-14 20:04:50,925 - banking_api_tests - INFO - [environment.py:401] - [URL] Final Response Status: 201
2025-09-14 20:04:50,925 - banking_api_tests - INFO - [environment.py:404] - [VERIFY] Correlation ID: 
2025-09-14 20:04:50,925 - banking_api_tests - INFO - [environment.py:406] - [END] ============================================================
2025-09-14 20:04:50,950 - banking_api_tests - INFO - [environment.py:344] - [SCENARIO] ============================================================
2025-09-14 20:04:50,950 - banking_api_tests - INFO - [environment.py:345] - [TEST] SCENARIO START: Successfully create account with generated data
2025-09-14 20:04:50,950 - banking_api_tests - INFO - [environment.py:346] - [FILE] Feature: Account Creation with Dynamic Data
2025-09-14 20:04:50,950 - banking_api_tests - INFO - [environment.py:347] - [LOCATION] Location: features/accounts/account_creation_dynamic.feature:12
2025-09-14 20:04:50,950 - banking_api_tests - INFO - [environment.py:348] - [TAGS]  Tags: happy_path, smoke
2025-09-14 20:04:50,950 - banking_api_tests - INFO - [environment.py:349] - [TIME] Start Time: 2025-09-14T20:04:50.950223
2025-09-14 20:04:50,951 - banking_api_tests - INFO - [environment.py:350] - [SCENARIO] ============================================================
2025-09-14 20:04:50,951 - banking_api_tests - INFO - [common_steps.py:153] - [API] Checking API availability...
2025-09-14 20:04:51,788 - banking_api_tests - INFO - [common_steps.py:163] - [RESPONSE] API Health Check - Status: 200
2025-09-14 20:04:51,788 - banking_api_tests - INFO - [common_steps.py:170] - [SUCCESS] API is available and responding
2025-09-14 20:04:51,789 - banking_api_tests - INFO - [common_steps.py:192] - [AUTH] Configuring authentication credentials...
2025-09-14 20:04:51,789 - banking_api_tests - INFO - [common_steps.py:201] - [AUTH] Auth Token Configured: ****************2024
2025-09-14 20:04:51,790 - banking_api_tests - INFO - [common_steps.py:211] - [SUCCESS] Authentication credentials validated and configured
2025-09-14 20:04:51,791 - banking_api_tests - INFO - [data_steps.py:37] - [DATA] Generating dynamic test data for: account
2025-09-14 20:04:51,792 - banking_api_tests - INFO - [data_steps.py:98] - [DATA] Using customer ID: CUST639924
2025-09-14 20:04:51,792 - banking_api_tests - INFO - [data_steps.py:256] - [REQUEST] Creating account using generated data
2025-09-14 20:04:52,560 - banking_api_tests - INFO - [data_steps.py:276] - [RESPONSE] Create account Response: 201
2025-09-14 20:04:52,560 - banking_api_tests - INFO - [data_steps.py:277] - [TIME]  Response Time: 0.768s
2025-09-14 20:04:52,561 - banking_api_tests - INFO - [common_steps.py:497] - [VERIFY] Verifying response status code should be 201
2025-09-14 20:04:52,561 - banking_api_tests - INFO - [common_steps.py:504] - [INFO] Expected: 201, Actual: 201
2025-09-14 20:04:52,561 - banking_api_tests - INFO - [common_steps.py:507] - [SUCCESS] Status code assertion PASSED: 201
2025-09-14 20:04:52,561 - banking_api_tests - INFO - [common_steps.py:590] - [VERIFY] Verifying response is valid JSON
2025-09-14 20:04:52,561 - banking_api_tests - INFO - [common_steps.py:598] - [SUCCESS] JSON validation PASSED: Response is valid JSON
2025-09-14 20:04:52,562 - banking_api_tests - INFO - [common_steps.py:539] - [VERIFY] Verifying response contains key: 'accountId'
2025-09-14 20:04:52,562 - banking_api_tests - INFO - [common_steps.py:552] - [SUCCESS] Key assertion PASSED: Found 'accountId' in response
2025-09-14 20:04:52,562 - banking_api_tests - INFO - [common_steps.py:539] - [VERIFY] Verifying response contains key: 'customerId'
2025-09-14 20:04:52,562 - banking_api_tests - INFO - [common_steps.py:552] - [SUCCESS] Key assertion PASSED: Found 'customerId' in response
2025-09-14 20:04:52,563 - banking_api_tests - INFO - [common_steps.py:539] - [VERIFY] Verifying response contains key: 'accountType'
2025-09-14 20:04:52,563 - banking_api_tests - INFO - [common_steps.py:552] - [SUCCESS] Key assertion PASSED: Found 'accountType' in response
2025-09-14 20:04:52,563 - banking_api_tests - INFO - [common_steps.py:539] - [VERIFY] Verifying response contains key: 'currency'
2025-09-14 20:04:52,563 - banking_api_tests - INFO - [common_steps.py:552] - [SUCCESS] Key assertion PASSED: Found 'currency' in response
2025-09-14 20:04:52,564 - banking_api_tests - INFO - [common_steps.py:539] - [VERIFY] Verifying response contains key: 'createdAt'
2025-09-14 20:04:52,564 - banking_api_tests - INFO - [common_steps.py:552] - [SUCCESS] Key assertion PASSED: Found 'createdAt' in response
2025-09-14 20:04:52,564 - banking_api_tests - INFO - [environment.py:384] - [END] ============================================================
2025-09-14 20:04:52,564 - banking_api_tests - INFO - [environment.py:385] - [PASSED] SCENARIO COMPLETE: Successfully create account with generated data
2025-09-14 20:04:52,564 - banking_api_tests - INFO - [environment.py:386] - [INFO] Status: [PASSED] PASSED
2025-09-14 20:04:52,565 - banking_api_tests - INFO - [environment.py:387] - [TIME]  Duration: 0:00:01.614450
2025-09-14 20:04:52,565 - banking_api_tests - INFO - [environment.py:388] - [URL] API Calls Made: 1
2025-09-14 20:04:52,565 - banking_api_tests - INFO - [environment.py:392] - [PERFORMANCE] Avg Response Time: 0.768s
2025-09-14 20:04:52,565 - banking_api_tests - INFO - [environment.py:393] - [INFO] Total Response Time: 0.768s
2025-09-14 20:04:52,565 - banking_api_tests - INFO - [environment.py:401] - [URL] Final Response Status: 201
2025-09-14 20:04:52,565 - banking_api_tests - INFO - [environment.py:404] - [VERIFY] Correlation ID: 
2025-09-14 20:04:52,565 - banking_api_tests - INFO - [environment.py:406] - [END] ============================================================
2025-09-14 20:04:52,603 - banking_api_tests - INFO - [environment.py:344] - [SCENARIO] ============================================================
2025-09-14 20:04:52,603 - banking_api_tests - INFO - [environment.py:345] - [TEST] SCENARIO START: Successfully retrieve account by valid ID
2025-09-14 20:04:52,603 - banking_api_tests - INFO - [environment.py:346] - [FILE] Feature: Account Retrieval
2025-09-14 20:04:52,603 - banking_api_tests - INFO - [environment.py:347] - [LOCATION] Location: features/accounts/account_retrieval.feature:12
2025-09-14 20:04:52,603 - banking_api_tests - INFO - [environment.py:348] - [TAGS]  Tags: happy_path, regression
2025-09-14 20:04:52,603 - banking_api_tests - INFO - [environment.py:349] - [TIME] Start Time: 2025-09-14T20:04:52.603071
2025-09-14 20:04:52,603 - banking_api_tests - INFO - [environment.py:350] - [SCENARIO] ============================================================
2025-09-14 20:04:52,604 - banking_api_tests - INFO - [common_steps.py:153] - [API] Checking API availability...
2025-09-14 20:04:53,475 - banking_api_tests - INFO - [common_steps.py:163] - [RESPONSE] API Health Check - Status: 200
2025-09-14 20:04:53,475 - banking_api_tests - INFO - [common_steps.py:170] - [SUCCESS] API is available and responding
2025-09-14 20:04:53,476 - banking_api_tests - INFO - [common_steps.py:192] - [AUTH] Configuring authentication credentials...
2025-09-14 20:04:53,476 - banking_api_tests - INFO - [common_steps.py:201] - [AUTH] Auth Token Configured: ****************2024
2025-09-14 20:04:53,476 - banking_api_tests - INFO - [common_steps.py:211] - [SUCCESS] Authentication credentials validated and configured
2025-09-14 20:04:53,477 - banking_api_tests - INFO - [common_steps.py:305] - [REQUEST] Sending GET request to: /accounts/ACC001
2025-09-14 20:04:54,221 - banking_api_tests - INFO - [common_steps.py:327] - [RESPONSE] GET Response: 200
2025-09-14 20:04:54,221 - banking_api_tests - INFO - [common_steps.py:328] - [TIME] Response Time: 0.744s
2025-09-14 20:04:54,221 - banking_api_tests - INFO - [common_steps.py:341] - [SUCCESS] GET request completed successfully
2025-09-14 20:04:54,222 - banking_api_tests - INFO - [common_steps.py:497] - [VERIFY] Verifying response status code should be 200
2025-09-14 20:04:54,222 - banking_api_tests - INFO - [common_steps.py:504] - [INFO] Expected: 200, Actual: 200
2025-09-14 20:04:54,222 - banking_api_tests - INFO - [common_steps.py:507] - [SUCCESS] Status code assertion PASSED: 200
2025-09-14 20:04:54,222 - banking_api_tests - INFO - [common_steps.py:590] - [VERIFY] Verifying response is valid JSON
2025-09-14 20:04:54,223 - banking_api_tests - INFO - [common_steps.py:598] - [SUCCESS] JSON validation PASSED: Response is valid JSON
2025-09-14 20:04:54,223 - banking_api_tests - INFO - [common_steps.py:539] - [VERIFY] Verifying response contains key: 'customerId'
2025-09-14 20:04:54,223 - banking_api_tests - INFO - [common_steps.py:552] - [SUCCESS] Key assertion PASSED: Found 'customerId' in response
2025-09-14 20:04:54,223 - banking_api_tests - INFO - [common_steps.py:539] - [VERIFY] Verifying response contains key: 'accountId'
2025-09-14 20:04:54,223 - banking_api_tests - INFO - [common_steps.py:552] - [SUCCESS] Key assertion PASSED: Found 'accountId' in response
2025-09-14 20:04:54,224 - banking_api_tests - INFO - [common_steps.py:539] - [VERIFY] Verifying response contains key: 'accountType'
2025-09-14 20:04:54,224 - banking_api_tests - INFO - [common_steps.py:552] - [SUCCESS] Key assertion PASSED: Found 'accountType' in response
2025-09-14 20:04:54,224 - banking_api_tests - INFO - [common_steps.py:539] - [VERIFY] Verifying response contains key: 'createdAt'
2025-09-14 20:04:54,224 - banking_api_tests - INFO - [common_steps.py:552] - [SUCCESS] Key assertion PASSED: Found 'createdAt' in response
2025-09-14 20:04:54,225 - banking_api_tests - INFO - [common_steps.py:682] - [SUCCESS] Found correlation ID: 
2025-09-14 20:04:54,225 - banking_api_tests - INFO - [common_steps.py:1016] - [VERIFY] Verifying response time is under 2000ms
2025-09-14 20:04:54,225 - banking_api_tests - INFO - [common_steps.py:1035] - [SUCCESS] Response time assertion PASSED: 744ms <= 2000ms
2025-09-14 20:04:54,225 - banking_api_tests - INFO - [environment.py:384] - [END] ============================================================
2025-09-14 20:04:54,225 - banking_api_tests - INFO - [environment.py:385] - [PASSED] SCENARIO COMPLETE: Successfully retrieve account by valid ID
2025-09-14 20:04:54,226 - banking_api_tests - INFO - [environment.py:386] - [INFO] Status: [PASSED] PASSED
2025-09-14 20:04:54,226 - banking_api_tests - INFO - [environment.py:387] - [TIME]  Duration: 0:00:01.622687
2025-09-14 20:04:54,226 - banking_api_tests - INFO - [environment.py:388] - [URL] API Calls Made: 1
2025-09-14 20:04:54,226 - banking_api_tests - INFO - [environment.py:392] - [PERFORMANCE] Avg Response Time: 0.744s
2025-09-14 20:04:54,226 - banking_api_tests - INFO - [environment.py:393] - [INFO] Total Response Time: 0.744s
2025-09-14 20:04:54,226 - banking_api_tests - INFO - [environment.py:401] - [URL] Final Response Status: 200
2025-09-14 20:04:54,226 - banking_api_tests - INFO - [environment.py:404] - [VERIFY] Correlation ID: 
2025-09-14 20:04:54,226 - banking_api_tests - INFO - [environment.py:406] - [END] ============================================================
2025-09-14 20:04:54,228 - banking_api_tests - INFO - [environment.py:344] - [SCENARIO] ============================================================
2025-09-14 20:04:54,228 - banking_api_tests - INFO - [environment.py:345] - [TEST] SCENARIO START: Successfully retrieve account with different valid ID
2025-09-14 20:04:54,228 - banking_api_tests - INFO - [environment.py:346] - [FILE] Feature: Account Retrieval
2025-09-14 20:04:54,228 - banking_api_tests - INFO - [environment.py:347] - [LOCATION] Location: features/accounts/account_retrieval.feature:24
2025-09-14 20:04:54,228 - banking_api_tests - INFO - [environment.py:348] - [TAGS]  Tags: happy_path, regression
2025-09-14 20:04:54,228 - banking_api_tests - INFO - [environment.py:349] - [TIME] Start Time: 2025-09-14T20:04:54.228024
2025-09-14 20:04:54,228 - banking_api_tests - INFO - [environment.py:350] - [SCENARIO] ============================================================
2025-09-14 20:04:54,229 - banking_api_tests - INFO - [common_steps.py:153] - [API] Checking API availability...
2025-09-14 20:04:55,068 - banking_api_tests - INFO - [common_steps.py:163] - [RESPONSE] API Health Check - Status: 200
2025-09-14 20:04:55,068 - banking_api_tests - INFO - [common_steps.py:170] - [SUCCESS] API is available and responding
2025-09-14 20:04:55,069 - banking_api_tests - INFO - [common_steps.py:192] - [AUTH] Configuring authentication credentials...
2025-09-14 20:04:55,069 - banking_api_tests - INFO - [common_steps.py:201] - [AUTH] Auth Token Configured: ****************2024
2025-09-14 20:04:55,069 - banking_api_tests - INFO - [common_steps.py:211] - [SUCCESS] Authentication credentials validated and configured
2025-09-14 20:04:55,070 - banking_api_tests - INFO - [common_steps.py:305] - [REQUEST] Sending GET request to: /accounts/ACC002
2025-09-14 20:04:55,830 - banking_api_tests - INFO - [common_steps.py:327] - [RESPONSE] GET Response: 500
2025-09-14 20:04:55,830 - banking_api_tests - INFO - [common_steps.py:328] - [TIME] Response Time: 0.760s
2025-09-14 20:04:55,831 - banking_api_tests - INFO - [common_steps.py:341] - [SUCCESS] GET request completed successfully
2025-09-14 20:04:55,831 - banking_api_tests - INFO - [common_steps.py:497] - [VERIFY] Verifying response status code should be 200
2025-09-14 20:04:55,831 - banking_api_tests - INFO - [common_steps.py:504] - [INFO] Expected: 200, Actual: 500
2025-09-14 20:04:55,832 - banking_api_tests - ERROR - [common_steps.py:509] - [ERROR] Status code assertion FAILED: Expected 200, got 500
2025-09-14 20:04:55,832 - banking_api_tests - ERROR - [common_steps.py:510] - [BODY] Response content: {
"cause1":"com.github.tomakehurst.wiremock.common.JsonException: {\n  &quot;errors&quot; : [ {\n    &quot;code&quot; : 10,\n    &quot;source&quot; : { },\n    &quot;title&quot; : &quot;Error parsing JSON&quot;,\n    &quot;detail&quot; : &quot;Unexpected character (&apos;l&apos; (code 108)): was exp...
2025-09-14 20:04:55,832 - banking_api_tests - ERROR - [common_steps.py:525] - [BODY] Error Response JSON: {
  "cause1": "com.github.tomakehurst.wiremock.common.JsonException: {\n  &quot;errors&quot; : [ {\n    &quot;code&quot; : 10,\n    &quot;source&quot; : { },\n    &quot;title&quot; : &quot;Error parsing JSON&quot;,\n    &quot;detail&quot; : &quot;Unexpected character (&apos;l&apos; (code 108)): was expecting comma to separate Object entries\\n at [Source: (String)\\&quot;{\\&quot;accountId\\&quot;:\\&quot;ACC002\\&quot;,\\&quot;customerId\\&quot;:\\&quot;CUST208181\\&quot;,\\&quot;bsb\\&quot;:\\&quot;101498\\&quot;,\\&quot;accountNumber\\&quot;:\\&quot;13699828\\&quot;,\\&quot;accountType\\&quot;:\\&quot;SAVINGS\\&quot;,\\&quot;currency\\&quot;:\\&quot;AUD\\&quot;,\\&quot;balance\\&quot;:\\&quot;&gt;v~y!2)qc3&amp;iw \\&quot;l`ya\\\\k&lt;%o+nz]7pmc`ea&gt;\\&quot;,\\&quot;createdAt\\&quot;:\\&quot;2025-09-14 10:04:53\\&quot;}\\&quot;; line: 1, column: 158]&quot;\n  } ]\n}",
  "servlet": "com.github.tomakehurst.wiremock.servlet.WireMockHandlerDispatchingServlet-5305c37d",
  "cause0": "wiremock.com.fasterxml.jackson.databind.JsonMappingException: {\n  &quot;errors&quot; : [ {\n    &quot;code&quot; : 10,\n    &quot;source&quot; : { },\n    &quot;title&quot; : &quot;Error parsing JSON&quot;,\n    &quot;detail&quot; : &quot;Unexpected character (&apos;l&apos; (code 108)): was expecting comma to separate Object entries\\n at [Source: (String)\\&quot;{\\&quot;accountId\\&quot;:\\&quot;ACC002\\&quot;,\\&quot;customerId\\&quot;:\\&quot;CUST208181\\&quot;,\\&quot;bsb\\&quot;:\\&quot;101498\\&quot;,\\&quot;accountNumber\\&quot;:\\&quot;13699828\\&quot;,\\&quot;accountType\\&quot;:\\&quot;SAVINGS\\&quot;,\\&quot;currency\\&quot;:\\&quot;AUD\\&quot;,\\&quot;balance\\&quot;:\\&quot;&gt;v~y!2)qc3&amp;iw \\&quot;l`ya\\\\k&lt;%o+nz]7pmc`ea&gt;\\&quot;,\\&quot;createdAt\\&quot;:\\&quot;2025-09-14 10:04:53\\&quot;}\\&quot;; line: 1, column: 158]&quot;\n  } ]\n} (through reference chain: com.github.tomakehurst.wiremock.http.ResponseDefinition[&quot;jsonBody&quot;])",
  "message": "wiremock.com.fasterxml.jackson.databind.JsonMappingException: {\n  &quot;errors&quot; : [ {\n    &quot;code&quot; : 10,\n    &quot;source&quot; : { },\n    &quot;title&quot; : &quot;Error parsing JSON&quot;,\n    &quot;detail&quot; : &quot;Unexpected character (&apos;l&apos; (code 108)): was expecting comma to separate Object entries\\n at [Source: (String)\\&quot;{\\&quot;accountId\\&quot;:\\&quot;ACC002\\&quot;,\\&quot;customerId\\&quot;:\\&quot;CUST208181\\&quot;,\\&quot;bsb\\&quot;:\\&quot;101498\\&quot;,\\&quot;accountNumber\\&quot;:\\&quot;13699828\\&quot;,\\&quot;accountType\\&quot;:\\&quot;SAVINGS\\&quot;,\\&quot;currency\\&quot;:\\&quot;AUD\\&quot;,\\&quot;balance\\&quot;:\\&quot;&gt;v~y!2)qc3&amp;iw \\&quot;l`ya\\\\k&lt;%o+nz]7pmc`ea&gt;\\&quot;,\\&quot;createdAt\\&quot;:\\&quot;2025-09-14 10:04:53\\&quot;}\\&quot;; line: 1, column: 158]&quot;\n  } ]\n} (through reference chain: com.github.tomakehurst.wiremock.http.ResponseDefinition[&quot;jsonBody&quot;])",
  "url": "/accounts/ACC002",
  "status": "500"
}
2025-09-14 20:04:55,833 - banking_api_tests - ERROR - [environment.py:170] - [SAVE] Failure details saved to: logs/failures/FAILED_Successfully_retrieve_account_with_different_valid_20250914_200455.txt
2025-09-14 20:04:55,833 - banking_api_tests - INFO - [environment.py:384] - [END] ============================================================
2025-09-14 20:04:55,834 - banking_api_tests - INFO - [environment.py:385] - [FAILED] SCENARIO COMPLETE: Successfully retrieve account with different valid ID
2025-09-14 20:04:55,834 - banking_api_tests - INFO - [environment.py:386] - [INFO] Status: [FAILED] FAILED
2025-09-14 20:04:55,834 - banking_api_tests - INFO - [environment.py:387] - [TIME]  Duration: 0:00:01.604916
2025-09-14 20:04:55,834 - banking_api_tests - INFO - [environment.py:388] - [URL] API Calls Made: 1
2025-09-14 20:04:55,834 - banking_api_tests - INFO - [environment.py:392] - [PERFORMANCE] Avg Response Time: 0.760s
2025-09-14 20:04:55,834 - banking_api_tests - INFO - [environment.py:393] - [INFO] Total Response Time: 0.760s
2025-09-14 20:04:55,834 - banking_api_tests - ERROR - [environment.py:397] - [ERROR] Last Error: Status code assertion failed - Expected: 200, Actual: 500 | JSON Error: {"cause1": "com.github.tomakehurst.wiremock.common.JsonException: {\n  &quot;errors&quot; : [ {\n    &quot;code&quot; : 10,\n    &quot;source&quot; : { },\n    &quot;title&quot; : &quot;Error parsing JSON&quot;,\n    &quot;detail&quot; : &quot;Unexpected character (&apos;l&apos; (code 108)): was expecting comma to separate Object entries\\n at [Source: (String)\\&quot;{\\&quot;accountId\\&quot;:\\&quot;ACC002\\&quot;,\\&quot;customerId\\&quot;:\\&quot;CUST208181\\&quot;,\\&quot;bsb\\&quot;:\\&quot;101498\\&quot;,\\&quot;accountNumber\\&quot;:\\&quot;13699828\\&quot;,\\&quot;accountType\\&quot;:\\&quot;SAVINGS\\&quot;,\\&quot;currency\\&quot;:\\&quot;AUD\\&quot;,\\&quot;balance\\&quot;:\\&quot;&gt;v~y!2)qc3&amp;iw \\&quot;l`ya\\\\k&lt;%o+nz]7pmc`ea&gt;\\&quot;,\\&quot;createdAt\\&quot;:\\&quot;2025-09-14 10:04:53\\&quot;}\\&quot;; line: 1, column: 158]&quot;\n  } ]\n}", "servlet": "com.github.tomakehurst.wiremock.servlet.WireMockHandlerDispatchingServlet-5305c37d", "cause0": "wiremock.com.fasterxml.jackson.databind.JsonMappingException: {\n  &quot;errors&quot; : [ {\n    &quot;code&quot; : 10,\n    &quot;source&quot; : { },\n    &quot;title&quot; : &quot;Error parsing JSON&quot;,\n    &quot;detail&quot; : &quot;Unexpected character (&apos;l&apos; (code 108)): was expecting comma to separate Object entries\\n at [Source: (String)\\&quot;{\\&quot;accountId\\&quot;:\\&quot;ACC002\\&quot;,\\&quot;customerId\\&quot;:\\&quot;CUST208181\\&quot;,\\&quot;bsb\\&quot;:\\&quot;101498\\&quot;,\\&quot;accountNumber\\&quot;:\\&quot;13699828\\&quot;,\\&quot;accountType\\&quot;:\\&quot;SAVINGS\\&quot;,\\&quot;currency\\&quot;:\\&quot;AUD\\&quot;,\\&quot;balance\\&quot;:\\&quot;&gt;v~y!2)qc3&amp;iw \\&quot;l`ya\\\\k&lt;%o+nz]7pmc`ea&gt;\\&quot;,\\&quot;createdAt\\&quot;:\\&quot;2025-09-14 10:04:53\\&quot;}\\&quot;; line: 1, column: 158]&quot;\n  } ]\n} (through reference chain: com.github.tomakehurst.wiremock.http.ResponseDefinition[&quot;jsonBody&quot;])", "message": "wiremock.com.fasterxml.jackson.databind.JsonMappingException: {\n  &quot;errors&quot; : [ {\n    &quot;code&quot; : 10,\n    &quot;source&quot; : { },\n    &quot;title&quot; : &quot;Error parsing JSON&quot;,\n    &quot;detail&quot; : &quot;Unexpected character (&apos;l&apos; (code 108)): was expecting comma to separate Object entries\\n at [Source: (String)\\&quot;{\\&quot;accountId\\&quot;:\\&quot;ACC002\\&quot;,\\&quot;customerId\\&quot;:\\&quot;CUST208181\\&quot;,\\&quot;bsb\\&quot;:\\&quot;101498\\&quot;,\\&quot;accountNumber\\&quot;:\\&quot;13699828\\&quot;,\\&quot;accountType\\&quot;:\\&quot;SAVINGS\\&quot;,\\&quot;currency\\&quot;:\\&quot;AUD\\&quot;,\\&quot;balance\\&quot;:\\&quot;&gt;v~y!2)qc3&amp;iw \\&quot;l`ya\\\\k&lt;%o+nz]7pmc`ea&gt;\\&quot;,\\&quot;createdAt\\&quot;:\\&quot;2025-09-14 10:04:53\\&quot;}\\&quot;; line: 1, column: 158]&quot;\n  } ]\n} (through reference chain: com.github.tomakehurst.wiremock.http.ResponseDefinition[&quot;jsonBody&quot;])", "url": "/accounts/ACC002", "status": "500"}
2025-09-14 20:04:55,834 - banking_api_tests - INFO - [environment.py:406] - [END] ============================================================
2025-09-14 20:04:55,836 - banking_api_tests - INFO - [environment.py:344] - [SCENARIO] ============================================================
2025-09-14 20:04:55,836 - banking_api_tests - INFO - [environment.py:345] - [TEST] SCENARIO START: Attempt to retrieve non-existent account
2025-09-14 20:04:55,837 - banking_api_tests - INFO - [environment.py:346] - [FILE] Feature: Account Retrieval
2025-09-14 20:04:55,837 - banking_api_tests - INFO - [environment.py:347] - [LOCATION] Location: features/accounts/account_retrieval.feature:39
2025-09-14 20:04:55,837 - banking_api_tests - INFO - [environment.py:348] - [TAGS]  Tags: error_handling, regression
2025-09-14 20:04:55,837 - banking_api_tests - INFO - [environment.py:349] - [TIME] Start Time: 2025-09-14T20:04:55.836804
2025-09-14 20:04:55,837 - banking_api_tests - INFO - [environment.py:350] - [SCENARIO] ============================================================
2025-09-14 20:04:55,837 - banking_api_tests - INFO - [common_steps.py:153] - [API] Checking API availability...
2025-09-14 20:04:56,718 - banking_api_tests - INFO - [common_steps.py:163] - [RESPONSE] API Health Check - Status: 200
2025-09-14 20:04:56,718 - banking_api_tests - INFO - [common_steps.py:170] - [SUCCESS] API is available and responding
2025-09-14 20:04:56,720 - banking_api_tests - INFO - [common_steps.py:192] - [AUTH] Configuring authentication credentials...
2025-09-14 20:04:56,720 - banking_api_tests - INFO - [common_steps.py:201] - [AUTH] Auth Token Configured: ****************2024
2025-09-14 20:04:56,720 - banking_api_tests - INFO - [common_steps.py:211] - [SUCCESS] Authentication credentials validated and configured
2025-09-14 20:04:56,720 - banking_api_tests - INFO - [common_steps.py:305] - [REQUEST] Sending GET request to: /accounts/NONEXISTENT
2025-09-14 20:04:57,486 - banking_api_tests - INFO - [common_steps.py:327] - [RESPONSE] GET Response: 404
2025-09-14 20:04:57,486 - banking_api_tests - INFO - [common_steps.py:328] - [TIME] Response Time: 0.765s
2025-09-14 20:04:57,486 - banking_api_tests - INFO - [common_steps.py:341] - [SUCCESS] GET request completed successfully
2025-09-14 20:04:57,487 - banking_api_tests - INFO - [common_steps.py:497] - [VERIFY] Verifying response status code should be 404
2025-09-14 20:04:57,487 - banking_api_tests - INFO - [common_steps.py:504] - [INFO] Expected: 404, Actual: 404
2025-09-14 20:04:57,487 - banking_api_tests - INFO - [common_steps.py:507] - [SUCCESS] Status code assertion PASSED: 404
2025-09-14 20:04:57,487 - banking_api_tests - INFO - [common_steps.py:590] - [VERIFY] Verifying response is valid JSON
2025-09-14 20:04:57,488 - banking_api_tests - INFO - [common_steps.py:598] - [SUCCESS] JSON validation PASSED: Response is valid JSON
2025-09-14 20:04:57,488 - banking_api_tests - INFO - [common_steps.py:956] - [VERIFY] Verifying response contains error message
2025-09-14 20:04:57,488 - banking_api_tests - INFO - [common_steps.py:976] - [SUCCESS] Error message assertion PASSED: Found 'error': Account not found
2025-09-14 20:04:57,488 - banking_api_tests - INFO - [common_steps.py:682] - [SUCCESS] Found correlation ID: 
2025-09-14 20:04:57,489 - banking_api_tests - INFO - [environment.py:384] - [END] ============================================================
2025-09-14 20:04:57,489 - banking_api_tests - INFO - [environment.py:385] - [PASSED] SCENARIO COMPLETE: Attempt to retrieve non-existent account
2025-09-14 20:04:57,489 - banking_api_tests - INFO - [environment.py:386] - [INFO] Status: [PASSED] PASSED
2025-09-14 20:04:57,489 - banking_api_tests - INFO - [environment.py:387] - [TIME]  Duration: 0:00:01.652256
2025-09-14 20:04:57,489 - banking_api_tests - INFO - [environment.py:388] - [URL] API Calls Made: 1
2025-09-14 20:04:57,489 - banking_api_tests - INFO - [environment.py:392] - [PERFORMANCE] Avg Response Time: 0.765s
2025-09-14 20:04:57,489 - banking_api_tests - INFO - [environment.py:393] - [INFO] Total Response Time: 0.765s
2025-09-14 20:04:57,489 - banking_api_tests - INFO - [environment.py:406] - [END] ============================================================
2025-09-14 20:04:57,490 - banking_api_tests - INFO - [environment.py:344] - [SCENARIO] ============================================================
2025-09-14 20:04:57,491 - banking_api_tests - INFO - [environment.py:345] - [TEST] SCENARIO START: Attempt to retrieve account with invalid ID format
2025-09-14 20:04:57,491 - banking_api_tests - INFO - [environment.py:346] - [FILE] Feature: Account Retrieval
2025-09-14 20:04:57,491 - banking_api_tests - INFO - [environment.py:347] - [LOCATION] Location: features/accounts/account_retrieval.feature:47
2025-09-14 20:04:57,491 - banking_api_tests - INFO - [environment.py:348] - [TAGS]  Tags: error_handling, regression
2025-09-14 20:04:57,491 - banking_api_tests - INFO - [environment.py:349] - [TIME] Start Time: 2025-09-14T20:04:57.490871
2025-09-14 20:04:57,491 - banking_api_tests - INFO - [environment.py:350] - [SCENARIO] ============================================================
2025-09-14 20:04:57,492 - banking_api_tests - INFO - [common_steps.py:153] - [API] Checking API availability...
2025-09-14 20:04:58,329 - banking_api_tests - INFO - [common_steps.py:163] - [RESPONSE] API Health Check - Status: 200
2025-09-14 20:04:58,329 - banking_api_tests - INFO - [common_steps.py:170] - [SUCCESS] API is available and responding
2025-09-14 20:04:58,331 - banking_api_tests - INFO - [common_steps.py:192] - [AUTH] Configuring authentication credentials...
2025-09-14 20:04:58,331 - banking_api_tests - INFO - [common_steps.py:201] - [AUTH] Auth Token Configured: ****************2024
2025-09-14 20:04:58,331 - banking_api_tests - INFO - [common_steps.py:211] - [SUCCESS] Authentication credentials validated and configured
2025-09-14 20:04:58,332 - banking_api_tests - INFO - [common_steps.py:305] - [REQUEST] Sending GET request to: /accounts/123invalid
2025-09-14 20:04:59,080 - banking_api_tests - INFO - [common_steps.py:327] - [RESPONSE] GET Response: 404
2025-09-14 20:04:59,080 - banking_api_tests - INFO - [common_steps.py:328] - [TIME] Response Time: 0.748s
2025-09-14 20:04:59,081 - banking_api_tests - INFO - [common_steps.py:341] - [SUCCESS] GET request completed successfully
2025-09-14 20:04:59,081 - banking_api_tests - INFO - [common_steps.py:497] - [VERIFY] Verifying response status code should be 404
2025-09-14 20:04:59,081 - banking_api_tests - INFO - [common_steps.py:504] - [INFO] Expected: 404, Actual: 404
2025-09-14 20:04:59,081 - banking_api_tests - INFO - [common_steps.py:507] - [SUCCESS] Status code assertion PASSED: 404
2025-09-14 20:04:59,082 - banking_api_tests - INFO - [common_steps.py:956] - [VERIFY] Verifying response contains error message
2025-09-14 20:04:59,082 - banking_api_tests - INFO - [common_steps.py:976] - [SUCCESS] Error message assertion PASSED: Found 'error': Account not found
2025-09-14 20:04:59,082 - banking_api_tests - INFO - [environment.py:384] - [END] ============================================================
2025-09-14 20:04:59,082 - banking_api_tests - INFO - [environment.py:385] - [PASSED] SCENARIO COMPLETE: Attempt to retrieve account with invalid ID format
2025-09-14 20:04:59,082 - banking_api_tests - INFO - [environment.py:386] - [INFO] Status: [PASSED] PASSED
2025-09-14 20:04:59,083 - banking_api_tests - INFO - [environment.py:387] - [TIME]  Duration: 0:00:01.591838
2025-09-14 20:04:59,083 - banking_api_tests - INFO - [environment.py:388] - [URL] API Calls Made: 1
2025-09-14 20:04:59,083 - banking_api_tests - INFO - [environment.py:392] - [PERFORMANCE] Avg Response Time: 0.748s
2025-09-14 20:04:59,083 - banking_api_tests - INFO - [environment.py:393] - [INFO] Total Response Time: 0.748s
2025-09-14 20:04:59,083 - banking_api_tests - INFO - [environment.py:406] - [END] ============================================================
2025-09-14 20:04:59,085 - banking_api_tests - INFO - [environment.py:344] - [SCENARIO] ============================================================
2025-09-14 20:04:59,085 - banking_api_tests - INFO - [environment.py:345] - [TEST] SCENARIO START: Retrieve accounts with boundary ID values -- @1.1 
2025-09-14 20:04:59,085 - banking_api_tests - INFO - [environment.py:346] - [FILE] Feature: Account Retrieval
2025-09-14 20:04:59,085 - banking_api_tests - INFO - [environment.py:347] - [LOCATION] Location: features/accounts/account_retrieval.feature:60
2025-09-14 20:04:59,085 - banking_api_tests - INFO - [environment.py:348] - [TAGS]  Tags: boundary_testing
2025-09-14 20:04:59,085 - banking_api_tests - INFO - [environment.py:349] - [TIME] Start Time: 2025-09-14T20:04:59.085182
2025-09-14 20:04:59,085 - banking_api_tests - INFO - [environment.py:350] - [SCENARIO] ============================================================
2025-09-14 20:04:59,086 - banking_api_tests - INFO - [common_steps.py:153] - [API] Checking API availability...
2025-09-14 20:04:59,958 - banking_api_tests - INFO - [common_steps.py:163] - [RESPONSE] API Health Check - Status: 200
2025-09-14 20:04:59,958 - banking_api_tests - INFO - [common_steps.py:170] - [SUCCESS] API is available and responding
2025-09-14 20:04:59,959 - banking_api_tests - INFO - [common_steps.py:192] - [AUTH] Configuring authentication credentials...
2025-09-14 20:04:59,959 - banking_api_tests - INFO - [common_steps.py:201] - [AUTH] Auth Token Configured: ****************2024
2025-09-14 20:04:59,959 - banking_api_tests - INFO - [common_steps.py:211] - [SUCCESS] Authentication credentials validated and configured
2025-09-14 20:04:59,960 - banking_api_tests - INFO - [common_steps.py:305] - [REQUEST] Sending GET request to: /accounts/ACC001
2025-09-14 20:05:00,702 - banking_api_tests - INFO - [common_steps.py:327] - [RESPONSE] GET Response: 200
2025-09-14 20:05:00,702 - banking_api_tests - INFO - [common_steps.py:328] - [TIME] Response Time: 0.742s
2025-09-14 20:05:00,703 - banking_api_tests - INFO - [common_steps.py:341] - [SUCCESS] GET request completed successfully
2025-09-14 20:05:00,703 - banking_api_tests - INFO - [common_steps.py:497] - [VERIFY] Verifying response status code should be 200
2025-09-14 20:05:00,703 - banking_api_tests - INFO - [common_steps.py:504] - [INFO] Expected: 200, Actual: 200
2025-09-14 20:05:00,703 - banking_api_tests - INFO - [common_steps.py:507] - [SUCCESS] Status code assertion PASSED: 200
2025-09-14 20:05:00,704 - banking_api_tests - INFO - [common_steps.py:590] - [VERIFY] Verifying response is valid JSON
2025-09-14 20:05:00,704 - banking_api_tests - INFO - [common_steps.py:598] - [SUCCESS] JSON validation PASSED: Response is valid JSON
2025-09-14 20:05:00,704 - banking_api_tests - INFO - [environment.py:384] - [END] ============================================================
2025-09-14 20:05:00,704 - banking_api_tests - INFO - [environment.py:385] - [PASSED] SCENARIO COMPLETE: Retrieve accounts with boundary ID values -- @1.1 
2025-09-14 20:05:00,704 - banking_api_tests - INFO - [environment.py:386] - [INFO] Status: [PASSED] PASSED
2025-09-14 20:05:00,704 - banking_api_tests - INFO - [environment.py:387] - [TIME]  Duration: 0:00:01.619192
2025-09-14 20:05:00,704 - banking_api_tests - INFO - [environment.py:388] - [URL] API Calls Made: 1
2025-09-14 20:05:00,704 - banking_api_tests - INFO - [environment.py:392] - [PERFORMANCE] Avg Response Time: 0.742s
2025-09-14 20:05:00,704 - banking_api_tests - INFO - [environment.py:393] - [INFO] Total Response Time: 0.742s
2025-09-14 20:05:00,705 - banking_api_tests - INFO - [environment.py:401] - [URL] Final Response Status: 200
2025-09-14 20:05:00,705 - banking_api_tests - INFO - [environment.py:404] - [VERIFY] Correlation ID: 
2025-09-14 20:05:00,705 - banking_api_tests - INFO - [environment.py:406] - [END] ============================================================
2025-09-14 20:05:00,706 - banking_api_tests - INFO - [environment.py:344] - [SCENARIO] ============================================================
2025-09-14 20:05:00,706 - banking_api_tests - INFO - [environment.py:345] - [TEST] SCENARIO START: Retrieve accounts with boundary ID values -- @1.2 
2025-09-14 20:05:00,706 - banking_api_tests - INFO - [environment.py:346] - [FILE] Feature: Account Retrieval
2025-09-14 20:05:00,706 - banking_api_tests - INFO - [environment.py:347] - [LOCATION] Location: features/accounts/account_retrieval.feature:61
2025-09-14 20:05:00,706 - banking_api_tests - INFO - [environment.py:348] - [TAGS]  Tags: boundary_testing
2025-09-14 20:05:00,706 - banking_api_tests - INFO - [environment.py:349] - [TIME] Start Time: 2025-09-14T20:05:00.706264
2025-09-14 20:05:00,706 - banking_api_tests - INFO - [environment.py:350] - [SCENARIO] ============================================================
2025-09-14 20:05:00,707 - banking_api_tests - INFO - [common_steps.py:153] - [API] Checking API availability...
2025-09-14 20:05:01,554 - banking_api_tests - INFO - [common_steps.py:163] - [RESPONSE] API Health Check - Status: 200
2025-09-14 20:05:01,554 - banking_api_tests - INFO - [common_steps.py:170] - [SUCCESS] API is available and responding
2025-09-14 20:05:01,556 - banking_api_tests - INFO - [common_steps.py:192] - [AUTH] Configuring authentication credentials...
2025-09-14 20:05:01,556 - banking_api_tests - INFO - [common_steps.py:201] - [AUTH] Auth Token Configured: ****************2024
2025-09-14 20:05:01,556 - banking_api_tests - INFO - [common_steps.py:211] - [SUCCESS] Authentication credentials validated and configured
2025-09-14 20:05:01,556 - banking_api_tests - INFO - [common_steps.py:305] - [REQUEST] Sending GET request to: /accounts/ACC999
2025-09-14 20:05:02,307 - banking_api_tests - INFO - [common_steps.py:327] - [RESPONSE] GET Response: 200
2025-09-14 20:05:02,308 - banking_api_tests - INFO - [common_steps.py:328] - [TIME] Response Time: 0.751s
2025-09-14 20:05:02,308 - banking_api_tests - INFO - [common_steps.py:341] - [SUCCESS] GET request completed successfully
2025-09-14 20:05:02,308 - banking_api_tests - INFO - [common_steps.py:497] - [VERIFY] Verifying response status code should be 404
2025-09-14 20:05:02,308 - banking_api_tests - INFO - [common_steps.py:504] - [INFO] Expected: 404, Actual: 200
2025-09-14 20:05:02,308 - banking_api_tests - ERROR - [common_steps.py:509] - [ERROR] Status code assertion FAILED: Expected 404, got 200
2025-09-14 20:05:02,309 - banking_api_tests - ERROR - [common_steps.py:510] - [BODY] Response content: {"accountId":"ACC999","customerId":"CUST202772","bsb":"049820","accountNumber":"79329483","accountType":"SAVINGS","currency":"AUD","balance":"aa-~6agdktck 9w!pib0<i&av>&8whid{[;(","createdAt":"2025-09-14 10:05:00"}...
2025-09-14 20:05:02,309 - banking_api_tests - ERROR - [common_steps.py:525] - [BODY] Error Response JSON: {
  "accountId": "ACC999",
  "customerId": "CUST202772",
  "bsb": "049820",
  "accountNumber": "79329483",
  "accountType": "SAVINGS",
  "currency": "AUD",
  "balance": "aa-~6agdktck 9w!pib0<i&av>&8whid{[;(",
  "createdAt": "2025-09-14 10:05:00"
}
2025-09-14 20:05:02,310 - banking_api_tests - ERROR - [environment.py:170] - [SAVE] Failure details saved to: logs/failures/FAILED_Retrieve_accounts_with_boundary_ID_values_--__1_2__20250914_200502.txt
2025-09-14 20:05:02,310 - banking_api_tests - INFO - [environment.py:384] - [END] ============================================================
2025-09-14 20:05:02,310 - banking_api_tests - INFO - [environment.py:385] - [FAILED] SCENARIO COMPLETE: Retrieve accounts with boundary ID values -- @1.2 
2025-09-14 20:05:02,310 - banking_api_tests - INFO - [environment.py:386] - [INFO] Status: [FAILED] FAILED
2025-09-14 20:05:02,310 - banking_api_tests - INFO - [environment.py:387] - [TIME]  Duration: 0:00:01.603365
2025-09-14 20:05:02,310 - banking_api_tests - INFO - [environment.py:388] - [URL] API Calls Made: 1
2025-09-14 20:05:02,310 - banking_api_tests - INFO - [environment.py:392] - [PERFORMANCE] Avg Response Time: 0.751s
2025-09-14 20:05:02,311 - banking_api_tests - INFO - [environment.py:393] - [INFO] Total Response Time: 0.751s
2025-09-14 20:05:02,311 - banking_api_tests - ERROR - [environment.py:397] - [ERROR] Last Error: Status code assertion failed - Expected: 404, Actual: 200 | JSON Error: {"accountId": "ACC999", "customerId": "CUST202772", "bsb": "049820", "accountNumber": "79329483", "accountType": "SAVINGS", "currency": "AUD", "balance": "aa-~6agdktck 9w!pib0<i&av>&8whid{[;(", "createdAt": "2025-09-14 10:05:00"}
2025-09-14 20:05:02,311 - banking_api_tests - INFO - [environment.py:401] - [URL] Final Response Status: 200
2025-09-14 20:05:02,311 - banking_api_tests - INFO - [environment.py:404] - [VERIFY] Correlation ID: 
2025-09-14 20:05:02,311 - banking_api_tests - INFO - [environment.py:406] - [END] ============================================================
2025-09-14 20:05:02,312 - banking_api_tests - INFO - [environment.py:344] - [SCENARIO] ============================================================
2025-09-14 20:05:02,313 - banking_api_tests - INFO - [environment.py:345] - [TEST] SCENARIO START: Retrieve accounts with boundary ID values -- @1.3 
2025-09-14 20:05:02,313 - banking_api_tests - INFO - [environment.py:346] - [FILE] Feature: Account Retrieval
2025-09-14 20:05:02,313 - banking_api_tests - INFO - [environment.py:347] - [LOCATION] Location: features/accounts/account_retrieval.feature:62
2025-09-14 20:05:02,313 - banking_api_tests - INFO - [environment.py:348] - [TAGS]  Tags: boundary_testing
2025-09-14 20:05:02,313 - banking_api_tests - INFO - [environment.py:349] - [TIME] Start Time: 2025-09-14T20:05:02.312835
2025-09-14 20:05:02,313 - banking_api_tests - INFO - [environment.py:350] - [SCENARIO] ============================================================
2025-09-14 20:05:02,314 - banking_api_tests - INFO - [common_steps.py:153] - [API] Checking API availability...
2025-09-14 20:05:03,171 - banking_api_tests - INFO - [common_steps.py:163] - [RESPONSE] API Health Check - Status: 200
2025-09-14 20:05:03,171 - banking_api_tests - INFO - [common_steps.py:170] - [SUCCESS] API is available and responding
2025-09-14 20:05:03,173 - banking_api_tests - INFO - [common_steps.py:192] - [AUTH] Configuring authentication credentials...
2025-09-14 20:05:03,173 - banking_api_tests - INFO - [common_steps.py:201] - [AUTH] Auth Token Configured: ****************2024
2025-09-14 20:05:03,173 - banking_api_tests - INFO - [common_steps.py:211] - [SUCCESS] Authentication credentials validated and configured
2025-09-14 20:05:03,173 - banking_api_tests - INFO - [common_steps.py:305] - [REQUEST] Sending GET request to: /accounts/A
2025-09-14 20:05:03,913 - banking_api_tests - INFO - [common_steps.py:327] - [RESPONSE] GET Response: 404
2025-09-14 20:05:03,913 - banking_api_tests - INFO - [common_steps.py:328] - [TIME] Response Time: 0.740s
2025-09-14 20:05:03,914 - banking_api_tests - INFO - [common_steps.py:341] - [SUCCESS] GET request completed successfully
2025-09-14 20:05:03,914 - banking_api_tests - INFO - [common_steps.py:497] - [VERIFY] Verifying response status code should be 404
2025-09-14 20:05:03,914 - banking_api_tests - INFO - [common_steps.py:504] - [INFO] Expected: 404, Actual: 404
2025-09-14 20:05:03,914 - banking_api_tests - INFO - [common_steps.py:507] - [SUCCESS] Status code assertion PASSED: 404
2025-09-14 20:05:03,915 - banking_api_tests - INFO - [common_steps.py:590] - [VERIFY] Verifying response is valid JSON
2025-09-14 20:05:03,915 - banking_api_tests - INFO - [common_steps.py:598] - [SUCCESS] JSON validation PASSED: Response is valid JSON
2025-09-14 20:05:03,915 - banking_api_tests - INFO - [environment.py:384] - [END] ============================================================
2025-09-14 20:05:03,915 - banking_api_tests - INFO - [environment.py:385] - [PASSED] SCENARIO COMPLETE: Retrieve accounts with boundary ID values -- @1.3 
2025-09-14 20:05:03,915 - banking_api_tests - INFO - [environment.py:386] - [INFO] Status: [PASSED] PASSED
2025-09-14 20:05:03,915 - banking_api_tests - INFO - [environment.py:387] - [TIME]  Duration: 0:00:01.602665
2025-09-14 20:05:03,915 - banking_api_tests - INFO - [environment.py:388] - [URL] API Calls Made: 1
2025-09-14 20:05:03,915 - banking_api_tests - INFO - [environment.py:392] - [PERFORMANCE] Avg Response Time: 0.740s
2025-09-14 20:05:03,916 - banking_api_tests - INFO - [environment.py:393] - [INFO] Total Response Time: 0.740s
2025-09-14 20:05:03,916 - banking_api_tests - INFO - [environment.py:406] - [END] ============================================================
2025-09-14 20:05:03,917 - banking_api_tests - INFO - [environment.py:344] - [SCENARIO] ============================================================
2025-09-14 20:05:03,917 - banking_api_tests - INFO - [environment.py:345] - [TEST] SCENARIO START: Retrieve accounts with boundary ID values -- @1.4 
2025-09-14 20:05:03,917 - banking_api_tests - INFO - [environment.py:346] - [FILE] Feature: Account Retrieval
2025-09-14 20:05:03,917 - banking_api_tests - INFO - [environment.py:347] - [LOCATION] Location: features/accounts/account_retrieval.feature:63
2025-09-14 20:05:03,917 - banking_api_tests - INFO - [environment.py:348] - [TAGS]  Tags: boundary_testing
2025-09-14 20:05:03,917 - banking_api_tests - INFO - [environment.py:349] - [TIME] Start Time: 2025-09-14T20:05:03.917147
2025-09-14 20:05:03,917 - banking_api_tests - INFO - [environment.py:350] - [SCENARIO] ============================================================
2025-09-14 20:05:03,918 - banking_api_tests - INFO - [common_steps.py:153] - [API] Checking API availability...
2025-09-14 20:05:04,766 - banking_api_tests - INFO - [common_steps.py:163] - [RESPONSE] API Health Check - Status: 200
2025-09-14 20:05:04,767 - banking_api_tests - INFO - [common_steps.py:170] - [SUCCESS] API is available and responding
2025-09-14 20:05:04,768 - banking_api_tests - INFO - [common_steps.py:192] - [AUTH] Configuring authentication credentials...
2025-09-14 20:05:04,768 - banking_api_tests - INFO - [common_steps.py:201] - [AUTH] Auth Token Configured: ****************2024
2025-09-14 20:05:04,769 - banking_api_tests - INFO - [common_steps.py:211] - [SUCCESS] Authentication credentials validated and configured
2025-09-14 20:05:04,769 - banking_api_tests - INFO - [common_steps.py:305] - [REQUEST] Sending GET request to: /accounts/VERYLONGACCOUNTID
2025-09-14 20:05:05,535 - banking_api_tests - INFO - [common_steps.py:327] - [RESPONSE] GET Response: 404
2025-09-14 20:05:05,535 - banking_api_tests - INFO - [common_steps.py:328] - [TIME] Response Time: 0.766s
2025-09-14 20:05:05,535 - banking_api_tests - INFO - [common_steps.py:341] - [SUCCESS] GET request completed successfully
2025-09-14 20:05:05,536 - banking_api_tests - INFO - [common_steps.py:497] - [VERIFY] Verifying response status code should be 404
2025-09-14 20:05:05,536 - banking_api_tests - INFO - [common_steps.py:504] - [INFO] Expected: 404, Actual: 404
2025-09-14 20:05:05,536 - banking_api_tests - INFO - [common_steps.py:507] - [SUCCESS] Status code assertion PASSED: 404
2025-09-14 20:05:05,537 - banking_api_tests - INFO - [common_steps.py:590] - [VERIFY] Verifying response is valid JSON
2025-09-14 20:05:05,537 - banking_api_tests - INFO - [common_steps.py:598] - [SUCCESS] JSON validation PASSED: Response is valid JSON
2025-09-14 20:05:05,537 - banking_api_tests - INFO - [environment.py:384] - [END] ============================================================
2025-09-14 20:05:05,537 - banking_api_tests - INFO - [environment.py:385] - [PASSED] SCENARIO COMPLETE: Retrieve accounts with boundary ID values -- @1.4 
2025-09-14 20:05:05,538 - banking_api_tests - INFO - [environment.py:386] - [INFO] Status: [PASSED] PASSED
2025-09-14 20:05:05,538 - banking_api_tests - INFO - [environment.py:387] - [TIME]  Duration: 0:00:01.620587
2025-09-14 20:05:05,538 - banking_api_tests - INFO - [environment.py:388] - [URL] API Calls Made: 1
2025-09-14 20:05:05,538 - banking_api_tests - INFO - [environment.py:392] - [PERFORMANCE] Avg Response Time: 0.766s
2025-09-14 20:05:05,538 - banking_api_tests - INFO - [environment.py:393] - [INFO] Total Response Time: 0.766s
2025-09-14 20:05:05,538 - banking_api_tests - INFO - [environment.py:406] - [END] ============================================================
2025-09-14 20:05:05,540 - banking_api_tests - INFO - [environment.py:344] - [SCENARIO] ============================================================
2025-09-14 20:05:05,540 - banking_api_tests - INFO - [environment.py:345] - [TEST] SCENARIO START: Multiple concurrent account retrievals
2025-09-14 20:05:05,540 - banking_api_tests - INFO - [environment.py:346] - [FILE] Feature: Account Retrieval
2025-09-14 20:05:05,540 - banking_api_tests - INFO - [environment.py:347] - [LOCATION] Location: features/accounts/account_retrieval.feature:66
2025-09-14 20:05:05,540 - banking_api_tests - INFO - [environment.py:348] - [TAGS]  Tags: performance, load_testing
2025-09-14 20:05:05,540 - banking_api_tests - INFO - [environment.py:349] - [TIME] Start Time: 2025-09-14T20:05:05.539970
2025-09-14 20:05:05,540 - banking_api_tests - INFO - [environment.py:350] - [SCENARIO] ============================================================
2025-09-14 20:05:05,541 - banking_api_tests - INFO - [common_steps.py:153] - [API] Checking API availability...
2025-09-14 20:05:06,386 - banking_api_tests - INFO - [common_steps.py:163] - [RESPONSE] API Health Check - Status: 200
2025-09-14 20:05:06,386 - banking_api_tests - INFO - [common_steps.py:170] - [SUCCESS] API is available and responding
2025-09-14 20:05:06,387 - banking_api_tests - INFO - [common_steps.py:192] - [AUTH] Configuring authentication credentials...
2025-09-14 20:05:06,387 - banking_api_tests - INFO - [common_steps.py:201] - [AUTH] Auth Token Configured: ****************2024
2025-09-14 20:05:06,387 - banking_api_tests - INFO - [common_steps.py:211] - [SUCCESS] Authentication credentials validated and configured
2025-09-14 20:05:06,388 - banking_api_tests - INFO - [common_steps.py:305] - [REQUEST] Sending GET request to: /accounts/ACC001
2025-09-14 20:05:07,138 - banking_api_tests - INFO - [common_steps.py:327] - [RESPONSE] GET Response: 500
2025-09-14 20:05:07,139 - banking_api_tests - INFO - [common_steps.py:328] - [TIME] Response Time: 0.751s
2025-09-14 20:05:07,139 - banking_api_tests - INFO - [common_steps.py:341] - [SUCCESS] GET request completed successfully
2025-09-14 20:05:07,139 - banking_api_tests - INFO - [common_steps.py:305] - [REQUEST] Sending GET request to: /accounts/ACC002
2025-09-14 20:05:07,896 - banking_api_tests - INFO - [common_steps.py:327] - [RESPONSE] GET Response: 500
2025-09-14 20:05:07,896 - banking_api_tests - INFO - [common_steps.py:328] - [TIME] Response Time: 0.756s
2025-09-14 20:05:07,897 - banking_api_tests - INFO - [common_steps.py:341] - [SUCCESS] GET request completed successfully
2025-09-14 20:05:07,897 - banking_api_tests - INFO - [common_steps.py:1016] - [VERIFY] Verifying response time is under 1500ms
2025-09-14 20:05:07,897 - banking_api_tests - INFO - [common_steps.py:1035] - [SUCCESS] Response time assertion PASSED: 753ms <= 1500ms
2025-09-14 20:05:07,898 - banking_api_tests - INFO - [common_steps.py:925] - [VERIFY] Verifying response is successful (2xx status)
2025-09-14 20:05:07,898 - banking_api_tests - ERROR - [common_steps.py:937] - [ERROR] Success assertion FAILED: Status 500 is not successful
2025-09-14 20:05:07,898 - banking_api_tests - ERROR - [common_steps.py:938] - [BODY] Response content: {
"cause1":"com.github.tomakehurst.wiremock.common.JsonException: {\n  &quot;errors&quot; : [ {\n    &quot;code&quot; : 10,\n    &quot;source&quot; : { },\n    &quot;title&quot; : &quot;Error parsing JSON&quot;,\n    &quot;detail&quot; : &quot;Unexpected character (&apos;@&apos; (code 64)): was expe...
2025-09-14 20:05:07,899 - banking_api_tests - ERROR - [environment.py:170] - [SAVE] Failure details saved to: logs/failures/FAILED_Multiple_concurrent_account_retrievals_20250914_200507.txt
2025-09-14 20:05:07,899 - banking_api_tests - INFO - [environment.py:384] - [END] ============================================================
2025-09-14 20:05:07,899 - banking_api_tests - INFO - [environment.py:385] - [FAILED] SCENARIO COMPLETE: Multiple concurrent account retrievals
2025-09-14 20:05:07,899 - banking_api_tests - INFO - [environment.py:386] - [INFO] Status: [FAILED] FAILED
2025-09-14 20:05:07,899 - banking_api_tests - INFO - [environment.py:387] - [TIME]  Duration: 0:00:02.358587
2025-09-14 20:05:07,899 - banking_api_tests - INFO - [environment.py:388] - [URL] API Calls Made: 2
2025-09-14 20:05:07,899 - banking_api_tests - INFO - [environment.py:392] - [PERFORMANCE] Avg Response Time: 0.753s
2025-09-14 20:05:07,899 - banking_api_tests - INFO - [environment.py:393] - [INFO] Total Response Time: 1.507s
2025-09-14 20:05:07,899 - banking_api_tests - ERROR - [environment.py:397] - [ERROR] Last Error: Success assertion failed - Status 500 is not in 2xx range
2025-09-14 20:05:07,900 - banking_api_tests - INFO - [environment.py:406] - [END] ============================================================
2025-09-14 20:05:07,901 - banking_api_tests - INFO - [environment.py:344] - [SCENARIO] ============================================================
2025-09-14 20:05:07,901 - banking_api_tests - INFO - [environment.py:345] - [TEST] SCENARIO START: Verify account response data types and formats
2025-09-14 20:05:07,901 - banking_api_tests - INFO - [environment.py:346] - [FILE] Feature: Account Retrieval
2025-09-14 20:05:07,901 - banking_api_tests - INFO - [environment.py:347] - [LOCATION] Location: features/accounts/account_retrieval.feature:73
2025-09-14 20:05:07,901 - banking_api_tests - INFO - [environment.py:348] - [TAGS]  Tags: data_validation
2025-09-14 20:05:07,901 - banking_api_tests - INFO - [environment.py:349] - [TIME] Start Time: 2025-09-14T20:05:07.901402
2025-09-14 20:05:07,901 - banking_api_tests - INFO - [environment.py:350] - [SCENARIO] ============================================================
2025-09-14 20:05:07,902 - banking_api_tests - INFO - [common_steps.py:153] - [API] Checking API availability...
2025-09-14 20:05:08,735 - banking_api_tests - INFO - [common_steps.py:163] - [RESPONSE] API Health Check - Status: 200
2025-09-14 20:05:08,735 - banking_api_tests - INFO - [common_steps.py:170] - [SUCCESS] API is available and responding
2025-09-14 20:05:08,737 - banking_api_tests - INFO - [common_steps.py:192] - [AUTH] Configuring authentication credentials...
2025-09-14 20:05:08,737 - banking_api_tests - INFO - [common_steps.py:201] - [AUTH] Auth Token Configured: ****************2024
2025-09-14 20:05:08,737 - banking_api_tests - INFO - [common_steps.py:211] - [SUCCESS] Authentication credentials validated and configured
2025-09-14 20:05:08,737 - banking_api_tests - INFO - [common_steps.py:305] - [REQUEST] Sending GET request to: /accounts/ACC001
2025-09-14 20:05:09,468 - banking_api_tests - INFO - [common_steps.py:327] - [RESPONSE] GET Response: 200
2025-09-14 20:05:09,469 - banking_api_tests - INFO - [common_steps.py:328] - [TIME] Response Time: 0.731s
2025-09-14 20:05:09,469 - banking_api_tests - INFO - [common_steps.py:341] - [SUCCESS] GET request completed successfully
2025-09-14 20:05:09,469 - banking_api_tests - INFO - [common_steps.py:497] - [VERIFY] Verifying response status code should be 200
2025-09-14 20:05:09,469 - banking_api_tests - INFO - [common_steps.py:504] - [INFO] Expected: 200, Actual: 200
2025-09-14 20:05:09,469 - banking_api_tests - INFO - [common_steps.py:507] - [SUCCESS] Status code assertion PASSED: 200
2025-09-14 20:05:09,470 - banking_api_tests - INFO - [common_steps.py:871] - [VERIFY] Verifying response 'accountId' should be 'ACC001'
2025-09-14 20:05:09,470 - banking_api_tests - INFO - [common_steps.py:893] - [SUCCESS] Value assertion PASSED: 'accountId' = 'ACC001'
2025-09-14 20:05:09,470 - banking_api_tests - INFO - [common_steps.py:539] - [VERIFY] Verifying response contains key: 'accountId'
2025-09-14 20:05:09,470 - banking_api_tests - INFO - [common_steps.py:552] - [SUCCESS] Key assertion PASSED: Found 'accountId' in response
2025-09-14 20:05:09,471 - banking_api_tests - INFO - [common_steps.py:539] - [VERIFY] Verifying response contains key: 'accountType'
2025-09-14 20:05:09,471 - banking_api_tests - INFO - [common_steps.py:552] - [SUCCESS] Key assertion PASSED: Found 'accountType' in response
2025-09-14 20:05:09,471 - banking_api_tests - INFO - [common_steps.py:539] - [VERIFY] Verifying response contains key: 'currency'
2025-09-14 20:05:09,471 - banking_api_tests - INFO - [common_steps.py:552] - [SUCCESS] Key assertion PASSED: Found 'currency' in response
2025-09-14 20:05:09,472 - banking_api_tests - INFO - [common_steps.py:539] - [VERIFY] Verifying response contains key: 'balance'
2025-09-14 20:05:09,472 - banking_api_tests - INFO - [common_steps.py:552] - [SUCCESS] Key assertion PASSED: Found 'balance' in response
2025-09-14 20:05:09,472 - banking_api_tests - INFO - [common_steps.py:539] - [VERIFY] Verifying response contains key: 'createdAt'
2025-09-14 20:05:09,472 - banking_api_tests - INFO - [common_steps.py:552] - [SUCCESS] Key assertion PASSED: Found 'createdAt' in response
2025-09-14 20:05:09,472 - banking_api_tests - INFO - [environment.py:384] - [END] ============================================================
2025-09-14 20:05:09,472 - banking_api_tests - INFO - [environment.py:385] - [PASSED] SCENARIO COMPLETE: Verify account response data types and formats
2025-09-14 20:05:09,473 - banking_api_tests - INFO - [environment.py:386] - [INFO] Status: [PASSED] PASSED
2025-09-14 20:05:09,473 - banking_api_tests - INFO - [environment.py:387] - [TIME]  Duration: 0:00:01.571446
2025-09-14 20:05:09,473 - banking_api_tests - INFO - [environment.py:388] - [URL] API Calls Made: 1
2025-09-14 20:05:09,473 - banking_api_tests - INFO - [environment.py:392] - [PERFORMANCE] Avg Response Time: 0.731s
2025-09-14 20:05:09,473 - banking_api_tests - INFO - [environment.py:393] - [INFO] Total Response Time: 0.731s
2025-09-14 20:05:09,473 - banking_api_tests - INFO - [environment.py:401] - [URL] Final Response Status: 200
2025-09-14 20:05:09,473 - banking_api_tests - INFO - [environment.py:404] - [VERIFY] Correlation ID: 
2025-09-14 20:05:09,473 - banking_api_tests - INFO - [environment.py:406] - [END] ============================================================
2025-09-14 20:05:09,474 - banking_api_tests - INFO - [environment.py:344] - [SCENARIO] ============================================================
2025-09-14 20:05:09,475 - banking_api_tests - INFO - [environment.py:345] - [TEST] SCENARIO START: Verify correlation ID is propagated in account retrieval
2025-09-14 20:05:09,475 - banking_api_tests - INFO - [environment.py:346] - [FILE] Feature: Account Retrieval
2025-09-14 20:05:09,475 - banking_api_tests - INFO - [environment.py:347] - [LOCATION] Location: features/accounts/account_retrieval.feature:84
2025-09-14 20:05:09,475 - banking_api_tests - INFO - [environment.py:348] - [TAGS]  Tags: correlation_tracking
2025-09-14 20:05:09,475 - banking_api_tests - INFO - [environment.py:349] - [TIME] Start Time: 2025-09-14T20:05:09.474830
2025-09-14 20:05:09,476 - banking_api_tests - INFO - [environment.py:350] - [SCENARIO] ============================================================
2025-09-14 20:05:09,476 - banking_api_tests - INFO - [common_steps.py:153] - [API] Checking API availability...
2025-09-14 20:05:10,323 - banking_api_tests - INFO - [common_steps.py:163] - [RESPONSE] API Health Check - Status: 200
2025-09-14 20:05:10,323 - banking_api_tests - INFO - [common_steps.py:170] - [SUCCESS] API is available and responding
2025-09-14 20:05:10,325 - banking_api_tests - INFO - [common_steps.py:192] - [AUTH] Configuring authentication credentials...
2025-09-14 20:05:10,325 - banking_api_tests - INFO - [common_steps.py:201] - [AUTH] Auth Token Configured: ****************2024
2025-09-14 20:05:10,325 - banking_api_tests - INFO - [common_steps.py:211] - [SUCCESS] Authentication credentials validated and configured
2025-09-14 20:05:10,325 - banking_api_tests - INFO - [common_steps.py:221] - [CORRELATION] Setting correlation ID: test-acc-001
2025-09-14 20:05:10,325 - banking_api_tests - INFO - [common_steps.py:305] - [REQUEST] Sending GET request to: /accounts/ACC001
2025-09-14 20:05:11,087 - banking_api_tests - INFO - [common_steps.py:327] - [RESPONSE] GET Response: 500
2025-09-14 20:05:11,088 - banking_api_tests - INFO - [common_steps.py:328] - [TIME] Response Time: 0.762s
2025-09-14 20:05:11,088 - banking_api_tests - INFO - [common_steps.py:341] - [SUCCESS] GET request completed successfully
2025-09-14 20:05:11,088 - banking_api_tests - INFO - [common_steps.py:497] - [VERIFY] Verifying response status code should be 200
2025-09-14 20:05:11,088 - banking_api_tests - INFO - [common_steps.py:504] - [INFO] Expected: 200, Actual: 500
2025-09-14 20:05:11,088 - banking_api_tests - ERROR - [common_steps.py:509] - [ERROR] Status code assertion FAILED: Expected 200, got 500
2025-09-14 20:05:11,088 - banking_api_tests - ERROR - [common_steps.py:510] - [BODY] Response content: {
"cause1":"com.github.tomakehurst.wiremock.common.JsonException: {\n  &quot;errors&quot; : [ {\n    &quot;code&quot; : 10,\n    &quot;source&quot; : { },\n    &quot;title&quot; : &quot;Error parsing JSON&quot;,\n    &quot;detail&quot; : &quot;Unrecognized character escape &apos;m&apos; (code 109)\\...
2025-09-14 20:05:11,089 - banking_api_tests - ERROR - [common_steps.py:525] - [BODY] Error Response JSON: {
  "cause1": "com.github.tomakehurst.wiremock.common.JsonException: {\n  &quot;errors&quot; : [ {\n    &quot;code&quot; : 10,\n    &quot;source&quot; : { },\n    &quot;title&quot; : &quot;Error parsing JSON&quot;,\n    &quot;detail&quot; : &quot;Unrecognized character escape &apos;m&apos; (code 109)\\n at [Source: (String)\\&quot;{\\&quot;accountId\\&quot;:\\&quot;ACC001\\&quot;,\\&quot;customerId\\&quot;:\\&quot;CUST791108\\&quot;,\\&quot;bsb\\&quot;:\\&quot;608965\\&quot;,\\&quot;accountNumber\\&quot;:\\&quot;85117961\\&quot;,\\&quot;accountType\\&quot;:\\&quot;SAVINGS\\&quot;,\\&quot;currency\\&quot;:\\&quot;AUD\\&quot;,\\&quot;balance\\&quot;:\\&quot;5sp=duy?&apos;lb0,i!i3tlgai^1g?tn\\\\mr@cv$i\\&quot;,\\&quot;createdAt\\&quot;:\\&quot;2025-09-14 10:05:08\\&quot;}\\&quot;; line: 1, column: 172]&quot;\n  } ]\n}",
  "servlet": "com.github.tomakehurst.wiremock.servlet.WireMockHandlerDispatchingServlet-5305c37d",
  "cause0": "wiremock.com.fasterxml.jackson.databind.JsonMappingException: {\n  &quot;errors&quot; : [ {\n    &quot;code&quot; : 10,\n    &quot;source&quot; : { },\n    &quot;title&quot; : &quot;Error parsing JSON&quot;,\n    &quot;detail&quot; : &quot;Unrecognized character escape &apos;m&apos; (code 109)\\n at [Source: (String)\\&quot;{\\&quot;accountId\\&quot;:\\&quot;ACC001\\&quot;,\\&quot;customerId\\&quot;:\\&quot;CUST791108\\&quot;,\\&quot;bsb\\&quot;:\\&quot;608965\\&quot;,\\&quot;accountNumber\\&quot;:\\&quot;85117961\\&quot;,\\&quot;accountType\\&quot;:\\&quot;SAVINGS\\&quot;,\\&quot;currency\\&quot;:\\&quot;AUD\\&quot;,\\&quot;balance\\&quot;:\\&quot;5sp=duy?&apos;lb0,i!i3tlgai^1g?tn\\\\mr@cv$i\\&quot;,\\&quot;createdAt\\&quot;:\\&quot;2025-09-14 10:05:08\\&quot;}\\&quot;; line: 1, column: 172]&quot;\n  } ]\n} (through reference chain: com.github.tomakehurst.wiremock.http.ResponseDefinition[&quot;jsonBody&quot;])",
  "message": "wiremock.com.fasterxml.jackson.databind.JsonMappingException: {\n  &quot;errors&quot; : [ {\n    &quot;code&quot; : 10,\n    &quot;source&quot; : { },\n    &quot;title&quot; : &quot;Error parsing JSON&quot;,\n    &quot;detail&quot; : &quot;Unrecognized character escape &apos;m&apos; (code 109)\\n at [Source: (String)\\&quot;{\\&quot;accountId\\&quot;:\\&quot;ACC001\\&quot;,\\&quot;customerId\\&quot;:\\&quot;CUST791108\\&quot;,\\&quot;bsb\\&quot;:\\&quot;608965\\&quot;,\\&quot;accountNumber\\&quot;:\\&quot;85117961\\&quot;,\\&quot;accountType\\&quot;:\\&quot;SAVINGS\\&quot;,\\&quot;currency\\&quot;:\\&quot;AUD\\&quot;,\\&quot;balance\\&quot;:\\&quot;5sp=duy?&apos;lb0,i!i3tlgai^1g?tn\\\\mr@cv$i\\&quot;,\\&quot;createdAt\\&quot;:\\&quot;2025-09-14 10:05:08\\&quot;}\\&quot;; line: 1, column: 172]&quot;\n  } ]\n} (through reference chain: com.github.tomakehurst.wiremock.http.ResponseDefinition[&quot;jsonBody&quot;])",
  "url": "/accounts/ACC001",
  "status": "500"
}
2025-09-14 20:05:11,090 - banking_api_tests - ERROR - [environment.py:170] - [SAVE] Failure details saved to: logs/failures/FAILED_Verify_correlation_ID_is_propagated_in_account_ret_20250914_200511.txt
2025-09-14 20:05:11,090 - banking_api_tests - INFO - [environment.py:384] - [END] ============================================================
2025-09-14 20:05:11,090 - banking_api_tests - INFO - [environment.py:385] - [FAILED] SCENARIO COMPLETE: Verify correlation ID is propagated in account retrieval
2025-09-14 20:05:11,090 - banking_api_tests - INFO - [environment.py:386] - [INFO] Status: [FAILED] FAILED
2025-09-14 20:05:11,090 - banking_api_tests - INFO - [environment.py:387] - [TIME]  Duration: 0:00:01.614903
2025-09-14 20:05:11,090 - banking_api_tests - INFO - [environment.py:388] - [URL] API Calls Made: 1
2025-09-14 20:05:11,091 - banking_api_tests - INFO - [environment.py:392] - [PERFORMANCE] Avg Response Time: 0.762s
2025-09-14 20:05:11,091 - banking_api_tests - INFO - [environment.py:393] - [INFO] Total Response Time: 0.762s
2025-09-14 20:05:11,091 - banking_api_tests - ERROR - [environment.py:397] - [ERROR] Last Error: Status code assertion failed - Expected: 200, Actual: 500 | JSON Error: {"cause1": "com.github.tomakehurst.wiremock.common.JsonException: {\n  &quot;errors&quot; : [ {\n    &quot;code&quot; : 10,\n    &quot;source&quot; : { },\n    &quot;title&quot; : &quot;Error parsing JSON&quot;,\n    &quot;detail&quot; : &quot;Unrecognized character escape &apos;m&apos; (code 109)\\n at [Source: (String)\\&quot;{\\&quot;accountId\\&quot;:\\&quot;ACC001\\&quot;,\\&quot;customerId\\&quot;:\\&quot;CUST791108\\&quot;,\\&quot;bsb\\&quot;:\\&quot;608965\\&quot;,\\&quot;accountNumber\\&quot;:\\&quot;85117961\\&quot;,\\&quot;accountType\\&quot;:\\&quot;SAVINGS\\&quot;,\\&quot;currency\\&quot;:\\&quot;AUD\\&quot;,\\&quot;balance\\&quot;:\\&quot;5sp=duy?&apos;lb0,i!i3tlgai^1g?tn\\\\mr@cv$i\\&quot;,\\&quot;createdAt\\&quot;:\\&quot;2025-09-14 10:05:08\\&quot;}\\&quot;; line: 1, column: 172]&quot;\n  } ]\n}", "servlet": "com.github.tomakehurst.wiremock.servlet.WireMockHandlerDispatchingServlet-5305c37d", "cause0": "wiremock.com.fasterxml.jackson.databind.JsonMappingException: {\n  &quot;errors&quot; : [ {\n    &quot;code&quot; : 10,\n    &quot;source&quot; : { },\n    &quot;title&quot; : &quot;Error parsing JSON&quot;,\n    &quot;detail&quot; : &quot;Unrecognized character escape &apos;m&apos; (code 109)\\n at [Source: (String)\\&quot;{\\&quot;accountId\\&quot;:\\&quot;ACC001\\&quot;,\\&quot;customerId\\&quot;:\\&quot;CUST791108\\&quot;,\\&quot;bsb\\&quot;:\\&quot;608965\\&quot;,\\&quot;accountNumber\\&quot;:\\&quot;85117961\\&quot;,\\&quot;accountType\\&quot;:\\&quot;SAVINGS\\&quot;,\\&quot;currency\\&quot;:\\&quot;AUD\\&quot;,\\&quot;balance\\&quot;:\\&quot;5sp=duy?&apos;lb0,i!i3tlgai^1g?tn\\\\mr@cv$i\\&quot;,\\&quot;createdAt\\&quot;:\\&quot;2025-09-14 10:05:08\\&quot;}\\&quot;; line: 1, column: 172]&quot;\n  } ]\n} (through reference chain: com.github.tomakehurst.wiremock.http.ResponseDefinition[&quot;jsonBody&quot;])", "message": "wiremock.com.fasterxml.jackson.databind.JsonMappingException: {\n  &quot;errors&quot; : [ {\n    &quot;code&quot; : 10,\n    &quot;source&quot; : { },\n    &quot;title&quot; : &quot;Error parsing JSON&quot;,\n    &quot;detail&quot; : &quot;Unrecognized character escape &apos;m&apos; (code 109)\\n at [Source: (String)\\&quot;{\\&quot;accountId\\&quot;:\\&quot;ACC001\\&quot;,\\&quot;customerId\\&quot;:\\&quot;CUST791108\\&quot;,\\&quot;bsb\\&quot;:\\&quot;608965\\&quot;,\\&quot;accountNumber\\&quot;:\\&quot;85117961\\&quot;,\\&quot;accountType\\&quot;:\\&quot;SAVINGS\\&quot;,\\&quot;currency\\&quot;:\\&quot;AUD\\&quot;,\\&quot;balance\\&quot;:\\&quot;5sp=duy?&apos;lb0,i!i3tlgai^1g?tn\\\\mr@cv$i\\&quot;,\\&quot;createdAt\\&quot;:\\&quot;2025-09-14 10:05:08\\&quot;}\\&quot;; line: 1, column: 172]&quot;\n  } ]\n} (through reference chain: com.github.tomakehurst.wiremock.http.ResponseDefinition[&quot;jsonBody&quot;])", "url": "/accounts/ACC001", "status": "500"}
2025-09-14 20:05:11,091 - banking_api_tests - INFO - [environment.py:406] - [END] ============================================================
2025-09-14 20:05:11,092 - banking_api_tests - INFO - [environment.py:344] - [SCENARIO] ============================================================
2025-09-14 20:05:11,093 - banking_api_tests - INFO - [environment.py:345] - [TEST] SCENARIO START: Verify consistent response for repeated requests
2025-09-14 20:05:11,093 - banking_api_tests - INFO - [environment.py:346] - [FILE] Feature: Account Retrieval
2025-09-14 20:05:11,093 - banking_api_tests - INFO - [environment.py:347] - [LOCATION] Location: features/accounts/account_retrieval.feature:91
2025-09-14 20:05:11,093 - banking_api_tests - INFO - [environment.py:348] - [TAGS]  Tags: caching_behavior
2025-09-14 20:05:11,093 - banking_api_tests - INFO - [environment.py:349] - [TIME] Start Time: 2025-09-14T20:05:11.092877
2025-09-14 20:05:11,093 - banking_api_tests - INFO - [environment.py:350] - [SCENARIO] ============================================================
2025-09-14 20:05:11,094 - banking_api_tests - INFO - [common_steps.py:153] - [API] Checking API availability...
2025-09-14 20:05:11,945 - banking_api_tests - INFO - [common_steps.py:163] - [RESPONSE] API Health Check - Status: 200
2025-09-14 20:05:11,945 - banking_api_tests - INFO - [common_steps.py:170] - [SUCCESS] API is available and responding
2025-09-14 20:05:11,947 - banking_api_tests - INFO - [common_steps.py:192] - [AUTH] Configuring authentication credentials...
2025-09-14 20:05:11,947 - banking_api_tests - INFO - [common_steps.py:201] - [AUTH] Auth Token Configured: ****************2024
2025-09-14 20:05:11,947 - banking_api_tests - INFO - [common_steps.py:211] - [SUCCESS] Authentication credentials validated and configured
2025-09-14 20:05:11,947 - banking_api_tests - INFO - [common_steps.py:305] - [REQUEST] Sending GET request to: /accounts/ACC001
2025-09-14 20:05:12,705 - banking_api_tests - INFO - [common_steps.py:327] - [RESPONSE] GET Response: 500
2025-09-14 20:05:12,705 - banking_api_tests - INFO - [common_steps.py:328] - [TIME] Response Time: 0.757s
2025-09-14 20:05:12,705 - banking_api_tests - INFO - [common_steps.py:341] - [SUCCESS] GET request completed successfully
2025-09-14 20:05:12,706 - banking_api_tests - INFO - [common_steps.py:497] - [VERIFY] Verifying response status code should be 200
2025-09-14 20:05:12,706 - banking_api_tests - INFO - [common_steps.py:504] - [INFO] Expected: 200, Actual: 500
2025-09-14 20:05:12,706 - banking_api_tests - ERROR - [common_steps.py:509] - [ERROR] Status code assertion FAILED: Expected 200, got 500
2025-09-14 20:05:12,706 - banking_api_tests - ERROR - [common_steps.py:510] - [BODY] Response content: {
"cause1":"com.github.tomakehurst.wiremock.common.JsonException: {\n  &quot;errors&quot; : [ {\n    &quot;code&quot; : 10,\n    &quot;source&quot; : { },\n    &quot;title&quot; : &quot;Error parsing JSON&quot;,\n    &quot;detail&quot; : &quot;Unrecognized character escape &apos;w&apos; (code 119)\\...
2025-09-14 20:05:12,706 - banking_api_tests - ERROR - [common_steps.py:525] - [BODY] Error Response JSON: {
  "cause1": "com.github.tomakehurst.wiremock.common.JsonException: {\n  &quot;errors&quot; : [ {\n    &quot;code&quot; : 10,\n    &quot;source&quot; : { },\n    &quot;title&quot; : &quot;Error parsing JSON&quot;,\n    &quot;detail&quot; : &quot;Unrecognized character escape &apos;w&apos; (code 119)\\n at [Source: (String)\\&quot;{\\&quot;accountId\\&quot;:\\&quot;ACC001\\&quot;,\\&quot;customerId\\&quot;:\\&quot;CUST349846\\&quot;,\\&quot;bsb\\&quot;:\\&quot;186393\\&quot;,\\&quot;accountNumber\\&quot;:\\&quot;25128749\\&quot;,\\&quot;accountType\\&quot;:\\&quot;SAVINGS\\&quot;,\\&quot;currency\\&quot;:\\&quot;AUD\\&quot;,\\&quot;balance\\&quot;:\\&quot;8p#*2\\\\wjbopkf]ke6u zagx-5tk`}ku&apos;8vj2\\&quot;,\\&quot;createdAt\\&quot;:\\&quot;2025-09-14 10:05:10\\&quot;}\\&quot;; line: 1, column: 149]&quot;\n  } ]\n}",
  "servlet": "com.github.tomakehurst.wiremock.servlet.WireMockHandlerDispatchingServlet-5305c37d",
  "cause0": "wiremock.com.fasterxml.jackson.databind.JsonMappingException: {\n  &quot;errors&quot; : [ {\n    &quot;code&quot; : 10,\n    &quot;source&quot; : { },\n    &quot;title&quot; : &quot;Error parsing JSON&quot;,\n    &quot;detail&quot; : &quot;Unrecognized character escape &apos;w&apos; (code 119)\\n at [Source: (String)\\&quot;{\\&quot;accountId\\&quot;:\\&quot;ACC001\\&quot;,\\&quot;customerId\\&quot;:\\&quot;CUST349846\\&quot;,\\&quot;bsb\\&quot;:\\&quot;186393\\&quot;,\\&quot;accountNumber\\&quot;:\\&quot;25128749\\&quot;,\\&quot;accountType\\&quot;:\\&quot;SAVINGS\\&quot;,\\&quot;currency\\&quot;:\\&quot;AUD\\&quot;,\\&quot;balance\\&quot;:\\&quot;8p#*2\\\\wjbopkf]ke6u zagx-5tk`}ku&apos;8vj2\\&quot;,\\&quot;createdAt\\&quot;:\\&quot;2025-09-14 10:05:10\\&quot;}\\&quot;; line: 1, column: 149]&quot;\n  } ]\n} (through reference chain: com.github.tomakehurst.wiremock.http.ResponseDefinition[&quot;jsonBody&quot;])",
  "message": "wiremock.com.fasterxml.jackson.databind.JsonMappingException: {\n  &quot;errors&quot; : [ {\n    &quot;code&quot; : 10,\n    &quot;source&quot; : { },\n    &quot;title&quot; : &quot;Error parsing JSON&quot;,\n    &quot;detail&quot; : &quot;Unrecognized character escape &apos;w&apos; (code 119)\\n at [Source: (String)\\&quot;{\\&quot;accountId\\&quot;:\\&quot;ACC001\\&quot;,\\&quot;customerId\\&quot;:\\&quot;CUST349846\\&quot;,\\&quot;bsb\\&quot;:\\&quot;186393\\&quot;,\\&quot;accountNumber\\&quot;:\\&quot;25128749\\&quot;,\\&quot;accountType\\&quot;:\\&quot;SAVINGS\\&quot;,\\&quot;currency\\&quot;:\\&quot;AUD\\&quot;,\\&quot;balance\\&quot;:\\&quot;8p#*2\\\\wjbopkf]ke6u zagx-5tk`}ku&apos;8vj2\\&quot;,\\&quot;createdAt\\&quot;:\\&quot;2025-09-14 10:05:10\\&quot;}\\&quot;; line: 1, column: 149]&quot;\n  } ]\n} (through reference chain: com.github.tomakehurst.wiremock.http.ResponseDefinition[&quot;jsonBody&quot;])",
  "url": "/accounts/ACC001",
  "status": "500"
}
2025-09-14 20:05:12,707 - banking_api_tests - ERROR - [environment.py:170] - [SAVE] Failure details saved to: logs/failures/FAILED_Verify_consistent_response_for_repeated_requests_20250914_200512.txt
2025-09-14 20:05:12,708 - banking_api_tests - INFO - [environment.py:384] - [END] ============================================================
2025-09-14 20:05:12,708 - banking_api_tests - INFO - [environment.py:385] - [FAILED] SCENARIO COMPLETE: Verify consistent response for repeated requests
2025-09-14 20:05:12,708 - banking_api_tests - INFO - [environment.py:386] - [INFO] Status: [FAILED] FAILED
2025-09-14 20:05:12,708 - banking_api_tests - INFO - [environment.py:387] - [TIME]  Duration: 0:00:01.614399
2025-09-14 20:05:12,708 - banking_api_tests - INFO - [environment.py:388] - [URL] API Calls Made: 1
2025-09-14 20:05:12,708 - banking_api_tests - INFO - [environment.py:392] - [PERFORMANCE] Avg Response Time: 0.757s
2025-09-14 20:05:12,708 - banking_api_tests - INFO - [environment.py:393] - [INFO] Total Response Time: 0.757s
2025-09-14 20:05:12,708 - banking_api_tests - ERROR - [environment.py:397] - [ERROR] Last Error: Status code assertion failed - Expected: 200, Actual: 500 | JSON Error: {"cause1": "com.github.tomakehurst.wiremock.common.JsonException: {\n  &quot;errors&quot; : [ {\n    &quot;code&quot; : 10,\n    &quot;source&quot; : { },\n    &quot;title&quot; : &quot;Error parsing JSON&quot;,\n    &quot;detail&quot; : &quot;Unrecognized character escape &apos;w&apos; (code 119)\\n at [Source: (String)\\&quot;{\\&quot;accountId\\&quot;:\\&quot;ACC001\\&quot;,\\&quot;customerId\\&quot;:\\&quot;CUST349846\\&quot;,\\&quot;bsb\\&quot;:\\&quot;186393\\&quot;,\\&quot;accountNumber\\&quot;:\\&quot;25128749\\&quot;,\\&quot;accountType\\&quot;:\\&quot;SAVINGS\\&quot;,\\&quot;currency\\&quot;:\\&quot;AUD\\&quot;,\\&quot;balance\\&quot;:\\&quot;8p#*2\\\\wjbopkf]ke6u zagx-5tk`}ku&apos;8vj2\\&quot;,\\&quot;createdAt\\&quot;:\\&quot;2025-09-14 10:05:10\\&quot;}\\&quot;; line: 1, column: 149]&quot;\n  } ]\n}", "servlet": "com.github.tomakehurst.wiremock.servlet.WireMockHandlerDispatchingServlet-5305c37d", "cause0": "wiremock.com.fasterxml.jackson.databind.JsonMappingException: {\n  &quot;errors&quot; : [ {\n    &quot;code&quot; : 10,\n    &quot;source&quot; : { },\n    &quot;title&quot; : &quot;Error parsing JSON&quot;,\n    &quot;detail&quot; : &quot;Unrecognized character escape &apos;w&apos; (code 119)\\n at [Source: (String)\\&quot;{\\&quot;accountId\\&quot;:\\&quot;ACC001\\&quot;,\\&quot;customerId\\&quot;:\\&quot;CUST349846\\&quot;,\\&quot;bsb\\&quot;:\\&quot;186393\\&quot;,\\&quot;accountNumber\\&quot;:\\&quot;25128749\\&quot;,\\&quot;accountType\\&quot;:\\&quot;SAVINGS\\&quot;,\\&quot;currency\\&quot;:\\&quot;AUD\\&quot;,\\&quot;balance\\&quot;:\\&quot;8p#*2\\\\wjbopkf]ke6u zagx-5tk`}ku&apos;8vj2\\&quot;,\\&quot;createdAt\\&quot;:\\&quot;2025-09-14 10:05:10\\&quot;}\\&quot;; line: 1, column: 149]&quot;\n  } ]\n} (through reference chain: com.github.tomakehurst.wiremock.http.ResponseDefinition[&quot;jsonBody&quot;])", "message": "wiremock.com.fasterxml.jackson.databind.JsonMappingException: {\n  &quot;errors&quot; : [ {\n    &quot;code&quot; : 10,\n    &quot;source&quot; : { },\n    &quot;title&quot; : &quot;Error parsing JSON&quot;,\n    &quot;detail&quot; : &quot;Unrecognized character escape &apos;w&apos; (code 119)\\n at [Source: (String)\\&quot;{\\&quot;accountId\\&quot;:\\&quot;ACC001\\&quot;,\\&quot;customerId\\&quot;:\\&quot;CUST349846\\&quot;,\\&quot;bsb\\&quot;:\\&quot;186393\\&quot;,\\&quot;accountNumber\\&quot;:\\&quot;25128749\\&quot;,\\&quot;accountType\\&quot;:\\&quot;SAVINGS\\&quot;,\\&quot;currency\\&quot;:\\&quot;AUD\\&quot;,\\&quot;balance\\&quot;:\\&quot;8p#*2\\\\wjbopkf]ke6u zagx-5tk`}ku&apos;8vj2\\&quot;,\\&quot;createdAt\\&quot;:\\&quot;2025-09-14 10:05:10\\&quot;}\\&quot;; line: 1, column: 149]&quot;\n  } ]\n} (through reference chain: com.github.tomakehurst.wiremock.http.ResponseDefinition[&quot;jsonBody&quot;])", "url": "/accounts/ACC001", "status": "500"}
2025-09-14 20:05:12,709 - banking_api_tests - INFO - [environment.py:406] - [END] ============================================================
2025-09-14 20:05:12,710 - banking_api_tests - INFO - [environment.py:344] - [SCENARIO] ============================================================
2025-09-14 20:05:12,710 - banking_api_tests - INFO - [environment.py:345] - [TEST] SCENARIO START: Verify account retrieval response headers
2025-09-14 20:05:12,711 - banking_api_tests - INFO - [environment.py:346] - [FILE] Feature: Account Retrieval
2025-09-14 20:05:12,711 - banking_api_tests - INFO - [environment.py:347] - [LOCATION] Location: features/accounts/account_retrieval.feature:101
2025-09-14 20:05:12,711 - banking_api_tests - INFO - [environment.py:348] - [TAGS]  Tags: response_headers
2025-09-14 20:05:12,711 - banking_api_tests - INFO - [environment.py:349] - [TIME] Start Time: 2025-09-14T20:05:12.710768
2025-09-14 20:05:12,711 - banking_api_tests - INFO - [environment.py:350] - [SCENARIO] ============================================================
2025-09-14 20:05:12,711 - banking_api_tests - INFO - [common_steps.py:153] - [API] Checking API availability...
2025-09-14 20:05:13,544 - banking_api_tests - INFO - [common_steps.py:163] - [RESPONSE] API Health Check - Status: 200
2025-09-14 20:05:13,544 - banking_api_tests - INFO - [common_steps.py:170] - [SUCCESS] API is available and responding
2025-09-14 20:05:13,545 - banking_api_tests - INFO - [common_steps.py:192] - [AUTH] Configuring authentication credentials...
2025-09-14 20:05:13,545 - banking_api_tests - INFO - [common_steps.py:201] - [AUTH] Auth Token Configured: ****************2024
2025-09-14 20:05:13,545 - banking_api_tests - INFO - [common_steps.py:211] - [SUCCESS] Authentication credentials validated and configured
2025-09-14 20:05:13,546 - banking_api_tests - INFO - [common_steps.py:305] - [REQUEST] Sending GET request to: /accounts/ACC001
2025-09-14 20:05:14,282 - banking_api_tests - INFO - [common_steps.py:327] - [RESPONSE] GET Response: 200
2025-09-14 20:05:14,282 - banking_api_tests - INFO - [common_steps.py:328] - [TIME] Response Time: 0.736s
2025-09-14 20:05:14,282 - banking_api_tests - INFO - [common_steps.py:341] - [SUCCESS] GET request completed successfully
2025-09-14 20:05:14,283 - banking_api_tests - INFO - [common_steps.py:497] - [VERIFY] Verifying response status code should be 200
2025-09-14 20:05:14,283 - banking_api_tests - INFO - [common_steps.py:504] - [INFO] Expected: 200, Actual: 200
2025-09-14 20:05:14,283 - banking_api_tests - INFO - [common_steps.py:507] - [SUCCESS] Status code assertion PASSED: 200
2025-09-14 20:05:14,283 - banking_api_tests - INFO - [common_steps.py:1127] - [VERIFY] Checking security headers in response
2025-09-14 20:05:14,283 - banking_api_tests - INFO - [common_steps.py:1151] - [SUCCESS] All security headers present
2025-09-14 20:05:14,284 - banking_api_tests - INFO - [common_steps.py:682] - [SUCCESS] Found correlation ID: 
2025-09-14 20:05:14,284 - banking_api_tests - INFO - [environment.py:384] - [END] ============================================================
2025-09-14 20:05:14,284 - banking_api_tests - INFO - [environment.py:385] - [PASSED] SCENARIO COMPLETE: Verify account retrieval response headers
2025-09-14 20:05:14,284 - banking_api_tests - INFO - [environment.py:386] - [INFO] Status: [PASSED] PASSED
2025-09-14 20:05:14,284 - banking_api_tests - INFO - [environment.py:387] - [TIME]  Duration: 0:00:01.573679
2025-09-14 20:05:14,284 - banking_api_tests - INFO - [environment.py:388] - [URL] API Calls Made: 1
2025-09-14 20:05:14,284 - banking_api_tests - INFO - [environment.py:392] - [PERFORMANCE] Avg Response Time: 0.736s
2025-09-14 20:05:14,285 - banking_api_tests - INFO - [environment.py:393] - [INFO] Total Response Time: 0.736s
2025-09-14 20:05:14,285 - banking_api_tests - INFO - [environment.py:401] - [URL] Final Response Status: 200
2025-09-14 20:05:14,285 - banking_api_tests - INFO - [environment.py:404] - [VERIFY] Correlation ID: 
2025-09-14 20:05:14,285 - banking_api_tests - INFO - [environment.py:406] - [END] ============================================================
2025-09-14 20:05:14,287 - banking_api_tests - INFO - [environment.py:344] - [SCENARIO] ============================================================
2025-09-14 20:05:14,287 - banking_api_tests - INFO - [environment.py:345] - [TEST] SCENARIO START: Account retrieval with special characters in ID -- @1.1 
2025-09-14 20:05:14,287 - banking_api_tests - INFO - [environment.py:346] - [FILE] Feature: Account Retrieval
2025-09-14 20:05:14,287 - banking_api_tests - INFO - [environment.py:347] - [LOCATION] Location: features/accounts/account_retrieval.feature:115
2025-09-14 20:05:14,287 - banking_api_tests - INFO - [environment.py:348] - [TAGS]  Tags: edge_cases
2025-09-14 20:05:14,287 - banking_api_tests - INFO - [environment.py:349] - [TIME] Start Time: 2025-09-14T20:05:14.286959
2025-09-14 20:05:14,287 - banking_api_tests - INFO - [environment.py:350] - [SCENARIO] ============================================================
2025-09-14 20:05:14,288 - banking_api_tests - INFO - [common_steps.py:153] - [API] Checking API availability...
2025-09-14 20:05:15,124 - banking_api_tests - INFO - [common_steps.py:163] - [RESPONSE] API Health Check - Status: 200
2025-09-14 20:05:15,124 - banking_api_tests - INFO - [common_steps.py:170] - [SUCCESS] API is available and responding
2025-09-14 20:05:15,126 - banking_api_tests - INFO - [common_steps.py:192] - [AUTH] Configuring authentication credentials...
2025-09-14 20:05:15,126 - banking_api_tests - INFO - [common_steps.py:201] - [AUTH] Auth Token Configured: ****************2024
2025-09-14 20:05:15,126 - banking_api_tests - INFO - [common_steps.py:211] - [SUCCESS] Authentication credentials validated and configured
2025-09-14 20:05:15,126 - banking_api_tests - INFO - [common_steps.py:305] - [REQUEST] Sending GET request to: /accounts/ACC@001
2025-09-14 20:05:15,860 - banking_api_tests - INFO - [common_steps.py:327] - [RESPONSE] GET Response: 404
2025-09-14 20:05:15,860 - banking_api_tests - INFO - [common_steps.py:328] - [TIME] Response Time: 0.734s
2025-09-14 20:05:15,860 - banking_api_tests - INFO - [common_steps.py:341] - [SUCCESS] GET request completed successfully
2025-09-14 20:05:15,861 - banking_api_tests - INFO - [common_steps.py:497] - [VERIFY] Verifying response status code should be 404
2025-09-14 20:05:15,861 - banking_api_tests - INFO - [common_steps.py:504] - [INFO] Expected: 404, Actual: 404
2025-09-14 20:05:15,861 - banking_api_tests - INFO - [common_steps.py:507] - [SUCCESS] Status code assertion PASSED: 404
2025-09-14 20:05:15,862 - banking_api_tests - INFO - [common_steps.py:956] - [VERIFY] Verifying response contains error message
2025-09-14 20:05:15,862 - banking_api_tests - INFO - [common_steps.py:976] - [SUCCESS] Error message assertion PASSED: Found 'error': Account not found
2025-09-14 20:05:15,862 - banking_api_tests - INFO - [environment.py:384] - [END] ============================================================
2025-09-14 20:05:15,862 - banking_api_tests - INFO - [environment.py:385] - [PASSED] SCENARIO COMPLETE: Account retrieval with special characters in ID -- @1.1 
2025-09-14 20:05:15,862 - banking_api_tests - INFO - [environment.py:386] - [INFO] Status: [PASSED] PASSED
2025-09-14 20:05:15,862 - banking_api_tests - INFO - [environment.py:387] - [TIME]  Duration: 0:00:01.575409
2025-09-14 20:05:15,862 - banking_api_tests - INFO - [environment.py:388] - [URL] API Calls Made: 1
2025-09-14 20:05:15,862 - banking_api_tests - INFO - [environment.py:392] - [PERFORMANCE] Avg Response Time: 0.734s
2025-09-14 20:05:15,862 - banking_api_tests - INFO - [environment.py:393] - [INFO] Total Response Time: 0.734s
2025-09-14 20:05:15,863 - banking_api_tests - INFO - [environment.py:406] - [END] ============================================================
2025-09-14 20:05:15,864 - banking_api_tests - INFO - [environment.py:344] - [SCENARIO] ============================================================
2025-09-14 20:05:15,864 - banking_api_tests - INFO - [environment.py:345] - [TEST] SCENARIO START: Account retrieval with special characters in ID -- @1.2 
2025-09-14 20:05:15,864 - banking_api_tests - INFO - [environment.py:346] - [FILE] Feature: Account Retrieval
2025-09-14 20:05:15,864 - banking_api_tests - INFO - [environment.py:347] - [LOCATION] Location: features/accounts/account_retrieval.feature:116
2025-09-14 20:05:15,864 - banking_api_tests - INFO - [environment.py:348] - [TAGS]  Tags: edge_cases
2025-09-14 20:05:15,864 - banking_api_tests - INFO - [environment.py:349] - [TIME] Start Time: 2025-09-14T20:05:15.864107
2025-09-14 20:05:15,864 - banking_api_tests - INFO - [environment.py:350] - [SCENARIO] ============================================================
2025-09-14 20:05:15,865 - banking_api_tests - INFO - [common_steps.py:153] - [API] Checking API availability...
2025-09-14 20:05:16,709 - banking_api_tests - INFO - [common_steps.py:163] - [RESPONSE] API Health Check - Status: 200
2025-09-14 20:05:16,709 - banking_api_tests - INFO - [common_steps.py:170] - [SUCCESS] API is available and responding
2025-09-14 20:05:16,710 - banking_api_tests - INFO - [common_steps.py:192] - [AUTH] Configuring authentication credentials...
2025-09-14 20:05:16,710 - banking_api_tests - INFO - [common_steps.py:201] - [AUTH] Auth Token Configured: ****************2024
2025-09-14 20:05:16,710 - banking_api_tests - INFO - [common_steps.py:211] - [SUCCESS] Authentication credentials validated and configured
2025-09-14 20:05:16,711 - banking_api_tests - INFO - [common_steps.py:305] - [REQUEST] Sending GET request to: /accounts/ACC 001
2025-09-14 20:05:17,452 - banking_api_tests - INFO - [common_steps.py:327] - [RESPONSE] GET Response: 404
2025-09-14 20:05:17,452 - banking_api_tests - INFO - [common_steps.py:328] - [TIME] Response Time: 0.741s
2025-09-14 20:05:17,453 - banking_api_tests - INFO - [common_steps.py:341] - [SUCCESS] GET request completed successfully
2025-09-14 20:05:17,453 - banking_api_tests - INFO - [common_steps.py:497] - [VERIFY] Verifying response status code should be 404
2025-09-14 20:05:17,453 - banking_api_tests - INFO - [common_steps.py:504] - [INFO] Expected: 404, Actual: 404
2025-09-14 20:05:17,453 - banking_api_tests - INFO - [common_steps.py:507] - [SUCCESS] Status code assertion PASSED: 404
2025-09-14 20:05:17,454 - banking_api_tests - INFO - [common_steps.py:956] - [VERIFY] Verifying response contains error message
2025-09-14 20:05:17,454 - banking_api_tests - INFO - [common_steps.py:976] - [SUCCESS] Error message assertion PASSED: Found 'error': Account not found
2025-09-14 20:05:17,454 - banking_api_tests - INFO - [environment.py:384] - [END] ============================================================
2025-09-14 20:05:17,454 - banking_api_tests - INFO - [environment.py:385] - [PASSED] SCENARIO COMPLETE: Account retrieval with special characters in ID -- @1.2 
2025-09-14 20:05:17,454 - banking_api_tests - INFO - [environment.py:386] - [INFO] Status: [PASSED] PASSED
2025-09-14 20:05:17,454 - banking_api_tests - INFO - [environment.py:387] - [TIME]  Duration: 0:00:01.590249
2025-09-14 20:05:17,454 - banking_api_tests - INFO - [environment.py:388] - [URL] API Calls Made: 1
2025-09-14 20:05:17,454 - banking_api_tests - INFO - [environment.py:392] - [PERFORMANCE] Avg Response Time: 0.741s
2025-09-14 20:05:17,454 - banking_api_tests - INFO - [environment.py:393] - [INFO] Total Response Time: 0.741s
2025-09-14 20:05:17,454 - banking_api_tests - INFO - [environment.py:406] - [END] ============================================================
2025-09-14 20:05:17,456 - banking_api_tests - INFO - [environment.py:344] - [SCENARIO] ============================================================
2025-09-14 20:05:17,456 - banking_api_tests - INFO - [environment.py:345] - [TEST] SCENARIO START: Account retrieval with special characters in ID -- @1.3 
2025-09-14 20:05:17,456 - banking_api_tests - INFO - [environment.py:346] - [FILE] Feature: Account Retrieval
2025-09-14 20:05:17,456 - banking_api_tests - INFO - [environment.py:347] - [LOCATION] Location: features/accounts/account_retrieval.feature:117
2025-09-14 20:05:17,456 - banking_api_tests - INFO - [environment.py:348] - [TAGS]  Tags: edge_cases
2025-09-14 20:05:17,456 - banking_api_tests - INFO - [environment.py:349] - [TIME] Start Time: 2025-09-14T20:05:17.455987
2025-09-14 20:05:17,456 - banking_api_tests - INFO - [environment.py:350] - [SCENARIO] ============================================================
2025-09-14 20:05:17,457 - banking_api_tests - INFO - [common_steps.py:153] - [API] Checking API availability...
2025-09-14 20:05:18,295 - banking_api_tests - INFO - [common_steps.py:163] - [RESPONSE] API Health Check - Status: 200
2025-09-14 20:05:18,295 - banking_api_tests - INFO - [common_steps.py:170] - [SUCCESS] API is available and responding
2025-09-14 20:05:18,296 - banking_api_tests - INFO - [common_steps.py:192] - [AUTH] Configuring authentication credentials...
2025-09-14 20:05:18,296 - banking_api_tests - INFO - [common_steps.py:201] - [AUTH] Auth Token Configured: ****************2024
2025-09-14 20:05:18,296 - banking_api_tests - INFO - [common_steps.py:211] - [SUCCESS] Authentication credentials validated and configured
2025-09-14 20:05:18,297 - banking_api_tests - INFO - [common_steps.py:305] - [REQUEST] Sending GET request to: /accounts/ACC#001
2025-09-14 20:05:19,050 - banking_api_tests - INFO - [common_steps.py:327] - [RESPONSE] GET Response: 404
2025-09-14 20:05:19,050 - banking_api_tests - INFO - [common_steps.py:328] - [TIME] Response Time: 0.753s
2025-09-14 20:05:19,050 - banking_api_tests - INFO - [common_steps.py:341] - [SUCCESS] GET request completed successfully
2025-09-14 20:05:19,051 - banking_api_tests - INFO - [common_steps.py:497] - [VERIFY] Verifying response status code should be 404
2025-09-14 20:05:19,051 - banking_api_tests - INFO - [common_steps.py:504] - [INFO] Expected: 404, Actual: 404
2025-09-14 20:05:19,051 - banking_api_tests - INFO - [common_steps.py:507] - [SUCCESS] Status code assertion PASSED: 404
2025-09-14 20:05:19,051 - banking_api_tests - INFO - [common_steps.py:956] - [VERIFY] Verifying response contains error message
2025-09-14 20:05:19,051 - banking_api_tests - INFO - [common_steps.py:976] - [SUCCESS] Error message assertion PASSED: Found 'error': Account not found
2025-09-14 20:05:19,052 - banking_api_tests - INFO - [environment.py:384] - [END] ============================================================
2025-09-14 20:05:19,052 - banking_api_tests - INFO - [environment.py:385] - [PASSED] SCENARIO COMPLETE: Account retrieval with special characters in ID -- @1.3 
2025-09-14 20:05:19,052 - banking_api_tests - INFO - [environment.py:386] - [INFO] Status: [PASSED] PASSED
2025-09-14 20:05:19,052 - banking_api_tests - INFO - [environment.py:387] - [TIME]  Duration: 0:00:01.596218
2025-09-14 20:05:19,052 - banking_api_tests - INFO - [environment.py:388] - [URL] API Calls Made: 1
2025-09-14 20:05:19,052 - banking_api_tests - INFO - [environment.py:392] - [PERFORMANCE] Avg Response Time: 0.753s
2025-09-14 20:05:19,052 - banking_api_tests - INFO - [environment.py:393] - [INFO] Total Response Time: 0.753s
2025-09-14 20:05:19,052 - banking_api_tests - INFO - [environment.py:406] - [END] ============================================================
2025-09-14 20:05:19,054 - banking_api_tests - INFO - [environment.py:344] - [SCENARIO] ============================================================
2025-09-14 20:05:19,054 - banking_api_tests - INFO - [environment.py:345] - [TEST] SCENARIO START: Account retrieval with special characters in ID -- @1.4 
2025-09-14 20:05:19,054 - banking_api_tests - INFO - [environment.py:346] - [FILE] Feature: Account Retrieval
2025-09-14 20:05:19,054 - banking_api_tests - INFO - [environment.py:347] - [LOCATION] Location: features/accounts/account_retrieval.feature:118
2025-09-14 20:05:19,054 - banking_api_tests - INFO - [environment.py:348] - [TAGS]  Tags: edge_cases
2025-09-14 20:05:19,054 - banking_api_tests - INFO - [environment.py:349] - [TIME] Start Time: 2025-09-14T20:05:19.054365
2025-09-14 20:05:19,055 - banking_api_tests - INFO - [environment.py:350] - [SCENARIO] ============================================================
2025-09-14 20:05:19,055 - banking_api_tests - INFO - [common_steps.py:153] - [API] Checking API availability...
2025-09-14 20:05:19,902 - banking_api_tests - INFO - [common_steps.py:163] - [RESPONSE] API Health Check - Status: 200
2025-09-14 20:05:19,902 - banking_api_tests - INFO - [common_steps.py:170] - [SUCCESS] API is available and responding
2025-09-14 20:05:19,903 - banking_api_tests - INFO - [common_steps.py:192] - [AUTH] Configuring authentication credentials...
2025-09-14 20:05:19,903 - banking_api_tests - INFO - [common_steps.py:201] - [AUTH] Auth Token Configured: ****************2024
2025-09-14 20:05:19,903 - banking_api_tests - INFO - [common_steps.py:211] - [SUCCESS] Authentication credentials validated and configured
2025-09-14 20:05:19,904 - banking_api_tests - INFO - [common_steps.py:305] - [REQUEST] Sending GET request to: /accounts/ACC%001
2025-09-14 20:05:20,653 - banking_api_tests - INFO - [common_steps.py:327] - [RESPONSE] GET Response: 400
2025-09-14 20:05:20,653 - banking_api_tests - INFO - [common_steps.py:328] - [TIME] Response Time: 0.749s
2025-09-14 20:05:20,653 - banking_api_tests - INFO - [common_steps.py:341] - [SUCCESS] GET request completed successfully
2025-09-14 20:05:20,653 - banking_api_tests - INFO - [common_steps.py:497] - [VERIFY] Verifying response status code should be 404
2025-09-14 20:05:20,654 - banking_api_tests - INFO - [common_steps.py:504] - [INFO] Expected: 404, Actual: 400
2025-09-14 20:05:20,654 - banking_api_tests - ERROR - [common_steps.py:509] - [ERROR] Status code assertion FAILED: Expected 404, got 400
2025-09-14 20:05:20,654 - banking_api_tests - ERROR - [common_steps.py:510] - [BODY] Response content: <h1>Bad Message 400</h1><pre>reason: Bad Request</pre>...
2025-09-14 20:05:20,655 - banking_api_tests - ERROR - [environment.py:170] - [SAVE] Failure details saved to: logs/failures/FAILED_Account_retrieval_with_special_characters_in_ID_--_20250914_200520.txt
2025-09-14 20:05:20,655 - banking_api_tests - INFO - [environment.py:384] - [END] ============================================================
2025-09-14 20:05:20,655 - banking_api_tests - INFO - [environment.py:385] - [FAILED] SCENARIO COMPLETE: Account retrieval with special characters in ID -- @1.4 
2025-09-14 20:05:20,655 - banking_api_tests - INFO - [environment.py:386] - [INFO] Status: [FAILED] FAILED
2025-09-14 20:05:20,655 - banking_api_tests - INFO - [environment.py:387] - [TIME]  Duration: 0:00:01.600256
2025-09-14 20:05:20,655 - banking_api_tests - INFO - [environment.py:388] - [URL] API Calls Made: 1
2025-09-14 20:05:20,655 - banking_api_tests - INFO - [environment.py:392] - [PERFORMANCE] Avg Response Time: 0.749s
2025-09-14 20:05:20,656 - banking_api_tests - INFO - [environment.py:393] - [INFO] Total Response Time: 0.749s
2025-09-14 20:05:20,656 - banking_api_tests - ERROR - [environment.py:397] - [ERROR] Last Error: Status code assertion failed - Expected: 404, Actual: 400
2025-09-14 20:05:20,656 - banking_api_tests - INFO - [environment.py:406] - [END] ============================================================
2025-09-14 20:05:20,660 - banking_api_tests - INFO - [environment.py:344] - [SCENARIO] ============================================================
2025-09-14 20:05:20,660 - banking_api_tests - INFO - [environment.py:345] - [TEST] SCENARIO START: Successful API access with valid bearer token
2025-09-14 20:05:20,660 - banking_api_tests - INFO - [environment.py:346] - [FILE] Feature: Authentication and Security
2025-09-14 20:05:20,660 - banking_api_tests - INFO - [environment.py:347] - [LOCATION] Location: features/authentication/auth_security.feature:11
2025-09-14 20:05:20,660 - banking_api_tests - INFO - [environment.py:348] - [TAGS]  Tags: authentication, smoke
2025-09-14 20:05:20,660 - banking_api_tests - INFO - [environment.py:349] - [TIME] Start Time: 2025-09-14T20:05:20.660110
2025-09-14 20:05:20,660 - banking_api_tests - INFO - [environment.py:350] - [SCENARIO] ============================================================
2025-09-14 20:05:20,661 - banking_api_tests - INFO - [common_steps.py:153] - [API] Checking API availability...
2025-09-14 20:05:21,497 - banking_api_tests - INFO - [common_steps.py:163] - [RESPONSE] API Health Check - Status: 200
2025-09-14 20:05:21,497 - banking_api_tests - INFO - [common_steps.py:170] - [SUCCESS] API is available and responding
2025-09-14 20:05:21,498 - banking_api_tests - INFO - [auth_steps.py:28] - [AUTH] Setting up valid bearer token
2025-09-14 20:05:21,499 - banking_api_tests - INFO - [common_steps.py:305] - [REQUEST] Sending GET request to: /customers/CUST001
2025-09-14 20:05:22,248 - banking_api_tests - INFO - [common_steps.py:327] - [RESPONSE] GET Response: 200
2025-09-14 20:05:22,248 - banking_api_tests - INFO - [common_steps.py:328] - [TIME] Response Time: 0.749s
2025-09-14 20:05:22,249 - banking_api_tests - INFO - [common_steps.py:341] - [SUCCESS] GET request completed successfully
2025-09-14 20:05:22,249 - banking_api_tests - INFO - [common_steps.py:925] - [VERIFY] Verifying response is successful (2xx status)
2025-09-14 20:05:22,249 - banking_api_tests - INFO - [common_steps.py:935] - [SUCCESS] Success assertion PASSED: Status 200
2025-09-14 20:05:22,249 - banking_api_tests - INFO - [common_steps.py:682] - [SUCCESS] Found correlation ID: 
2025-09-14 20:05:22,250 - banking_api_tests - INFO - [environment.py:384] - [END] ============================================================
2025-09-14 20:05:22,250 - banking_api_tests - INFO - [environment.py:385] - [PASSED] SCENARIO COMPLETE: Successful API access with valid bearer token
2025-09-14 20:05:22,250 - banking_api_tests - INFO - [environment.py:386] - [INFO] Status: [PASSED] PASSED
2025-09-14 20:05:22,250 - banking_api_tests - INFO - [environment.py:387] - [TIME]  Duration: 0:00:01.590083
2025-09-14 20:05:22,250 - banking_api_tests - INFO - [environment.py:388] - [URL] API Calls Made: 1
2025-09-14 20:05:22,250 - banking_api_tests - INFO - [environment.py:392] - [PERFORMANCE] Avg Response Time: 0.749s
2025-09-14 20:05:22,250 - banking_api_tests - INFO - [environment.py:393] - [INFO] Total Response Time: 0.749s
2025-09-14 20:05:22,250 - banking_api_tests - INFO - [environment.py:401] - [URL] Final Response Status: 200
2025-09-14 20:05:22,250 - banking_api_tests - INFO - [environment.py:404] - [VERIFY] Correlation ID: 
2025-09-14 20:05:22,251 - banking_api_tests - INFO - [environment.py:406] - [END] ============================================================
2025-09-14 20:05:22,256 - banking_api_tests - INFO - [environment.py:344] - [SCENARIO] ============================================================
2025-09-14 20:05:22,257 - banking_api_tests - INFO - [environment.py:345] - [TEST] SCENARIO START: Successfully create booking with generated data
2025-09-14 20:05:22,257 - banking_api_tests - INFO - [environment.py:346] - [FILE] Feature: Booking Management
2025-09-14 20:05:22,257 - banking_api_tests - INFO - [environment.py:347] - [LOCATION] Location: features/bookings/booking_management.feature:12
2025-09-14 20:05:22,257 - banking_api_tests - INFO - [environment.py:348] - [TAGS]  Tags: happy_path, smoke
2025-09-14 20:05:22,257 - banking_api_tests - INFO - [environment.py:349] - [TIME] Start Time: 2025-09-14T20:05:22.256821
2025-09-14 20:05:22,257 - banking_api_tests - INFO - [environment.py:350] - [SCENARIO] ============================================================
2025-09-14 20:05:22,258 - banking_api_tests - INFO - [common_steps.py:153] - [API] Checking API availability...
2025-09-14 20:05:23,096 - banking_api_tests - INFO - [common_steps.py:163] - [RESPONSE] API Health Check - Status: 200
2025-09-14 20:05:23,097 - banking_api_tests - INFO - [common_steps.py:170] - [SUCCESS] API is available and responding
2025-09-14 20:05:23,098 - banking_api_tests - INFO - [common_steps.py:192] - [AUTH] Configuring authentication credentials...
2025-09-14 20:05:23,098 - banking_api_tests - INFO - [common_steps.py:201] - [AUTH] Auth Token Configured: ****************2024
2025-09-14 20:05:23,098 - banking_api_tests - INFO - [common_steps.py:211] - [SUCCESS] Authentication credentials validated and configured
2025-09-14 20:05:23,099 - banking_api_tests - INFO - [data_steps.py:37] - [DATA] Generating dynamic test data for: booking
2025-09-14 20:05:23,100 - banking_api_tests - INFO - [data_steps.py:98] - [DATA] Using customer ID: CUST59680
2025-09-14 20:05:23,100 - banking_api_tests - INFO - [data_steps.py:256] - [REQUEST] Creating booking using generated data
2025-09-14 20:05:23,875 - banking_api_tests - INFO - [data_steps.py:276] - [RESPONSE] Create booking Response: 201
2025-09-14 20:05:23,876 - banking_api_tests - INFO - [data_steps.py:277] - [TIME]  Response Time: 0.775s
2025-09-14 20:05:23,876 - banking_api_tests - INFO - [common_steps.py:497] - [VERIFY] Verifying response status code should be 201
2025-09-14 20:05:23,876 - banking_api_tests - INFO - [common_steps.py:504] - [INFO] Expected: 201, Actual: 201
2025-09-14 20:05:23,876 - banking_api_tests - INFO - [common_steps.py:507] - [SUCCESS] Status code assertion PASSED: 201
2025-09-14 20:05:23,877 - banking_api_tests - INFO - [common_steps.py:590] - [VERIFY] Verifying response is valid JSON
2025-09-14 20:05:23,877 - banking_api_tests - INFO - [common_steps.py:598] - [SUCCESS] JSON validation PASSED: Response is valid JSON
2025-09-14 20:05:23,877 - banking_api_tests - INFO - [common_steps.py:539] - [VERIFY] Verifying response contains key: 'bookingId'
2025-09-14 20:05:23,877 - banking_api_tests - INFO - [common_steps.py:552] - [SUCCESS] Key assertion PASSED: Found 'bookingId' in response
2025-09-14 20:05:23,878 - banking_api_tests - INFO - [common_steps.py:539] - [VERIFY] Verifying response contains key: 'customerId'
2025-09-14 20:05:23,878 - banking_api_tests - INFO - [common_steps.py:552] - [SUCCESS] Key assertion PASSED: Found 'customerId' in response
2025-09-14 20:05:23,878 - banking_api_tests - INFO - [common_steps.py:539] - [VERIFY] Verifying response contains key: 'serviceType'
2025-09-14 20:05:23,878 - banking_api_tests - ERROR - [common_steps.py:555] - [ERROR] Key assertion FAILED: 'serviceType' not found in response
2025-09-14 20:05:23,878 - banking_api_tests - ERROR - [common_steps.py:556] - [HEADERS] Available keys: ['bookingId', 'customerId', 'productType', 'productId', 'status', 'createdAt']
2025-09-14 20:05:23,879 - banking_api_tests - ERROR - [environment.py:170] - [SAVE] Failure details saved to: logs/failures/FAILED_Successfully_create_booking_with_generated_data_20250914_200523.txt
2025-09-14 20:05:23,880 - banking_api_tests - INFO - [environment.py:384] - [END] ============================================================
2025-09-14 20:05:23,880 - banking_api_tests - INFO - [environment.py:385] - [FAILED] SCENARIO COMPLETE: Successfully create booking with generated data
2025-09-14 20:05:23,880 - banking_api_tests - INFO - [environment.py:386] - [INFO] Status: [FAILED] FAILED
2025-09-14 20:05:23,880 - banking_api_tests - INFO - [environment.py:387] - [TIME]  Duration: 0:00:01.622440
2025-09-14 20:05:23,880 - banking_api_tests - INFO - [environment.py:388] - [URL] API Calls Made: 1
2025-09-14 20:05:23,880 - banking_api_tests - INFO - [environment.py:392] - [PERFORMANCE] Avg Response Time: 0.775s
2025-09-14 20:05:23,880 - banking_api_tests - INFO - [environment.py:393] - [INFO] Total Response Time: 0.775s
2025-09-14 20:05:23,880 - banking_api_tests - ERROR - [environment.py:397] - [ERROR] Last Error: Key assertion failed - 'serviceType' not found. Available keys: ['bookingId', 'customerId', 'productType', 'productId', 'status', 'createdAt']
2025-09-14 20:05:23,880 - banking_api_tests - INFO - [environment.py:401] - [URL] Final Response Status: 201
2025-09-14 20:05:23,880 - banking_api_tests - INFO - [environment.py:404] - [VERIFY] Correlation ID: 
2025-09-14 20:05:23,881 - banking_api_tests - INFO - [environment.py:406] - [END] ============================================================
2025-09-14 20:05:23,886 - banking_api_tests - INFO - [environment.py:344] - [SCENARIO] ============================================================
2025-09-14 20:05:23,886 - banking_api_tests - INFO - [environment.py:345] - [TEST] SCENARIO START: Successfully create customer with generated data
2025-09-14 20:05:23,886 - banking_api_tests - INFO - [environment.py:346] - [FILE] Feature: Customer Management
2025-09-14 20:05:23,886 - banking_api_tests - INFO - [environment.py:347] - [LOCATION] Location: features/customers/customer_management.feature:12
2025-09-14 20:05:23,886 - banking_api_tests - INFO - [environment.py:348] - [TAGS]  Tags: happy_path, smoke
2025-09-14 20:05:23,887 - banking_api_tests - INFO - [environment.py:349] - [TIME] Start Time: 2025-09-14T20:05:23.886387
2025-09-14 20:05:23,887 - banking_api_tests - INFO - [environment.py:350] - [SCENARIO] ============================================================
2025-09-14 20:05:23,887 - banking_api_tests - INFO - [common_steps.py:153] - [API] Checking API availability...
2025-09-14 20:05:24,720 - banking_api_tests - INFO - [common_steps.py:163] - [RESPONSE] API Health Check - Status: 200
2025-09-14 20:05:24,720 - banking_api_tests - INFO - [common_steps.py:170] - [SUCCESS] API is available and responding
2025-09-14 20:05:24,722 - banking_api_tests - INFO - [common_steps.py:192] - [AUTH] Configuring authentication credentials...
2025-09-14 20:05:24,722 - banking_api_tests - INFO - [common_steps.py:201] - [AUTH] Auth Token Configured: ****************2024
2025-09-14 20:05:24,722 - banking_api_tests - INFO - [common_steps.py:211] - [SUCCESS] Authentication credentials validated and configured
2025-09-14 20:05:24,723 - banking_api_tests - INFO - [data_steps.py:37] - [DATA] Generating dynamic test data for: customer
2025-09-14 20:05:24,724 - banking_api_tests - INFO - [data_steps.py:96] - [DATA] Generated customer email: erik19@example.org
2025-09-14 20:05:24,725 - banking_api_tests - INFO - [data_steps.py:256] - [REQUEST] Creating customer using generated data
2025-09-14 20:05:25,500 - banking_api_tests - INFO - [data_steps.py:276] - [RESPONSE] Create customer Response: 201
2025-09-14 20:05:25,500 - banking_api_tests - INFO - [data_steps.py:277] - [TIME]  Response Time: 0.776s
2025-09-14 20:05:25,501 - banking_api_tests - INFO - [common_steps.py:497] - [VERIFY] Verifying response status code should be 201
2025-09-14 20:05:25,501 - banking_api_tests - INFO - [common_steps.py:504] - [INFO] Expected: 201, Actual: 201
2025-09-14 20:05:25,501 - banking_api_tests - INFO - [common_steps.py:507] - [SUCCESS] Status code assertion PASSED: 201
2025-09-14 20:05:25,502 - banking_api_tests - INFO - [common_steps.py:590] - [VERIFY] Verifying response is valid JSON
2025-09-14 20:05:25,502 - banking_api_tests - INFO - [common_steps.py:598] - [SUCCESS] JSON validation PASSED: Response is valid JSON
2025-09-14 20:05:25,502 - banking_api_tests - INFO - [common_steps.py:539] - [VERIFY] Verifying response contains key: 'customerId'
2025-09-14 20:05:25,502 - banking_api_tests - INFO - [common_steps.py:552] - [SUCCESS] Key assertion PASSED: Found 'customerId' in response
2025-09-14 20:05:25,502 - banking_api_tests - INFO - [common_steps.py:539] - [VERIFY] Verifying response contains key: 'firstName'
2025-09-14 20:05:25,503 - banking_api_tests - INFO - [common_steps.py:552] - [SUCCESS] Key assertion PASSED: Found 'firstName' in response
2025-09-14 20:05:25,503 - banking_api_tests - INFO - [common_steps.py:539] - [VERIFY] Verifying response contains key: 'lastName'
2025-09-14 20:05:25,503 - banking_api_tests - INFO - [common_steps.py:552] - [SUCCESS] Key assertion PASSED: Found 'lastName' in response
2025-09-14 20:05:25,503 - banking_api_tests - INFO - [common_steps.py:539] - [VERIFY] Verifying response contains key: 'email'
2025-09-14 20:05:25,503 - banking_api_tests - INFO - [common_steps.py:552] - [SUCCESS] Key assertion PASSED: Found 'email' in response
2025-09-14 20:05:25,504 - banking_api_tests - INFO - [common_steps.py:539] - [VERIFY] Verifying response contains key: 'phone'
2025-09-14 20:05:25,504 - banking_api_tests - INFO - [common_steps.py:552] - [SUCCESS] Key assertion PASSED: Found 'phone' in response
2025-09-14 20:05:25,504 - banking_api_tests - INFO - [common_steps.py:539] - [VERIFY] Verifying response contains key: 'createdAt'
2025-09-14 20:05:25,504 - banking_api_tests - INFO - [common_steps.py:552] - [SUCCESS] Key assertion PASSED: Found 'createdAt' in response
2025-09-14 20:05:25,504 - banking_api_tests - INFO - [environment.py:384] - [END] ============================================================
2025-09-14 20:05:25,505 - banking_api_tests - INFO - [environment.py:385] - [PASSED] SCENARIO COMPLETE: Successfully create customer with generated data
2025-09-14 20:05:25,505 - banking_api_tests - INFO - [environment.py:386] - [INFO] Status: [PASSED] PASSED
2025-09-14 20:05:25,505 - banking_api_tests - INFO - [environment.py:387] - [TIME]  Duration: 0:00:01.618512
2025-09-14 20:05:25,505 - banking_api_tests - INFO - [environment.py:388] - [URL] API Calls Made: 1
2025-09-14 20:05:25,505 - banking_api_tests - INFO - [environment.py:392] - [PERFORMANCE] Avg Response Time: 0.776s
2025-09-14 20:05:25,505 - banking_api_tests - INFO - [environment.py:393] - [INFO] Total Response Time: 0.776s
2025-09-14 20:05:25,505 - banking_api_tests - INFO - [environment.py:401] - [URL] Final Response Status: 201
2025-09-14 20:05:25,505 - banking_api_tests - INFO - [environment.py:404] - [VERIFY] Correlation ID: 
2025-09-14 20:05:25,505 - banking_api_tests - INFO - [environment.py:406] - [END] ============================================================
2025-09-14 20:05:25,506 - banking_api_tests - INFO - [environment.py:344] - [SCENARIO] ============================================================
2025-09-14 20:05:25,506 - banking_api_tests - INFO - [environment.py:345] - [TEST] SCENARIO START: Successfully retrieve customer with generated ID
2025-09-14 20:05:25,507 - banking_api_tests - INFO - [environment.py:346] - [FILE] Feature: Customer Management
2025-09-14 20:05:25,507 - banking_api_tests - INFO - [environment.py:347] - [LOCATION] Location: features/customers/customer_management.feature:25
2025-09-14 20:05:25,507 - banking_api_tests - INFO - [environment.py:348] - [TAGS]  Tags: happy_path, smoke
2025-09-14 20:05:25,507 - banking_api_tests - INFO - [environment.py:349] - [TIME] Start Time: 2025-09-14T20:05:25.506800
2025-09-14 20:05:25,507 - banking_api_tests - INFO - [environment.py:350] - [SCENARIO] ============================================================
2025-09-14 20:05:25,507 - banking_api_tests - INFO - [common_steps.py:153] - [API] Checking API availability...
2025-09-14 20:05:26,346 - banking_api_tests - INFO - [common_steps.py:163] - [RESPONSE] API Health Check - Status: 200
2025-09-14 20:05:26,347 - banking_api_tests - INFO - [common_steps.py:170] - [SUCCESS] API is available and responding
2025-09-14 20:05:26,348 - banking_api_tests - INFO - [common_steps.py:192] - [AUTH] Configuring authentication credentials...
2025-09-14 20:05:26,348 - banking_api_tests - INFO - [common_steps.py:201] - [AUTH] Auth Token Configured: ****************2024
2025-09-14 20:05:26,348 - banking_api_tests - INFO - [common_steps.py:211] - [SUCCESS] Authentication credentials validated and configured
2025-09-14 20:05:26,351 - banking_api_tests - INFO - [data_steps.py:37] - [DATA] Generating dynamic test data for: customer
2025-09-14 20:05:26,352 - banking_api_tests - INFO - [data_steps.py:96] - [DATA] Generated customer email: michaelburns@example.org
2025-09-14 20:05:26,353 - banking_api_tests - INFO - [data_steps.py:256] - [REQUEST] Creating customer using generated data
2025-09-14 20:05:27,106 - banking_api_tests - INFO - [data_steps.py:276] - [RESPONSE] Create customer Response: 201
2025-09-14 20:05:27,106 - banking_api_tests - INFO - [data_steps.py:277] - [TIME]  Response Time: 0.753s
2025-09-14 20:05:27,106 - banking_api_tests - INFO - [common_steps.py:497] - [VERIFY] Verifying response status code should be 201
2025-09-14 20:05:27,107 - banking_api_tests - INFO - [common_steps.py:504] - [INFO] Expected: 201, Actual: 201
2025-09-14 20:05:27,107 - banking_api_tests - INFO - [common_steps.py:507] - [SUCCESS] Status code assertion PASSED: 201
2025-09-14 20:05:27,107 - banking_api_tests - INFO - [data_steps.py:348] - [VERIFY] Retrieving customer with ID: CUST199538
2025-09-14 20:05:27,844 - banking_api_tests - INFO - [data_steps.py:367] - [RESPONSE] Retrieve customer Response: 200
2025-09-14 20:05:27,844 - banking_api_tests - INFO - [data_steps.py:368] - [TIME]  Response Time: 0.735s
2025-09-14 20:05:27,844 - banking_api_tests - INFO - [common_steps.py:497] - [VERIFY] Verifying response status code should be 200
2025-09-14 20:05:27,844 - banking_api_tests - INFO - [common_steps.py:504] - [INFO] Expected: 200, Actual: 200
2025-09-14 20:05:27,844 - banking_api_tests - INFO - [common_steps.py:507] - [SUCCESS] Status code assertion PASSED: 200
2025-09-14 20:05:27,845 - banking_api_tests - INFO - [common_steps.py:539] - [VERIFY] Verifying response contains key: 'customerId'
2025-09-14 20:05:27,845 - banking_api_tests - INFO - [common_steps.py:552] - [SUCCESS] Key assertion PASSED: Found 'customerId' in response
2025-09-14 20:05:27,845 - banking_api_tests - INFO - [environment.py:384] - [END] ============================================================
2025-09-14 20:05:27,845 - banking_api_tests - INFO - [environment.py:385] - [PASSED] SCENARIO COMPLETE: Successfully retrieve customer with generated ID
2025-09-14 20:05:27,845 - banking_api_tests - INFO - [environment.py:386] - [INFO] Status: [PASSED] PASSED
2025-09-14 20:05:27,845 - banking_api_tests - INFO - [environment.py:387] - [TIME]  Duration: 0:00:02.338786
2025-09-14 20:05:27,846 - banking_api_tests - INFO - [environment.py:388] - [URL] API Calls Made: 2
2025-09-14 20:05:27,846 - banking_api_tests - INFO - [environment.py:392] - [PERFORMANCE] Avg Response Time: 0.744s
2025-09-14 20:05:27,846 - banking_api_tests - INFO - [environment.py:393] - [INFO] Total Response Time: 1.488s
2025-09-14 20:05:27,846 - banking_api_tests - INFO - [environment.py:401] - [URL] Final Response Status: 200
2025-09-14 20:05:27,846 - banking_api_tests - INFO - [environment.py:404] - [VERIFY] Correlation ID: 
2025-09-14 20:05:27,846 - banking_api_tests - INFO - [environment.py:406] - [END] ============================================================
2025-09-14 20:05:27,852 - banking_api_tests - INFO - [environment.py:344] - [SCENARIO] ============================================================
2025-09-14 20:05:27,852 - banking_api_tests - INFO - [environment.py:345] - [TEST] SCENARIO START: Complete customer onboarding workflow
2025-09-14 20:05:27,852 - banking_api_tests - INFO - [environment.py:346] - [FILE] Feature: End-to-End Banking Workflows
2025-09-14 20:05:27,852 - banking_api_tests - INFO - [environment.py:347] - [LOCATION] Location: features/integration/end_to_end_workflows.feature:12
2025-09-14 20:05:27,852 - banking_api_tests - INFO - [environment.py:348] - [TAGS]  Tags: workflow, smoke
2025-09-14 20:05:27,852 - banking_api_tests - INFO - [environment.py:349] - [TIME] Start Time: 2025-09-14T20:05:27.852021
2025-09-14 20:05:27,852 - banking_api_tests - INFO - [environment.py:350] - [SCENARIO] ============================================================
2025-09-14 20:05:27,853 - banking_api_tests - INFO - [common_steps.py:153] - [API] Checking API availability...
2025-09-14 20:05:28,688 - banking_api_tests - INFO - [common_steps.py:163] - [RESPONSE] API Health Check - Status: 200
2025-09-14 20:05:28,688 - banking_api_tests - INFO - [common_steps.py:170] - [SUCCESS] API is available and responding
2025-09-14 20:05:28,690 - banking_api_tests - INFO - [common_steps.py:192] - [AUTH] Configuring authentication credentials...
2025-09-14 20:05:28,690 - banking_api_tests - INFO - [common_steps.py:201] - [AUTH] Auth Token Configured: ****************2024
2025-09-14 20:05:28,690 - banking_api_tests - INFO - [common_steps.py:211] - [SUCCESS] Authentication credentials validated and configured
2025-09-14 20:05:28,691 - banking_api_tests - INFO - [data_steps.py:37] - [DATA] Generating dynamic test data for: customer
2025-09-14 20:05:28,692 - banking_api_tests - INFO - [data_steps.py:96] - [DATA] Generated customer email: guerrajoel@example.net
2025-09-14 20:05:28,692 - banking_api_tests - INFO - [data_steps.py:614] - [HEADERS] Generated correlation ID: corr_7f12b0e864c9
2025-09-14 20:05:28,693 - banking_api_tests - INFO - [data_steps.py:256] - [REQUEST] Creating customer using generated data
2025-09-14 20:05:29,440 - banking_api_tests - INFO - [data_steps.py:276] - [RESPONSE] Create customer Response: 201
2025-09-14 20:05:29,440 - banking_api_tests - INFO - [data_steps.py:277] - [TIME]  Response Time: 0.747s
2025-09-14 20:05:29,441 - banking_api_tests - INFO - [common_steps.py:497] - [VERIFY] Verifying response status code should be 201
2025-09-14 20:05:29,441 - banking_api_tests - INFO - [common_steps.py:504] - [INFO] Expected: 201, Actual: 201
2025-09-14 20:05:29,441 - banking_api_tests - INFO - [common_steps.py:507] - [SUCCESS] Status code assertion PASSED: 201
2025-09-14 20:05:29,441 - banking_api_tests - INFO - [common_steps.py:662] - [SUCCESS] Saved customerId='CUST710350' as 'customer_id'
2025-09-14 20:05:29,441 - banking_api_tests - INFO - [data_steps.py:37] - [DATA] Generating dynamic test data for: account
2025-09-14 20:05:29,442 - banking_api_tests - INFO - [data_steps.py:98] - [DATA] Using customer ID: CUST554815
2025-09-14 20:05:29,443 - banking_api_tests - INFO - [data_steps.py:256] - [REQUEST] Creating account using generated data
2025-09-14 20:05:30,199 - banking_api_tests - INFO - [data_steps.py:276] - [RESPONSE] Create account Response: 201
2025-09-14 20:05:30,199 - banking_api_tests - INFO - [data_steps.py:277] - [TIME]  Response Time: 0.755s
2025-09-14 20:05:30,200 - banking_api_tests - INFO - [common_steps.py:497] - [VERIFY] Verifying response status code should be 201
2025-09-14 20:05:30,200 - banking_api_tests - INFO - [common_steps.py:504] - [INFO] Expected: 201, Actual: 201
2025-09-14 20:05:30,200 - banking_api_tests - INFO - [common_steps.py:507] - [SUCCESS] Status code assertion PASSED: 201
2025-09-14 20:05:30,200 - banking_api_tests - INFO - [common_steps.py:662] - [SUCCESS] Saved accountId='ACC024095' as 'account_id'
2025-09-14 20:05:30,201 - banking_api_tests - INFO - [data_steps.py:348] - [VERIFY] Retrieving customer with ID: CUST710350
2025-09-14 20:05:30,930 - banking_api_tests - INFO - [data_steps.py:367] - [RESPONSE] Retrieve customer Response: 200
2025-09-14 20:05:30,930 - banking_api_tests - INFO - [data_steps.py:368] - [TIME]  Response Time: 0.728s
2025-09-14 20:05:30,931 - banking_api_tests - INFO - [common_steps.py:497] - [VERIFY] Verifying response status code should be 200
2025-09-14 20:05:30,931 - banking_api_tests - INFO - [common_steps.py:504] - [INFO] Expected: 200, Actual: 200
2025-09-14 20:05:30,931 - banking_api_tests - INFO - [common_steps.py:507] - [SUCCESS] Status code assertion PASSED: 200
2025-09-14 20:05:30,931 - banking_api_tests - INFO - [data_steps.py:348] - [VERIFY] Retrieving account with ID: ACC024095
2025-09-14 20:05:31,684 - banking_api_tests - INFO - [data_steps.py:367] - [RESPONSE] Retrieve account Response: 500
2025-09-14 20:05:31,684 - banking_api_tests - INFO - [data_steps.py:368] - [TIME]  Response Time: 0.752s
2025-09-14 20:05:31,685 - banking_api_tests - INFO - [common_steps.py:497] - [VERIFY] Verifying response status code should be 200
2025-09-14 20:05:31,685 - banking_api_tests - INFO - [common_steps.py:504] - [INFO] Expected: 200, Actual: 500
2025-09-14 20:05:31,685 - banking_api_tests - ERROR - [common_steps.py:509] - [ERROR] Status code assertion FAILED: Expected 200, got 500
2025-09-14 20:05:31,685 - banking_api_tests - ERROR - [common_steps.py:510] - [BODY] Response content: {
"cause1":"com.github.tomakehurst.wiremock.common.JsonException: {\n  &quot;errors&quot; : [ {\n    &quot;code&quot; : 10,\n    &quot;source&quot; : { },\n    &quot;title&quot; : &quot;Error parsing JSON&quot;,\n    &quot;detail&quot; : &quot;Unexpected character (&apos;i&apos; (code 105)): was exp...
2025-09-14 20:05:31,685 - banking_api_tests - ERROR - [common_steps.py:525] - [BODY] Error Response JSON: {
  "cause1": "com.github.tomakehurst.wiremock.common.JsonException: {\n  &quot;errors&quot; : [ {\n    &quot;code&quot; : 10,\n    &quot;source&quot; : { },\n    &quot;title&quot; : &quot;Error parsing JSON&quot;,\n    &quot;detail&quot; : &quot;Unexpected character (&apos;i&apos; (code 105)): was expecting comma to separate Object entries\\n at [Source: (String)\\&quot;{\\&quot;accountId\\&quot;:\\&quot;ACC024095\\&quot;,\\&quot;customerId\\&quot;:\\&quot;CUST234659\\&quot;,\\&quot;bsb\\&quot;:\\&quot;457185\\&quot;,\\&quot;accountNumber\\&quot;:\\&quot;00655772\\&quot;,\\&quot;accountType\\&quot;:\\&quot;SAVINGS\\&quot;,\\&quot;currency\\&quot;:\\&quot;AUD\\&quot;,\\&quot;balance\\&quot;:\\&quot;&apos;02o\\&quot;i+c]c8&lt;)xl$y{`g9w.9|&apos;n-robe&lt;s/5\\&quot;,\\&quot;createdAt\\&quot;:\\&quot;2025-09-14 10:05:29\\&quot;}\\&quot;; line: 1, column: 151]&quot;\n  } ]\n}",
  "servlet": "com.github.tomakehurst.wiremock.servlet.WireMockHandlerDispatchingServlet-5305c37d",
  "cause0": "wiremock.com.fasterxml.jackson.databind.JsonMappingException: {\n  &quot;errors&quot; : [ {\n    &quot;code&quot; : 10,\n    &quot;source&quot; : { },\n    &quot;title&quot; : &quot;Error parsing JSON&quot;,\n    &quot;detail&quot; : &quot;Unexpected character (&apos;i&apos; (code 105)): was expecting comma to separate Object entries\\n at [Source: (String)\\&quot;{\\&quot;accountId\\&quot;:\\&quot;ACC024095\\&quot;,\\&quot;customerId\\&quot;:\\&quot;CUST234659\\&quot;,\\&quot;bsb\\&quot;:\\&quot;457185\\&quot;,\\&quot;accountNumber\\&quot;:\\&quot;00655772\\&quot;,\\&quot;accountType\\&quot;:\\&quot;SAVINGS\\&quot;,\\&quot;currency\\&quot;:\\&quot;AUD\\&quot;,\\&quot;balance\\&quot;:\\&quot;&apos;02o\\&quot;i+c]c8&lt;)xl$y{`g9w.9|&apos;n-robe&lt;s/5\\&quot;,\\&quot;createdAt\\&quot;:\\&quot;2025-09-14 10:05:29\\&quot;}\\&quot;; line: 1, column: 151]&quot;\n  } ]\n} (through reference chain: com.github.tomakehurst.wiremock.http.ResponseDefinition[&quot;jsonBody&quot;])",
  "message": "wiremock.com.fasterxml.jackson.databind.JsonMappingException: {\n  &quot;errors&quot; : [ {\n    &quot;code&quot; : 10,\n    &quot;source&quot; : { },\n    &quot;title&quot; : &quot;Error parsing JSON&quot;,\n    &quot;detail&quot; : &quot;Unexpected character (&apos;i&apos; (code 105)): was expecting comma to separate Object entries\\n at [Source: (String)\\&quot;{\\&quot;accountId\\&quot;:\\&quot;ACC024095\\&quot;,\\&quot;customerId\\&quot;:\\&quot;CUST234659\\&quot;,\\&quot;bsb\\&quot;:\\&quot;457185\\&quot;,\\&quot;accountNumber\\&quot;:\\&quot;00655772\\&quot;,\\&quot;accountType\\&quot;:\\&quot;SAVINGS\\&quot;,\\&quot;currency\\&quot;:\\&quot;AUD\\&quot;,\\&quot;balance\\&quot;:\\&quot;&apos;02o\\&quot;i+c]c8&lt;)xl$y{`g9w.9|&apos;n-robe&lt;s/5\\&quot;,\\&quot;createdAt\\&quot;:\\&quot;2025-09-14 10:05:29\\&quot;}\\&quot;; line: 1, column: 151]&quot;\n  } ]\n} (through reference chain: com.github.tomakehurst.wiremock.http.ResponseDefinition[&quot;jsonBody&quot;])",
  "url": "/accounts/ACC024095",
  "status": "500"
}
2025-09-14 20:05:31,687 - banking_api_tests - ERROR - [environment.py:170] - [SAVE] Failure details saved to: logs/failures/FAILED_Complete_customer_onboarding_workflow_20250914_200531.txt
2025-09-14 20:05:31,687 - banking_api_tests - INFO - [environment.py:384] - [END] ============================================================
2025-09-14 20:05:31,687 - banking_api_tests - INFO - [environment.py:385] - [FAILED] SCENARIO COMPLETE: Complete customer onboarding workflow
2025-09-14 20:05:31,687 - banking_api_tests - INFO - [environment.py:386] - [INFO] Status: [FAILED] FAILED
2025-09-14 20:05:31,687 - banking_api_tests - INFO - [environment.py:387] - [TIME]  Duration: 0:00:03.834401
2025-09-14 20:05:31,687 - banking_api_tests - INFO - [environment.py:388] - [URL] API Calls Made: 4
2025-09-14 20:05:31,687 - banking_api_tests - INFO - [environment.py:392] - [PERFORMANCE] Avg Response Time: 0.746s
2025-09-14 20:05:31,687 - banking_api_tests - INFO - [environment.py:393] - [INFO] Total Response Time: 2.983s
2025-09-14 20:05:31,688 - banking_api_tests - ERROR - [environment.py:397] - [ERROR] Last Error: Status code assertion failed - Expected: 200, Actual: 500 | JSON Error: {"cause1": "com.github.tomakehurst.wiremock.common.JsonException: {\n  &quot;errors&quot; : [ {\n    &quot;code&quot; : 10,\n    &quot;source&quot; : { },\n    &quot;title&quot; : &quot;Error parsing JSON&quot;,\n    &quot;detail&quot; : &quot;Unexpected character (&apos;i&apos; (code 105)): was expecting comma to separate Object entries\\n at [Source: (String)\\&quot;{\\&quot;accountId\\&quot;:\\&quot;ACC024095\\&quot;,\\&quot;customerId\\&quot;:\\&quot;CUST234659\\&quot;,\\&quot;bsb\\&quot;:\\&quot;457185\\&quot;,\\&quot;accountNumber\\&quot;:\\&quot;00655772\\&quot;,\\&quot;accountType\\&quot;:\\&quot;SAVINGS\\&quot;,\\&quot;currency\\&quot;:\\&quot;AUD\\&quot;,\\&quot;balance\\&quot;:\\&quot;&apos;02o\\&quot;i+c]c8&lt;)xl$y{`g9w.9|&apos;n-robe&lt;s/5\\&quot;,\\&quot;createdAt\\&quot;:\\&quot;2025-09-14 10:05:29\\&quot;}\\&quot;; line: 1, column: 151]&quot;\n  } ]\n}", "servlet": "com.github.tomakehurst.wiremock.servlet.WireMockHandlerDispatchingServlet-5305c37d", "cause0": "wiremock.com.fasterxml.jackson.databind.JsonMappingException: {\n  &quot;errors&quot; : [ {\n    &quot;code&quot; : 10,\n    &quot;source&quot; : { },\n    &quot;title&quot; : &quot;Error parsing JSON&quot;,\n    &quot;detail&quot; : &quot;Unexpected character (&apos;i&apos; (code 105)): was expecting comma to separate Object entries\\n at [Source: (String)\\&quot;{\\&quot;accountId\\&quot;:\\&quot;ACC024095\\&quot;,\\&quot;customerId\\&quot;:\\&quot;CUST234659\\&quot;,\\&quot;bsb\\&quot;:\\&quot;457185\\&quot;,\\&quot;accountNumber\\&quot;:\\&quot;00655772\\&quot;,\\&quot;accountType\\&quot;:\\&quot;SAVINGS\\&quot;,\\&quot;currency\\&quot;:\\&quot;AUD\\&quot;,\\&quot;balance\\&quot;:\\&quot;&apos;02o\\&quot;i+c]c8&lt;)xl$y{`g9w.9|&apos;n-robe&lt;s/5\\&quot;,\\&quot;createdAt\\&quot;:\\&quot;2025-09-14 10:05:29\\&quot;}\\&quot;; line: 1, column: 151]&quot;\n  } ]\n} (through reference chain: com.github.tomakehurst.wiremock.http.ResponseDefinition[&quot;jsonBody&quot;])", "message": "wiremock.com.fasterxml.jackson.databind.JsonMappingException: {\n  &quot;errors&quot; : [ {\n    &quot;code&quot; : 10,\n    &quot;source&quot; : { },\n    &quot;title&quot; : &quot;Error parsing JSON&quot;,\n    &quot;detail&quot; : &quot;Unexpected character (&apos;i&apos; (code 105)): was expecting comma to separate Object entries\\n at [Source: (String)\\&quot;{\\&quot;accountId\\&quot;:\\&quot;ACC024095\\&quot;,\\&quot;customerId\\&quot;:\\&quot;CUST234659\\&quot;,\\&quot;bsb\\&quot;:\\&quot;457185\\&quot;,\\&quot;accountNumber\\&quot;:\\&quot;00655772\\&quot;,\\&quot;accountType\\&quot;:\\&quot;SAVINGS\\&quot;,\\&quot;currency\\&quot;:\\&quot;AUD\\&quot;,\\&quot;balance\\&quot;:\\&quot;&apos;02o\\&quot;i+c]c8&lt;)xl$y{`g9w.9|&apos;n-robe&lt;s/5\\&quot;,\\&quot;createdAt\\&quot;:\\&quot;2025-09-14 10:05:29\\&quot;}\\&quot;; line: 1, column: 151]&quot;\n  } ]\n} (through reference chain: com.github.tomakehurst.wiremock.http.ResponseDefinition[&quot;jsonBody&quot;])", "url": "/accounts/ACC024095", "status": "500"}
2025-09-14 20:05:31,688 - banking_api_tests - INFO - [environment.py:406] - [END] ============================================================
2025-09-14 20:05:31,693 - banking_api_tests - INFO - [environment.py:344] - [SCENARIO] ============================================================
2025-09-14 20:05:31,693 - banking_api_tests - INFO - [environment.py:345] - [TEST] SCENARIO START: Successfully create loan application with generated data
2025-09-14 20:05:31,693 - banking_api_tests - INFO - [environment.py:346] - [FILE] Feature: Loan Management
2025-09-14 20:05:31,694 - banking_api_tests - INFO - [environment.py:347] - [LOCATION] Location: features/loans/loan_management.feature:12
2025-09-14 20:05:31,694 - banking_api_tests - INFO - [environment.py:348] - [TAGS]  Tags: happy_path, smoke
2025-09-14 20:05:31,694 - banking_api_tests - INFO - [environment.py:349] - [TIME] Start Time: 2025-09-14T20:05:31.693747
2025-09-14 20:05:31,694 - banking_api_tests - INFO - [environment.py:350] - [SCENARIO] ============================================================
2025-09-14 20:05:31,694 - banking_api_tests - INFO - [common_steps.py:153] - [API] Checking API availability...
2025-09-14 20:05:32,533 - banking_api_tests - INFO - [common_steps.py:163] - [RESPONSE] API Health Check - Status: 200
2025-09-14 20:05:32,533 - banking_api_tests - INFO - [common_steps.py:170] - [SUCCESS] API is available and responding
2025-09-14 20:05:32,534 - banking_api_tests - INFO - [common_steps.py:192] - [AUTH] Configuring authentication credentials...
2025-09-14 20:05:32,534 - banking_api_tests - INFO - [common_steps.py:201] - [AUTH] Auth Token Configured: ****************2024
2025-09-14 20:05:32,534 - banking_api_tests - INFO - [common_steps.py:211] - [SUCCESS] Authentication credentials validated and configured
2025-09-14 20:05:32,535 - banking_api_tests - INFO - [data_steps.py:37] - [DATA] Generating dynamic test data for: loan
2025-09-14 20:05:32,536 - banking_api_tests - INFO - [data_steps.py:98] - [DATA] Using customer ID: CUST758199
2025-09-14 20:05:32,536 - banking_api_tests - INFO - [data_steps.py:256] - [REQUEST] Creating loan using generated data
2025-09-14 20:05:33,314 - banking_api_tests - INFO - [data_steps.py:276] - [RESPONSE] Create loan Response: 500
2025-09-14 20:05:33,314 - banking_api_tests - INFO - [data_steps.py:277] - [TIME]  Response Time: 0.777s
2025-09-14 20:05:33,314 - banking_api_tests - INFO - [common_steps.py:497] - [VERIFY] Verifying response status code should be 201
2025-09-14 20:05:33,314 - banking_api_tests - INFO - [common_steps.py:504] - [INFO] Expected: 201, Actual: 500
2025-09-14 20:05:33,315 - banking_api_tests - ERROR - [common_steps.py:509] - [ERROR] Status code assertion FAILED: Expected 201, got 500
2025-09-14 20:05:33,315 - banking_api_tests - ERROR - [common_steps.py:510] - [BODY] Response content: 1:661: java.lang.IllegalArgumentException: Offset can be of the short form <amount> <unit> e.g. 8 seconds or long form now +/-<amount> <unit> e.g. now +5 years...
2025-09-14 20:05:33,316 - banking_api_tests - ERROR - [environment.py:170] - [SAVE] Failure details saved to: logs/failures/FAILED_Successfully_create_loan_application_with_generate_20250914_200533.txt
2025-09-14 20:05:33,316 - banking_api_tests - INFO - [environment.py:384] - [END] ============================================================
2025-09-14 20:05:33,316 - banking_api_tests - INFO - [environment.py:385] - [FAILED] SCENARIO COMPLETE: Successfully create loan application with generated data
2025-09-14 20:05:33,316 - banking_api_tests - INFO - [environment.py:386] - [INFO] Status: [FAILED] FAILED
2025-09-14 20:05:33,316 - banking_api_tests - INFO - [environment.py:387] - [TIME]  Duration: 0:00:01.621774
2025-09-14 20:05:33,316 - banking_api_tests - INFO - [environment.py:388] - [URL] API Calls Made: 1
2025-09-14 20:05:33,316 - banking_api_tests - INFO - [environment.py:392] - [PERFORMANCE] Avg Response Time: 0.777s
2025-09-14 20:05:33,316 - banking_api_tests - INFO - [environment.py:393] - [INFO] Total Response Time: 0.777s
2025-09-14 20:05:33,317 - banking_api_tests - ERROR - [environment.py:397] - [ERROR] Last Error: Status code assertion failed - Expected: 201, Actual: 500
2025-09-14 20:05:33,317 - banking_api_tests - INFO - [environment.py:406] - [END] ============================================================
2025-09-14 20:05:33,320 - banking_api_tests - INFO - [environment.py:344] - [SCENARIO] ============================================================
2025-09-14 20:05:33,320 - banking_api_tests - INFO - [environment.py:345] - [TEST] SCENARIO START: Successfully create term deposit with generated data
2025-09-14 20:05:33,321 - banking_api_tests - INFO - [environment.py:346] - [FILE] Feature: Term Deposit Management
2025-09-14 20:05:33,321 - banking_api_tests - INFO - [environment.py:347] - [LOCATION] Location: features/term_deposits/term_deposit_management.feature:12
2025-09-14 20:05:33,321 - banking_api_tests - INFO - [environment.py:348] - [TAGS]  Tags: happy_path, smoke
2025-09-14 20:05:33,321 - banking_api_tests - INFO - [environment.py:349] - [TIME] Start Time: 2025-09-14T20:05:33.320724
2025-09-14 20:05:33,321 - banking_api_tests - INFO - [environment.py:350] - [SCENARIO] ============================================================
2025-09-14 20:05:33,322 - banking_api_tests - INFO - [common_steps.py:153] - [API] Checking API availability...
2025-09-14 20:05:34,161 - banking_api_tests - INFO - [common_steps.py:163] - [RESPONSE] API Health Check - Status: 200
2025-09-14 20:05:34,161 - banking_api_tests - INFO - [common_steps.py:170] - [SUCCESS] API is available and responding
2025-09-14 20:05:34,162 - banking_api_tests - INFO - [common_steps.py:192] - [AUTH] Configuring authentication credentials...
2025-09-14 20:05:34,162 - banking_api_tests - INFO - [common_steps.py:201] - [AUTH] Auth Token Configured: ****************2024
2025-09-14 20:05:34,162 - banking_api_tests - INFO - [common_steps.py:211] - [SUCCESS] Authentication credentials validated and configured
2025-09-14 20:05:34,163 - banking_api_tests - INFO - [data_steps.py:37] - [DATA] Generating dynamic test data for: term_deposit
2025-09-14 20:05:34,164 - banking_api_tests - INFO - [data_steps.py:98] - [DATA] Using customer ID: CUST750519
2025-09-14 20:05:34,165 - banking_api_tests - INFO - [data_steps.py:256] - [REQUEST] Creating term_deposit using generated data
2025-09-14 20:05:34,900 - banking_api_tests - INFO - [data_steps.py:276] - [RESPONSE] Create term_deposit Response: 500
2025-09-14 20:05:34,900 - banking_api_tests - INFO - [data_steps.py:277] - [TIME]  Response Time: 0.735s
2025-09-14 20:05:34,901 - banking_api_tests - INFO - [common_steps.py:497] - [VERIFY] Verifying response status code should be 201
2025-09-14 20:05:34,901 - banking_api_tests - INFO - [common_steps.py:504] - [INFO] Expected: 201, Actual: 500
2025-09-14 20:05:34,901 - banking_api_tests - ERROR - [common_steps.py:509] - [ERROR] Status code assertion FAILED: Expected 201, got 500
2025-09-14 20:05:34,901 - banking_api_tests - ERROR - [common_steps.py:510] - [BODY] Response content: 1:438: java.lang.IllegalArgumentException: Offset can be of the short form <amount> <unit> e.g. 8 seconds or long form now +/-<amount> <unit> e.g. now +5 years...
2025-09-14 20:05:34,902 - banking_api_tests - ERROR - [environment.py:170] - [SAVE] Failure details saved to: logs/failures/FAILED_Successfully_create_term_deposit_with_generated_da_20250914_200534.txt
2025-09-14 20:05:34,902 - banking_api_tests - INFO - [environment.py:384] - [END] ============================================================
2025-09-14 20:05:34,902 - banking_api_tests - INFO - [environment.py:385] - [FAILED] SCENARIO COMPLETE: Successfully create term deposit with generated data
2025-09-14 20:05:34,903 - banking_api_tests - INFO - [environment.py:386] - [INFO] Status: [FAILED] FAILED
2025-09-14 20:05:34,903 - banking_api_tests - INFO - [environment.py:387] - [TIME]  Duration: 0:00:01.581143
2025-09-14 20:05:34,903 - banking_api_tests - INFO - [environment.py:388] - [URL] API Calls Made: 1
2025-09-14 20:05:34,903 - banking_api_tests - INFO - [environment.py:392] - [PERFORMANCE] Avg Response Time: 0.735s
2025-09-14 20:05:34,903 - banking_api_tests - INFO - [environment.py:393] - [INFO] Total Response Time: 0.735s
2025-09-14 20:05:34,903 - banking_api_tests - ERROR - [environment.py:397] - [ERROR] Last Error: Status code assertion failed - Expected: 201, Actual: 500
2025-09-14 20:05:34,903 - banking_api_tests - INFO - [environment.py:406] - [END] ============================================================
2025-09-14 20:05:34,906 - banking_api_tests - INFO - [environment.py:429] - [RESULTS] ================================================================================
2025-09-14 20:05:34,906 - banking_api_tests - INFO - [environment.py:430] - [FRAMEWORK] BANKING API BDD TEST FRAMEWORK - EXECUTION COMPLETE
2025-09-14 20:05:34,907 - banking_api_tests - INFO - [environment.py:431] - [RESULTS] ================================================================================
2025-09-14 20:05:34,907 - banking_api_tests - INFO - [environment.py:432] - [TIMEOUT] Total Execution Time: 0:00:46.156108
2025-09-14 20:05:34,907 - banking_api_tests - INFO - [environment.py:433] - [INFO] Total Scenarios: 26
2025-09-14 20:05:34,907 - banking_api_tests - INFO - [environment.py:434] - [PASSED] Passed: 16
2025-09-14 20:05:34,907 - banking_api_tests - INFO - [environment.py:435] - [FAILED] Failed: 10
2025-09-14 20:05:34,907 - banking_api_tests - INFO - [environment.py:436] - [SKIPPED]  Skipped: 0
2025-09-14 20:05:34,907 - banking_api_tests - INFO - [environment.py:437] - [PERFORMANCE] Pass Rate: 61.54%
2025-09-14 20:05:34,907 - banking_api_tests - INFO - [environment.py:438] - [URL] Total API Calls: 31
2025-09-14 20:05:34,907 - banking_api_tests - INFO - [environment.py:442] - [PERFORMANCE] Average Response Time: 0.752s
2025-09-14 20:05:34,907 - banking_api_tests - INFO - [environment.py:443] - [INFO] Total Response Time: 23.321s
2025-09-14 20:05:34,907 - banking_api_tests - INFO - [environment.py:445] - [FILE] Detailed Logs: logs/banking_api_tests_20250914_200448.log
2025-09-14 20:05:34,907 - banking_api_tests - INFO - [environment.py:446] - [TIME] End Time: 2025-09-14T20:05:34.906827
2025-09-14 20:05:34,908 - banking_api_tests - ERROR - [environment.py:460] - [ERROR] LOW SUCCESS RATE. Significant issues need attention.
2025-09-14 20:05:34,908 - banking_api_tests - INFO - [environment.py:469] - [RESULTS] ================================================================================
