2025-09-13 11:58:47,795 - banking_api_tests - INFO - [environment.py:232] - [FRAMEWORK] ================================================================================
2025-09-13 11:58:47,795 - banking_api_tests - INFO - [environment.py:233] - [FRAMEWORK] BANKING API BDD TEST FRAMEWORK - EXECUTION START
2025-09-13 11:58:47,795 - banking_api_tests - INFO - [environment.py:234] - [FRAMEWORK] ================================================================================
2025-09-13 11:58:47,796 - banking_api_tests - DEBUG - [environment.py:239] - [FILE] Created reports directories
2025-09-13 11:58:47,796 - banking_api_tests - INFO - [environment.py:258] - [ENV] Test Environment: test
2025-09-13 11:58:47,796 - banking_api_tests - INFO - [environment.py:259] - [URL] API Base URL: https://your-wiremock-app.railway.app
2025-09-13 11:58:47,797 - banking_api_tests - INFO - [environment.py:260] - [AUTH] Auth Token: ****************2024
2025-09-13 11:58:47,797 - banking_api_tests - INFO - [environment.py:261] - [FILE] Log File: logs/banking_api_tests_20250913_115847.log
2025-09-13 11:58:47,797 - banking_api_tests - INFO - [environment.py:264] - [PLATFORM]  Platform: nt
2025-09-13 11:58:47,797 - banking_api_tests - INFO - [environment.py:265] - [TIME] Start Time: 2025-09-13T11:58:47.797354
2025-09-13 11:58:47,797 - banking_api_tests - INFO - [environment.py:266] - [USER] User: D
2025-09-13 11:58:47,797 - banking_api_tests - INFO - [environment.py:267] - [DIR] Working Directory: C:\Users\D\python api automation framework
2025-09-13 11:58:47,797 - banking_api_tests - INFO - [environment.py:268] - [TIMEOUT] Request Timeout: 30s
2025-09-13 11:58:47,797 - banking_api_tests - INFO - [environment.py:269] - [PERFORMANCE] Performance Threshold: 2000ms
2025-09-13 11:58:47,797 - banking_api_tests - INFO - [environment.py:282] - [START] Framework initialization complete - Ready to execute tests
2025-09-13 11:58:47,799 - banking_api_tests - INFO - [environment.py:291] - [SCENARIO] ============================================================
2025-09-13 11:58:47,799 - banking_api_tests - INFO - [environment.py:292] - [TEST] SCENARIO START: Successfully create account with valid generated data
2025-09-13 11:58:47,799 - banking_api_tests - INFO - [environment.py:293] - [FILE] Feature: Account Creation
2025-09-13 11:58:47,799 - banking_api_tests - INFO - [environment.py:294] - [LOCATION] Location: features/accounts/account_creation.feature:12
2025-09-13 11:58:47,799 - banking_api_tests - INFO - [environment.py:295] - [TAGS]  Tags: happy_path, smoke
2025-09-13 11:58:47,799 - banking_api_tests - INFO - [environment.py:296] - [TIME] Start Time: 2025-09-13T11:58:47.798995
2025-09-13 11:58:47,799 - banking_api_tests - INFO - [environment.py:297] - [SCENARIO] ============================================================
2025-09-13 11:58:47,800 - banking_api_tests - INFO - [common_steps.py:153] - [API] Checking API availability...
2025-09-13 11:58:48,304 - banking_api_tests - INFO - [common_steps.py:163] - [RESPONSE] API Health Check - Status: 200
2025-09-13 11:58:48,304 - banking_api_tests - INFO - [common_steps.py:170] - [SUCCESS] API is available and responding
2025-09-13 11:58:48,305 - banking_api_tests - INFO - [common_steps.py:192] - [AUTH] Configuring authentication credentials...
2025-09-13 11:58:48,305 - banking_api_tests - INFO - [common_steps.py:201] - [AUTH] Auth Token Configured: ****************2024
2025-09-13 11:58:48,306 - banking_api_tests - INFO - [common_steps.py:211] - [SUCCESS] Authentication credentials validated and configured
2025-09-13 11:58:48,307 - banking_api_tests - INFO - [data_steps.py:31] - [DATA] Generating test data for: account
2025-09-13 11:58:48,307 - banking_api_tests - INFO - [data_steps.py:216] - [REQUEST] Creating account using generated data
2025-09-13 11:58:48,809 - banking_api_tests - INFO - [data_steps.py:236] - [RESPONSE] Create account Response: 404
2025-09-13 11:58:48,810 - banking_api_tests - INFO - [data_steps.py:237] - [TIME]  Response Time: 0.502s
2025-09-13 11:58:48,810 - banking_api_tests - INFO - [common_steps.py:484] - [VERIFY] Verifying response status code should be 201
2025-09-13 11:58:48,810 - banking_api_tests - INFO - [common_steps.py:491] - [INFO] Expected: 201, Actual: 404
2025-09-13 11:58:48,810 - banking_api_tests - ERROR - [common_steps.py:496] - [ERROR] Status code assertion FAILED: Expected 201, got 404
2025-09-13 11:58:48,810 - banking_api_tests - ERROR - [common_steps.py:497] - [BODY] Response content: Not Found...
2025-09-13 11:58:48,812 - banking_api_tests - ERROR - [environment.py:170] - [SAVE] Failure details saved to: logs/failures/FAILED_Successfully_create_account_with_valid_generated_d_20250913_115848.txt
2025-09-13 11:58:48,812 - banking_api_tests - INFO - [environment.py:331] - [END] ============================================================
2025-09-13 11:58:48,812 - banking_api_tests - INFO - [environment.py:332] - [FAILED] SCENARIO COMPLETE: Successfully create account with valid generated data
2025-09-13 11:58:48,813 - banking_api_tests - INFO - [environment.py:333] - [INFO] Status: [FAILED] FAILED
2025-09-13 11:58:48,813 - banking_api_tests - INFO - [environment.py:334] - [TIME]  Duration: 0:00:01.012632
2025-09-13 11:58:48,813 - banking_api_tests - INFO - [environment.py:335] - [URL] API Calls Made: 1
2025-09-13 11:58:48,813 - banking_api_tests - INFO - [environment.py:339] - [PERFORMANCE] Avg Response Time: 0.502s
2025-09-13 11:58:48,813 - banking_api_tests - INFO - [environment.py:340] - [INFO] Total Response Time: 0.502s
2025-09-13 11:58:48,813 - banking_api_tests - ERROR - [environment.py:344] - [ERROR] Last Error: Status code assertion failed - Expected: 201, Actual: 404
2025-09-13 11:58:48,813 - banking_api_tests - INFO - [environment.py:353] - [END] ============================================================
2025-09-13 11:58:48,837 - banking_api_tests - INFO - [environment.py:291] - [SCENARIO] ============================================================
2025-09-13 11:58:48,837 - banking_api_tests - INFO - [environment.py:292] - [TEST] SCENARIO START: Successfully create account with generated data
2025-09-13 11:58:48,837 - banking_api_tests - INFO - [environment.py:293] - [FILE] Feature: Account Creation with Dynamic Data
2025-09-13 11:58:48,837 - banking_api_tests - INFO - [environment.py:294] - [LOCATION] Location: features/accounts/account_creation_dynamic.feature:12
2025-09-13 11:58:48,837 - banking_api_tests - INFO - [environment.py:295] - [TAGS]  Tags: happy_path, smoke
2025-09-13 11:58:48,838 - banking_api_tests - INFO - [environment.py:296] - [TIME] Start Time: 2025-09-13T11:58:48.837281
2025-09-13 11:58:48,838 - banking_api_tests - INFO - [environment.py:297] - [SCENARIO] ============================================================
2025-09-13 11:58:48,838 - banking_api_tests - INFO - [common_steps.py:153] - [API] Checking API availability...
2025-09-13 11:58:49,349 - banking_api_tests - INFO - [common_steps.py:163] - [RESPONSE] API Health Check - Status: 200
2025-09-13 11:58:49,349 - banking_api_tests - INFO - [common_steps.py:170] - [SUCCESS] API is available and responding
2025-09-13 11:58:49,351 - banking_api_tests - INFO - [common_steps.py:192] - [AUTH] Configuring authentication credentials...
2025-09-13 11:58:49,351 - banking_api_tests - INFO - [common_steps.py:201] - [AUTH] Auth Token Configured: ****************2024
2025-09-13 11:58:49,351 - banking_api_tests - INFO - [common_steps.py:211] - [SUCCESS] Authentication credentials validated and configured
2025-09-13 11:58:49,351 - banking_api_tests - INFO - [data_steps.py:31] - [DATA] Generating test data for: account
2025-09-13 11:58:49,352 - banking_api_tests - INFO - [data_steps.py:216] - [REQUEST] Creating account using generated data
2025-09-13 11:58:49,854 - banking_api_tests - INFO - [data_steps.py:236] - [RESPONSE] Create account Response: 404
2025-09-13 11:58:49,854 - banking_api_tests - INFO - [data_steps.py:237] - [TIME]  Response Time: 0.502s
2025-09-13 11:58:49,855 - banking_api_tests - INFO - [common_steps.py:484] - [VERIFY] Verifying response status code should be 201
2025-09-13 11:58:49,855 - banking_api_tests - INFO - [common_steps.py:491] - [INFO] Expected: 201, Actual: 404
2025-09-13 11:58:49,855 - banking_api_tests - ERROR - [common_steps.py:496] - [ERROR] Status code assertion FAILED: Expected 201, got 404
2025-09-13 11:58:49,855 - banking_api_tests - ERROR - [common_steps.py:497] - [BODY] Response content: Not Found...
2025-09-13 11:58:49,856 - banking_api_tests - ERROR - [environment.py:170] - [SAVE] Failure details saved to: logs/failures/FAILED_Successfully_create_account_with_generated_data_20250913_115849.txt
2025-09-13 11:58:49,856 - banking_api_tests - INFO - [environment.py:331] - [END] ============================================================
2025-09-13 11:58:49,857 - banking_api_tests - INFO - [environment.py:332] - [FAILED] SCENARIO COMPLETE: Successfully create account with generated data
2025-09-13 11:58:49,857 - banking_api_tests - INFO - [environment.py:333] - [INFO] Status: [FAILED] FAILED
2025-09-13 11:58:49,857 - banking_api_tests - INFO - [environment.py:334] - [TIME]  Duration: 0:00:01.018854
2025-09-13 11:58:49,857 - banking_api_tests - INFO - [environment.py:335] - [URL] API Calls Made: 1
2025-09-13 11:58:49,857 - banking_api_tests - INFO - [environment.py:339] - [PERFORMANCE] Avg Response Time: 0.502s
2025-09-13 11:58:49,857 - banking_api_tests - INFO - [environment.py:340] - [INFO] Total Response Time: 0.502s
2025-09-13 11:58:49,857 - banking_api_tests - ERROR - [environment.py:344] - [ERROR] Last Error: Status code assertion failed - Expected: 201, Actual: 404
2025-09-13 11:58:49,857 - banking_api_tests - INFO - [environment.py:353] - [END] ============================================================
2025-09-13 11:58:49,893 - banking_api_tests - INFO - [environment.py:291] - [SCENARIO] ============================================================
2025-09-13 11:58:49,894 - banking_api_tests - INFO - [environment.py:292] - [TEST] SCENARIO START: Successfully retrieve account by valid ID
2025-09-13 11:58:49,894 - banking_api_tests - INFO - [environment.py:293] - [FILE] Feature: Account Retrieval
2025-09-13 11:58:49,894 - banking_api_tests - INFO - [environment.py:294] - [LOCATION] Location: features/accounts/account_retrieval.feature:12
2025-09-13 11:58:49,894 - banking_api_tests - INFO - [environment.py:295] - [TAGS]  Tags: happy_path, regression
2025-09-13 11:58:49,894 - banking_api_tests - INFO - [environment.py:296] - [TIME] Start Time: 2025-09-13T11:58:49.893855
2025-09-13 11:58:49,894 - banking_api_tests - INFO - [environment.py:297] - [SCENARIO] ============================================================
2025-09-13 11:58:49,895 - banking_api_tests - INFO - [common_steps.py:153] - [API] Checking API availability...
2025-09-13 11:58:50,390 - banking_api_tests - INFO - [common_steps.py:163] - [RESPONSE] API Health Check - Status: 200
2025-09-13 11:58:50,390 - banking_api_tests - INFO - [common_steps.py:170] - [SUCCESS] API is available and responding
2025-09-13 11:58:50,391 - banking_api_tests - INFO - [common_steps.py:192] - [AUTH] Configuring authentication credentials...
2025-09-13 11:58:50,391 - banking_api_tests - INFO - [common_steps.py:201] - [AUTH] Auth Token Configured: ****************2024
2025-09-13 11:58:50,392 - banking_api_tests - INFO - [common_steps.py:211] - [SUCCESS] Authentication credentials validated and configured
2025-09-13 11:58:50,392 - banking_api_tests - INFO - [common_steps.py:305] - [REQUEST] Sending GET request to: /accounts/ACC001
2025-09-13 11:58:50,888 - banking_api_tests - INFO - [common_steps.py:327] - [RESPONSE] GET Response: 404
2025-09-13 11:58:50,888 - banking_api_tests - INFO - [common_steps.py:328] - [TIME] Response Time: 0.496s
2025-09-13 11:58:50,888 - banking_api_tests - INFO - [common_steps.py:341] - [SUCCESS] GET request completed successfully
2025-09-13 11:58:50,889 - banking_api_tests - INFO - [common_steps.py:484] - [VERIFY] Verifying response status code should be 200
2025-09-13 11:58:50,889 - banking_api_tests - INFO - [common_steps.py:491] - [INFO] Expected: 200, Actual: 404
2025-09-13 11:58:50,889 - banking_api_tests - ERROR - [common_steps.py:496] - [ERROR] Status code assertion FAILED: Expected 200, got 404
2025-09-13 11:58:50,889 - banking_api_tests - ERROR - [common_steps.py:497] - [BODY] Response content: Not Found...
2025-09-13 11:58:50,890 - banking_api_tests - ERROR - [environment.py:170] - [SAVE] Failure details saved to: logs/failures/FAILED_Successfully_retrieve_account_by_valid_ID_20250913_115850.txt
2025-09-13 11:58:50,891 - banking_api_tests - INFO - [environment.py:331] - [END] ============================================================
2025-09-13 11:58:50,891 - banking_api_tests - INFO - [environment.py:332] - [FAILED] SCENARIO COMPLETE: Successfully retrieve account by valid ID
2025-09-13 11:58:50,891 - banking_api_tests - INFO - [environment.py:333] - [INFO] Status: [FAILED] FAILED
2025-09-13 11:58:50,891 - banking_api_tests - INFO - [environment.py:334] - [TIME]  Duration: 0:00:00.996191
2025-09-13 11:58:50,891 - banking_api_tests - INFO - [environment.py:335] - [URL] API Calls Made: 1
2025-09-13 11:58:50,891 - banking_api_tests - INFO - [environment.py:339] - [PERFORMANCE] Avg Response Time: 0.496s
2025-09-13 11:58:50,891 - banking_api_tests - INFO - [environment.py:340] - [INFO] Total Response Time: 0.496s
2025-09-13 11:58:50,891 - banking_api_tests - ERROR - [environment.py:344] - [ERROR] Last Error: Status code assertion failed - Expected: 200, Actual: 404
2025-09-13 11:58:50,891 - banking_api_tests - INFO - [environment.py:353] - [END] ============================================================
2025-09-13 11:58:50,893 - banking_api_tests - INFO - [environment.py:291] - [SCENARIO] ============================================================
2025-09-13 11:58:50,893 - banking_api_tests - INFO - [environment.py:292] - [TEST] SCENARIO START: Successfully retrieve account with different valid ID
2025-09-13 11:58:50,893 - banking_api_tests - INFO - [environment.py:293] - [FILE] Feature: Account Retrieval
2025-09-13 11:58:50,894 - banking_api_tests - INFO - [environment.py:294] - [LOCATION] Location: features/accounts/account_retrieval.feature:24
2025-09-13 11:58:50,894 - banking_api_tests - INFO - [environment.py:295] - [TAGS]  Tags: happy_path, regression
2025-09-13 11:58:50,894 - banking_api_tests - INFO - [environment.py:296] - [TIME] Start Time: 2025-09-13T11:58:50.893635
2025-09-13 11:58:50,894 - banking_api_tests - INFO - [environment.py:297] - [SCENARIO] ============================================================
2025-09-13 11:58:50,894 - banking_api_tests - INFO - [common_steps.py:153] - [API] Checking API availability...
2025-09-13 11:58:51,395 - banking_api_tests - INFO - [common_steps.py:163] - [RESPONSE] API Health Check - Status: 200
2025-09-13 11:58:51,396 - banking_api_tests - INFO - [common_steps.py:170] - [SUCCESS] API is available and responding
2025-09-13 11:58:51,397 - banking_api_tests - INFO - [common_steps.py:192] - [AUTH] Configuring authentication credentials...
2025-09-13 11:58:51,397 - banking_api_tests - INFO - [common_steps.py:201] - [AUTH] Auth Token Configured: ****************2024
2025-09-13 11:58:51,397 - banking_api_tests - INFO - [common_steps.py:211] - [SUCCESS] Authentication credentials validated and configured
2025-09-13 11:58:51,398 - banking_api_tests - INFO - [common_steps.py:305] - [REQUEST] Sending GET request to: /accounts/ACC002
2025-09-13 11:58:51,910 - banking_api_tests - INFO - [common_steps.py:327] - [RESPONSE] GET Response: 404
2025-09-13 11:58:51,910 - banking_api_tests - INFO - [common_steps.py:328] - [TIME] Response Time: 0.512s
2025-09-13 11:58:51,910 - banking_api_tests - INFO - [common_steps.py:341] - [SUCCESS] GET request completed successfully
2025-09-13 11:58:51,910 - banking_api_tests - INFO - [common_steps.py:484] - [VERIFY] Verifying response status code should be 200
2025-09-13 11:58:51,911 - banking_api_tests - INFO - [common_steps.py:491] - [INFO] Expected: 200, Actual: 404
2025-09-13 11:58:51,911 - banking_api_tests - ERROR - [common_steps.py:496] - [ERROR] Status code assertion FAILED: Expected 200, got 404
2025-09-13 11:58:51,911 - banking_api_tests - ERROR - [common_steps.py:497] - [BODY] Response content: Not Found...
2025-09-13 11:58:51,912 - banking_api_tests - ERROR - [environment.py:170] - [SAVE] Failure details saved to: logs/failures/FAILED_Successfully_retrieve_account_with_different_valid_20250913_115851.txt
2025-09-13 11:58:51,912 - banking_api_tests - INFO - [environment.py:331] - [END] ============================================================
2025-09-13 11:58:51,912 - banking_api_tests - INFO - [environment.py:332] - [FAILED] SCENARIO COMPLETE: Successfully retrieve account with different valid ID
2025-09-13 11:58:51,912 - banking_api_tests - INFO - [environment.py:333] - [INFO] Status: [FAILED] FAILED
2025-09-13 11:58:51,912 - banking_api_tests - INFO - [environment.py:334] - [TIME]  Duration: 0:00:01.018112
2025-09-13 11:58:51,912 - banking_api_tests - INFO - [environment.py:335] - [URL] API Calls Made: 1
2025-09-13 11:58:51,913 - banking_api_tests - INFO - [environment.py:339] - [PERFORMANCE] Avg Response Time: 0.512s
2025-09-13 11:58:51,913 - banking_api_tests - INFO - [environment.py:340] - [INFO] Total Response Time: 0.512s
2025-09-13 11:58:51,913 - banking_api_tests - ERROR - [environment.py:344] - [ERROR] Last Error: Status code assertion failed - Expected: 200, Actual: 404
2025-09-13 11:58:51,913 - banking_api_tests - INFO - [environment.py:353] - [END] ============================================================
2025-09-13 11:58:51,915 - banking_api_tests - INFO - [environment.py:291] - [SCENARIO] ============================================================
2025-09-13 11:58:51,915 - banking_api_tests - INFO - [environment.py:292] - [TEST] SCENARIO START: Attempt to retrieve non-existent account
2025-09-13 11:58:51,915 - banking_api_tests - INFO - [environment.py:293] - [FILE] Feature: Account Retrieval
2025-09-13 11:58:51,915 - banking_api_tests - INFO - [environment.py:294] - [LOCATION] Location: features/accounts/account_retrieval.feature:39
2025-09-13 11:58:51,915 - banking_api_tests - INFO - [environment.py:295] - [TAGS]  Tags: error_handling, regression
2025-09-13 11:58:51,915 - banking_api_tests - INFO - [environment.py:296] - [TIME] Start Time: 2025-09-13T11:58:51.915352
2025-09-13 11:58:51,915 - banking_api_tests - INFO - [environment.py:297] - [SCENARIO] ============================================================
2025-09-13 11:58:51,916 - banking_api_tests - INFO - [common_steps.py:153] - [API] Checking API availability...
2025-09-13 11:58:52,420 - banking_api_tests - INFO - [common_steps.py:163] - [RESPONSE] API Health Check - Status: 200
2025-09-13 11:58:52,420 - banking_api_tests - INFO - [common_steps.py:170] - [SUCCESS] API is available and responding
2025-09-13 11:58:52,422 - banking_api_tests - INFO - [common_steps.py:192] - [AUTH] Configuring authentication credentials...
2025-09-13 11:58:52,422 - banking_api_tests - INFO - [common_steps.py:201] - [AUTH] Auth Token Configured: ****************2024
2025-09-13 11:58:52,422 - banking_api_tests - INFO - [common_steps.py:211] - [SUCCESS] Authentication credentials validated and configured
2025-09-13 11:58:52,422 - banking_api_tests - INFO - [common_steps.py:305] - [REQUEST] Sending GET request to: /accounts/NONEXISTENT
2025-09-13 11:58:52,938 - banking_api_tests - INFO - [common_steps.py:327] - [RESPONSE] GET Response: 404
2025-09-13 11:58:52,938 - banking_api_tests - INFO - [common_steps.py:328] - [TIME] Response Time: 0.515s
2025-09-13 11:58:52,938 - banking_api_tests - INFO - [common_steps.py:341] - [SUCCESS] GET request completed successfully
2025-09-13 11:58:52,939 - banking_api_tests - INFO - [common_steps.py:484] - [VERIFY] Verifying response status code should be 404
2025-09-13 11:58:52,939 - banking_api_tests - INFO - [common_steps.py:491] - [INFO] Expected: 404, Actual: 404
2025-09-13 11:58:52,939 - banking_api_tests - INFO - [common_steps.py:494] - [SUCCESS] Status code assertion PASSED: 404
2025-09-13 11:58:52,939 - banking_api_tests - INFO - [common_steps.py:585] - [VERIFY] Verifying response is valid JSON
2025-09-13 11:58:52,939 - banking_api_tests - ERROR - [common_steps.py:604] - [ERROR] JSON validation FAILED: Expecting value: line 1 column 1 (char 0)
2025-09-13 11:58:52,940 - banking_api_tests - ERROR - [common_steps.py:605] - [BODY] Raw response content: Not Found...
2025-09-13 11:58:52,941 - banking_api_tests - ERROR - [environment.py:170] - [SAVE] Failure details saved to: logs/failures/FAILED_Attempt_to_retrieve_non-existent_account_20250913_115852.txt
2025-09-13 11:58:52,941 - banking_api_tests - INFO - [environment.py:331] - [END] ============================================================
2025-09-13 11:58:52,941 - banking_api_tests - INFO - [environment.py:332] - [FAILED] SCENARIO COMPLETE: Attempt to retrieve non-existent account
2025-09-13 11:58:52,941 - banking_api_tests - INFO - [environment.py:333] - [INFO] Status: [FAILED] FAILED
2025-09-13 11:58:52,941 - banking_api_tests - INFO - [environment.py:334] - [TIME]  Duration: 0:00:01.025038
2025-09-13 11:58:52,941 - banking_api_tests - INFO - [environment.py:335] - [URL] API Calls Made: 1
2025-09-13 11:58:52,941 - banking_api_tests - INFO - [environment.py:339] - [PERFORMANCE] Avg Response Time: 0.515s
2025-09-13 11:58:52,941 - banking_api_tests - INFO - [environment.py:340] - [INFO] Total Response Time: 0.515s
2025-09-13 11:58:52,941 - banking_api_tests - INFO - [environment.py:353] - [END] ============================================================
2025-09-13 11:58:52,942 - banking_api_tests - INFO - [environment.py:291] - [SCENARIO] ============================================================
2025-09-13 11:58:52,942 - banking_api_tests - INFO - [environment.py:292] - [TEST] SCENARIO START: Attempt to retrieve account with invalid ID format
2025-09-13 11:58:52,942 - banking_api_tests - INFO - [environment.py:293] - [FILE] Feature: Account Retrieval
2025-09-13 11:58:52,942 - banking_api_tests - INFO - [environment.py:294] - [LOCATION] Location: features/accounts/account_retrieval.feature:47
2025-09-13 11:58:52,942 - banking_api_tests - INFO - [environment.py:295] - [TAGS]  Tags: error_handling, regression
2025-09-13 11:58:52,943 - banking_api_tests - INFO - [environment.py:296] - [TIME] Start Time: 2025-09-13T11:58:52.942518
2025-09-13 11:58:52,943 - banking_api_tests - INFO - [environment.py:297] - [SCENARIO] ============================================================
2025-09-13 11:58:52,943 - banking_api_tests - INFO - [common_steps.py:153] - [API] Checking API availability...
2025-09-13 11:58:53,469 - banking_api_tests - INFO - [common_steps.py:163] - [RESPONSE] API Health Check - Status: 200
2025-09-13 11:58:53,470 - banking_api_tests - INFO - [common_steps.py:170] - [SUCCESS] API is available and responding
2025-09-13 11:58:53,471 - banking_api_tests - INFO - [common_steps.py:192] - [AUTH] Configuring authentication credentials...
2025-09-13 11:58:53,471 - banking_api_tests - INFO - [common_steps.py:201] - [AUTH] Auth Token Configured: ****************2024
2025-09-13 11:58:53,471 - banking_api_tests - INFO - [common_steps.py:211] - [SUCCESS] Authentication credentials validated and configured
2025-09-13 11:58:53,472 - banking_api_tests - INFO - [common_steps.py:305] - [REQUEST] Sending GET request to: /accounts/123invalid
2025-09-13 11:58:54,011 - banking_api_tests - INFO - [common_steps.py:327] - [RESPONSE] GET Response: 404
2025-09-13 11:58:54,011 - banking_api_tests - INFO - [common_steps.py:328] - [TIME] Response Time: 0.539s
2025-09-13 11:58:54,011 - banking_api_tests - INFO - [common_steps.py:341] - [SUCCESS] GET request completed successfully
2025-09-13 11:58:54,012 - banking_api_tests - INFO - [common_steps.py:484] - [VERIFY] Verifying response status code should be 404
2025-09-13 11:58:54,012 - banking_api_tests - INFO - [common_steps.py:491] - [INFO] Expected: 404, Actual: 404
2025-09-13 11:58:54,012 - banking_api_tests - INFO - [common_steps.py:494] - [SUCCESS] Status code assertion PASSED: 404
2025-09-13 11:58:54,012 - banking_api_tests - INFO - [common_steps.py:910] - [VERIFY] Verifying response contains error message
2025-09-13 11:58:54,012 - banking_api_tests - ERROR - [common_steps.py:946] - [ERROR] JSON decode error: Expecting value: line 1 column 1 (char 0)
2025-09-13 11:58:54,012 - banking_api_tests - ERROR - [common_steps.py:947] - [BODY] Raw response: Not Found...
2025-09-13 11:58:54,013 - banking_api_tests - ERROR - [environment.py:170] - [SAVE] Failure details saved to: logs/failures/FAILED_Attempt_to_retrieve_account_with_invalid_ID_format_20250913_115854.txt
2025-09-13 11:58:54,014 - banking_api_tests - INFO - [environment.py:331] - [END] ============================================================
2025-09-13 11:58:54,014 - banking_api_tests - INFO - [environment.py:332] - [FAILED] SCENARIO COMPLETE: Attempt to retrieve account with invalid ID format
2025-09-13 11:58:54,014 - banking_api_tests - INFO - [environment.py:333] - [INFO] Status: [FAILED] FAILED
2025-09-13 11:58:54,014 - banking_api_tests - INFO - [environment.py:334] - [TIME]  Duration: 0:00:01.070614
2025-09-13 11:58:54,014 - banking_api_tests - INFO - [environment.py:335] - [URL] API Calls Made: 1
2025-09-13 11:58:54,014 - banking_api_tests - INFO - [environment.py:339] - [PERFORMANCE] Avg Response Time: 0.539s
2025-09-13 11:58:54,014 - banking_api_tests - INFO - [environment.py:340] - [INFO] Total Response Time: 0.539s
2025-09-13 11:58:54,014 - banking_api_tests - ERROR - [environment.py:344] - [ERROR] Last Error: JSON decode error and no error text found: Expecting value: line 1 column 1 (char 0)
2025-09-13 11:58:54,014 - banking_api_tests - INFO - [environment.py:353] - [END] ============================================================
2025-09-13 11:58:54,016 - banking_api_tests - INFO - [environment.py:291] - [SCENARIO] ============================================================
2025-09-13 11:58:54,016 - banking_api_tests - INFO - [environment.py:292] - [TEST] SCENARIO START: Retrieve accounts with boundary ID values -- @1.1 
2025-09-13 11:58:54,016 - banking_api_tests - INFO - [environment.py:293] - [FILE] Feature: Account Retrieval
2025-09-13 11:58:54,016 - banking_api_tests - INFO - [environment.py:294] - [LOCATION] Location: features/accounts/account_retrieval.feature:60
2025-09-13 11:58:54,016 - banking_api_tests - INFO - [environment.py:295] - [TAGS]  Tags: boundary_testing
2025-09-13 11:58:54,016 - banking_api_tests - INFO - [environment.py:296] - [TIME] Start Time: 2025-09-13T11:58:54.016090
2025-09-13 11:58:54,016 - banking_api_tests - INFO - [environment.py:297] - [SCENARIO] ============================================================
2025-09-13 11:58:54,017 - banking_api_tests - INFO - [common_steps.py:153] - [API] Checking API availability...
2025-09-13 11:58:54,519 - banking_api_tests - INFO - [common_steps.py:163] - [RESPONSE] API Health Check - Status: 200
2025-09-13 11:58:54,519 - banking_api_tests - INFO - [common_steps.py:170] - [SUCCESS] API is available and responding
2025-09-13 11:58:54,521 - banking_api_tests - INFO - [common_steps.py:192] - [AUTH] Configuring authentication credentials...
2025-09-13 11:58:54,521 - banking_api_tests - INFO - [common_steps.py:201] - [AUTH] Auth Token Configured: ****************2024
2025-09-13 11:58:54,521 - banking_api_tests - INFO - [common_steps.py:211] - [SUCCESS] Authentication credentials validated and configured
2025-09-13 11:58:54,521 - banking_api_tests - INFO - [common_steps.py:305] - [REQUEST] Sending GET request to: /accounts/ACC001
2025-09-13 11:58:55,067 - banking_api_tests - INFO - [common_steps.py:327] - [RESPONSE] GET Response: 404
2025-09-13 11:58:55,067 - banking_api_tests - INFO - [common_steps.py:328] - [TIME] Response Time: 0.545s
2025-09-13 11:58:55,067 - banking_api_tests - INFO - [common_steps.py:341] - [SUCCESS] GET request completed successfully
2025-09-13 11:58:55,067 - banking_api_tests - INFO - [common_steps.py:484] - [VERIFY] Verifying response status code should be 200
2025-09-13 11:58:55,068 - banking_api_tests - INFO - [common_steps.py:491] - [INFO] Expected: 200, Actual: 404
2025-09-13 11:58:55,068 - banking_api_tests - ERROR - [common_steps.py:496] - [ERROR] Status code assertion FAILED: Expected 200, got 404
2025-09-13 11:58:55,068 - banking_api_tests - ERROR - [common_steps.py:497] - [BODY] Response content: Not Found...
2025-09-13 11:58:55,069 - banking_api_tests - ERROR - [environment.py:170] - [SAVE] Failure details saved to: logs/failures/FAILED_Retrieve_accounts_with_boundary_ID_values_--__1_1__20250913_115855.txt
2025-09-13 11:58:55,069 - banking_api_tests - INFO - [environment.py:331] - [END] ============================================================
2025-09-13 11:58:55,069 - banking_api_tests - INFO - [environment.py:332] - [FAILED] SCENARIO COMPLETE: Retrieve accounts with boundary ID values -- @1.1 
2025-09-13 11:58:55,069 - banking_api_tests - INFO - [environment.py:333] - [INFO] Status: [FAILED] FAILED
2025-09-13 11:58:55,069 - banking_api_tests - INFO - [environment.py:334] - [TIME]  Duration: 0:00:01.052589
2025-09-13 11:58:55,070 - banking_api_tests - INFO - [environment.py:335] - [URL] API Calls Made: 1
2025-09-13 11:58:55,070 - banking_api_tests - INFO - [environment.py:339] - [PERFORMANCE] Avg Response Time: 0.545s
2025-09-13 11:58:55,070 - banking_api_tests - INFO - [environment.py:340] - [INFO] Total Response Time: 0.545s
2025-09-13 11:58:55,070 - banking_api_tests - ERROR - [environment.py:344] - [ERROR] Last Error: Status code assertion failed - Expected: 200, Actual: 404
2025-09-13 11:58:55,070 - banking_api_tests - INFO - [environment.py:353] - [END] ============================================================
2025-09-13 11:58:55,071 - banking_api_tests - INFO - [environment.py:291] - [SCENARIO] ============================================================
2025-09-13 11:58:55,071 - banking_api_tests - INFO - [environment.py:292] - [TEST] SCENARIO START: Retrieve accounts with boundary ID values -- @1.2 
2025-09-13 11:58:55,072 - banking_api_tests - INFO - [environment.py:293] - [FILE] Feature: Account Retrieval
2025-09-13 11:58:55,072 - banking_api_tests - INFO - [environment.py:294] - [LOCATION] Location: features/accounts/account_retrieval.feature:61
2025-09-13 11:58:55,072 - banking_api_tests - INFO - [environment.py:295] - [TAGS]  Tags: boundary_testing
2025-09-13 11:58:55,072 - banking_api_tests - INFO - [environment.py:296] - [TIME] Start Time: 2025-09-13T11:58:55.071799
2025-09-13 11:58:55,072 - banking_api_tests - INFO - [environment.py:297] - [SCENARIO] ============================================================
2025-09-13 11:58:55,072 - banking_api_tests - INFO - [common_steps.py:153] - [API] Checking API availability...
2025-09-13 11:58:55,573 - banking_api_tests - INFO - [common_steps.py:163] - [RESPONSE] API Health Check - Status: 200
2025-09-13 11:58:55,573 - banking_api_tests - INFO - [common_steps.py:170] - [SUCCESS] API is available and responding
2025-09-13 11:58:55,575 - banking_api_tests - INFO - [common_steps.py:192] - [AUTH] Configuring authentication credentials...
2025-09-13 11:58:55,575 - banking_api_tests - INFO - [common_steps.py:201] - [AUTH] Auth Token Configured: ****************2024
2025-09-13 11:58:55,575 - banking_api_tests - INFO - [common_steps.py:211] - [SUCCESS] Authentication credentials validated and configured
2025-09-13 11:58:55,575 - banking_api_tests - INFO - [common_steps.py:305] - [REQUEST] Sending GET request to: /accounts/ACC999
2025-09-13 11:58:56,086 - banking_api_tests - INFO - [common_steps.py:327] - [RESPONSE] GET Response: 404
2025-09-13 11:58:56,086 - banking_api_tests - INFO - [common_steps.py:328] - [TIME] Response Time: 0.511s
2025-09-13 11:58:56,087 - banking_api_tests - INFO - [common_steps.py:341] - [SUCCESS] GET request completed successfully
2025-09-13 11:58:56,087 - banking_api_tests - INFO - [common_steps.py:484] - [VERIFY] Verifying response status code should be 404
2025-09-13 11:58:56,087 - banking_api_tests - INFO - [common_steps.py:491] - [INFO] Expected: 404, Actual: 404
2025-09-13 11:58:56,087 - banking_api_tests - INFO - [common_steps.py:494] - [SUCCESS] Status code assertion PASSED: 404
2025-09-13 11:58:56,088 - banking_api_tests - INFO - [common_steps.py:585] - [VERIFY] Verifying response is valid JSON
2025-09-13 11:58:56,088 - banking_api_tests - ERROR - [common_steps.py:604] - [ERROR] JSON validation FAILED: Expecting value: line 1 column 1 (char 0)
2025-09-13 11:58:56,088 - banking_api_tests - ERROR - [common_steps.py:605] - [BODY] Raw response content: Not Found...
2025-09-13 11:58:56,089 - banking_api_tests - ERROR - [environment.py:170] - [SAVE] Failure details saved to: logs/failures/FAILED_Retrieve_accounts_with_boundary_ID_values_--__1_2__20250913_115856.txt
2025-09-13 11:58:56,089 - banking_api_tests - INFO - [environment.py:331] - [END] ============================================================
2025-09-13 11:58:56,089 - banking_api_tests - INFO - [environment.py:332] - [FAILED] SCENARIO COMPLETE: Retrieve accounts with boundary ID values -- @1.2 
2025-09-13 11:58:56,089 - banking_api_tests - INFO - [environment.py:333] - [INFO] Status: [FAILED] FAILED
2025-09-13 11:58:56,090 - banking_api_tests - INFO - [environment.py:334] - [TIME]  Duration: 0:00:01.016983
2025-09-13 11:58:56,090 - banking_api_tests - INFO - [environment.py:335] - [URL] API Calls Made: 1
2025-09-13 11:58:56,090 - banking_api_tests - INFO - [environment.py:339] - [PERFORMANCE] Avg Response Time: 0.511s
2025-09-13 11:58:56,090 - banking_api_tests - INFO - [environment.py:340] - [INFO] Total Response Time: 0.511s
2025-09-13 11:58:56,090 - banking_api_tests - INFO - [environment.py:353] - [END] ============================================================
2025-09-13 11:58:56,091 - banking_api_tests - INFO - [environment.py:291] - [SCENARIO] ============================================================
2025-09-13 11:58:56,091 - banking_api_tests - INFO - [environment.py:292] - [TEST] SCENARIO START: Retrieve accounts with boundary ID values -- @1.3 
2025-09-13 11:58:56,091 - banking_api_tests - INFO - [environment.py:293] - [FILE] Feature: Account Retrieval
2025-09-13 11:58:56,091 - banking_api_tests - INFO - [environment.py:294] - [LOCATION] Location: features/accounts/account_retrieval.feature:62
2025-09-13 11:58:56,091 - banking_api_tests - INFO - [environment.py:295] - [TAGS]  Tags: boundary_testing
2025-09-13 11:58:56,091 - banking_api_tests - INFO - [environment.py:296] - [TIME] Start Time: 2025-09-13T11:58:56.091118
2025-09-13 11:58:56,092 - banking_api_tests - INFO - [environment.py:297] - [SCENARIO] ============================================================
2025-09-13 11:58:56,093 - banking_api_tests - INFO - [common_steps.py:153] - [API] Checking API availability...
2025-09-13 11:58:56,607 - banking_api_tests - INFO - [common_steps.py:163] - [RESPONSE] API Health Check - Status: 200
2025-09-13 11:58:56,607 - banking_api_tests - INFO - [common_steps.py:170] - [SUCCESS] API is available and responding
2025-09-13 11:58:56,609 - banking_api_tests - INFO - [common_steps.py:192] - [AUTH] Configuring authentication credentials...
2025-09-13 11:58:56,609 - banking_api_tests - INFO - [common_steps.py:201] - [AUTH] Auth Token Configured: ****************2024
2025-09-13 11:58:56,609 - banking_api_tests - INFO - [common_steps.py:211] - [SUCCESS] Authentication credentials validated and configured
2025-09-13 11:58:56,609 - banking_api_tests - INFO - [common_steps.py:305] - [REQUEST] Sending GET request to: /accounts/A
2025-09-13 11:58:57,125 - banking_api_tests - INFO - [common_steps.py:327] - [RESPONSE] GET Response: 404
2025-09-13 11:58:57,125 - banking_api_tests - INFO - [common_steps.py:328] - [TIME] Response Time: 0.515s
2025-09-13 11:58:57,125 - banking_api_tests - INFO - [common_steps.py:341] - [SUCCESS] GET request completed successfully
2025-09-13 11:58:57,126 - banking_api_tests - INFO - [common_steps.py:484] - [VERIFY] Verifying response status code should be 404
2025-09-13 11:58:57,126 - banking_api_tests - INFO - [common_steps.py:491] - [INFO] Expected: 404, Actual: 404
2025-09-13 11:58:57,126 - banking_api_tests - INFO - [common_steps.py:494] - [SUCCESS] Status code assertion PASSED: 404
2025-09-13 11:58:57,126 - banking_api_tests - INFO - [common_steps.py:585] - [VERIFY] Verifying response is valid JSON
2025-09-13 11:58:57,126 - banking_api_tests - ERROR - [common_steps.py:604] - [ERROR] JSON validation FAILED: Expecting value: line 1 column 1 (char 0)
2025-09-13 11:58:57,127 - banking_api_tests - ERROR - [common_steps.py:605] - [BODY] Raw response content: Not Found...
2025-09-13 11:58:57,127 - banking_api_tests - ERROR - [environment.py:170] - [SAVE] Failure details saved to: logs/failures/FAILED_Retrieve_accounts_with_boundary_ID_values_--__1_3__20250913_115857.txt
2025-09-13 11:58:57,128 - banking_api_tests - INFO - [environment.py:331] - [END] ============================================================
2025-09-13 11:58:57,128 - banking_api_tests - INFO - [environment.py:332] - [FAILED] SCENARIO COMPLETE: Retrieve accounts with boundary ID values -- @1.3 
2025-09-13 11:58:57,128 - banking_api_tests - INFO - [environment.py:333] - [INFO] Status: [FAILED] FAILED
2025-09-13 11:58:57,128 - banking_api_tests - INFO - [environment.py:334] - [TIME]  Duration: 0:00:01.036170
2025-09-13 11:58:57,128 - banking_api_tests - INFO - [environment.py:335] - [URL] API Calls Made: 1
2025-09-13 11:58:57,128 - banking_api_tests - INFO - [environment.py:339] - [PERFORMANCE] Avg Response Time: 0.515s
2025-09-13 11:58:57,128 - banking_api_tests - INFO - [environment.py:340] - [INFO] Total Response Time: 0.515s
2025-09-13 11:58:57,128 - banking_api_tests - INFO - [environment.py:353] - [END] ============================================================
2025-09-13 11:58:57,129 - banking_api_tests - INFO - [environment.py:291] - [SCENARIO] ============================================================
2025-09-13 11:58:57,129 - banking_api_tests - INFO - [environment.py:292] - [TEST] SCENARIO START: Retrieve accounts with boundary ID values -- @1.4 
2025-09-13 11:58:57,129 - banking_api_tests - INFO - [environment.py:293] - [FILE] Feature: Account Retrieval
2025-09-13 11:58:57,130 - banking_api_tests - INFO - [environment.py:294] - [LOCATION] Location: features/accounts/account_retrieval.feature:63
2025-09-13 11:58:57,130 - banking_api_tests - INFO - [environment.py:295] - [TAGS]  Tags: boundary_testing
2025-09-13 11:58:57,130 - banking_api_tests - INFO - [environment.py:296] - [TIME] Start Time: 2025-09-13T11:58:57.129593
2025-09-13 11:58:57,130 - banking_api_tests - INFO - [environment.py:297] - [SCENARIO] ============================================================
2025-09-13 11:58:57,131 - banking_api_tests - INFO - [common_steps.py:153] - [API] Checking API availability...
2025-09-13 11:58:57,641 - banking_api_tests - INFO - [common_steps.py:163] - [RESPONSE] API Health Check - Status: 200
2025-09-13 11:58:57,642 - banking_api_tests - INFO - [common_steps.py:170] - [SUCCESS] API is available and responding
2025-09-13 11:58:57,643 - banking_api_tests - INFO - [common_steps.py:192] - [AUTH] Configuring authentication credentials...
2025-09-13 11:58:57,643 - banking_api_tests - INFO - [common_steps.py:201] - [AUTH] Auth Token Configured: ****************2024
2025-09-13 11:58:57,643 - banking_api_tests - INFO - [common_steps.py:211] - [SUCCESS] Authentication credentials validated and configured
2025-09-13 11:58:57,644 - banking_api_tests - INFO - [common_steps.py:305] - [REQUEST] Sending GET request to: /accounts/VERYLONGACCOUNTID
2025-09-13 11:58:58,195 - banking_api_tests - INFO - [common_steps.py:327] - [RESPONSE] GET Response: 404
2025-09-13 11:58:58,195 - banking_api_tests - INFO - [common_steps.py:328] - [TIME] Response Time: 0.551s
2025-09-13 11:58:58,196 - banking_api_tests - INFO - [common_steps.py:341] - [SUCCESS] GET request completed successfully
2025-09-13 11:58:58,196 - banking_api_tests - INFO - [common_steps.py:484] - [VERIFY] Verifying response status code should be 404
2025-09-13 11:58:58,196 - banking_api_tests - INFO - [common_steps.py:491] - [INFO] Expected: 404, Actual: 404
2025-09-13 11:58:58,196 - banking_api_tests - INFO - [common_steps.py:494] - [SUCCESS] Status code assertion PASSED: 404
2025-09-13 11:58:58,197 - banking_api_tests - INFO - [common_steps.py:585] - [VERIFY] Verifying response is valid JSON
2025-09-13 11:58:58,197 - banking_api_tests - ERROR - [common_steps.py:604] - [ERROR] JSON validation FAILED: Expecting value: line 1 column 1 (char 0)
2025-09-13 11:58:58,197 - banking_api_tests - ERROR - [common_steps.py:605] - [BODY] Raw response content: Not Found...
2025-09-13 11:58:58,198 - banking_api_tests - ERROR - [environment.py:170] - [SAVE] Failure details saved to: logs/failures/FAILED_Retrieve_accounts_with_boundary_ID_values_--__1_4__20250913_115858.txt
2025-09-13 11:58:58,198 - banking_api_tests - INFO - [environment.py:331] - [END] ============================================================
2025-09-13 11:58:58,198 - banking_api_tests - INFO - [environment.py:332] - [FAILED] SCENARIO COMPLETE: Retrieve accounts with boundary ID values -- @1.4 
2025-09-13 11:58:58,198 - banking_api_tests - INFO - [environment.py:333] - [INFO] Status: [FAILED] FAILED
2025-09-13 11:58:58,198 - banking_api_tests - INFO - [environment.py:334] - [TIME]  Duration: 0:00:01.068003
2025-09-13 11:58:58,198 - banking_api_tests - INFO - [environment.py:335] - [URL] API Calls Made: 1
2025-09-13 11:58:58,198 - banking_api_tests - INFO - [environment.py:339] - [PERFORMANCE] Avg Response Time: 0.551s
2025-09-13 11:58:58,199 - banking_api_tests - INFO - [environment.py:340] - [INFO] Total Response Time: 0.551s
2025-09-13 11:58:58,199 - banking_api_tests - INFO - [environment.py:353] - [END] ============================================================
2025-09-13 11:58:58,199 - banking_api_tests - INFO - [environment.py:291] - [SCENARIO] ============================================================
2025-09-13 11:58:58,199 - banking_api_tests - INFO - [environment.py:292] - [TEST] SCENARIO START: Multiple concurrent account retrievals
2025-09-13 11:58:58,199 - banking_api_tests - INFO - [environment.py:293] - [FILE] Feature: Account Retrieval
2025-09-13 11:58:58,199 - banking_api_tests - INFO - [environment.py:294] - [LOCATION] Location: features/accounts/account_retrieval.feature:66
2025-09-13 11:58:58,200 - banking_api_tests - INFO - [environment.py:295] - [TAGS]  Tags: performance, load_testing
2025-09-13 11:58:58,200 - banking_api_tests - INFO - [environment.py:296] - [TIME] Start Time: 2025-09-13T11:58:58.199592
2025-09-13 11:58:58,200 - banking_api_tests - INFO - [environment.py:297] - [SCENARIO] ============================================================
2025-09-13 11:58:58,200 - banking_api_tests - INFO - [common_steps.py:153] - [API] Checking API availability...
2025-09-13 11:58:58,690 - banking_api_tests - INFO - [common_steps.py:163] - [RESPONSE] API Health Check - Status: 200
2025-09-13 11:58:58,690 - banking_api_tests - INFO - [common_steps.py:170] - [SUCCESS] API is available and responding
2025-09-13 11:58:58,692 - banking_api_tests - INFO - [common_steps.py:192] - [AUTH] Configuring authentication credentials...
2025-09-13 11:58:58,692 - banking_api_tests - INFO - [common_steps.py:201] - [AUTH] Auth Token Configured: ****************2024
2025-09-13 11:58:58,692 - banking_api_tests - INFO - [common_steps.py:211] - [SUCCESS] Authentication credentials validated and configured
2025-09-13 11:58:58,692 - banking_api_tests - INFO - [common_steps.py:305] - [REQUEST] Sending GET request to: /accounts/ACC001
2025-09-13 11:58:59,217 - banking_api_tests - INFO - [common_steps.py:327] - [RESPONSE] GET Response: 404
2025-09-13 11:58:59,217 - banking_api_tests - INFO - [common_steps.py:328] - [TIME] Response Time: 0.525s
2025-09-13 11:58:59,218 - banking_api_tests - INFO - [common_steps.py:341] - [SUCCESS] GET request completed successfully
2025-09-13 11:58:59,218 - banking_api_tests - INFO - [common_steps.py:305] - [REQUEST] Sending GET request to: /accounts/ACC002
2025-09-13 11:58:59,742 - banking_api_tests - INFO - [common_steps.py:327] - [RESPONSE] GET Response: 404
2025-09-13 11:58:59,743 - banking_api_tests - INFO - [common_steps.py:328] - [TIME] Response Time: 0.523s
2025-09-13 11:58:59,743 - banking_api_tests - INFO - [common_steps.py:341] - [SUCCESS] GET request completed successfully
2025-09-13 11:58:59,743 - banking_api_tests - INFO - [common_steps.py:970] - [VERIFY] Verifying response time is under 1500ms
2025-09-13 11:58:59,743 - banking_api_tests - INFO - [common_steps.py:989] - [SUCCESS] Response time assertion PASSED: 524ms <= 1500ms
2025-09-13 11:58:59,744 - banking_api_tests - INFO - [common_steps.py:879] - [VERIFY] Verifying response is successful (2xx status)
2025-09-13 11:58:59,744 - banking_api_tests - ERROR - [common_steps.py:891] - [ERROR] Success assertion FAILED: Status 404 is not successful
2025-09-13 11:58:59,744 - banking_api_tests - ERROR - [common_steps.py:892] - [BODY] Response content: Not Found...
2025-09-13 11:58:59,745 - banking_api_tests - ERROR - [environment.py:170] - [SAVE] Failure details saved to: logs/failures/FAILED_Multiple_concurrent_account_retrievals_20250913_115859.txt
2025-09-13 11:58:59,745 - banking_api_tests - INFO - [environment.py:331] - [END] ============================================================
2025-09-13 11:58:59,745 - banking_api_tests - INFO - [environment.py:332] - [FAILED] SCENARIO COMPLETE: Multiple concurrent account retrievals
2025-09-13 11:58:59,745 - banking_api_tests - INFO - [environment.py:333] - [INFO] Status: [FAILED] FAILED
2025-09-13 11:58:59,746 - banking_api_tests - INFO - [environment.py:334] - [TIME]  Duration: 0:00:01.545129
2025-09-13 11:58:59,746 - banking_api_tests - INFO - [environment.py:335] - [URL] API Calls Made: 2
2025-09-13 11:58:59,746 - banking_api_tests - INFO - [environment.py:339] - [PERFORMANCE] Avg Response Time: 0.524s
2025-09-13 11:58:59,746 - banking_api_tests - INFO - [environment.py:340] - [INFO] Total Response Time: 1.048s
2025-09-13 11:58:59,746 - banking_api_tests - ERROR - [environment.py:344] - [ERROR] Last Error: Success assertion failed - Status 404 is not in 2xx range
2025-09-13 11:58:59,746 - banking_api_tests - INFO - [environment.py:353] - [END] ============================================================
2025-09-13 11:58:59,747 - banking_api_tests - INFO - [environment.py:291] - [SCENARIO] ============================================================
2025-09-13 11:58:59,748 - banking_api_tests - INFO - [environment.py:292] - [TEST] SCENARIO START: Verify account response data types and formats
2025-09-13 11:58:59,748 - banking_api_tests - INFO - [environment.py:293] - [FILE] Feature: Account Retrieval
2025-09-13 11:58:59,748 - banking_api_tests - INFO - [environment.py:294] - [LOCATION] Location: features/accounts/account_retrieval.feature:73
2025-09-13 11:58:59,748 - banking_api_tests - INFO - [environment.py:295] - [TAGS]  Tags: data_validation
2025-09-13 11:58:59,748 - banking_api_tests - INFO - [environment.py:296] - [TIME] Start Time: 2025-09-13T11:58:59.747907
2025-09-13 11:58:59,748 - banking_api_tests - INFO - [environment.py:297] - [SCENARIO] ============================================================
2025-09-13 11:58:59,749 - banking_api_tests - INFO - [common_steps.py:153] - [API] Checking API availability...
2025-09-13 11:59:00,243 - banking_api_tests - INFO - [common_steps.py:163] - [RESPONSE] API Health Check - Status: 200
2025-09-13 11:59:00,243 - banking_api_tests - INFO - [common_steps.py:170] - [SUCCESS] API is available and responding
2025-09-13 11:59:00,245 - banking_api_tests - INFO - [common_steps.py:192] - [AUTH] Configuring authentication credentials...
2025-09-13 11:59:00,245 - banking_api_tests - INFO - [common_steps.py:201] - [AUTH] Auth Token Configured: ****************2024
2025-09-13 11:59:00,245 - banking_api_tests - INFO - [common_steps.py:211] - [SUCCESS] Authentication credentials validated and configured
2025-09-13 11:59:00,246 - banking_api_tests - INFO - [common_steps.py:305] - [REQUEST] Sending GET request to: /accounts/ACC001
2025-09-13 11:59:00,771 - banking_api_tests - INFO - [common_steps.py:327] - [RESPONSE] GET Response: 404
2025-09-13 11:59:00,771 - banking_api_tests - INFO - [common_steps.py:328] - [TIME] Response Time: 0.525s
2025-09-13 11:59:00,771 - banking_api_tests - INFO - [common_steps.py:341] - [SUCCESS] GET request completed successfully
2025-09-13 11:59:00,772 - banking_api_tests - INFO - [common_steps.py:484] - [VERIFY] Verifying response status code should be 200
2025-09-13 11:59:00,772 - banking_api_tests - INFO - [common_steps.py:491] - [INFO] Expected: 200, Actual: 404
2025-09-13 11:59:00,772 - banking_api_tests - ERROR - [common_steps.py:496] - [ERROR] Status code assertion FAILED: Expected 200, got 404
2025-09-13 11:59:00,772 - banking_api_tests - ERROR - [common_steps.py:497] - [BODY] Response content: Not Found...
2025-09-13 11:59:00,773 - banking_api_tests - ERROR - [environment.py:170] - [SAVE] Failure details saved to: logs/failures/FAILED_Verify_account_response_data_types_and_formats_20250913_115900.txt
2025-09-13 11:59:00,773 - banking_api_tests - INFO - [environment.py:331] - [END] ============================================================
2025-09-13 11:59:00,773 - banking_api_tests - INFO - [environment.py:332] - [FAILED] SCENARIO COMPLETE: Verify account response data types and formats
2025-09-13 11:59:00,773 - banking_api_tests - INFO - [environment.py:333] - [INFO] Status: [FAILED] FAILED
2025-09-13 11:59:00,774 - banking_api_tests - INFO - [environment.py:334] - [TIME]  Duration: 0:00:01.024985
2025-09-13 11:59:00,774 - banking_api_tests - INFO - [environment.py:335] - [URL] API Calls Made: 1
2025-09-13 11:59:00,774 - banking_api_tests - INFO - [environment.py:339] - [PERFORMANCE] Avg Response Time: 0.525s
2025-09-13 11:59:00,774 - banking_api_tests - INFO - [environment.py:340] - [INFO] Total Response Time: 0.525s
2025-09-13 11:59:00,774 - banking_api_tests - ERROR - [environment.py:344] - [ERROR] Last Error: Status code assertion failed - Expected: 200, Actual: 404
2025-09-13 11:59:00,774 - banking_api_tests - INFO - [environment.py:353] - [END] ============================================================
2025-09-13 11:59:00,776 - banking_api_tests - INFO - [environment.py:291] - [SCENARIO] ============================================================
2025-09-13 11:59:00,776 - banking_api_tests - INFO - [environment.py:292] - [TEST] SCENARIO START: Verify correlation ID is propagated in account retrieval
2025-09-13 11:59:00,776 - banking_api_tests - INFO - [environment.py:293] - [FILE] Feature: Account Retrieval
2025-09-13 11:59:00,776 - banking_api_tests - INFO - [environment.py:294] - [LOCATION] Location: features/accounts/account_retrieval.feature:84
2025-09-13 11:59:00,777 - banking_api_tests - INFO - [environment.py:295] - [TAGS]  Tags: correlation_tracking
2025-09-13 11:59:00,777 - banking_api_tests - INFO - [environment.py:296] - [TIME] Start Time: 2025-09-13T11:59:00.776382
2025-09-13 11:59:00,777 - banking_api_tests - INFO - [environment.py:297] - [SCENARIO] ============================================================
2025-09-13 11:59:00,778 - banking_api_tests - INFO - [common_steps.py:153] - [API] Checking API availability...
2025-09-13 11:59:01,535 - banking_api_tests - INFO - [common_steps.py:163] - [RESPONSE] API Health Check - Status: 200
2025-09-13 11:59:01,535 - banking_api_tests - INFO - [common_steps.py:170] - [SUCCESS] API is available and responding
2025-09-13 11:59:01,537 - banking_api_tests - INFO - [common_steps.py:192] - [AUTH] Configuring authentication credentials...
2025-09-13 11:59:01,537 - banking_api_tests - INFO - [common_steps.py:201] - [AUTH] Auth Token Configured: ****************2024
2025-09-13 11:59:01,537 - banking_api_tests - INFO - [common_steps.py:211] - [SUCCESS] Authentication credentials validated and configured
2025-09-13 11:59:01,537 - banking_api_tests - INFO - [common_steps.py:221] - [CORRELATION] Setting correlation ID: test-acc-001
2025-09-13 11:59:01,538 - banking_api_tests - INFO - [common_steps.py:305] - [REQUEST] Sending GET request to: /accounts/ACC001
2025-09-13 11:59:02,049 - banking_api_tests - INFO - [common_steps.py:327] - [RESPONSE] GET Response: 404
2025-09-13 11:59:02,050 - banking_api_tests - INFO - [common_steps.py:328] - [TIME] Response Time: 0.512s
2025-09-13 11:59:02,050 - banking_api_tests - INFO - [common_steps.py:341] - [SUCCESS] GET request completed successfully
2025-09-13 11:59:02,050 - banking_api_tests - INFO - [common_steps.py:484] - [VERIFY] Verifying response status code should be 200
2025-09-13 11:59:02,050 - banking_api_tests - INFO - [common_steps.py:491] - [INFO] Expected: 200, Actual: 404
2025-09-13 11:59:02,050 - banking_api_tests - ERROR - [common_steps.py:496] - [ERROR] Status code assertion FAILED: Expected 200, got 404
2025-09-13 11:59:02,051 - banking_api_tests - ERROR - [common_steps.py:497] - [BODY] Response content: Not Found...
2025-09-13 11:59:02,052 - banking_api_tests - ERROR - [environment.py:170] - [SAVE] Failure details saved to: logs/failures/FAILED_Verify_correlation_ID_is_propagated_in_account_ret_20250913_115902.txt
2025-09-13 11:59:02,052 - banking_api_tests - INFO - [environment.py:331] - [END] ============================================================
2025-09-13 11:59:02,052 - banking_api_tests - INFO - [environment.py:332] - [FAILED] SCENARIO COMPLETE: Verify correlation ID is propagated in account retrieval
2025-09-13 11:59:02,052 - banking_api_tests - INFO - [environment.py:333] - [INFO] Status: [FAILED] FAILED
2025-09-13 11:59:02,052 - banking_api_tests - INFO - [environment.py:334] - [TIME]  Duration: 0:00:01.275019
2025-09-13 11:59:02,052 - banking_api_tests - INFO - [environment.py:335] - [URL] API Calls Made: 1
2025-09-13 11:59:02,052 - banking_api_tests - INFO - [environment.py:339] - [PERFORMANCE] Avg Response Time: 0.512s
2025-09-13 11:59:02,052 - banking_api_tests - INFO - [environment.py:340] - [INFO] Total Response Time: 0.512s
2025-09-13 11:59:02,052 - banking_api_tests - ERROR - [environment.py:344] - [ERROR] Last Error: Status code assertion failed - Expected: 200, Actual: 404
2025-09-13 11:59:02,053 - banking_api_tests - INFO - [environment.py:353] - [END] ============================================================
2025-09-13 11:59:02,054 - banking_api_tests - INFO - [environment.py:291] - [SCENARIO] ============================================================
2025-09-13 11:59:02,054 - banking_api_tests - INFO - [environment.py:292] - [TEST] SCENARIO START: Verify consistent response for repeated requests
2025-09-13 11:59:02,054 - banking_api_tests - INFO - [environment.py:293] - [FILE] Feature: Account Retrieval
2025-09-13 11:59:02,054 - banking_api_tests - INFO - [environment.py:294] - [LOCATION] Location: features/accounts/account_retrieval.feature:91
2025-09-13 11:59:02,055 - banking_api_tests - INFO - [environment.py:295] - [TAGS]  Tags: caching_behavior
2025-09-13 11:59:02,055 - banking_api_tests - INFO - [environment.py:296] - [TIME] Start Time: 2025-09-13T11:59:02.054423
2025-09-13 11:59:02,055 - banking_api_tests - INFO - [environment.py:297] - [SCENARIO] ============================================================
2025-09-13 11:59:02,056 - banking_api_tests - INFO - [common_steps.py:153] - [API] Checking API availability...
2025-09-13 11:59:02,550 - banking_api_tests - INFO - [common_steps.py:163] - [RESPONSE] API Health Check - Status: 200
2025-09-13 11:59:02,550 - banking_api_tests - INFO - [common_steps.py:170] - [SUCCESS] API is available and responding
2025-09-13 11:59:02,551 - banking_api_tests - INFO - [common_steps.py:192] - [AUTH] Configuring authentication credentials...
2025-09-13 11:59:02,552 - banking_api_tests - INFO - [common_steps.py:201] - [AUTH] Auth Token Configured: ****************2024
2025-09-13 11:59:02,552 - banking_api_tests - INFO - [common_steps.py:211] - [SUCCESS] Authentication credentials validated and configured
2025-09-13 11:59:02,552 - banking_api_tests - INFO - [common_steps.py:305] - [REQUEST] Sending GET request to: /accounts/ACC001
2025-09-13 11:59:03,055 - banking_api_tests - INFO - [common_steps.py:327] - [RESPONSE] GET Response: 404
2025-09-13 11:59:03,055 - banking_api_tests - INFO - [common_steps.py:328] - [TIME] Response Time: 0.502s
2025-09-13 11:59:03,055 - banking_api_tests - INFO - [common_steps.py:341] - [SUCCESS] GET request completed successfully
2025-09-13 11:59:03,055 - banking_api_tests - INFO - [common_steps.py:484] - [VERIFY] Verifying response status code should be 200
2025-09-13 11:59:03,055 - banking_api_tests - INFO - [common_steps.py:491] - [INFO] Expected: 200, Actual: 404
2025-09-13 11:59:03,056 - banking_api_tests - ERROR - [common_steps.py:496] - [ERROR] Status code assertion FAILED: Expected 200, got 404
2025-09-13 11:59:03,056 - banking_api_tests - ERROR - [common_steps.py:497] - [BODY] Response content: Not Found...
2025-09-13 11:59:03,057 - banking_api_tests - ERROR - [environment.py:170] - [SAVE] Failure details saved to: logs/failures/FAILED_Verify_consistent_response_for_repeated_requests_20250913_115903.txt
2025-09-13 11:59:03,057 - banking_api_tests - INFO - [environment.py:331] - [END] ============================================================
2025-09-13 11:59:03,057 - banking_api_tests - INFO - [environment.py:332] - [FAILED] SCENARIO COMPLETE: Verify consistent response for repeated requests
2025-09-13 11:59:03,057 - banking_api_tests - INFO - [environment.py:333] - [INFO] Status: [FAILED] FAILED
2025-09-13 11:59:03,057 - banking_api_tests - INFO - [environment.py:334] - [TIME]  Duration: 0:00:01.002108
2025-09-13 11:59:03,057 - banking_api_tests - INFO - [environment.py:335] - [URL] API Calls Made: 1
2025-09-13 11:59:03,057 - banking_api_tests - INFO - [environment.py:339] - [PERFORMANCE] Avg Response Time: 0.502s
2025-09-13 11:59:03,057 - banking_api_tests - INFO - [environment.py:340] - [INFO] Total Response Time: 0.502s
2025-09-13 11:59:03,058 - banking_api_tests - ERROR - [environment.py:344] - [ERROR] Last Error: Status code assertion failed - Expected: 200, Actual: 404
2025-09-13 11:59:03,058 - banking_api_tests - INFO - [environment.py:353] - [END] ============================================================
2025-09-13 11:59:03,059 - banking_api_tests - INFO - [environment.py:291] - [SCENARIO] ============================================================
2025-09-13 11:59:03,060 - banking_api_tests - INFO - [environment.py:292] - [TEST] SCENARIO START: Verify account retrieval response headers
2025-09-13 11:59:03,060 - banking_api_tests - INFO - [environment.py:293] - [FILE] Feature: Account Retrieval
2025-09-13 11:59:03,060 - banking_api_tests - INFO - [environment.py:294] - [LOCATION] Location: features/accounts/account_retrieval.feature:101
2025-09-13 11:59:03,060 - banking_api_tests - INFO - [environment.py:295] - [TAGS]  Tags: response_headers
2025-09-13 11:59:03,060 - banking_api_tests - INFO - [environment.py:296] - [TIME] Start Time: 2025-09-13T11:59:03.059768
2025-09-13 11:59:03,060 - banking_api_tests - INFO - [environment.py:297] - [SCENARIO] ============================================================
2025-09-13 11:59:03,061 - banking_api_tests - INFO - [common_steps.py:153] - [API] Checking API availability...
2025-09-13 11:59:03,547 - banking_api_tests - INFO - [common_steps.py:163] - [RESPONSE] API Health Check - Status: 200
2025-09-13 11:59:03,547 - banking_api_tests - INFO - [common_steps.py:170] - [SUCCESS] API is available and responding
2025-09-13 11:59:03,548 - banking_api_tests - INFO - [common_steps.py:192] - [AUTH] Configuring authentication credentials...
2025-09-13 11:59:03,548 - banking_api_tests - INFO - [common_steps.py:201] - [AUTH] Auth Token Configured: ****************2024
2025-09-13 11:59:03,548 - banking_api_tests - INFO - [common_steps.py:211] - [SUCCESS] Authentication credentials validated and configured
2025-09-13 11:59:03,549 - banking_api_tests - INFO - [common_steps.py:305] - [REQUEST] Sending GET request to: /accounts/ACC001
2025-09-13 11:59:04,066 - banking_api_tests - INFO - [common_steps.py:327] - [RESPONSE] GET Response: 404
2025-09-13 11:59:04,067 - banking_api_tests - INFO - [common_steps.py:328] - [TIME] Response Time: 0.518s
2025-09-13 11:59:04,067 - banking_api_tests - INFO - [common_steps.py:341] - [SUCCESS] GET request completed successfully
2025-09-13 11:59:04,067 - banking_api_tests - INFO - [common_steps.py:484] - [VERIFY] Verifying response status code should be 200
2025-09-13 11:59:04,067 - banking_api_tests - INFO - [common_steps.py:491] - [INFO] Expected: 200, Actual: 404
2025-09-13 11:59:04,068 - banking_api_tests - ERROR - [common_steps.py:496] - [ERROR] Status code assertion FAILED: Expected 200, got 404
2025-09-13 11:59:04,068 - banking_api_tests - ERROR - [common_steps.py:497] - [BODY] Response content: Not Found...
2025-09-13 11:59:04,069 - banking_api_tests - ERROR - [environment.py:170] - [SAVE] Failure details saved to: logs/failures/FAILED_Verify_account_retrieval_response_headers_20250913_115904.txt
2025-09-13 11:59:04,069 - banking_api_tests - INFO - [environment.py:331] - [END] ============================================================
2025-09-13 11:59:04,069 - banking_api_tests - INFO - [environment.py:332] - [FAILED] SCENARIO COMPLETE: Verify account retrieval response headers
2025-09-13 11:59:04,069 - banking_api_tests - INFO - [environment.py:333] - [INFO] Status: [FAILED] FAILED
2025-09-13 11:59:04,069 - banking_api_tests - INFO - [environment.py:334] - [TIME]  Duration: 0:00:01.008776
2025-09-13 11:59:04,069 - banking_api_tests - INFO - [environment.py:335] - [URL] API Calls Made: 1
2025-09-13 11:59:04,069 - banking_api_tests - INFO - [environment.py:339] - [PERFORMANCE] Avg Response Time: 0.518s
2025-09-13 11:59:04,069 - banking_api_tests - INFO - [environment.py:340] - [INFO] Total Response Time: 0.518s
2025-09-13 11:59:04,070 - banking_api_tests - ERROR - [environment.py:344] - [ERROR] Last Error: Status code assertion failed - Expected: 200, Actual: 404
2025-09-13 11:59:04,070 - banking_api_tests - INFO - [environment.py:353] - [END] ============================================================
2025-09-13 11:59:04,072 - banking_api_tests - INFO - [environment.py:291] - [SCENARIO] ============================================================
2025-09-13 11:59:04,072 - banking_api_tests - INFO - [environment.py:292] - [TEST] SCENARIO START: Account retrieval with special characters in ID -- @1.1 
2025-09-13 11:59:04,072 - banking_api_tests - INFO - [environment.py:293] - [FILE] Feature: Account Retrieval
2025-09-13 11:59:04,072 - banking_api_tests - INFO - [environment.py:294] - [LOCATION] Location: features/accounts/account_retrieval.feature:115
2025-09-13 11:59:04,072 - banking_api_tests - INFO - [environment.py:295] - [TAGS]  Tags: edge_cases
2025-09-13 11:59:04,072 - banking_api_tests - INFO - [environment.py:296] - [TIME] Start Time: 2025-09-13T11:59:04.072263
2025-09-13 11:59:04,072 - banking_api_tests - INFO - [environment.py:297] - [SCENARIO] ============================================================
2025-09-13 11:59:04,073 - banking_api_tests - INFO - [common_steps.py:153] - [API] Checking API availability...
2025-09-13 11:59:04,564 - banking_api_tests - INFO - [common_steps.py:163] - [RESPONSE] API Health Check - Status: 200
2025-09-13 11:59:04,565 - banking_api_tests - INFO - [common_steps.py:170] - [SUCCESS] API is available and responding
2025-09-13 11:59:04,566 - banking_api_tests - INFO - [common_steps.py:192] - [AUTH] Configuring authentication credentials...
2025-09-13 11:59:04,566 - banking_api_tests - INFO - [common_steps.py:201] - [AUTH] Auth Token Configured: ****************2024
2025-09-13 11:59:04,566 - banking_api_tests - INFO - [common_steps.py:211] - [SUCCESS] Authentication credentials validated and configured
2025-09-13 11:59:04,567 - banking_api_tests - INFO - [common_steps.py:305] - [REQUEST] Sending GET request to: /accounts/ACC@001
2025-09-13 11:59:05,113 - banking_api_tests - INFO - [common_steps.py:327] - [RESPONSE] GET Response: 404
2025-09-13 11:59:05,113 - banking_api_tests - INFO - [common_steps.py:328] - [TIME] Response Time: 0.546s
2025-09-13 11:59:05,113 - banking_api_tests - INFO - [common_steps.py:341] - [SUCCESS] GET request completed successfully
2025-09-13 11:59:05,114 - banking_api_tests - INFO - [common_steps.py:484] - [VERIFY] Verifying response status code should be 404
2025-09-13 11:59:05,114 - banking_api_tests - INFO - [common_steps.py:491] - [INFO] Expected: 404, Actual: 404
2025-09-13 11:59:05,114 - banking_api_tests - INFO - [common_steps.py:494] - [SUCCESS] Status code assertion PASSED: 404
2025-09-13 11:59:05,114 - banking_api_tests - INFO - [common_steps.py:910] - [VERIFY] Verifying response contains error message
2025-09-13 11:59:05,115 - banking_api_tests - ERROR - [common_steps.py:946] - [ERROR] JSON decode error: Expecting value: line 1 column 1 (char 0)
2025-09-13 11:59:05,115 - banking_api_tests - ERROR - [common_steps.py:947] - [BODY] Raw response: Not Found...
2025-09-13 11:59:05,116 - banking_api_tests - ERROR - [environment.py:170] - [SAVE] Failure details saved to: logs/failures/FAILED_Account_retrieval_with_special_characters_in_ID_--_20250913_115905.txt
2025-09-13 11:59:05,116 - banking_api_tests - INFO - [environment.py:331] - [END] ============================================================
2025-09-13 11:59:05,116 - banking_api_tests - INFO - [environment.py:332] - [FAILED] SCENARIO COMPLETE: Account retrieval with special characters in ID -- @1.1 
2025-09-13 11:59:05,116 - banking_api_tests - INFO - [environment.py:333] - [INFO] Status: [FAILED] FAILED
2025-09-13 11:59:05,116 - banking_api_tests - INFO - [environment.py:334] - [TIME]  Duration: 0:00:01.043273
2025-09-13 11:59:05,116 - banking_api_tests - INFO - [environment.py:335] - [URL] API Calls Made: 1
2025-09-13 11:59:05,116 - banking_api_tests - INFO - [environment.py:339] - [PERFORMANCE] Avg Response Time: 0.546s
2025-09-13 11:59:05,117 - banking_api_tests - INFO - [environment.py:340] - [INFO] Total Response Time: 0.546s
2025-09-13 11:59:05,117 - banking_api_tests - ERROR - [environment.py:344] - [ERROR] Last Error: JSON decode error and no error text found: Expecting value: line 1 column 1 (char 0)
2025-09-13 11:59:05,117 - banking_api_tests - INFO - [environment.py:353] - [END] ============================================================
2025-09-13 11:59:05,117 - banking_api_tests - INFO - [environment.py:291] - [SCENARIO] ============================================================
2025-09-13 11:59:05,117 - banking_api_tests - INFO - [environment.py:292] - [TEST] SCENARIO START: Account retrieval with special characters in ID -- @1.2 
2025-09-13 11:59:05,117 - banking_api_tests - INFO - [environment.py:293] - [FILE] Feature: Account Retrieval
2025-09-13 11:59:05,118 - banking_api_tests - INFO - [environment.py:294] - [LOCATION] Location: features/accounts/account_retrieval.feature:116
2025-09-13 11:59:05,118 - banking_api_tests - INFO - [environment.py:295] - [TAGS]  Tags: edge_cases
2025-09-13 11:59:05,118 - banking_api_tests - INFO - [environment.py:296] - [TIME] Start Time: 2025-09-13T11:59:05.117717
2025-09-13 11:59:05,118 - banking_api_tests - INFO - [environment.py:297] - [SCENARIO] ============================================================
2025-09-13 11:59:05,118 - banking_api_tests - INFO - [common_steps.py:153] - [API] Checking API availability...
2025-09-13 11:59:05,617 - banking_api_tests - INFO - [common_steps.py:163] - [RESPONSE] API Health Check - Status: 200
2025-09-13 11:59:05,617 - banking_api_tests - INFO - [common_steps.py:170] - [SUCCESS] API is available and responding
2025-09-13 11:59:05,618 - banking_api_tests - INFO - [common_steps.py:192] - [AUTH] Configuring authentication credentials...
2025-09-13 11:59:05,618 - banking_api_tests - INFO - [common_steps.py:201] - [AUTH] Auth Token Configured: ****************2024
2025-09-13 11:59:05,619 - banking_api_tests - INFO - [common_steps.py:211] - [SUCCESS] Authentication credentials validated and configured
2025-09-13 11:59:05,619 - banking_api_tests - INFO - [common_steps.py:305] - [REQUEST] Sending GET request to: /accounts/ACC 001
2025-09-13 11:59:06,114 - banking_api_tests - INFO - [common_steps.py:327] - [RESPONSE] GET Response: 404
2025-09-13 11:59:06,115 - banking_api_tests - INFO - [common_steps.py:328] - [TIME] Response Time: 0.495s
2025-09-13 11:59:06,115 - banking_api_tests - INFO - [common_steps.py:341] - [SUCCESS] GET request completed successfully
2025-09-13 11:59:06,115 - banking_api_tests - INFO - [common_steps.py:484] - [VERIFY] Verifying response status code should be 404
2025-09-13 11:59:06,115 - banking_api_tests - INFO - [common_steps.py:491] - [INFO] Expected: 404, Actual: 404
2025-09-13 11:59:06,115 - banking_api_tests - INFO - [common_steps.py:494] - [SUCCESS] Status code assertion PASSED: 404
2025-09-13 11:59:06,116 - banking_api_tests - INFO - [common_steps.py:910] - [VERIFY] Verifying response contains error message
2025-09-13 11:59:06,116 - banking_api_tests - ERROR - [common_steps.py:946] - [ERROR] JSON decode error: Expecting value: line 1 column 1 (char 0)
2025-09-13 11:59:06,116 - banking_api_tests - ERROR - [common_steps.py:947] - [BODY] Raw response: Not Found...
2025-09-13 11:59:06,117 - banking_api_tests - ERROR - [environment.py:170] - [SAVE] Failure details saved to: logs/failures/FAILED_Account_retrieval_with_special_characters_in_ID_--_20250913_115906.txt
2025-09-13 11:59:06,118 - banking_api_tests - INFO - [environment.py:331] - [END] ============================================================
2025-09-13 11:59:06,118 - banking_api_tests - INFO - [environment.py:332] - [FAILED] SCENARIO COMPLETE: Account retrieval with special characters in ID -- @1.2 
2025-09-13 11:59:06,118 - banking_api_tests - INFO - [environment.py:333] - [INFO] Status: [FAILED] FAILED
2025-09-13 11:59:06,118 - banking_api_tests - INFO - [environment.py:334] - [TIME]  Duration: 0:00:00.999270
2025-09-13 11:59:06,118 - banking_api_tests - INFO - [environment.py:335] - [URL] API Calls Made: 1
2025-09-13 11:59:06,118 - banking_api_tests - INFO - [environment.py:339] - [PERFORMANCE] Avg Response Time: 0.495s
2025-09-13 11:59:06,118 - banking_api_tests - INFO - [environment.py:340] - [INFO] Total Response Time: 0.495s
2025-09-13 11:59:06,118 - banking_api_tests - ERROR - [environment.py:344] - [ERROR] Last Error: JSON decode error and no error text found: Expecting value: line 1 column 1 (char 0)
2025-09-13 11:59:06,118 - banking_api_tests - INFO - [environment.py:353] - [END] ============================================================
2025-09-13 11:59:06,119 - banking_api_tests - INFO - [environment.py:291] - [SCENARIO] ============================================================
2025-09-13 11:59:06,119 - banking_api_tests - INFO - [environment.py:292] - [TEST] SCENARIO START: Account retrieval with special characters in ID -- @1.3 
2025-09-13 11:59:06,119 - banking_api_tests - INFO - [environment.py:293] - [FILE] Feature: Account Retrieval
2025-09-13 11:59:06,119 - banking_api_tests - INFO - [environment.py:294] - [LOCATION] Location: features/accounts/account_retrieval.feature:117
2025-09-13 11:59:06,119 - banking_api_tests - INFO - [environment.py:295] - [TAGS]  Tags: edge_cases
2025-09-13 11:59:06,120 - banking_api_tests - INFO - [environment.py:296] - [TIME] Start Time: 2025-09-13T11:59:06.119448
2025-09-13 11:59:06,120 - banking_api_tests - INFO - [environment.py:297] - [SCENARIO] ============================================================
2025-09-13 11:59:06,120 - banking_api_tests - INFO - [common_steps.py:153] - [API] Checking API availability...
2025-09-13 11:59:06,656 - banking_api_tests - INFO - [common_steps.py:163] - [RESPONSE] API Health Check - Status: 200
2025-09-13 11:59:06,657 - banking_api_tests - INFO - [common_steps.py:170] - [SUCCESS] API is available and responding
2025-09-13 11:59:06,658 - banking_api_tests - INFO - [common_steps.py:192] - [AUTH] Configuring authentication credentials...
2025-09-13 11:59:06,658 - banking_api_tests - INFO - [common_steps.py:201] - [AUTH] Auth Token Configured: ****************2024
2025-09-13 11:59:06,659 - banking_api_tests - INFO - [common_steps.py:211] - [SUCCESS] Authentication credentials validated and configured
2025-09-13 11:59:06,659 - banking_api_tests - INFO - [common_steps.py:305] - [REQUEST] Sending GET request to: /accounts/ACC#001
2025-09-13 11:59:07,155 - banking_api_tests - INFO - [common_steps.py:327] - [RESPONSE] GET Response: 404
2025-09-13 11:59:07,155 - banking_api_tests - INFO - [common_steps.py:328] - [TIME] Response Time: 0.496s
2025-09-13 11:59:07,155 - banking_api_tests - INFO - [common_steps.py:341] - [SUCCESS] GET request completed successfully
2025-09-13 11:59:07,156 - banking_api_tests - INFO - [common_steps.py:484] - [VERIFY] Verifying response status code should be 404
2025-09-13 11:59:07,156 - banking_api_tests - INFO - [common_steps.py:491] - [INFO] Expected: 404, Actual: 404
2025-09-13 11:59:07,156 - banking_api_tests - INFO - [common_steps.py:494] - [SUCCESS] Status code assertion PASSED: 404
2025-09-13 11:59:07,156 - banking_api_tests - INFO - [common_steps.py:910] - [VERIFY] Verifying response contains error message
2025-09-13 11:59:07,156 - banking_api_tests - ERROR - [common_steps.py:946] - [ERROR] JSON decode error: Expecting value: line 1 column 1 (char 0)
2025-09-13 11:59:07,157 - banking_api_tests - ERROR - [common_steps.py:947] - [BODY] Raw response: Not Found...
2025-09-13 11:59:07,158 - banking_api_tests - ERROR - [environment.py:170] - [SAVE] Failure details saved to: logs/failures/FAILED_Account_retrieval_with_special_characters_in_ID_--_20250913_115907.txt
2025-09-13 11:59:07,158 - banking_api_tests - INFO - [environment.py:331] - [END] ============================================================
2025-09-13 11:59:07,158 - banking_api_tests - INFO - [environment.py:332] - [FAILED] SCENARIO COMPLETE: Account retrieval with special characters in ID -- @1.3 
2025-09-13 11:59:07,158 - banking_api_tests - INFO - [environment.py:333] - [INFO] Status: [FAILED] FAILED
2025-09-13 11:59:07,159 - banking_api_tests - INFO - [environment.py:334] - [TIME]  Duration: 0:00:01.037902
2025-09-13 11:59:07,159 - banking_api_tests - INFO - [environment.py:335] - [URL] API Calls Made: 1
2025-09-13 11:59:07,159 - banking_api_tests - INFO - [environment.py:339] - [PERFORMANCE] Avg Response Time: 0.496s
2025-09-13 11:59:07,159 - banking_api_tests - INFO - [environment.py:340] - [INFO] Total Response Time: 0.496s
2025-09-13 11:59:07,159 - banking_api_tests - ERROR - [environment.py:344] - [ERROR] Last Error: JSON decode error and no error text found: Expecting value: line 1 column 1 (char 0)
2025-09-13 11:59:07,159 - banking_api_tests - INFO - [environment.py:353] - [END] ============================================================
2025-09-13 11:59:07,160 - banking_api_tests - INFO - [environment.py:291] - [SCENARIO] ============================================================
2025-09-13 11:59:07,160 - banking_api_tests - INFO - [environment.py:292] - [TEST] SCENARIO START: Account retrieval with special characters in ID -- @1.4 
2025-09-13 11:59:07,160 - banking_api_tests - INFO - [environment.py:293] - [FILE] Feature: Account Retrieval
2025-09-13 11:59:07,160 - banking_api_tests - INFO - [environment.py:294] - [LOCATION] Location: features/accounts/account_retrieval.feature:118
2025-09-13 11:59:07,160 - banking_api_tests - INFO - [environment.py:295] - [TAGS]  Tags: edge_cases
2025-09-13 11:59:07,160 - banking_api_tests - INFO - [environment.py:296] - [TIME] Start Time: 2025-09-13T11:59:07.160103
2025-09-13 11:59:07,160 - banking_api_tests - INFO - [environment.py:297] - [SCENARIO] ============================================================
2025-09-13 11:59:07,161 - banking_api_tests - INFO - [common_steps.py:153] - [API] Checking API availability...
2025-09-13 11:59:07,651 - banking_api_tests - INFO - [common_steps.py:163] - [RESPONSE] API Health Check - Status: 200
2025-09-13 11:59:07,651 - banking_api_tests - INFO - [common_steps.py:170] - [SUCCESS] API is available and responding
2025-09-13 11:59:07,652 - banking_api_tests - INFO - [common_steps.py:192] - [AUTH] Configuring authentication credentials...
2025-09-13 11:59:07,652 - banking_api_tests - INFO - [common_steps.py:201] - [AUTH] Auth Token Configured: ****************2024
2025-09-13 11:59:07,653 - banking_api_tests - INFO - [common_steps.py:211] - [SUCCESS] Authentication credentials validated and configured
2025-09-13 11:59:07,653 - banking_api_tests - INFO - [common_steps.py:305] - [REQUEST] Sending GET request to: /accounts/ACC%001
2025-09-13 11:59:08,141 - banking_api_tests - INFO - [common_steps.py:327] - [RESPONSE] GET Response: 400
2025-09-13 11:59:08,141 - banking_api_tests - INFO - [common_steps.py:328] - [TIME] Response Time: 0.488s
2025-09-13 11:59:08,142 - banking_api_tests - INFO - [common_steps.py:341] - [SUCCESS] GET request completed successfully
2025-09-13 11:59:08,142 - banking_api_tests - INFO - [common_steps.py:484] - [VERIFY] Verifying response status code should be 404
2025-09-13 11:59:08,142 - banking_api_tests - INFO - [common_steps.py:491] - [INFO] Expected: 404, Actual: 400
2025-09-13 11:59:08,142 - banking_api_tests - ERROR - [common_steps.py:496] - [ERROR] Status code assertion FAILED: Expected 404, got 400
2025-09-13 11:59:08,142 - banking_api_tests - ERROR - [common_steps.py:497] - [BODY] Response content: ...
2025-09-13 11:59:08,143 - banking_api_tests - ERROR - [environment.py:170] - [SAVE] Failure details saved to: logs/failures/FAILED_Account_retrieval_with_special_characters_in_ID_--_20250913_115908.txt
2025-09-13 11:59:08,144 - banking_api_tests - INFO - [environment.py:331] - [END] ============================================================
2025-09-13 11:59:08,144 - banking_api_tests - INFO - [environment.py:332] - [FAILED] SCENARIO COMPLETE: Account retrieval with special characters in ID -- @1.4 
2025-09-13 11:59:08,144 - banking_api_tests - INFO - [environment.py:333] - [INFO] Status: [FAILED] FAILED
2025-09-13 11:59:08,144 - banking_api_tests - INFO - [environment.py:334] - [TIME]  Duration: 0:00:00.983124
2025-09-13 11:59:08,144 - banking_api_tests - INFO - [environment.py:335] - [URL] API Calls Made: 1
2025-09-13 11:59:08,144 - banking_api_tests - INFO - [environment.py:339] - [PERFORMANCE] Avg Response Time: 0.488s
2025-09-13 11:59:08,144 - banking_api_tests - INFO - [environment.py:340] - [INFO] Total Response Time: 0.488s
2025-09-13 11:59:08,145 - banking_api_tests - ERROR - [environment.py:344] - [ERROR] Last Error: Status code assertion failed - Expected: 404, Actual: 400
2025-09-13 11:59:08,145 - banking_api_tests - INFO - [environment.py:353] - [END] ============================================================
2025-09-13 11:59:08,147 - banking_api_tests - INFO - [environment.py:291] - [SCENARIO] ============================================================
2025-09-13 11:59:08,147 - banking_api_tests - INFO - [environment.py:292] - [TEST] SCENARIO START: Successful API access with valid bearer token
2025-09-13 11:59:08,147 - banking_api_tests - INFO - [environment.py:293] - [FILE] Feature: Authentication and Security
2025-09-13 11:59:08,147 - banking_api_tests - INFO - [environment.py:294] - [LOCATION] Location: features/authentication/auth_security.feature:11
2025-09-13 11:59:08,147 - banking_api_tests - INFO - [environment.py:295] - [TAGS]  Tags: authentication, smoke
2025-09-13 11:59:08,147 - banking_api_tests - INFO - [environment.py:296] - [TIME] Start Time: 2025-09-13T11:59:08.147209
2025-09-13 11:59:08,147 - banking_api_tests - INFO - [environment.py:297] - [SCENARIO] ============================================================
2025-09-13 11:59:08,148 - banking_api_tests - INFO - [common_steps.py:153] - [API] Checking API availability...
2025-09-13 11:59:08,633 - banking_api_tests - INFO - [common_steps.py:163] - [RESPONSE] API Health Check - Status: 200
2025-09-13 11:59:08,633 - banking_api_tests - INFO - [common_steps.py:170] - [SUCCESS] API is available and responding
2025-09-13 11:59:08,635 - banking_api_tests - INFO - [auth_steps.py:28] - [AUTH] Setting up valid bearer token
2025-09-13 11:59:08,635 - banking_api_tests - INFO - [common_steps.py:305] - [REQUEST] Sending GET request to: /customers/CUST001
2025-09-13 11:59:09,170 - banking_api_tests - INFO - [common_steps.py:327] - [RESPONSE] GET Response: 404
2025-09-13 11:59:09,170 - banking_api_tests - INFO - [common_steps.py:328] - [TIME] Response Time: 0.534s
2025-09-13 11:59:09,170 - banking_api_tests - INFO - [common_steps.py:341] - [SUCCESS] GET request completed successfully
2025-09-13 11:59:09,171 - banking_api_tests - INFO - [common_steps.py:879] - [VERIFY] Verifying response is successful (2xx status)
2025-09-13 11:59:09,171 - banking_api_tests - ERROR - [common_steps.py:891] - [ERROR] Success assertion FAILED: Status 404 is not successful
2025-09-13 11:59:09,171 - banking_api_tests - ERROR - [common_steps.py:892] - [BODY] Response content: Not Found...
2025-09-13 11:59:09,172 - banking_api_tests - ERROR - [environment.py:170] - [SAVE] Failure details saved to: logs/failures/FAILED_Successful_API_access_with_valid_bearer_token_20250913_115909.txt
2025-09-13 11:59:09,172 - banking_api_tests - INFO - [environment.py:331] - [END] ============================================================
2025-09-13 11:59:09,172 - banking_api_tests - INFO - [environment.py:332] - [FAILED] SCENARIO COMPLETE: Successful API access with valid bearer token
2025-09-13 11:59:09,172 - banking_api_tests - INFO - [environment.py:333] - [INFO] Status: [FAILED] FAILED
2025-09-13 11:59:09,173 - banking_api_tests - INFO - [environment.py:334] - [TIME]  Duration: 0:00:01.024646
2025-09-13 11:59:09,173 - banking_api_tests - INFO - [environment.py:335] - [URL] API Calls Made: 1
2025-09-13 11:59:09,173 - banking_api_tests - INFO - [environment.py:339] - [PERFORMANCE] Avg Response Time: 0.534s
2025-09-13 11:59:09,173 - banking_api_tests - INFO - [environment.py:340] - [INFO] Total Response Time: 0.534s
2025-09-13 11:59:09,173 - banking_api_tests - ERROR - [environment.py:344] - [ERROR] Last Error: Success assertion failed - Status 404 is not in 2xx range
2025-09-13 11:59:09,173 - banking_api_tests - INFO - [environment.py:353] - [END] ============================================================
2025-09-13 11:59:09,178 - banking_api_tests - INFO - [environment.py:291] - [SCENARIO] ============================================================
2025-09-13 11:59:09,179 - banking_api_tests - INFO - [environment.py:292] - [TEST] SCENARIO START: Successfully create booking with generated data
2025-09-13 11:59:09,179 - banking_api_tests - INFO - [environment.py:293] - [FILE] Feature: Booking Management
2025-09-13 11:59:09,179 - banking_api_tests - INFO - [environment.py:294] - [LOCATION] Location: features/bookings/booking_management.feature:12
2025-09-13 11:59:09,179 - banking_api_tests - INFO - [environment.py:295] - [TAGS]  Tags: happy_path, smoke
2025-09-13 11:59:09,179 - banking_api_tests - INFO - [environment.py:296] - [TIME] Start Time: 2025-09-13T11:59:09.178918
2025-09-13 11:59:09,179 - banking_api_tests - INFO - [environment.py:297] - [SCENARIO] ============================================================
2025-09-13 11:59:09,180 - banking_api_tests - INFO - [common_steps.py:153] - [API] Checking API availability...
2025-09-13 11:59:09,673 - banking_api_tests - INFO - [common_steps.py:163] - [RESPONSE] API Health Check - Status: 200
2025-09-13 11:59:09,673 - banking_api_tests - INFO - [common_steps.py:170] - [SUCCESS] API is available and responding
2025-09-13 11:59:09,674 - banking_api_tests - INFO - [common_steps.py:192] - [AUTH] Configuring authentication credentials...
2025-09-13 11:59:09,674 - banking_api_tests - INFO - [common_steps.py:201] - [AUTH] Auth Token Configured: ****************2024
2025-09-13 11:59:09,675 - banking_api_tests - INFO - [common_steps.py:211] - [SUCCESS] Authentication credentials validated and configured
2025-09-13 11:59:09,675 - banking_api_tests - INFO - [data_steps.py:31] - [DATA] Generating test data for: booking
2025-09-13 11:59:09,675 - banking_api_tests - INFO - [data_steps.py:216] - [REQUEST] Creating booking using generated data
2025-09-13 11:59:10,197 - banking_api_tests - INFO - [data_steps.py:236] - [RESPONSE] Create booking Response: 404
2025-09-13 11:59:10,198 - banking_api_tests - INFO - [data_steps.py:237] - [TIME]  Response Time: 0.522s
2025-09-13 11:59:10,198 - banking_api_tests - INFO - [common_steps.py:484] - [VERIFY] Verifying response status code should be 201
2025-09-13 11:59:10,198 - banking_api_tests - INFO - [common_steps.py:491] - [INFO] Expected: 201, Actual: 404
2025-09-13 11:59:10,198 - banking_api_tests - ERROR - [common_steps.py:496] - [ERROR] Status code assertion FAILED: Expected 201, got 404
2025-09-13 11:59:10,198 - banking_api_tests - ERROR - [common_steps.py:497] - [BODY] Response content: Not Found...
2025-09-13 11:59:10,200 - banking_api_tests - ERROR - [environment.py:170] - [SAVE] Failure details saved to: logs/failures/FAILED_Successfully_create_booking_with_generated_data_20250913_115910.txt
2025-09-13 11:59:10,200 - banking_api_tests - INFO - [environment.py:331] - [END] ============================================================
2025-09-13 11:59:10,200 - banking_api_tests - INFO - [environment.py:332] - [FAILED] SCENARIO COMPLETE: Successfully create booking with generated data
2025-09-13 11:59:10,200 - banking_api_tests - INFO - [environment.py:333] - [INFO] Status: [FAILED] FAILED
2025-09-13 11:59:10,200 - banking_api_tests - INFO - [environment.py:334] - [TIME]  Duration: 0:00:01.020612
2025-09-13 11:59:10,200 - banking_api_tests - INFO - [environment.py:335] - [URL] API Calls Made: 1
2025-09-13 11:59:10,200 - banking_api_tests - INFO - [environment.py:339] - [PERFORMANCE] Avg Response Time: 0.522s
2025-09-13 11:59:10,201 - banking_api_tests - INFO - [environment.py:340] - [INFO] Total Response Time: 0.522s
2025-09-13 11:59:10,201 - banking_api_tests - ERROR - [environment.py:344] - [ERROR] Last Error: Status code assertion failed - Expected: 201, Actual: 404
2025-09-13 11:59:10,201 - banking_api_tests - INFO - [environment.py:353] - [END] ============================================================
2025-09-13 11:59:10,205 - banking_api_tests - INFO - [environment.py:291] - [SCENARIO] ============================================================
2025-09-13 11:59:10,205 - banking_api_tests - INFO - [environment.py:292] - [TEST] SCENARIO START: Successfully create customer with generated data
2025-09-13 11:59:10,205 - banking_api_tests - INFO - [environment.py:293] - [FILE] Feature: Customer Management
2025-09-13 11:59:10,205 - banking_api_tests - INFO - [environment.py:294] - [LOCATION] Location: features/customers/customer_management.feature:12
2025-09-13 11:59:10,205 - banking_api_tests - INFO - [environment.py:295] - [TAGS]  Tags: happy_path, smoke
2025-09-13 11:59:10,205 - banking_api_tests - INFO - [environment.py:296] - [TIME] Start Time: 2025-09-13T11:59:10.205260
2025-09-13 11:59:10,205 - banking_api_tests - INFO - [environment.py:297] - [SCENARIO] ============================================================
2025-09-13 11:59:10,206 - banking_api_tests - INFO - [common_steps.py:153] - [API] Checking API availability...
2025-09-13 11:59:10,701 - banking_api_tests - INFO - [common_steps.py:163] - [RESPONSE] API Health Check - Status: 200
2025-09-13 11:59:10,701 - banking_api_tests - INFO - [common_steps.py:170] - [SUCCESS] API is available and responding
2025-09-13 11:59:10,703 - banking_api_tests - INFO - [common_steps.py:192] - [AUTH] Configuring authentication credentials...
2025-09-13 11:59:10,703 - banking_api_tests - INFO - [common_steps.py:201] - [AUTH] Auth Token Configured: ****************2024
2025-09-13 11:59:10,703 - banking_api_tests - INFO - [common_steps.py:211] - [SUCCESS] Authentication credentials validated and configured
2025-09-13 11:59:10,703 - banking_api_tests - INFO - [data_steps.py:31] - [DATA] Generating test data for: customer
2025-09-13 11:59:10,704 - banking_api_tests - INFO - [data_steps.py:216] - [REQUEST] Creating customer using generated data
2025-09-13 11:59:11,408 - banking_api_tests - INFO - [data_steps.py:236] - [RESPONSE] Create customer Response: 404
2025-09-13 11:59:11,408 - banking_api_tests - INFO - [data_steps.py:237] - [TIME]  Response Time: 0.704s
2025-09-13 11:59:11,408 - banking_api_tests - INFO - [common_steps.py:484] - [VERIFY] Verifying response status code should be 201
2025-09-13 11:59:11,409 - banking_api_tests - INFO - [common_steps.py:491] - [INFO] Expected: 201, Actual: 404
2025-09-13 11:59:11,409 - banking_api_tests - ERROR - [common_steps.py:496] - [ERROR] Status code assertion FAILED: Expected 201, got 404
2025-09-13 11:59:11,409 - banking_api_tests - ERROR - [common_steps.py:497] - [BODY] Response content: Not Found...
2025-09-13 11:59:11,410 - banking_api_tests - ERROR - [environment.py:170] - [SAVE] Failure details saved to: logs/failures/FAILED_Successfully_create_customer_with_generated_data_20250913_115911.txt
2025-09-13 11:59:11,410 - banking_api_tests - INFO - [environment.py:331] - [END] ============================================================
2025-09-13 11:59:11,410 - banking_api_tests - INFO - [environment.py:332] - [FAILED] SCENARIO COMPLETE: Successfully create customer with generated data
2025-09-13 11:59:11,411 - banking_api_tests - INFO - [environment.py:333] - [INFO] Status: [FAILED] FAILED
2025-09-13 11:59:11,411 - banking_api_tests - INFO - [environment.py:334] - [TIME]  Duration: 0:00:01.204530
2025-09-13 11:59:11,411 - banking_api_tests - INFO - [environment.py:335] - [URL] API Calls Made: 1
2025-09-13 11:59:11,411 - banking_api_tests - INFO - [environment.py:339] - [PERFORMANCE] Avg Response Time: 0.704s
2025-09-13 11:59:11,411 - banking_api_tests - INFO - [environment.py:340] - [INFO] Total Response Time: 0.704s
2025-09-13 11:59:11,411 - banking_api_tests - ERROR - [environment.py:344] - [ERROR] Last Error: Status code assertion failed - Expected: 201, Actual: 404
2025-09-13 11:59:11,411 - banking_api_tests - INFO - [environment.py:353] - [END] ============================================================
2025-09-13 11:59:11,413 - banking_api_tests - INFO - [environment.py:291] - [SCENARIO] ============================================================
2025-09-13 11:59:11,414 - banking_api_tests - INFO - [environment.py:292] - [TEST] SCENARIO START: Successfully retrieve customer with generated ID
2025-09-13 11:59:11,414 - banking_api_tests - INFO - [environment.py:293] - [FILE] Feature: Customer Management
2025-09-13 11:59:11,414 - banking_api_tests - INFO - [environment.py:294] - [LOCATION] Location: features/customers/customer_management.feature:25
2025-09-13 11:59:11,414 - banking_api_tests - INFO - [environment.py:295] - [TAGS]  Tags: happy_path, smoke
2025-09-13 11:59:11,414 - banking_api_tests - INFO - [environment.py:296] - [TIME] Start Time: 2025-09-13T11:59:11.413837
2025-09-13 11:59:11,414 - banking_api_tests - INFO - [environment.py:297] - [SCENARIO] ============================================================
2025-09-13 11:59:11,415 - banking_api_tests - INFO - [common_steps.py:153] - [API] Checking API availability...
2025-09-13 11:59:11,920 - banking_api_tests - INFO - [common_steps.py:163] - [RESPONSE] API Health Check - Status: 200
2025-09-13 11:59:11,920 - banking_api_tests - INFO - [common_steps.py:170] - [SUCCESS] API is available and responding
2025-09-13 11:59:11,921 - banking_api_tests - INFO - [common_steps.py:192] - [AUTH] Configuring authentication credentials...
2025-09-13 11:59:11,921 - banking_api_tests - INFO - [common_steps.py:201] - [AUTH] Auth Token Configured: ****************2024
2025-09-13 11:59:11,922 - banking_api_tests - INFO - [common_steps.py:211] - [SUCCESS] Authentication credentials validated and configured
2025-09-13 11:59:11,922 - banking_api_tests - INFO - [data_steps.py:31] - [DATA] Generating test data for: customer
2025-09-13 11:59:11,922 - banking_api_tests - INFO - [data_steps.py:216] - [REQUEST] Creating customer using generated data
2025-09-13 11:59:12,433 - banking_api_tests - INFO - [data_steps.py:236] - [RESPONSE] Create customer Response: 404
2025-09-13 11:59:12,434 - banking_api_tests - INFO - [data_steps.py:237] - [TIME]  Response Time: 0.511s
2025-09-13 11:59:12,434 - banking_api_tests - INFO - [common_steps.py:484] - [VERIFY] Verifying response status code should be 201
2025-09-13 11:59:12,434 - banking_api_tests - INFO - [common_steps.py:491] - [INFO] Expected: 201, Actual: 404
2025-09-13 11:59:12,434 - banking_api_tests - ERROR - [common_steps.py:496] - [ERROR] Status code assertion FAILED: Expected 201, got 404
2025-09-13 11:59:12,434 - banking_api_tests - ERROR - [common_steps.py:497] - [BODY] Response content: Not Found...
2025-09-13 11:59:12,435 - banking_api_tests - ERROR - [environment.py:170] - [SAVE] Failure details saved to: logs/failures/FAILED_Successfully_retrieve_customer_with_generated_ID_20250913_115912.txt
2025-09-13 11:59:12,436 - banking_api_tests - INFO - [environment.py:331] - [END] ============================================================
2025-09-13 11:59:12,436 - banking_api_tests - INFO - [environment.py:332] - [FAILED] SCENARIO COMPLETE: Successfully retrieve customer with generated ID
2025-09-13 11:59:12,436 - banking_api_tests - INFO - [environment.py:333] - [INFO] Status: [FAILED] FAILED
2025-09-13 11:59:12,436 - banking_api_tests - INFO - [environment.py:334] - [TIME]  Duration: 0:00:01.021448
2025-09-13 11:59:12,436 - banking_api_tests - INFO - [environment.py:335] - [URL] API Calls Made: 1
2025-09-13 11:59:12,436 - banking_api_tests - INFO - [environment.py:339] - [PERFORMANCE] Avg Response Time: 0.511s
2025-09-13 11:59:12,436 - banking_api_tests - INFO - [environment.py:340] - [INFO] Total Response Time: 0.511s
2025-09-13 11:59:12,436 - banking_api_tests - ERROR - [environment.py:344] - [ERROR] Last Error: Status code assertion failed - Expected: 201, Actual: 404
2025-09-13 11:59:12,437 - banking_api_tests - INFO - [environment.py:353] - [END] ============================================================
2025-09-13 11:59:12,442 - banking_api_tests - INFO - [environment.py:291] - [SCENARIO] ============================================================
2025-09-13 11:59:12,442 - banking_api_tests - INFO - [environment.py:292] - [TEST] SCENARIO START: Complete customer onboarding workflow
2025-09-13 11:59:12,442 - banking_api_tests - INFO - [environment.py:293] - [FILE] Feature: End-to-End Banking Workflows
2025-09-13 11:59:12,442 - banking_api_tests - INFO - [environment.py:294] - [LOCATION] Location: features/integration/end_to_end_workflows.feature:12
2025-09-13 11:59:12,442 - banking_api_tests - INFO - [environment.py:295] - [TAGS]  Tags: workflow, smoke
2025-09-13 11:59:12,442 - banking_api_tests - INFO - [environment.py:296] - [TIME] Start Time: 2025-09-13T11:59:12.442090
2025-09-13 11:59:12,442 - banking_api_tests - INFO - [environment.py:297] - [SCENARIO] ============================================================
2025-09-13 11:59:12,443 - banking_api_tests - INFO - [common_steps.py:153] - [API] Checking API availability...
2025-09-13 11:59:12,982 - banking_api_tests - INFO - [common_steps.py:163] - [RESPONSE] API Health Check - Status: 200
2025-09-13 11:59:12,982 - banking_api_tests - INFO - [common_steps.py:170] - [SUCCESS] API is available and responding
2025-09-13 11:59:12,984 - banking_api_tests - INFO - [common_steps.py:192] - [AUTH] Configuring authentication credentials...
2025-09-13 11:59:12,984 - banking_api_tests - INFO - [common_steps.py:201] - [AUTH] Auth Token Configured: ****************2024
2025-09-13 11:59:12,984 - banking_api_tests - INFO - [common_steps.py:211] - [SUCCESS] Authentication credentials validated and configured
2025-09-13 11:59:12,985 - banking_api_tests - INFO - [data_steps.py:31] - [DATA] Generating test data for: customer
2025-09-13 11:59:12,986 - banking_api_tests - INFO - [data_steps.py:574] - [HEADERS] Generated correlation ID: corr_a05435f250cd
2025-09-13 11:59:12,987 - banking_api_tests - INFO - [data_steps.py:216] - [REQUEST] Creating customer using generated data
2025-09-13 11:59:13,499 - banking_api_tests - INFO - [data_steps.py:236] - [RESPONSE] Create customer Response: 404
2025-09-13 11:59:13,499 - banking_api_tests - INFO - [data_steps.py:237] - [TIME]  Response Time: 0.512s
2025-09-13 11:59:13,500 - banking_api_tests - INFO - [common_steps.py:484] - [VERIFY] Verifying response status code should be 201
2025-09-13 11:59:13,500 - banking_api_tests - INFO - [common_steps.py:491] - [INFO] Expected: 201, Actual: 404
2025-09-13 11:59:13,500 - banking_api_tests - ERROR - [common_steps.py:496] - [ERROR] Status code assertion FAILED: Expected 201, got 404
2025-09-13 11:59:13,500 - banking_api_tests - ERROR - [common_steps.py:497] - [BODY] Response content: Not Found...
2025-09-13 11:59:13,501 - banking_api_tests - ERROR - [environment.py:170] - [SAVE] Failure details saved to: logs/failures/FAILED_Complete_customer_onboarding_workflow_20250913_115913.txt
2025-09-13 11:59:13,501 - banking_api_tests - INFO - [environment.py:331] - [END] ============================================================
2025-09-13 11:59:13,502 - banking_api_tests - INFO - [environment.py:332] - [FAILED] SCENARIO COMPLETE: Complete customer onboarding workflow
2025-09-13 11:59:13,502 - banking_api_tests - INFO - [environment.py:333] - [INFO] Status: [FAILED] FAILED
2025-09-13 11:59:13,502 - banking_api_tests - INFO - [environment.py:334] - [TIME]  Duration: 0:00:01.058953
2025-09-13 11:59:13,502 - banking_api_tests - INFO - [environment.py:335] - [URL] API Calls Made: 1
2025-09-13 11:59:13,502 - banking_api_tests - INFO - [environment.py:339] - [PERFORMANCE] Avg Response Time: 0.512s
2025-09-13 11:59:13,502 - banking_api_tests - INFO - [environment.py:340] - [INFO] Total Response Time: 0.512s
2025-09-13 11:59:13,502 - banking_api_tests - ERROR - [environment.py:344] - [ERROR] Last Error: Status code assertion failed - Expected: 201, Actual: 404
2025-09-13 11:59:13,502 - banking_api_tests - INFO - [environment.py:353] - [END] ============================================================
2025-09-13 11:59:13,507 - banking_api_tests - INFO - [environment.py:291] - [SCENARIO] ============================================================
2025-09-13 11:59:13,507 - banking_api_tests - INFO - [environment.py:292] - [TEST] SCENARIO START: Successfully create loan application with generated data
2025-09-13 11:59:13,507 - banking_api_tests - INFO - [environment.py:293] - [FILE] Feature: Loan Management
2025-09-13 11:59:13,507 - banking_api_tests - INFO - [environment.py:294] - [LOCATION] Location: features/loans/loan_management.feature:12
2025-09-13 11:59:13,507 - banking_api_tests - INFO - [environment.py:295] - [TAGS]  Tags: happy_path, smoke
2025-09-13 11:59:13,508 - banking_api_tests - INFO - [environment.py:296] - [TIME] Start Time: 2025-09-13T11:59:13.507475
2025-09-13 11:59:13,508 - banking_api_tests - INFO - [environment.py:297] - [SCENARIO] ============================================================
2025-09-13 11:59:13,508 - banking_api_tests - INFO - [common_steps.py:153] - [API] Checking API availability...
2025-09-13 11:59:14,016 - banking_api_tests - INFO - [common_steps.py:163] - [RESPONSE] API Health Check - Status: 200
2025-09-13 11:59:14,016 - banking_api_tests - INFO - [common_steps.py:170] - [SUCCESS] API is available and responding
2025-09-13 11:59:14,017 - banking_api_tests - INFO - [common_steps.py:192] - [AUTH] Configuring authentication credentials...
2025-09-13 11:59:14,017 - banking_api_tests - INFO - [common_steps.py:201] - [AUTH] Auth Token Configured: ****************2024
2025-09-13 11:59:14,018 - banking_api_tests - INFO - [common_steps.py:211] - [SUCCESS] Authentication credentials validated and configured
2025-09-13 11:59:14,018 - banking_api_tests - INFO - [data_steps.py:31] - [DATA] Generating test data for: loan
2025-09-13 11:59:14,018 - banking_api_tests - INFO - [data_steps.py:216] - [REQUEST] Creating loan using generated data
2025-09-13 11:59:14,534 - banking_api_tests - INFO - [data_steps.py:236] - [RESPONSE] Create loan Response: 404
2025-09-13 11:59:14,535 - banking_api_tests - INFO - [data_steps.py:237] - [TIME]  Response Time: 0.516s
2025-09-13 11:59:14,535 - banking_api_tests - INFO - [common_steps.py:484] - [VERIFY] Verifying response status code should be 201
2025-09-13 11:59:14,535 - banking_api_tests - INFO - [common_steps.py:491] - [INFO] Expected: 201, Actual: 404
2025-09-13 11:59:14,535 - banking_api_tests - ERROR - [common_steps.py:496] - [ERROR] Status code assertion FAILED: Expected 201, got 404
2025-09-13 11:59:14,535 - banking_api_tests - ERROR - [common_steps.py:497] - [BODY] Response content: Not Found...
2025-09-13 11:59:14,536 - banking_api_tests - ERROR - [environment.py:170] - [SAVE] Failure details saved to: logs/failures/FAILED_Successfully_create_loan_application_with_generate_20250913_115914.txt
2025-09-13 11:59:14,537 - banking_api_tests - INFO - [environment.py:331] - [END] ============================================================
2025-09-13 11:59:14,537 - banking_api_tests - INFO - [environment.py:332] - [FAILED] SCENARIO COMPLETE: Successfully create loan application with generated data
2025-09-13 11:59:14,537 - banking_api_tests - INFO - [environment.py:333] - [INFO] Status: [FAILED] FAILED
2025-09-13 11:59:14,537 - banking_api_tests - INFO - [environment.py:334] - [TIME]  Duration: 0:00:01.028755
2025-09-13 11:59:14,537 - banking_api_tests - INFO - [environment.py:335] - [URL] API Calls Made: 1
2025-09-13 11:59:14,537 - banking_api_tests - INFO - [environment.py:339] - [PERFORMANCE] Avg Response Time: 0.516s
2025-09-13 11:59:14,537 - banking_api_tests - INFO - [environment.py:340] - [INFO] Total Response Time: 0.516s
2025-09-13 11:59:14,537 - banking_api_tests - ERROR - [environment.py:344] - [ERROR] Last Error: Status code assertion failed - Expected: 201, Actual: 404
2025-09-13 11:59:14,537 - banking_api_tests - INFO - [environment.py:353] - [END] ============================================================
2025-09-13 11:59:14,541 - banking_api_tests - INFO - [environment.py:291] - [SCENARIO] ============================================================
2025-09-13 11:59:14,541 - banking_api_tests - INFO - [environment.py:292] - [TEST] SCENARIO START: Successfully create term deposit with generated data
2025-09-13 11:59:14,541 - banking_api_tests - INFO - [environment.py:293] - [FILE] Feature: Term Deposit Management
2025-09-13 11:59:14,541 - banking_api_tests - INFO - [environment.py:294] - [LOCATION] Location: features/term_deposits/term_deposit_management.feature:12
2025-09-13 11:59:14,541 - banking_api_tests - INFO - [environment.py:295] - [TAGS]  Tags: happy_path, smoke
2025-09-13 11:59:14,541 - banking_api_tests - INFO - [environment.py:296] - [TIME] Start Time: 2025-09-13T11:59:14.541189
2025-09-13 11:59:14,542 - banking_api_tests - INFO - [environment.py:297] - [SCENARIO] ============================================================
2025-09-13 11:59:14,542 - banking_api_tests - INFO - [common_steps.py:153] - [API] Checking API availability...
2025-09-13 11:59:15,029 - banking_api_tests - INFO - [common_steps.py:163] - [RESPONSE] API Health Check - Status: 200
2025-09-13 11:59:15,030 - banking_api_tests - INFO - [common_steps.py:170] - [SUCCESS] API is available and responding
2025-09-13 11:59:15,031 - banking_api_tests - INFO - [common_steps.py:192] - [AUTH] Configuring authentication credentials...
2025-09-13 11:59:15,031 - banking_api_tests - INFO - [common_steps.py:201] - [AUTH] Auth Token Configured: ****************2024
2025-09-13 11:59:15,031 - banking_api_tests - INFO - [common_steps.py:211] - [SUCCESS] Authentication credentials validated and configured
2025-09-13 11:59:15,032 - banking_api_tests - INFO - [data_steps.py:31] - [DATA] Generating test data for: term_deposit
2025-09-13 11:59:15,032 - banking_api_tests - INFO - [data_steps.py:216] - [REQUEST] Creating term_deposit using generated data
2025-09-13 11:59:15,542 - banking_api_tests - INFO - [data_steps.py:236] - [RESPONSE] Create term_deposit Response: 404
2025-09-13 11:59:15,542 - banking_api_tests - INFO - [data_steps.py:237] - [TIME]  Response Time: 0.509s
2025-09-13 11:59:15,542 - banking_api_tests - INFO - [common_steps.py:484] - [VERIFY] Verifying response status code should be 201
2025-09-13 11:59:15,543 - banking_api_tests - INFO - [common_steps.py:491] - [INFO] Expected: 201, Actual: 404
2025-09-13 11:59:15,543 - banking_api_tests - ERROR - [common_steps.py:496] - [ERROR] Status code assertion FAILED: Expected 201, got 404
2025-09-13 11:59:15,543 - banking_api_tests - ERROR - [common_steps.py:497] - [BODY] Response content: Not Found...
2025-09-13 11:59:15,544 - banking_api_tests - ERROR - [environment.py:170] - [SAVE] Failure details saved to: logs/failures/FAILED_Successfully_create_term_deposit_with_generated_da_20250913_115915.txt
2025-09-13 11:59:15,544 - banking_api_tests - INFO - [environment.py:331] - [END] ============================================================
2025-09-13 11:59:15,544 - banking_api_tests - INFO - [environment.py:332] - [FAILED] SCENARIO COMPLETE: Successfully create term deposit with generated data
2025-09-13 11:59:15,544 - banking_api_tests - INFO - [environment.py:333] - [INFO] Status: [FAILED] FAILED
2025-09-13 11:59:15,545 - banking_api_tests - INFO - [environment.py:334] - [TIME]  Duration: 0:00:01.002597
2025-09-13 11:59:15,545 - banking_api_tests - INFO - [environment.py:335] - [URL] API Calls Made: 1
2025-09-13 11:59:15,545 - banking_api_tests - INFO - [environment.py:339] - [PERFORMANCE] Avg Response Time: 0.509s
2025-09-13 11:59:15,545 - banking_api_tests - INFO - [environment.py:340] - [INFO] Total Response Time: 0.509s
2025-09-13 11:59:15,545 - banking_api_tests - ERROR - [environment.py:344] - [ERROR] Last Error: Status code assertion failed - Expected: 201, Actual: 404
2025-09-13 11:59:15,545 - banking_api_tests - INFO - [environment.py:353] - [END] ============================================================
2025-09-13 11:59:15,548 - banking_api_tests - INFO - [environment.py:376] - [RESULTS] ================================================================================
2025-09-13 11:59:15,548 - banking_api_tests - INFO - [environment.py:377] - [FRAMEWORK] BANKING API BDD TEST FRAMEWORK - EXECUTION COMPLETE
2025-09-13 11:59:15,548 - banking_api_tests - INFO - [environment.py:378] - [RESULTS] ================================================================================
2025-09-13 11:59:15,548 - banking_api_tests - INFO - [environment.py:379] - [TIMEOUT] Total Execution Time: 0:00:27.750342
2025-09-13 11:59:15,548 - banking_api_tests - INFO - [environment.py:380] - [INFO] Total Scenarios: 26
2025-09-13 11:59:15,548 - banking_api_tests - INFO - [environment.py:381] - [PASSED] Passed: 0
2025-09-13 11:59:15,548 - banking_api_tests - INFO - [environment.py:382] - [FAILED] Failed: 26
2025-09-13 11:59:15,548 - banking_api_tests - INFO - [environment.py:383] - [SKIPPED]  Skipped: 0
2025-09-13 11:59:15,549 - banking_api_tests - INFO - [environment.py:384] - [PERFORMANCE] Pass Rate: 0.00%
2025-09-13 11:59:15,549 - banking_api_tests - INFO - [environment.py:385] - [URL] Total API Calls: 27
2025-09-13 11:59:15,549 - banking_api_tests - INFO - [environment.py:389] - [PERFORMANCE] Average Response Time: 0.523s
2025-09-13 11:59:15,549 - banking_api_tests - INFO - [environment.py:390] - [INFO] Total Response Time: 14.127s
2025-09-13 11:59:15,549 - banking_api_tests - INFO - [environment.py:392] - [FILE] Detailed Logs: logs/banking_api_tests_20250913_115847.log
2025-09-13 11:59:15,549 - banking_api_tests - INFO - [environment.py:393] - [TIME] End Time: 2025-09-13T11:59:15.548137
2025-09-13 11:59:15,549 - banking_api_tests - ERROR - [environment.py:407] - [ERROR] LOW SUCCESS RATE. Significant issues need attention.
2025-09-13 11:59:15,549 - banking_api_tests - INFO - [environment.py:416] - [RESULTS] ================================================================================
