2025-09-14 00:00:24,863 - banking_api_tests - INFO - [environment.py:276] - [FRAMEWORK] ================================================================================
2025-09-14 00:00:24,863 - banking_api_tests - INFO - [environment.py:277] - [FRAMEWORK] BANKING API BDD TEST FRAMEWORK - EXECUTION START
2025-09-14 00:00:24,864 - banking_api_tests - INFO - [environment.py:278] - [FRAMEWORK] ================================================================================
2025-09-14 00:00:24,864 - banking_api_tests - DEBUG - [environment.py:283] - [FILE] Created reports directories
2025-09-14 00:00:24,864 - banking_api_tests - INFO - [environment.py:242] - [ENV] Loading environment: railway
2025-09-14 00:00:24,864 - banking_api_tests - INFO - [environment.py:243] - [FILE] Environment file: environments/.env.railway
2025-09-14 00:00:24,865 - banking_api_tests - INFO - [environment.py:261] - [ENV] Successfully loaded environments/.env.railway
2025-09-14 00:00:24,865 - banking_api_tests - INFO - [environment.py:300] - [ENV] Configuration loaded successfully for environment: railway
2025-09-14 00:00:24,865 - banking_api_tests - INFO - [environment.py:311] - [ENV] Test Environment: railway
2025-09-14 00:00:24,865 - banking_api_tests - INFO - [environment.py:312] - [URL] API Base URL: https://wiremock-production.up.railway.app
2025-09-14 00:00:24,865 - banking_api_tests - INFO - [environment.py:313] - [AUTH] Auth Token: ****************2024
2025-09-14 00:00:24,865 - banking_api_tests - INFO - [environment.py:314] - [FILE] Log File: logs/banking_api_tests_20250914_000024.log
2025-09-14 00:00:24,865 - banking_api_tests - INFO - [environment.py:317] - [PLATFORM]  Platform: nt
2025-09-14 00:00:24,865 - banking_api_tests - INFO - [environment.py:318] - [TIME] Start Time: 2025-09-14T00:00:24.865909
2025-09-14 00:00:24,866 - banking_api_tests - INFO - [environment.py:319] - [USER] User: D
2025-09-14 00:00:24,866 - banking_api_tests - INFO - [environment.py:320] - [DIR] Working Directory: C:\Users\D\python api automation framework
2025-09-14 00:00:24,866 - banking_api_tests - INFO - [environment.py:321] - [TIMEOUT] Request Timeout: 10s
2025-09-14 00:00:24,866 - banking_api_tests - INFO - [environment.py:322] - [PERFORMANCE] Performance Threshold: 2000ms
2025-09-14 00:00:24,866 - banking_api_tests - INFO - [environment.py:335] - [START] Framework initialization complete - Ready to execute tests
2025-09-14 00:00:24,867 - banking_api_tests - INFO - [environment.py:344] - [SCENARIO] ============================================================
2025-09-14 00:00:24,867 - banking_api_tests - INFO - [environment.py:345] - [TEST] SCENARIO START: Successfully create account with valid generated data
2025-09-14 00:00:24,867 - banking_api_tests - INFO - [environment.py:346] - [FILE] Feature: Account Creation
2025-09-14 00:00:24,867 - banking_api_tests - INFO - [environment.py:347] - [LOCATION] Location: features/accounts/account_creation.feature:12
2025-09-14 00:00:24,868 - banking_api_tests - INFO - [environment.py:348] - [TAGS]  Tags: happy_path, smoke
2025-09-14 00:00:24,868 - banking_api_tests - INFO - [environment.py:349] - [TIME] Start Time: 2025-09-14T00:00:24.867511
2025-09-14 00:00:24,868 - banking_api_tests - INFO - [environment.py:350] - [SCENARIO] ============================================================
2025-09-14 00:00:24,868 - banking_api_tests - INFO - [common_steps.py:153] - [API] Checking API availability...
2025-09-14 00:00:25,999 - banking_api_tests - INFO - [common_steps.py:163] - [RESPONSE] API Health Check - Status: 200
2025-09-14 00:00:25,999 - banking_api_tests - INFO - [common_steps.py:170] - [SUCCESS] API is available and responding
2025-09-14 00:00:26,001 - banking_api_tests - INFO - [common_steps.py:192] - [AUTH] Configuring authentication credentials...
2025-09-14 00:00:26,001 - banking_api_tests - INFO - [common_steps.py:201] - [AUTH] Auth Token Configured: ****************2024
2025-09-14 00:00:26,002 - banking_api_tests - INFO - [common_steps.py:211] - [SUCCESS] Authentication credentials validated and configured
2025-09-14 00:00:26,047 - banking_api_tests - INFO - [data_steps.py:37] - [DATA] Generating dynamic test data for: account
2025-09-14 00:00:26,048 - banking_api_tests - INFO - [data_steps.py:97] - [DATA] Using customer ID: CUST296001
2025-09-14 00:00:26,049 - banking_api_tests - INFO - [data_steps.py:255] - [REQUEST] Creating account using generated data
2025-09-14 00:00:26,799 - banking_api_tests - INFO - [data_steps.py:275] - [RESPONSE] Create account Response: 201
2025-09-14 00:00:26,799 - banking_api_tests - INFO - [data_steps.py:276] - [TIME]  Response Time: 0.750s
2025-09-14 00:00:26,800 - banking_api_tests - INFO - [common_steps.py:497] - [VERIFY] Verifying response status code should be 201
2025-09-14 00:00:26,800 - banking_api_tests - INFO - [common_steps.py:504] - [INFO] Expected: 201, Actual: 201
2025-09-14 00:00:26,800 - banking_api_tests - INFO - [common_steps.py:507] - [SUCCESS] Status code assertion PASSED: 201
2025-09-14 00:00:26,800 - banking_api_tests - INFO - [common_steps.py:590] - [VERIFY] Verifying response is valid JSON
2025-09-14 00:00:26,800 - banking_api_tests - INFO - [common_steps.py:598] - [SUCCESS] JSON validation PASSED: Response is valid JSON
2025-09-14 00:00:26,801 - banking_api_tests - INFO - [common_steps.py:539] - [VERIFY] Verifying response contains key: 'accountId'
2025-09-14 00:00:26,801 - banking_api_tests - INFO - [common_steps.py:552] - [SUCCESS] Key assertion PASSED: Found 'accountId' in response
2025-09-14 00:00:26,801 - banking_api_tests - INFO - [common_steps.py:539] - [VERIFY] Verifying response contains key: 'customerId'
2025-09-14 00:00:26,801 - banking_api_tests - INFO - [common_steps.py:552] - [SUCCESS] Key assertion PASSED: Found 'customerId' in response
2025-09-14 00:00:26,802 - banking_api_tests - INFO - [common_steps.py:539] - [VERIFY] Verifying response contains key: 'accountType'
2025-09-14 00:00:26,802 - banking_api_tests - INFO - [common_steps.py:552] - [SUCCESS] Key assertion PASSED: Found 'accountType' in response
2025-09-14 00:00:26,802 - banking_api_tests - INFO - [common_steps.py:539] - [VERIFY] Verifying response contains key: 'currency'
2025-09-14 00:00:26,802 - banking_api_tests - INFO - [common_steps.py:552] - [SUCCESS] Key assertion PASSED: Found 'currency' in response
2025-09-14 00:00:26,803 - banking_api_tests - INFO - [common_steps.py:539] - [VERIFY] Verifying response contains key: 'createdAt'
2025-09-14 00:00:26,803 - banking_api_tests - INFO - [common_steps.py:552] - [SUCCESS] Key assertion PASSED: Found 'createdAt' in response
2025-09-14 00:00:26,803 - banking_api_tests - INFO - [common_steps.py:682] - [SUCCESS] Found correlation ID: 
2025-09-14 00:00:26,803 - banking_api_tests - INFO - [environment.py:384] - [END] ============================================================
2025-09-14 00:00:26,803 - banking_api_tests - INFO - [environment.py:385] - [PASSED] SCENARIO COMPLETE: Successfully create account with valid generated data
2025-09-14 00:00:26,804 - banking_api_tests - INFO - [environment.py:386] - [INFO] Status: [PASSED] PASSED
2025-09-14 00:00:26,804 - banking_api_tests - INFO - [environment.py:387] - [TIME]  Duration: 0:00:01.936278
2025-09-14 00:00:26,804 - banking_api_tests - INFO - [environment.py:388] - [URL] API Calls Made: 1
2025-09-14 00:00:26,804 - banking_api_tests - INFO - [environment.py:392] - [PERFORMANCE] Avg Response Time: 0.750s
2025-09-14 00:00:26,804 - banking_api_tests - INFO - [environment.py:393] - [INFO] Total Response Time: 0.750s
2025-09-14 00:00:26,804 - banking_api_tests - INFO - [environment.py:401] - [URL] Final Response Status: 201
2025-09-14 00:00:26,804 - banking_api_tests - INFO - [environment.py:404] - [VERIFY] Correlation ID: 
2025-09-14 00:00:26,804 - banking_api_tests - INFO - [environment.py:406] - [END] ============================================================
2025-09-14 00:00:26,826 - banking_api_tests - INFO - [environment.py:344] - [SCENARIO] ============================================================
2025-09-14 00:00:26,826 - banking_api_tests - INFO - [environment.py:345] - [TEST] SCENARIO START: Successfully create account with generated data
2025-09-14 00:00:26,827 - banking_api_tests - INFO - [environment.py:346] - [FILE] Feature: Account Creation with Dynamic Data
2025-09-14 00:00:26,827 - banking_api_tests - INFO - [environment.py:347] - [LOCATION] Location: features/accounts/account_creation_dynamic.feature:12
2025-09-14 00:00:26,827 - banking_api_tests - INFO - [environment.py:348] - [TAGS]  Tags: happy_path, smoke
2025-09-14 00:00:26,827 - banking_api_tests - INFO - [environment.py:349] - [TIME] Start Time: 2025-09-14T00:00:26.826753
2025-09-14 00:00:26,827 - banking_api_tests - INFO - [environment.py:350] - [SCENARIO] ============================================================
2025-09-14 00:00:26,828 - banking_api_tests - INFO - [common_steps.py:153] - [API] Checking API availability...
2025-09-14 00:00:27,670 - banking_api_tests - INFO - [common_steps.py:163] - [RESPONSE] API Health Check - Status: 200
2025-09-14 00:00:27,670 - banking_api_tests - INFO - [common_steps.py:170] - [SUCCESS] API is available and responding
2025-09-14 00:00:27,671 - banking_api_tests - INFO - [common_steps.py:192] - [AUTH] Configuring authentication credentials...
2025-09-14 00:00:27,672 - banking_api_tests - INFO - [common_steps.py:201] - [AUTH] Auth Token Configured: ****************2024
2025-09-14 00:00:27,672 - banking_api_tests - INFO - [common_steps.py:211] - [SUCCESS] Authentication credentials validated and configured
2025-09-14 00:00:27,673 - banking_api_tests - INFO - [data_steps.py:37] - [DATA] Generating dynamic test data for: account
2025-09-14 00:00:27,674 - banking_api_tests - INFO - [data_steps.py:97] - [DATA] Using customer ID: CUST572105
2025-09-14 00:00:27,674 - banking_api_tests - INFO - [data_steps.py:255] - [REQUEST] Creating account using generated data
2025-09-14 00:00:28,422 - banking_api_tests - INFO - [data_steps.py:275] - [RESPONSE] Create account Response: 201
2025-09-14 00:00:28,422 - banking_api_tests - INFO - [data_steps.py:276] - [TIME]  Response Time: 0.747s
2025-09-14 00:00:28,422 - banking_api_tests - INFO - [common_steps.py:497] - [VERIFY] Verifying response status code should be 201
2025-09-14 00:00:28,422 - banking_api_tests - INFO - [common_steps.py:504] - [INFO] Expected: 201, Actual: 201
2025-09-14 00:00:28,422 - banking_api_tests - INFO - [common_steps.py:507] - [SUCCESS] Status code assertion PASSED: 201
2025-09-14 00:00:28,423 - banking_api_tests - INFO - [common_steps.py:590] - [VERIFY] Verifying response is valid JSON
2025-09-14 00:00:28,423 - banking_api_tests - INFO - [common_steps.py:598] - [SUCCESS] JSON validation PASSED: Response is valid JSON
2025-09-14 00:00:28,423 - banking_api_tests - INFO - [common_steps.py:539] - [VERIFY] Verifying response contains key: 'accountId'
2025-09-14 00:00:28,423 - banking_api_tests - INFO - [common_steps.py:552] - [SUCCESS] Key assertion PASSED: Found 'accountId' in response
2025-09-14 00:00:28,424 - banking_api_tests - INFO - [common_steps.py:539] - [VERIFY] Verifying response contains key: 'customerId'
2025-09-14 00:00:28,424 - banking_api_tests - INFO - [common_steps.py:552] - [SUCCESS] Key assertion PASSED: Found 'customerId' in response
2025-09-14 00:00:28,424 - banking_api_tests - INFO - [common_steps.py:539] - [VERIFY] Verifying response contains key: 'accountType'
2025-09-14 00:00:28,424 - banking_api_tests - INFO - [common_steps.py:552] - [SUCCESS] Key assertion PASSED: Found 'accountType' in response
2025-09-14 00:00:28,425 - banking_api_tests - INFO - [common_steps.py:539] - [VERIFY] Verifying response contains key: 'currency'
2025-09-14 00:00:28,425 - banking_api_tests - INFO - [common_steps.py:552] - [SUCCESS] Key assertion PASSED: Found 'currency' in response
2025-09-14 00:00:28,425 - banking_api_tests - INFO - [common_steps.py:539] - [VERIFY] Verifying response contains key: 'createdAt'
2025-09-14 00:00:28,425 - banking_api_tests - INFO - [common_steps.py:552] - [SUCCESS] Key assertion PASSED: Found 'createdAt' in response
2025-09-14 00:00:28,426 - banking_api_tests - INFO - [environment.py:384] - [END] ============================================================
2025-09-14 00:00:28,426 - banking_api_tests - INFO - [environment.py:385] - [PASSED] SCENARIO COMPLETE: Successfully create account with generated data
2025-09-14 00:00:28,426 - banking_api_tests - INFO - [environment.py:386] - [INFO] Status: [PASSED] PASSED
2025-09-14 00:00:28,426 - banking_api_tests - INFO - [environment.py:387] - [TIME]  Duration: 0:00:01.599456
2025-09-14 00:00:28,426 - banking_api_tests - INFO - [environment.py:388] - [URL] API Calls Made: 1
2025-09-14 00:00:28,426 - banking_api_tests - INFO - [environment.py:392] - [PERFORMANCE] Avg Response Time: 0.747s
2025-09-14 00:00:28,427 - banking_api_tests - INFO - [environment.py:393] - [INFO] Total Response Time: 0.747s
2025-09-14 00:00:28,427 - banking_api_tests - INFO - [environment.py:401] - [URL] Final Response Status: 201
2025-09-14 00:00:28,427 - banking_api_tests - INFO - [environment.py:404] - [VERIFY] Correlation ID: 
2025-09-14 00:00:28,427 - banking_api_tests - INFO - [environment.py:406] - [END] ============================================================
2025-09-14 00:00:28,465 - banking_api_tests - INFO - [environment.py:344] - [SCENARIO] ============================================================
2025-09-14 00:00:28,466 - banking_api_tests - INFO - [environment.py:345] - [TEST] SCENARIO START: Successfully retrieve account by valid ID
2025-09-14 00:00:28,466 - banking_api_tests - INFO - [environment.py:346] - [FILE] Feature: Account Retrieval
2025-09-14 00:00:28,466 - banking_api_tests - INFO - [environment.py:347] - [LOCATION] Location: features/accounts/account_retrieval.feature:12
2025-09-14 00:00:28,466 - banking_api_tests - INFO - [environment.py:348] - [TAGS]  Tags: happy_path, regression
2025-09-14 00:00:28,466 - banking_api_tests - INFO - [environment.py:349] - [TIME] Start Time: 2025-09-14T00:00:28.465783
2025-09-14 00:00:28,466 - banking_api_tests - INFO - [environment.py:350] - [SCENARIO] ============================================================
2025-09-14 00:00:28,467 - banking_api_tests - INFO - [common_steps.py:153] - [API] Checking API availability...
2025-09-14 00:00:29,325 - banking_api_tests - INFO - [common_steps.py:163] - [RESPONSE] API Health Check - Status: 200
2025-09-14 00:00:29,326 - banking_api_tests - INFO - [common_steps.py:170] - [SUCCESS] API is available and responding
2025-09-14 00:00:29,327 - banking_api_tests - INFO - [common_steps.py:192] - [AUTH] Configuring authentication credentials...
2025-09-14 00:00:29,327 - banking_api_tests - INFO - [common_steps.py:201] - [AUTH] Auth Token Configured: ****************2024
2025-09-14 00:00:29,327 - banking_api_tests - INFO - [common_steps.py:211] - [SUCCESS] Authentication credentials validated and configured
2025-09-14 00:00:29,328 - banking_api_tests - INFO - [common_steps.py:305] - [REQUEST] Sending GET request to: /accounts/ACC001
2025-09-14 00:00:30,171 - banking_api_tests - INFO - [common_steps.py:327] - [RESPONSE] GET Response: 200
2025-09-14 00:00:30,171 - banking_api_tests - INFO - [common_steps.py:328] - [TIME] Response Time: 0.843s
2025-09-14 00:00:30,172 - banking_api_tests - INFO - [common_steps.py:341] - [SUCCESS] GET request completed successfully
2025-09-14 00:00:30,172 - banking_api_tests - INFO - [common_steps.py:497] - [VERIFY] Verifying response status code should be 200
2025-09-14 00:00:30,172 - banking_api_tests - INFO - [common_steps.py:504] - [INFO] Expected: 200, Actual: 200
2025-09-14 00:00:30,172 - banking_api_tests - INFO - [common_steps.py:507] - [SUCCESS] Status code assertion PASSED: 200
2025-09-14 00:00:30,173 - banking_api_tests - INFO - [common_steps.py:590] - [VERIFY] Verifying response is valid JSON
2025-09-14 00:00:30,173 - banking_api_tests - INFO - [common_steps.py:598] - [SUCCESS] JSON validation PASSED: Response is valid JSON
2025-09-14 00:00:30,173 - banking_api_tests - INFO - [common_steps.py:539] - [VERIFY] Verifying response contains key: 'customerId'
2025-09-14 00:00:30,173 - banking_api_tests - INFO - [common_steps.py:552] - [SUCCESS] Key assertion PASSED: Found 'customerId' in response
2025-09-14 00:00:30,174 - banking_api_tests - INFO - [common_steps.py:539] - [VERIFY] Verifying response contains key: 'firstName'
2025-09-14 00:00:30,174 - banking_api_tests - ERROR - [common_steps.py:555] - [ERROR] Key assertion FAILED: 'firstName' not found in response
2025-09-14 00:00:30,174 - banking_api_tests - ERROR - [common_steps.py:556] - [HEADERS] Available keys: ['accountId', 'customerId', 'bsb', 'accountNumber', 'accountType', 'createdAt']
2025-09-14 00:00:30,175 - banking_api_tests - ERROR - [environment.py:170] - [SAVE] Failure details saved to: logs/failures/FAILED_Successfully_retrieve_account_by_valid_ID_20250914_000030.txt
2025-09-14 00:00:30,175 - banking_api_tests - INFO - [environment.py:384] - [END] ============================================================
2025-09-14 00:00:30,175 - banking_api_tests - INFO - [environment.py:385] - [FAILED] SCENARIO COMPLETE: Successfully retrieve account by valid ID
2025-09-14 00:00:30,175 - banking_api_tests - INFO - [environment.py:386] - [INFO] Status: [FAILED] FAILED
2025-09-14 00:00:30,175 - banking_api_tests - INFO - [environment.py:387] - [TIME]  Duration: 0:00:01.709032
2025-09-14 00:00:30,176 - banking_api_tests - INFO - [environment.py:388] - [URL] API Calls Made: 1
2025-09-14 00:00:30,176 - banking_api_tests - INFO - [environment.py:392] - [PERFORMANCE] Avg Response Time: 0.843s
2025-09-14 00:00:30,176 - banking_api_tests - INFO - [environment.py:393] - [INFO] Total Response Time: 0.843s
2025-09-14 00:00:30,176 - banking_api_tests - ERROR - [environment.py:397] - [ERROR] Last Error: Key assertion failed - 'firstName' not found. Available keys: ['accountId', 'customerId', 'bsb', 'accountNumber', 'accountType', 'createdAt']
2025-09-14 00:00:30,176 - banking_api_tests - INFO - [environment.py:401] - [URL] Final Response Status: 200
2025-09-14 00:00:30,176 - banking_api_tests - INFO - [environment.py:404] - [VERIFY] Correlation ID: 
2025-09-14 00:00:30,176 - banking_api_tests - INFO - [environment.py:406] - [END] ============================================================
2025-09-14 00:00:30,178 - banking_api_tests - INFO - [environment.py:344] - [SCENARIO] ============================================================
2025-09-14 00:00:30,178 - banking_api_tests - INFO - [environment.py:345] - [TEST] SCENARIO START: Successfully retrieve account with different valid ID
2025-09-14 00:00:30,178 - banking_api_tests - INFO - [environment.py:346] - [FILE] Feature: Account Retrieval
2025-09-14 00:00:30,178 - banking_api_tests - INFO - [environment.py:347] - [LOCATION] Location: features/accounts/account_retrieval.feature:24
2025-09-14 00:00:30,178 - banking_api_tests - INFO - [environment.py:348] - [TAGS]  Tags: happy_path, regression
2025-09-14 00:00:30,178 - banking_api_tests - INFO - [environment.py:349] - [TIME] Start Time: 2025-09-14T00:00:30.178468
2025-09-14 00:00:30,179 - banking_api_tests - INFO - [environment.py:350] - [SCENARIO] ============================================================
2025-09-14 00:00:30,179 - banking_api_tests - INFO - [common_steps.py:153] - [API] Checking API availability...
2025-09-14 00:00:31,056 - banking_api_tests - INFO - [common_steps.py:163] - [RESPONSE] API Health Check - Status: 200
2025-09-14 00:00:31,057 - banking_api_tests - INFO - [common_steps.py:170] - [SUCCESS] API is available and responding
2025-09-14 00:00:31,058 - banking_api_tests - INFO - [common_steps.py:192] - [AUTH] Configuring authentication credentials...
2025-09-14 00:00:31,058 - banking_api_tests - INFO - [common_steps.py:201] - [AUTH] Auth Token Configured: ****************2024
2025-09-14 00:00:31,058 - banking_api_tests - INFO - [common_steps.py:211] - [SUCCESS] Authentication credentials validated and configured
2025-09-14 00:00:31,059 - banking_api_tests - INFO - [common_steps.py:305] - [REQUEST] Sending GET request to: /accounts/ACC002
2025-09-14 00:00:31,900 - banking_api_tests - INFO - [common_steps.py:327] - [RESPONSE] GET Response: 200
2025-09-14 00:00:31,901 - banking_api_tests - INFO - [common_steps.py:328] - [TIME] Response Time: 0.842s
2025-09-14 00:00:31,901 - banking_api_tests - INFO - [common_steps.py:341] - [SUCCESS] GET request completed successfully
2025-09-14 00:00:31,901 - banking_api_tests - INFO - [common_steps.py:497] - [VERIFY] Verifying response status code should be 200
2025-09-14 00:00:31,901 - banking_api_tests - INFO - [common_steps.py:504] - [INFO] Expected: 200, Actual: 200
2025-09-14 00:00:31,901 - banking_api_tests - INFO - [common_steps.py:507] - [SUCCESS] Status code assertion PASSED: 200
2025-09-14 00:00:31,902 - banking_api_tests - INFO - [common_steps.py:590] - [VERIFY] Verifying response is valid JSON
2025-09-14 00:00:31,902 - banking_api_tests - INFO - [common_steps.py:598] - [SUCCESS] JSON validation PASSED: Response is valid JSON
2025-09-14 00:00:31,902 - banking_api_tests - INFO - [common_steps.py:539] - [VERIFY] Verifying response contains key: 'customerId'
2025-09-14 00:00:31,902 - banking_api_tests - INFO - [common_steps.py:552] - [SUCCESS] Key assertion PASSED: Found 'customerId' in response
2025-09-14 00:00:31,903 - banking_api_tests - INFO - [common_steps.py:1093] - [VERIFY] Checking response contains required fields
2025-09-14 00:00:31,903 - banking_api_tests - ERROR - [common_steps.py:1104] - [ERROR] Missing fields: ['firstName', 'lastName', 'email', 'phone', 'dob']
2025-09-14 00:00:31,904 - banking_api_tests - ERROR - [environment.py:170] - [SAVE] Failure details saved to: logs/failures/FAILED_Successfully_retrieve_account_with_different_valid_20250914_000031.txt
2025-09-14 00:00:31,904 - banking_api_tests - INFO - [environment.py:384] - [END] ============================================================
2025-09-14 00:00:31,905 - banking_api_tests - INFO - [environment.py:385] - [FAILED] SCENARIO COMPLETE: Successfully retrieve account with different valid ID
2025-09-14 00:00:31,905 - banking_api_tests - INFO - [environment.py:386] - [INFO] Status: [FAILED] FAILED
2025-09-14 00:00:31,905 - banking_api_tests - INFO - [environment.py:387] - [TIME]  Duration: 0:00:01.725360
2025-09-14 00:00:31,905 - banking_api_tests - INFO - [environment.py:388] - [URL] API Calls Made: 1
2025-09-14 00:00:31,905 - banking_api_tests - INFO - [environment.py:392] - [PERFORMANCE] Avg Response Time: 0.842s
2025-09-14 00:00:31,905 - banking_api_tests - INFO - [environment.py:393] - [INFO] Total Response Time: 0.842s
2025-09-14 00:00:31,905 - banking_api_tests - INFO - [environment.py:401] - [URL] Final Response Status: 200
2025-09-14 00:00:31,905 - banking_api_tests - INFO - [environment.py:404] - [VERIFY] Correlation ID: 
2025-09-14 00:00:31,906 - banking_api_tests - INFO - [environment.py:406] - [END] ============================================================
2025-09-14 00:00:31,907 - banking_api_tests - INFO - [environment.py:344] - [SCENARIO] ============================================================
2025-09-14 00:00:31,907 - banking_api_tests - INFO - [environment.py:345] - [TEST] SCENARIO START: Attempt to retrieve non-existent account
2025-09-14 00:00:31,907 - banking_api_tests - INFO - [environment.py:346] - [FILE] Feature: Account Retrieval
2025-09-14 00:00:31,908 - banking_api_tests - INFO - [environment.py:347] - [LOCATION] Location: features/accounts/account_retrieval.feature:39
2025-09-14 00:00:31,908 - banking_api_tests - INFO - [environment.py:348] - [TAGS]  Tags: error_handling, regression
2025-09-14 00:00:31,908 - banking_api_tests - INFO - [environment.py:349] - [TIME] Start Time: 2025-09-14T00:00:31.907652
2025-09-14 00:00:31,908 - banking_api_tests - INFO - [environment.py:350] - [SCENARIO] ============================================================
2025-09-14 00:00:31,908 - banking_api_tests - INFO - [common_steps.py:153] - [API] Checking API availability...
2025-09-14 00:00:32,760 - banking_api_tests - INFO - [common_steps.py:163] - [RESPONSE] API Health Check - Status: 200
2025-09-14 00:00:32,760 - banking_api_tests - INFO - [common_steps.py:170] - [SUCCESS] API is available and responding
2025-09-14 00:00:32,762 - banking_api_tests - INFO - [common_steps.py:192] - [AUTH] Configuring authentication credentials...
2025-09-14 00:00:32,762 - banking_api_tests - INFO - [common_steps.py:201] - [AUTH] Auth Token Configured: ****************2024
2025-09-14 00:00:32,762 - banking_api_tests - INFO - [common_steps.py:211] - [SUCCESS] Authentication credentials validated and configured
2025-09-14 00:00:32,762 - banking_api_tests - INFO - [common_steps.py:305] - [REQUEST] Sending GET request to: /accounts/NONEXISTENT
2025-09-14 00:00:33,548 - banking_api_tests - INFO - [common_steps.py:327] - [RESPONSE] GET Response: 500
2025-09-14 00:00:33,549 - banking_api_tests - INFO - [common_steps.py:328] - [TIME] Response Time: 0.786s
2025-09-14 00:00:33,549 - banking_api_tests - INFO - [common_steps.py:341] - [SUCCESS] GET request completed successfully
2025-09-14 00:00:33,549 - banking_api_tests - INFO - [common_steps.py:497] - [VERIFY] Verifying response status code should be 404
2025-09-14 00:00:33,549 - banking_api_tests - INFO - [common_steps.py:504] - [INFO] Expected: 404, Actual: 500
2025-09-14 00:00:33,549 - banking_api_tests - ERROR - [common_steps.py:509] - [ERROR] Status code assertion FAILED: Expected 404, got 500
2025-09-14 00:00:33,550 - banking_api_tests - ERROR - [common_steps.py:510] - [BODY] Response content: {
"servlet":"com.github.tomakehurst.wiremock.servlet.WireMockHandlerDispatchingServlet-5305c37d",
"cause0":"java.io.FileNotFoundException: /app/./__files/account-NONEXISTENT.json (No such file or directory)",
"message":"java.io.FileNotFoundException: /app/./__files/account-NONEXISTENT.json (No such ...
2025-09-14 00:00:33,550 - banking_api_tests - ERROR - [common_steps.py:525] - [BODY] Error Response JSON: {
  "servlet": "com.github.tomakehurst.wiremock.servlet.WireMockHandlerDispatchingServlet-5305c37d",
  "cause0": "java.io.FileNotFoundException: /app/./__files/account-NONEXISTENT.json (No such file or directory)",
  "message": "java.io.FileNotFoundException: /app/./__files/account-NONEXISTENT.json (No such file or directory)",
  "url": "/accounts/NONEXISTENT",
  "status": "500"
}
2025-09-14 00:00:33,551 - banking_api_tests - ERROR - [environment.py:170] - [SAVE] Failure details saved to: logs/failures/FAILED_Attempt_to_retrieve_non-existent_account_20250914_000033.txt
2025-09-14 00:00:33,551 - banking_api_tests - INFO - [environment.py:384] - [END] ============================================================
2025-09-14 00:00:33,551 - banking_api_tests - INFO - [environment.py:385] - [FAILED] SCENARIO COMPLETE: Attempt to retrieve non-existent account
2025-09-14 00:00:33,551 - banking_api_tests - INFO - [environment.py:386] - [INFO] Status: [FAILED] FAILED
2025-09-14 00:00:33,551 - banking_api_tests - INFO - [environment.py:387] - [TIME]  Duration: 0:00:01.643115
2025-09-14 00:00:33,551 - banking_api_tests - INFO - [environment.py:388] - [URL] API Calls Made: 1
2025-09-14 00:00:33,552 - banking_api_tests - INFO - [environment.py:392] - [PERFORMANCE] Avg Response Time: 0.786s
2025-09-14 00:00:33,552 - banking_api_tests - INFO - [environment.py:393] - [INFO] Total Response Time: 0.786s
2025-09-14 00:00:33,552 - banking_api_tests - ERROR - [environment.py:397] - [ERROR] Last Error: Status code assertion failed - Expected: 404, Actual: 500 | JSON Error: {"servlet": "com.github.tomakehurst.wiremock.servlet.WireMockHandlerDispatchingServlet-5305c37d", "cause0": "java.io.FileNotFoundException: /app/./__files/account-NONEXISTENT.json (No such file or directory)", "message": "java.io.FileNotFoundException: /app/./__files/account-NONEXISTENT.json (No such file or directory)", "url": "/accounts/NONEXISTENT", "status": "500"}
2025-09-14 00:00:33,552 - banking_api_tests - INFO - [environment.py:406] - [END] ============================================================
2025-09-14 00:00:33,554 - banking_api_tests - INFO - [environment.py:344] - [SCENARIO] ============================================================
2025-09-14 00:00:33,554 - banking_api_tests - INFO - [environment.py:345] - [TEST] SCENARIO START: Attempt to retrieve account with invalid ID format
2025-09-14 00:00:33,554 - banking_api_tests - INFO - [environment.py:346] - [FILE] Feature: Account Retrieval
2025-09-14 00:00:33,554 - banking_api_tests - INFO - [environment.py:347] - [LOCATION] Location: features/accounts/account_retrieval.feature:47
2025-09-14 00:00:33,554 - banking_api_tests - INFO - [environment.py:348] - [TAGS]  Tags: error_handling, regression
2025-09-14 00:00:33,555 - banking_api_tests - INFO - [environment.py:349] - [TIME] Start Time: 2025-09-14T00:00:33.554361
2025-09-14 00:00:33,555 - banking_api_tests - INFO - [environment.py:350] - [SCENARIO] ============================================================
2025-09-14 00:00:33,555 - banking_api_tests - INFO - [common_steps.py:153] - [API] Checking API availability...
2025-09-14 00:00:34,395 - banking_api_tests - INFO - [common_steps.py:163] - [RESPONSE] API Health Check - Status: 200
2025-09-14 00:00:34,395 - banking_api_tests - INFO - [common_steps.py:170] - [SUCCESS] API is available and responding
2025-09-14 00:00:34,396 - banking_api_tests - INFO - [common_steps.py:192] - [AUTH] Configuring authentication credentials...
2025-09-14 00:00:34,396 - banking_api_tests - INFO - [common_steps.py:201] - [AUTH] Auth Token Configured: ****************2024
2025-09-14 00:00:34,397 - banking_api_tests - INFO - [common_steps.py:211] - [SUCCESS] Authentication credentials validated and configured
2025-09-14 00:00:34,397 - banking_api_tests - INFO - [common_steps.py:305] - [REQUEST] Sending GET request to: /accounts/123invalid
2025-09-14 00:00:35,153 - banking_api_tests - INFO - [common_steps.py:327] - [RESPONSE] GET Response: 500
2025-09-14 00:00:35,153 - banking_api_tests - INFO - [common_steps.py:328] - [TIME] Response Time: 0.756s
2025-09-14 00:00:35,154 - banking_api_tests - INFO - [common_steps.py:341] - [SUCCESS] GET request completed successfully
2025-09-14 00:00:35,154 - banking_api_tests - INFO - [common_steps.py:497] - [VERIFY] Verifying response status code should be 404
2025-09-14 00:00:35,154 - banking_api_tests - INFO - [common_steps.py:504] - [INFO] Expected: 404, Actual: 500
2025-09-14 00:00:35,154 - banking_api_tests - ERROR - [common_steps.py:509] - [ERROR] Status code assertion FAILED: Expected 404, got 500
2025-09-14 00:00:35,154 - banking_api_tests - ERROR - [common_steps.py:510] - [BODY] Response content: {
"servlet":"com.github.tomakehurst.wiremock.servlet.WireMockHandlerDispatchingServlet-5305c37d",
"cause0":"java.io.FileNotFoundException: /app/./__files/account-123invalid.json (No such file or directory)",
"message":"java.io.FileNotFoundException: /app/./__files/account-123invalid.json (No such fi...
2025-09-14 00:00:35,154 - banking_api_tests - ERROR - [common_steps.py:525] - [BODY] Error Response JSON: {
  "servlet": "com.github.tomakehurst.wiremock.servlet.WireMockHandlerDispatchingServlet-5305c37d",
  "cause0": "java.io.FileNotFoundException: /app/./__files/account-123invalid.json (No such file or directory)",
  "message": "java.io.FileNotFoundException: /app/./__files/account-123invalid.json (No such file or directory)",
  "url": "/accounts/123invalid",
  "status": "500"
}
2025-09-14 00:00:35,155 - banking_api_tests - ERROR - [environment.py:170] - [SAVE] Failure details saved to: logs/failures/FAILED_Attempt_to_retrieve_account_with_invalid_ID_format_20250914_000035.txt
2025-09-14 00:00:35,156 - banking_api_tests - INFO - [environment.py:384] - [END] ============================================================
2025-09-14 00:00:35,156 - banking_api_tests - INFO - [environment.py:385] - [FAILED] SCENARIO COMPLETE: Attempt to retrieve account with invalid ID format
2025-09-14 00:00:35,156 - banking_api_tests - INFO - [environment.py:386] - [INFO] Status: [FAILED] FAILED
2025-09-14 00:00:35,156 - banking_api_tests - INFO - [environment.py:387] - [TIME]  Duration: 0:00:01.601040
2025-09-14 00:00:35,156 - banking_api_tests - INFO - [environment.py:388] - [URL] API Calls Made: 1
2025-09-14 00:00:35,156 - banking_api_tests - INFO - [environment.py:392] - [PERFORMANCE] Avg Response Time: 0.756s
2025-09-14 00:00:35,156 - banking_api_tests - INFO - [environment.py:393] - [INFO] Total Response Time: 0.756s
2025-09-14 00:00:35,156 - banking_api_tests - ERROR - [environment.py:397] - [ERROR] Last Error: Status code assertion failed - Expected: 404, Actual: 500 | JSON Error: {"servlet": "com.github.tomakehurst.wiremock.servlet.WireMockHandlerDispatchingServlet-5305c37d", "cause0": "java.io.FileNotFoundException: /app/./__files/account-123invalid.json (No such file or directory)", "message": "java.io.FileNotFoundException: /app/./__files/account-123invalid.json (No such file or directory)", "url": "/accounts/123invalid", "status": "500"}
2025-09-14 00:00:35,157 - banking_api_tests - INFO - [environment.py:406] - [END] ============================================================
2025-09-14 00:00:35,159 - banking_api_tests - INFO - [environment.py:344] - [SCENARIO] ============================================================
2025-09-14 00:00:35,159 - banking_api_tests - INFO - [environment.py:345] - [TEST] SCENARIO START: Retrieve accounts with boundary ID values -- @1.1 
2025-09-14 00:00:35,159 - banking_api_tests - INFO - [environment.py:346] - [FILE] Feature: Account Retrieval
2025-09-14 00:00:35,159 - banking_api_tests - INFO - [environment.py:347] - [LOCATION] Location: features/accounts/account_retrieval.feature:60
2025-09-14 00:00:35,159 - banking_api_tests - INFO - [environment.py:348] - [TAGS]  Tags: boundary_testing
2025-09-14 00:00:35,159 - banking_api_tests - INFO - [environment.py:349] - [TIME] Start Time: 2025-09-14T00:00:35.159037
2025-09-14 00:00:35,159 - banking_api_tests - INFO - [environment.py:350] - [SCENARIO] ============================================================
2025-09-14 00:00:35,160 - banking_api_tests - INFO - [common_steps.py:153] - [API] Checking API availability...
2025-09-14 00:00:36,007 - banking_api_tests - INFO - [common_steps.py:163] - [RESPONSE] API Health Check - Status: 200
2025-09-14 00:00:36,007 - banking_api_tests - INFO - [common_steps.py:170] - [SUCCESS] API is available and responding
2025-09-14 00:00:36,009 - banking_api_tests - INFO - [common_steps.py:192] - [AUTH] Configuring authentication credentials...
2025-09-14 00:00:36,009 - banking_api_tests - INFO - [common_steps.py:201] - [AUTH] Auth Token Configured: ****************2024
2025-09-14 00:00:36,009 - banking_api_tests - INFO - [common_steps.py:211] - [SUCCESS] Authentication credentials validated and configured
2025-09-14 00:00:36,009 - banking_api_tests - INFO - [common_steps.py:305] - [REQUEST] Sending GET request to: /accounts/ACC001
2025-09-14 00:00:36,853 - banking_api_tests - INFO - [common_steps.py:327] - [RESPONSE] GET Response: 200
2025-09-14 00:00:36,853 - banking_api_tests - INFO - [common_steps.py:328] - [TIME] Response Time: 0.844s
2025-09-14 00:00:36,854 - banking_api_tests - INFO - [common_steps.py:341] - [SUCCESS] GET request completed successfully
2025-09-14 00:00:36,854 - banking_api_tests - INFO - [common_steps.py:497] - [VERIFY] Verifying response status code should be 200
2025-09-14 00:00:36,854 - banking_api_tests - INFO - [common_steps.py:504] - [INFO] Expected: 200, Actual: 200
2025-09-14 00:00:36,854 - banking_api_tests - INFO - [common_steps.py:507] - [SUCCESS] Status code assertion PASSED: 200
2025-09-14 00:00:36,855 - banking_api_tests - INFO - [common_steps.py:590] - [VERIFY] Verifying response is valid JSON
2025-09-14 00:00:36,855 - banking_api_tests - INFO - [common_steps.py:598] - [SUCCESS] JSON validation PASSED: Response is valid JSON
2025-09-14 00:00:36,855 - banking_api_tests - INFO - [environment.py:384] - [END] ============================================================
2025-09-14 00:00:36,855 - banking_api_tests - INFO - [environment.py:385] - [PASSED] SCENARIO COMPLETE: Retrieve accounts with boundary ID values -- @1.1 
2025-09-14 00:00:36,855 - banking_api_tests - INFO - [environment.py:386] - [INFO] Status: [PASSED] PASSED
2025-09-14 00:00:36,855 - banking_api_tests - INFO - [environment.py:387] - [TIME]  Duration: 0:00:01.696277
2025-09-14 00:00:36,855 - banking_api_tests - INFO - [environment.py:388] - [URL] API Calls Made: 1
2025-09-14 00:00:36,855 - banking_api_tests - INFO - [environment.py:392] - [PERFORMANCE] Avg Response Time: 0.844s
2025-09-14 00:00:36,855 - banking_api_tests - INFO - [environment.py:393] - [INFO] Total Response Time: 0.844s
2025-09-14 00:00:36,856 - banking_api_tests - INFO - [environment.py:401] - [URL] Final Response Status: 200
2025-09-14 00:00:36,856 - banking_api_tests - INFO - [environment.py:404] - [VERIFY] Correlation ID: 
2025-09-14 00:00:36,856 - banking_api_tests - INFO - [environment.py:406] - [END] ============================================================
2025-09-14 00:00:36,857 - banking_api_tests - INFO - [environment.py:344] - [SCENARIO] ============================================================
2025-09-14 00:00:36,857 - banking_api_tests - INFO - [environment.py:345] - [TEST] SCENARIO START: Retrieve accounts with boundary ID values -- @1.2 
2025-09-14 00:00:36,857 - banking_api_tests - INFO - [environment.py:346] - [FILE] Feature: Account Retrieval
2025-09-14 00:00:36,857 - banking_api_tests - INFO - [environment.py:347] - [LOCATION] Location: features/accounts/account_retrieval.feature:61
2025-09-14 00:00:36,857 - banking_api_tests - INFO - [environment.py:348] - [TAGS]  Tags: boundary_testing
2025-09-14 00:00:36,857 - banking_api_tests - INFO - [environment.py:349] - [TIME] Start Time: 2025-09-14T00:00:36.857299
2025-09-14 00:00:36,857 - banking_api_tests - INFO - [environment.py:350] - [SCENARIO] ============================================================
2025-09-14 00:00:36,858 - banking_api_tests - INFO - [common_steps.py:153] - [API] Checking API availability...
2025-09-14 00:00:37,705 - banking_api_tests - INFO - [common_steps.py:163] - [RESPONSE] API Health Check - Status: 200
2025-09-14 00:00:37,705 - banking_api_tests - INFO - [common_steps.py:170] - [SUCCESS] API is available and responding
2025-09-14 00:00:37,707 - banking_api_tests - INFO - [common_steps.py:192] - [AUTH] Configuring authentication credentials...
2025-09-14 00:00:37,707 - banking_api_tests - INFO - [common_steps.py:201] - [AUTH] Auth Token Configured: ****************2024
2025-09-14 00:00:37,707 - banking_api_tests - INFO - [common_steps.py:211] - [SUCCESS] Authentication credentials validated and configured
2025-09-14 00:00:37,707 - banking_api_tests - INFO - [common_steps.py:305] - [REQUEST] Sending GET request to: /accounts/ACC999
2025-09-14 00:00:38,468 - banking_api_tests - INFO - [common_steps.py:327] - [RESPONSE] GET Response: 500
2025-09-14 00:00:38,468 - banking_api_tests - INFO - [common_steps.py:328] - [TIME] Response Time: 0.761s
2025-09-14 00:00:38,468 - banking_api_tests - INFO - [common_steps.py:341] - [SUCCESS] GET request completed successfully
2025-09-14 00:00:38,469 - banking_api_tests - INFO - [common_steps.py:497] - [VERIFY] Verifying response status code should be 404
2025-09-14 00:00:38,469 - banking_api_tests - INFO - [common_steps.py:504] - [INFO] Expected: 404, Actual: 500
2025-09-14 00:00:38,469 - banking_api_tests - ERROR - [common_steps.py:509] - [ERROR] Status code assertion FAILED: Expected 404, got 500
2025-09-14 00:00:38,469 - banking_api_tests - ERROR - [common_steps.py:510] - [BODY] Response content: {
"servlet":"com.github.tomakehurst.wiremock.servlet.WireMockHandlerDispatchingServlet-5305c37d",
"cause0":"java.io.FileNotFoundException: /app/./__files/account-ACC999.json (No such file or directory)",
"message":"java.io.FileNotFoundException: /app/./__files/account-ACC999.json (No such file or di...
2025-09-14 00:00:38,469 - banking_api_tests - ERROR - [common_steps.py:525] - [BODY] Error Response JSON: {
  "servlet": "com.github.tomakehurst.wiremock.servlet.WireMockHandlerDispatchingServlet-5305c37d",
  "cause0": "java.io.FileNotFoundException: /app/./__files/account-ACC999.json (No such file or directory)",
  "message": "java.io.FileNotFoundException: /app/./__files/account-ACC999.json (No such file or directory)",
  "url": "/accounts/ACC999",
  "status": "500"
}
2025-09-14 00:00:38,470 - banking_api_tests - ERROR - [environment.py:170] - [SAVE] Failure details saved to: logs/failures/FAILED_Retrieve_accounts_with_boundary_ID_values_--__1_2__20250914_000038.txt
2025-09-14 00:00:38,471 - banking_api_tests - INFO - [environment.py:384] - [END] ============================================================
2025-09-14 00:00:38,471 - banking_api_tests - INFO - [environment.py:385] - [FAILED] SCENARIO COMPLETE: Retrieve accounts with boundary ID values -- @1.2 
2025-09-14 00:00:38,471 - banking_api_tests - INFO - [environment.py:386] - [INFO] Status: [FAILED] FAILED
2025-09-14 00:00:38,471 - banking_api_tests - INFO - [environment.py:387] - [TIME]  Duration: 0:00:01.612946
2025-09-14 00:00:38,471 - banking_api_tests - INFO - [environment.py:388] - [URL] API Calls Made: 1
2025-09-14 00:00:38,471 - banking_api_tests - INFO - [environment.py:392] - [PERFORMANCE] Avg Response Time: 0.761s
2025-09-14 00:00:38,471 - banking_api_tests - INFO - [environment.py:393] - [INFO] Total Response Time: 0.761s
2025-09-14 00:00:38,471 - banking_api_tests - ERROR - [environment.py:397] - [ERROR] Last Error: Status code assertion failed - Expected: 404, Actual: 500 | JSON Error: {"servlet": "com.github.tomakehurst.wiremock.servlet.WireMockHandlerDispatchingServlet-5305c37d", "cause0": "java.io.FileNotFoundException: /app/./__files/account-ACC999.json (No such file or directory)", "message": "java.io.FileNotFoundException: /app/./__files/account-ACC999.json (No such file or directory)", "url": "/accounts/ACC999", "status": "500"}
2025-09-14 00:00:38,471 - banking_api_tests - INFO - [environment.py:406] - [END] ============================================================
2025-09-14 00:00:38,473 - banking_api_tests - INFO - [environment.py:344] - [SCENARIO] ============================================================
2025-09-14 00:00:38,473 - banking_api_tests - INFO - [environment.py:345] - [TEST] SCENARIO START: Retrieve accounts with boundary ID values -- @1.3 
2025-09-14 00:00:38,473 - banking_api_tests - INFO - [environment.py:346] - [FILE] Feature: Account Retrieval
2025-09-14 00:00:38,473 - banking_api_tests - INFO - [environment.py:347] - [LOCATION] Location: features/accounts/account_retrieval.feature:62
2025-09-14 00:00:38,473 - banking_api_tests - INFO - [environment.py:348] - [TAGS]  Tags: boundary_testing
2025-09-14 00:00:38,473 - banking_api_tests - INFO - [environment.py:349] - [TIME] Start Time: 2025-09-14T00:00:38.473259
2025-09-14 00:00:38,474 - banking_api_tests - INFO - [environment.py:350] - [SCENARIO] ============================================================
2025-09-14 00:00:38,474 - banking_api_tests - INFO - [common_steps.py:153] - [API] Checking API availability...
2025-09-14 00:00:39,306 - banking_api_tests - INFO - [common_steps.py:163] - [RESPONSE] API Health Check - Status: 200
2025-09-14 00:00:39,306 - banking_api_tests - INFO - [common_steps.py:170] - [SUCCESS] API is available and responding
2025-09-14 00:00:39,308 - banking_api_tests - INFO - [common_steps.py:192] - [AUTH] Configuring authentication credentials...
2025-09-14 00:00:39,308 - banking_api_tests - INFO - [common_steps.py:201] - [AUTH] Auth Token Configured: ****************2024
2025-09-14 00:00:39,308 - banking_api_tests - INFO - [common_steps.py:211] - [SUCCESS] Authentication credentials validated and configured
2025-09-14 00:00:39,308 - banking_api_tests - INFO - [common_steps.py:305] - [REQUEST] Sending GET request to: /accounts/A
2025-09-14 00:00:40,041 - banking_api_tests - INFO - [common_steps.py:327] - [RESPONSE] GET Response: 500
2025-09-14 00:00:40,041 - banking_api_tests - INFO - [common_steps.py:328] - [TIME] Response Time: 0.732s
2025-09-14 00:00:40,041 - banking_api_tests - INFO - [common_steps.py:341] - [SUCCESS] GET request completed successfully
2025-09-14 00:00:40,042 - banking_api_tests - INFO - [common_steps.py:497] - [VERIFY] Verifying response status code should be 404
2025-09-14 00:00:40,042 - banking_api_tests - INFO - [common_steps.py:504] - [INFO] Expected: 404, Actual: 500
2025-09-14 00:00:40,042 - banking_api_tests - ERROR - [common_steps.py:509] - [ERROR] Status code assertion FAILED: Expected 404, got 500
2025-09-14 00:00:40,042 - banking_api_tests - ERROR - [common_steps.py:510] - [BODY] Response content: {
"servlet":"com.github.tomakehurst.wiremock.servlet.WireMockHandlerDispatchingServlet-5305c37d",
"cause0":"java.io.FileNotFoundException: /app/./__files/account-A.json (No such file or directory)",
"message":"java.io.FileNotFoundException: /app/./__files/account-A.json (No such file or directory)",...
2025-09-14 00:00:40,042 - banking_api_tests - ERROR - [common_steps.py:525] - [BODY] Error Response JSON: {
  "servlet": "com.github.tomakehurst.wiremock.servlet.WireMockHandlerDispatchingServlet-5305c37d",
  "cause0": "java.io.FileNotFoundException: /app/./__files/account-A.json (No such file or directory)",
  "message": "java.io.FileNotFoundException: /app/./__files/account-A.json (No such file or directory)",
  "url": "/accounts/A",
  "status": "500"
}
2025-09-14 00:00:40,043 - banking_api_tests - ERROR - [environment.py:170] - [SAVE] Failure details saved to: logs/failures/FAILED_Retrieve_accounts_with_boundary_ID_values_--__1_3__20250914_000040.txt
2025-09-14 00:00:40,043 - banking_api_tests - INFO - [environment.py:384] - [END] ============================================================
2025-09-14 00:00:40,044 - banking_api_tests - INFO - [environment.py:385] - [FAILED] SCENARIO COMPLETE: Retrieve accounts with boundary ID values -- @1.3 
2025-09-14 00:00:40,044 - banking_api_tests - INFO - [environment.py:386] - [INFO] Status: [FAILED] FAILED
2025-09-14 00:00:40,044 - banking_api_tests - INFO - [environment.py:387] - [TIME]  Duration: 0:00:01.569808
2025-09-14 00:00:40,044 - banking_api_tests - INFO - [environment.py:388] - [URL] API Calls Made: 1
2025-09-14 00:00:40,044 - banking_api_tests - INFO - [environment.py:392] - [PERFORMANCE] Avg Response Time: 0.732s
2025-09-14 00:00:40,044 - banking_api_tests - INFO - [environment.py:393] - [INFO] Total Response Time: 0.732s
2025-09-14 00:00:40,044 - banking_api_tests - ERROR - [environment.py:397] - [ERROR] Last Error: Status code assertion failed - Expected: 404, Actual: 500 | JSON Error: {"servlet": "com.github.tomakehurst.wiremock.servlet.WireMockHandlerDispatchingServlet-5305c37d", "cause0": "java.io.FileNotFoundException: /app/./__files/account-A.json (No such file or directory)", "message": "java.io.FileNotFoundException: /app/./__files/account-A.json (No such file or directory)", "url": "/accounts/A", "status": "500"}
2025-09-14 00:00:40,044 - banking_api_tests - INFO - [environment.py:406] - [END] ============================================================
2025-09-14 00:00:40,046 - banking_api_tests - INFO - [environment.py:344] - [SCENARIO] ============================================================
2025-09-14 00:00:40,046 - banking_api_tests - INFO - [environment.py:345] - [TEST] SCENARIO START: Retrieve accounts with boundary ID values -- @1.4 
2025-09-14 00:00:40,046 - banking_api_tests - INFO - [environment.py:346] - [FILE] Feature: Account Retrieval
2025-09-14 00:00:40,046 - banking_api_tests - INFO - [environment.py:347] - [LOCATION] Location: features/accounts/account_retrieval.feature:63
2025-09-14 00:00:40,046 - banking_api_tests - INFO - [environment.py:348] - [TAGS]  Tags: boundary_testing
2025-09-14 00:00:40,046 - banking_api_tests - INFO - [environment.py:349] - [TIME] Start Time: 2025-09-14T00:00:40.046146
2025-09-14 00:00:40,046 - banking_api_tests - INFO - [environment.py:350] - [SCENARIO] ============================================================
2025-09-14 00:00:40,047 - banking_api_tests - INFO - [common_steps.py:153] - [API] Checking API availability...
2025-09-14 00:00:40,885 - banking_api_tests - INFO - [common_steps.py:163] - [RESPONSE] API Health Check - Status: 200
2025-09-14 00:00:40,885 - banking_api_tests - INFO - [common_steps.py:170] - [SUCCESS] API is available and responding
2025-09-14 00:00:40,886 - banking_api_tests - INFO - [common_steps.py:192] - [AUTH] Configuring authentication credentials...
2025-09-14 00:00:40,886 - banking_api_tests - INFO - [common_steps.py:201] - [AUTH] Auth Token Configured: ****************2024
2025-09-14 00:00:40,886 - banking_api_tests - INFO - [common_steps.py:211] - [SUCCESS] Authentication credentials validated and configured
2025-09-14 00:00:40,887 - banking_api_tests - INFO - [common_steps.py:305] - [REQUEST] Sending GET request to: /accounts/VERYLONGACCOUNTID
2025-09-14 00:00:41,640 - banking_api_tests - INFO - [common_steps.py:327] - [RESPONSE] GET Response: 500
2025-09-14 00:00:41,641 - banking_api_tests - INFO - [common_steps.py:328] - [TIME] Response Time: 0.753s
2025-09-14 00:00:41,641 - banking_api_tests - INFO - [common_steps.py:341] - [SUCCESS] GET request completed successfully
2025-09-14 00:00:41,641 - banking_api_tests - INFO - [common_steps.py:497] - [VERIFY] Verifying response status code should be 404
2025-09-14 00:00:41,641 - banking_api_tests - INFO - [common_steps.py:504] - [INFO] Expected: 404, Actual: 500
2025-09-14 00:00:41,642 - banking_api_tests - ERROR - [common_steps.py:509] - [ERROR] Status code assertion FAILED: Expected 404, got 500
2025-09-14 00:00:41,642 - banking_api_tests - ERROR - [common_steps.py:510] - [BODY] Response content: {
"servlet":"com.github.tomakehurst.wiremock.servlet.WireMockHandlerDispatchingServlet-5305c37d",
"cause0":"java.io.FileNotFoundException: /app/./__files/account-VERYLONGACCOUNTID.json (No such file or directory)",
"message":"java.io.FileNotFoundException: /app/./__files/account-VERYLONGACCOUNTID.js...
2025-09-14 00:00:41,642 - banking_api_tests - ERROR - [common_steps.py:525] - [BODY] Error Response JSON: {
  "servlet": "com.github.tomakehurst.wiremock.servlet.WireMockHandlerDispatchingServlet-5305c37d",
  "cause0": "java.io.FileNotFoundException: /app/./__files/account-VERYLONGACCOUNTID.json (No such file or directory)",
  "message": "java.io.FileNotFoundException: /app/./__files/account-VERYLONGACCOUNTID.json (No such file or directory)",
  "url": "/accounts/VERYLONGACCOUNTID",
  "status": "500"
}
2025-09-14 00:00:41,643 - banking_api_tests - ERROR - [environment.py:170] - [SAVE] Failure details saved to: logs/failures/FAILED_Retrieve_accounts_with_boundary_ID_values_--__1_4__20250914_000041.txt
2025-09-14 00:00:41,643 - banking_api_tests - INFO - [environment.py:384] - [END] ============================================================
2025-09-14 00:00:41,644 - banking_api_tests - INFO - [environment.py:385] - [FAILED] SCENARIO COMPLETE: Retrieve accounts with boundary ID values -- @1.4 
2025-09-14 00:00:41,644 - banking_api_tests - INFO - [environment.py:386] - [INFO] Status: [FAILED] FAILED
2025-09-14 00:00:41,644 - banking_api_tests - INFO - [environment.py:387] - [TIME]  Duration: 0:00:01.596851
2025-09-14 00:00:41,644 - banking_api_tests - INFO - [environment.py:388] - [URL] API Calls Made: 1
2025-09-14 00:00:41,644 - banking_api_tests - INFO - [environment.py:392] - [PERFORMANCE] Avg Response Time: 0.753s
2025-09-14 00:00:41,644 - banking_api_tests - INFO - [environment.py:393] - [INFO] Total Response Time: 0.753s
2025-09-14 00:00:41,644 - banking_api_tests - ERROR - [environment.py:397] - [ERROR] Last Error: Status code assertion failed - Expected: 404, Actual: 500 | JSON Error: {"servlet": "com.github.tomakehurst.wiremock.servlet.WireMockHandlerDispatchingServlet-5305c37d", "cause0": "java.io.FileNotFoundException: /app/./__files/account-VERYLONGACCOUNTID.json (No such file or directory)", "message": "java.io.FileNotFoundException: /app/./__files/account-VERYLONGACCOUNTID.json (No such file or directory)", "url": "/accounts/VERYLONGACCOUNTID", "status": "500"}
2025-09-14 00:00:41,645 - banking_api_tests - INFO - [environment.py:406] - [END] ============================================================
2025-09-14 00:00:41,646 - banking_api_tests - INFO - [environment.py:344] - [SCENARIO] ============================================================
2025-09-14 00:00:41,647 - banking_api_tests - INFO - [environment.py:345] - [TEST] SCENARIO START: Multiple concurrent account retrievals
2025-09-14 00:00:41,647 - banking_api_tests - INFO - [environment.py:346] - [FILE] Feature: Account Retrieval
2025-09-14 00:00:41,647 - banking_api_tests - INFO - [environment.py:347] - [LOCATION] Location: features/accounts/account_retrieval.feature:66
2025-09-14 00:00:41,647 - banking_api_tests - INFO - [environment.py:348] - [TAGS]  Tags: performance, load_testing
2025-09-14 00:00:41,647 - banking_api_tests - INFO - [environment.py:349] - [TIME] Start Time: 2025-09-14T00:00:41.646835
2025-09-14 00:00:41,647 - banking_api_tests - INFO - [environment.py:350] - [SCENARIO] ============================================================
2025-09-14 00:00:41,648 - banking_api_tests - INFO - [common_steps.py:153] - [API] Checking API availability...
2025-09-14 00:00:42,489 - banking_api_tests - INFO - [common_steps.py:163] - [RESPONSE] API Health Check - Status: 200
2025-09-14 00:00:42,489 - banking_api_tests - INFO - [common_steps.py:170] - [SUCCESS] API is available and responding
2025-09-14 00:00:42,490 - banking_api_tests - INFO - [common_steps.py:192] - [AUTH] Configuring authentication credentials...
2025-09-14 00:00:42,490 - banking_api_tests - INFO - [common_steps.py:201] - [AUTH] Auth Token Configured: ****************2024
2025-09-14 00:00:42,490 - banking_api_tests - INFO - [common_steps.py:211] - [SUCCESS] Authentication credentials validated and configured
2025-09-14 00:00:42,491 - banking_api_tests - INFO - [common_steps.py:305] - [REQUEST] Sending GET request to: /accounts/ACC001
2025-09-14 00:00:43,336 - banking_api_tests - INFO - [common_steps.py:327] - [RESPONSE] GET Response: 200
2025-09-14 00:00:43,336 - banking_api_tests - INFO - [common_steps.py:328] - [TIME] Response Time: 0.845s
2025-09-14 00:00:43,336 - banking_api_tests - INFO - [common_steps.py:341] - [SUCCESS] GET request completed successfully
2025-09-14 00:00:43,337 - banking_api_tests - INFO - [common_steps.py:305] - [REQUEST] Sending GET request to: /accounts/ACC002
2025-09-14 00:00:44,181 - banking_api_tests - INFO - [common_steps.py:327] - [RESPONSE] GET Response: 200
2025-09-14 00:00:44,181 - banking_api_tests - INFO - [common_steps.py:328] - [TIME] Response Time: 0.843s
2025-09-14 00:00:44,181 - banking_api_tests - INFO - [common_steps.py:341] - [SUCCESS] GET request completed successfully
2025-09-14 00:00:44,181 - banking_api_tests - INFO - [common_steps.py:1015] - [VERIFY] Verifying response time is under 1500ms
2025-09-14 00:00:44,182 - banking_api_tests - INFO - [common_steps.py:1034] - [SUCCESS] Response time assertion PASSED: 844ms <= 1500ms
2025-09-14 00:00:44,182 - banking_api_tests - INFO - [common_steps.py:924] - [VERIFY] Verifying response is successful (2xx status)
2025-09-14 00:00:44,182 - banking_api_tests - INFO - [common_steps.py:934] - [SUCCESS] Success assertion PASSED: Status 200
2025-09-14 00:00:44,182 - banking_api_tests - INFO - [environment.py:384] - [END] ============================================================
2025-09-14 00:00:44,182 - banking_api_tests - INFO - [environment.py:385] - [PASSED] SCENARIO COMPLETE: Multiple concurrent account retrievals
2025-09-14 00:00:44,182 - banking_api_tests - INFO - [environment.py:386] - [INFO] Status: [PASSED] PASSED
2025-09-14 00:00:44,183 - banking_api_tests - INFO - [environment.py:387] - [TIME]  Duration: 0:00:02.535858
2025-09-14 00:00:44,183 - banking_api_tests - INFO - [environment.py:388] - [URL] API Calls Made: 2
2025-09-14 00:00:44,183 - banking_api_tests - INFO - [environment.py:392] - [PERFORMANCE] Avg Response Time: 0.844s
2025-09-14 00:00:44,183 - banking_api_tests - INFO - [environment.py:393] - [INFO] Total Response Time: 1.688s
2025-09-14 00:00:44,183 - banking_api_tests - INFO - [environment.py:401] - [URL] Final Response Status: 200
2025-09-14 00:00:44,183 - banking_api_tests - INFO - [environment.py:404] - [VERIFY] Correlation ID: 
2025-09-14 00:00:44,183 - banking_api_tests - INFO - [environment.py:406] - [END] ============================================================
2025-09-14 00:00:44,184 - banking_api_tests - INFO - [environment.py:344] - [SCENARIO] ============================================================
2025-09-14 00:00:44,184 - banking_api_tests - INFO - [environment.py:345] - [TEST] SCENARIO START: Verify account response data types and formats
2025-09-14 00:00:44,185 - banking_api_tests - INFO - [environment.py:346] - [FILE] Feature: Account Retrieval
2025-09-14 00:00:44,185 - banking_api_tests - INFO - [environment.py:347] - [LOCATION] Location: features/accounts/account_retrieval.feature:73
2025-09-14 00:00:44,185 - banking_api_tests - INFO - [environment.py:348] - [TAGS]  Tags: data_validation
2025-09-14 00:00:44,185 - banking_api_tests - INFO - [environment.py:349] - [TIME] Start Time: 2025-09-14T00:00:44.184810
2025-09-14 00:00:44,185 - banking_api_tests - INFO - [environment.py:350] - [SCENARIO] ============================================================
2025-09-14 00:00:44,186 - banking_api_tests - INFO - [common_steps.py:153] - [API] Checking API availability...
2025-09-14 00:00:45,028 - banking_api_tests - INFO - [common_steps.py:163] - [RESPONSE] API Health Check - Status: 200
2025-09-14 00:00:45,029 - banking_api_tests - INFO - [common_steps.py:170] - [SUCCESS] API is available and responding
2025-09-14 00:00:45,030 - banking_api_tests - INFO - [common_steps.py:192] - [AUTH] Configuring authentication credentials...
2025-09-14 00:00:45,030 - banking_api_tests - INFO - [common_steps.py:201] - [AUTH] Auth Token Configured: ****************2024
2025-09-14 00:00:45,030 - banking_api_tests - INFO - [common_steps.py:211] - [SUCCESS] Authentication credentials validated and configured
2025-09-14 00:00:45,031 - banking_api_tests - INFO - [common_steps.py:305] - [REQUEST] Sending GET request to: /accounts/ACC001
2025-09-14 00:00:45,876 - banking_api_tests - INFO - [common_steps.py:327] - [RESPONSE] GET Response: 200
2025-09-14 00:00:45,876 - banking_api_tests - INFO - [common_steps.py:328] - [TIME] Response Time: 0.845s
2025-09-14 00:00:45,877 - banking_api_tests - INFO - [common_steps.py:341] - [SUCCESS] GET request completed successfully
2025-09-14 00:00:45,877 - banking_api_tests - INFO - [common_steps.py:497] - [VERIFY] Verifying response status code should be 200
2025-09-14 00:00:45,877 - banking_api_tests - INFO - [common_steps.py:504] - [INFO] Expected: 200, Actual: 200
2025-09-14 00:00:45,877 - banking_api_tests - INFO - [common_steps.py:507] - [SUCCESS] Status code assertion PASSED: 200
2025-09-14 00:00:45,878 - banking_api_tests - INFO - [common_steps.py:870] - [VERIFY] Verifying response 'customerId' should be 'ACC001'
2025-09-14 00:00:45,878 - banking_api_tests - ERROR - [common_steps.py:894] - [ERROR] Value assertion FAILED: Expected 'ACC001', got 'CUST001'
2025-09-14 00:00:45,879 - banking_api_tests - ERROR - [environment.py:170] - [SAVE] Failure details saved to: logs/failures/FAILED_Verify_account_response_data_types_and_formats_20250914_000045.txt
2025-09-14 00:00:45,879 - banking_api_tests - INFO - [environment.py:384] - [END] ============================================================
2025-09-14 00:00:45,879 - banking_api_tests - INFO - [environment.py:385] - [FAILED] SCENARIO COMPLETE: Verify account response data types and formats
2025-09-14 00:00:45,879 - banking_api_tests - INFO - [environment.py:386] - [INFO] Status: [FAILED] FAILED
2025-09-14 00:00:45,879 - banking_api_tests - INFO - [environment.py:387] - [TIME]  Duration: 0:00:01.693855
2025-09-14 00:00:45,880 - banking_api_tests - INFO - [environment.py:388] - [URL] API Calls Made: 1
2025-09-14 00:00:45,880 - banking_api_tests - INFO - [environment.py:392] - [PERFORMANCE] Avg Response Time: 0.845s
2025-09-14 00:00:45,880 - banking_api_tests - INFO - [environment.py:393] - [INFO] Total Response Time: 0.845s
2025-09-14 00:00:45,880 - banking_api_tests - ERROR - [environment.py:397] - [ERROR] Last Error: Value assertion failed - 'customerId' expected 'ACC001' but got 'CUST001'
2025-09-14 00:00:45,880 - banking_api_tests - INFO - [environment.py:401] - [URL] Final Response Status: 200
2025-09-14 00:00:45,880 - banking_api_tests - INFO - [environment.py:404] - [VERIFY] Correlation ID: 
2025-09-14 00:00:45,880 - banking_api_tests - INFO - [environment.py:406] - [END] ============================================================
2025-09-14 00:00:45,882 - banking_api_tests - INFO - [environment.py:344] - [SCENARIO] ============================================================
2025-09-14 00:00:45,882 - banking_api_tests - INFO - [environment.py:345] - [TEST] SCENARIO START: Verify correlation ID is propagated in account retrieval
2025-09-14 00:00:45,882 - banking_api_tests - INFO - [environment.py:346] - [FILE] Feature: Account Retrieval
2025-09-14 00:00:45,882 - banking_api_tests - INFO - [environment.py:347] - [LOCATION] Location: features/accounts/account_retrieval.feature:84
2025-09-14 00:00:45,883 - banking_api_tests - INFO - [environment.py:348] - [TAGS]  Tags: correlation_tracking
2025-09-14 00:00:45,883 - banking_api_tests - INFO - [environment.py:349] - [TIME] Start Time: 2025-09-14T00:00:45.882489
2025-09-14 00:00:45,883 - banking_api_tests - INFO - [environment.py:350] - [SCENARIO] ============================================================
2025-09-14 00:00:45,883 - banking_api_tests - INFO - [common_steps.py:153] - [API] Checking API availability...
2025-09-14 00:00:46,738 - banking_api_tests - INFO - [common_steps.py:163] - [RESPONSE] API Health Check - Status: 200
2025-09-14 00:00:46,738 - banking_api_tests - INFO - [common_steps.py:170] - [SUCCESS] API is available and responding
2025-09-14 00:00:46,739 - banking_api_tests - INFO - [common_steps.py:192] - [AUTH] Configuring authentication credentials...
2025-09-14 00:00:46,740 - banking_api_tests - INFO - [common_steps.py:201] - [AUTH] Auth Token Configured: ****************2024
2025-09-14 00:00:46,740 - banking_api_tests - INFO - [common_steps.py:211] - [SUCCESS] Authentication credentials validated and configured
2025-09-14 00:00:46,740 - banking_api_tests - INFO - [common_steps.py:221] - [CORRELATION] Setting correlation ID: test-acc-001
2025-09-14 00:00:46,741 - banking_api_tests - INFO - [common_steps.py:305] - [REQUEST] Sending GET request to: /accounts/ACC001
2025-09-14 00:00:47,591 - banking_api_tests - INFO - [common_steps.py:327] - [RESPONSE] GET Response: 200
2025-09-14 00:00:47,592 - banking_api_tests - INFO - [common_steps.py:328] - [TIME] Response Time: 0.851s
2025-09-14 00:00:47,592 - banking_api_tests - INFO - [common_steps.py:341] - [SUCCESS] GET request completed successfully
2025-09-14 00:00:47,592 - banking_api_tests - INFO - [common_steps.py:497] - [VERIFY] Verifying response status code should be 200
2025-09-14 00:00:47,592 - banking_api_tests - INFO - [common_steps.py:504] - [INFO] Expected: 200, Actual: 200
2025-09-14 00:00:47,592 - banking_api_tests - INFO - [common_steps.py:507] - [SUCCESS] Status code assertion PASSED: 200
2025-09-14 00:00:47,593 - banking_api_tests - INFO - [common_steps.py:682] - [SUCCESS] Found correlation ID: test-acc-001
2025-09-14 00:00:47,593 - banking_api_tests - INFO - [environment.py:384] - [END] ============================================================
2025-09-14 00:00:47,593 - banking_api_tests - INFO - [environment.py:385] - [PASSED] SCENARIO COMPLETE: Verify correlation ID is propagated in account retrieval
2025-09-14 00:00:47,593 - banking_api_tests - INFO - [environment.py:386] - [INFO] Status: [PASSED] PASSED
2025-09-14 00:00:47,593 - banking_api_tests - INFO - [environment.py:387] - [TIME]  Duration: 0:00:01.711035
2025-09-14 00:00:47,593 - banking_api_tests - INFO - [environment.py:388] - [URL] API Calls Made: 1
2025-09-14 00:00:47,594 - banking_api_tests - INFO - [environment.py:392] - [PERFORMANCE] Avg Response Time: 0.851s
2025-09-14 00:00:47,594 - banking_api_tests - INFO - [environment.py:393] - [INFO] Total Response Time: 0.851s
2025-09-14 00:00:47,594 - banking_api_tests - INFO - [environment.py:401] - [URL] Final Response Status: 200
2025-09-14 00:00:47,594 - banking_api_tests - INFO - [environment.py:404] - [VERIFY] Correlation ID: test-acc-001
2025-09-14 00:00:47,594 - banking_api_tests - INFO - [environment.py:406] - [END] ============================================================
2025-09-14 00:00:47,595 - banking_api_tests - INFO - [environment.py:344] - [SCENARIO] ============================================================
2025-09-14 00:00:47,595 - banking_api_tests - INFO - [environment.py:345] - [TEST] SCENARIO START: Verify consistent response for repeated requests
2025-09-14 00:00:47,595 - banking_api_tests - INFO - [environment.py:346] - [FILE] Feature: Account Retrieval
2025-09-14 00:00:47,595 - banking_api_tests - INFO - [environment.py:347] - [LOCATION] Location: features/accounts/account_retrieval.feature:91
2025-09-14 00:00:47,595 - banking_api_tests - INFO - [environment.py:348] - [TAGS]  Tags: caching_behavior
2025-09-14 00:00:47,596 - banking_api_tests - INFO - [environment.py:349] - [TIME] Start Time: 2025-09-14T00:00:47.595494
2025-09-14 00:00:47,596 - banking_api_tests - INFO - [environment.py:350] - [SCENARIO] ============================================================
2025-09-14 00:00:47,596 - banking_api_tests - INFO - [common_steps.py:153] - [API] Checking API availability...
2025-09-14 00:00:48,438 - banking_api_tests - INFO - [common_steps.py:163] - [RESPONSE] API Health Check - Status: 200
2025-09-14 00:00:48,439 - banking_api_tests - INFO - [common_steps.py:170] - [SUCCESS] API is available and responding
2025-09-14 00:00:48,440 - banking_api_tests - INFO - [common_steps.py:192] - [AUTH] Configuring authentication credentials...
2025-09-14 00:00:48,440 - banking_api_tests - INFO - [common_steps.py:201] - [AUTH] Auth Token Configured: ****************2024
2025-09-14 00:00:48,440 - banking_api_tests - INFO - [common_steps.py:211] - [SUCCESS] Authentication credentials validated and configured
2025-09-14 00:00:48,440 - banking_api_tests - INFO - [common_steps.py:305] - [REQUEST] Sending GET request to: /accounts/ACC001
2025-09-14 00:00:49,307 - banking_api_tests - INFO - [common_steps.py:327] - [RESPONSE] GET Response: 200
2025-09-14 00:00:49,307 - banking_api_tests - INFO - [common_steps.py:328] - [TIME] Response Time: 0.866s
2025-09-14 00:00:49,307 - banking_api_tests - INFO - [common_steps.py:341] - [SUCCESS] GET request completed successfully
2025-09-14 00:00:49,308 - banking_api_tests - INFO - [common_steps.py:497] - [VERIFY] Verifying response status code should be 200
2025-09-14 00:00:49,308 - banking_api_tests - INFO - [common_steps.py:504] - [INFO] Expected: 200, Actual: 200
2025-09-14 00:00:49,308 - banking_api_tests - INFO - [common_steps.py:507] - [SUCCESS] Status code assertion PASSED: 200
2025-09-14 00:00:49,308 - banking_api_tests - ERROR - [common_steps.py:654] - [ERROR] Response does not contain field: firstName
2025-09-14 00:00:49,309 - banking_api_tests - ERROR - [environment.py:170] - [SAVE] Failure details saved to: logs/failures/FAILED_Verify_consistent_response_for_repeated_requests_20250914_000049.txt
2025-09-14 00:00:49,310 - banking_api_tests - INFO - [environment.py:384] - [END] ============================================================
2025-09-14 00:00:49,310 - banking_api_tests - INFO - [environment.py:385] - [FAILED] SCENARIO COMPLETE: Verify consistent response for repeated requests
2025-09-14 00:00:49,310 - banking_api_tests - INFO - [environment.py:386] - [INFO] Status: [FAILED] FAILED
2025-09-14 00:00:49,310 - banking_api_tests - INFO - [environment.py:387] - [TIME]  Duration: 0:00:01.713766
2025-09-14 00:00:49,310 - banking_api_tests - INFO - [environment.py:388] - [URL] API Calls Made: 1
2025-09-14 00:00:49,310 - banking_api_tests - INFO - [environment.py:392] - [PERFORMANCE] Avg Response Time: 0.866s
2025-09-14 00:00:49,310 - banking_api_tests - INFO - [environment.py:393] - [INFO] Total Response Time: 0.866s
2025-09-14 00:00:49,310 - banking_api_tests - INFO - [environment.py:401] - [URL] Final Response Status: 200
2025-09-14 00:00:49,310 - banking_api_tests - INFO - [environment.py:404] - [VERIFY] Correlation ID: 
2025-09-14 00:00:49,311 - banking_api_tests - INFO - [environment.py:406] - [END] ============================================================
2025-09-14 00:00:49,312 - banking_api_tests - INFO - [environment.py:344] - [SCENARIO] ============================================================
2025-09-14 00:00:49,312 - banking_api_tests - INFO - [environment.py:345] - [TEST] SCENARIO START: Verify account retrieval response headers
2025-09-14 00:00:49,313 - banking_api_tests - INFO - [environment.py:346] - [FILE] Feature: Account Retrieval
2025-09-14 00:00:49,313 - banking_api_tests - INFO - [environment.py:347] - [LOCATION] Location: features/accounts/account_retrieval.feature:101
2025-09-14 00:00:49,313 - banking_api_tests - INFO - [environment.py:348] - [TAGS]  Tags: response_headers
2025-09-14 00:00:49,313 - banking_api_tests - INFO - [environment.py:349] - [TIME] Start Time: 2025-09-14T00:00:49.312662
2025-09-14 00:00:49,313 - banking_api_tests - INFO - [environment.py:350] - [SCENARIO] ============================================================
2025-09-14 00:00:49,314 - banking_api_tests - INFO - [common_steps.py:153] - [API] Checking API availability...
2025-09-14 00:00:50,144 - banking_api_tests - INFO - [common_steps.py:163] - [RESPONSE] API Health Check - Status: 200
2025-09-14 00:00:50,144 - banking_api_tests - INFO - [common_steps.py:170] - [SUCCESS] API is available and responding
2025-09-14 00:00:50,146 - banking_api_tests - INFO - [common_steps.py:192] - [AUTH] Configuring authentication credentials...
2025-09-14 00:00:50,146 - banking_api_tests - INFO - [common_steps.py:201] - [AUTH] Auth Token Configured: ****************2024
2025-09-14 00:00:50,146 - banking_api_tests - INFO - [common_steps.py:211] - [SUCCESS] Authentication credentials validated and configured
2025-09-14 00:00:50,147 - banking_api_tests - INFO - [common_steps.py:305] - [REQUEST] Sending GET request to: /accounts/ACC001
2025-09-14 00:00:50,994 - banking_api_tests - INFO - [common_steps.py:327] - [RESPONSE] GET Response: 200
2025-09-14 00:00:50,994 - banking_api_tests - INFO - [common_steps.py:328] - [TIME] Response Time: 0.847s
2025-09-14 00:00:50,994 - banking_api_tests - INFO - [common_steps.py:341] - [SUCCESS] GET request completed successfully
2025-09-14 00:00:50,995 - banking_api_tests - INFO - [common_steps.py:497] - [VERIFY] Verifying response status code should be 200
2025-09-14 00:00:50,995 - banking_api_tests - INFO - [common_steps.py:504] - [INFO] Expected: 200, Actual: 200
2025-09-14 00:00:50,995 - banking_api_tests - INFO - [common_steps.py:507] - [SUCCESS] Status code assertion PASSED: 200
2025-09-14 00:00:50,995 - banking_api_tests - INFO - [common_steps.py:1126] - [VERIFY] Checking security headers in response
2025-09-14 00:00:50,995 - banking_api_tests - INFO - [common_steps.py:1150] - [SUCCESS] All security headers present
2025-09-14 00:00:50,996 - banking_api_tests - INFO - [common_steps.py:682] - [SUCCESS] Found correlation ID: 
2025-09-14 00:00:50,996 - banking_api_tests - INFO - [environment.py:384] - [END] ============================================================
2025-09-14 00:00:50,996 - banking_api_tests - INFO - [environment.py:385] - [PASSED] SCENARIO COMPLETE: Verify account retrieval response headers
2025-09-14 00:00:50,996 - banking_api_tests - INFO - [environment.py:386] - [INFO] Status: [PASSED] PASSED
2025-09-14 00:00:50,996 - banking_api_tests - INFO - [environment.py:387] - [TIME]  Duration: 0:00:01.683771
2025-09-14 00:00:50,996 - banking_api_tests - INFO - [environment.py:388] - [URL] API Calls Made: 1
2025-09-14 00:00:50,996 - banking_api_tests - INFO - [environment.py:392] - [PERFORMANCE] Avg Response Time: 0.847s
2025-09-14 00:00:50,997 - banking_api_tests - INFO - [environment.py:393] - [INFO] Total Response Time: 0.847s
2025-09-14 00:00:50,997 - banking_api_tests - INFO - [environment.py:401] - [URL] Final Response Status: 200
2025-09-14 00:00:50,997 - banking_api_tests - INFO - [environment.py:404] - [VERIFY] Correlation ID: 
2025-09-14 00:00:50,997 - banking_api_tests - INFO - [environment.py:406] - [END] ============================================================
2025-09-14 00:00:50,999 - banking_api_tests - INFO - [environment.py:344] - [SCENARIO] ============================================================
2025-09-14 00:00:50,999 - banking_api_tests - INFO - [environment.py:345] - [TEST] SCENARIO START: Account retrieval with special characters in ID -- @1.1 
2025-09-14 00:00:50,999 - banking_api_tests - INFO - [environment.py:346] - [FILE] Feature: Account Retrieval
2025-09-14 00:00:50,999 - banking_api_tests - INFO - [environment.py:347] - [LOCATION] Location: features/accounts/account_retrieval.feature:115
2025-09-14 00:00:50,999 - banking_api_tests - INFO - [environment.py:348] - [TAGS]  Tags: edge_cases
2025-09-14 00:00:50,999 - banking_api_tests - INFO - [environment.py:349] - [TIME] Start Time: 2025-09-14T00:00:50.998985
2025-09-14 00:00:50,999 - banking_api_tests - INFO - [environment.py:350] - [SCENARIO] ============================================================
2025-09-14 00:00:51,000 - banking_api_tests - INFO - [common_steps.py:153] - [API] Checking API availability...
2025-09-14 00:00:51,836 - banking_api_tests - INFO - [common_steps.py:163] - [RESPONSE] API Health Check - Status: 200
2025-09-14 00:00:51,836 - banking_api_tests - INFO - [common_steps.py:170] - [SUCCESS] API is available and responding
2025-09-14 00:00:51,837 - banking_api_tests - INFO - [common_steps.py:192] - [AUTH] Configuring authentication credentials...
2025-09-14 00:00:51,837 - banking_api_tests - INFO - [common_steps.py:201] - [AUTH] Auth Token Configured: ****************2024
2025-09-14 00:00:51,838 - banking_api_tests - INFO - [common_steps.py:211] - [SUCCESS] Authentication credentials validated and configured
2025-09-14 00:00:51,838 - banking_api_tests - INFO - [common_steps.py:305] - [REQUEST] Sending GET request to: /accounts/ACC@001
2025-09-14 00:00:52,579 - banking_api_tests - INFO - [common_steps.py:327] - [RESPONSE] GET Response: 404
2025-09-14 00:00:52,579 - banking_api_tests - INFO - [common_steps.py:328] - [TIME] Response Time: 0.741s
2025-09-14 00:00:52,579 - banking_api_tests - INFO - [common_steps.py:341] - [SUCCESS] GET request completed successfully
2025-09-14 00:00:52,579 - banking_api_tests - INFO - [common_steps.py:497] - [VERIFY] Verifying response status code should be 404
2025-09-14 00:00:52,580 - banking_api_tests - INFO - [common_steps.py:504] - [INFO] Expected: 404, Actual: 404
2025-09-14 00:00:52,580 - banking_api_tests - INFO - [common_steps.py:507] - [SUCCESS] Status code assertion PASSED: 404
2025-09-14 00:00:52,580 - banking_api_tests - INFO - [common_steps.py:955] - [VERIFY] Verifying response contains error message
2025-09-14 00:00:52,580 - banking_api_tests - ERROR - [common_steps.py:991] - [ERROR] JSON decode error: Expecting value: line 2 column 48 (char 48)
2025-09-14 00:00:52,580 - banking_api_tests - ERROR - [common_steps.py:992] - [BODY] Raw response: 
                                               Request was not matched
                                               =======================

--------------------------------------------------------...
2025-09-14 00:00:52,581 - banking_api_tests - ERROR - [environment.py:170] - [SAVE] Failure details saved to: logs/failures/FAILED_Account_retrieval_with_special_characters_in_ID_--_20250914_000052.txt
2025-09-14 00:00:52,581 - banking_api_tests - INFO - [environment.py:384] - [END] ============================================================
2025-09-14 00:00:52,582 - banking_api_tests - INFO - [environment.py:385] - [FAILED] SCENARIO COMPLETE: Account retrieval with special characters in ID -- @1.1 
2025-09-14 00:00:52,582 - banking_api_tests - INFO - [environment.py:386] - [INFO] Status: [FAILED] FAILED
2025-09-14 00:00:52,582 - banking_api_tests - INFO - [environment.py:387] - [TIME]  Duration: 0:00:01.582136
2025-09-14 00:00:52,582 - banking_api_tests - INFO - [environment.py:388] - [URL] API Calls Made: 1
2025-09-14 00:00:52,582 - banking_api_tests - INFO - [environment.py:392] - [PERFORMANCE] Avg Response Time: 0.741s
2025-09-14 00:00:52,582 - banking_api_tests - INFO - [environment.py:393] - [INFO] Total Response Time: 0.741s
2025-09-14 00:00:52,582 - banking_api_tests - ERROR - [environment.py:397] - [ERROR] Last Error: JSON decode error and no error text found: Expecting value: line 2 column 48 (char 48)
2025-09-14 00:00:52,582 - banking_api_tests - INFO - [environment.py:406] - [END] ============================================================
2025-09-14 00:00:52,583 - banking_api_tests - INFO - [environment.py:344] - [SCENARIO] ============================================================
2025-09-14 00:00:52,583 - banking_api_tests - INFO - [environment.py:345] - [TEST] SCENARIO START: Account retrieval with special characters in ID -- @1.2 
2025-09-14 00:00:52,583 - banking_api_tests - INFO - [environment.py:346] - [FILE] Feature: Account Retrieval
2025-09-14 00:00:52,583 - banking_api_tests - INFO - [environment.py:347] - [LOCATION] Location: features/accounts/account_retrieval.feature:116
2025-09-14 00:00:52,583 - banking_api_tests - INFO - [environment.py:348] - [TAGS]  Tags: edge_cases
2025-09-14 00:00:52,583 - banking_api_tests - INFO - [environment.py:349] - [TIME] Start Time: 2025-09-14T00:00:52.583305
2025-09-14 00:00:52,583 - banking_api_tests - INFO - [environment.py:350] - [SCENARIO] ============================================================
2025-09-14 00:00:52,584 - banking_api_tests - INFO - [common_steps.py:153] - [API] Checking API availability...
2025-09-14 00:00:53,416 - banking_api_tests - INFO - [common_steps.py:163] - [RESPONSE] API Health Check - Status: 200
2025-09-14 00:00:53,417 - banking_api_tests - INFO - [common_steps.py:170] - [SUCCESS] API is available and responding
2025-09-14 00:00:53,418 - banking_api_tests - INFO - [common_steps.py:192] - [AUTH] Configuring authentication credentials...
2025-09-14 00:00:53,418 - banking_api_tests - INFO - [common_steps.py:201] - [AUTH] Auth Token Configured: ****************2024
2025-09-14 00:00:53,418 - banking_api_tests - INFO - [common_steps.py:211] - [SUCCESS] Authentication credentials validated and configured
2025-09-14 00:00:53,419 - banking_api_tests - INFO - [common_steps.py:305] - [REQUEST] Sending GET request to: /accounts/ACC 001
2025-09-14 00:00:54,167 - banking_api_tests - INFO - [common_steps.py:327] - [RESPONSE] GET Response: 404
2025-09-14 00:00:54,167 - banking_api_tests - INFO - [common_steps.py:328] - [TIME] Response Time: 0.749s
2025-09-14 00:00:54,168 - banking_api_tests - INFO - [common_steps.py:341] - [SUCCESS] GET request completed successfully
2025-09-14 00:00:54,168 - banking_api_tests - INFO - [common_steps.py:497] - [VERIFY] Verifying response status code should be 404
2025-09-14 00:00:54,168 - banking_api_tests - INFO - [common_steps.py:504] - [INFO] Expected: 404, Actual: 404
2025-09-14 00:00:54,168 - banking_api_tests - INFO - [common_steps.py:507] - [SUCCESS] Status code assertion PASSED: 404
2025-09-14 00:00:54,169 - banking_api_tests - INFO - [common_steps.py:955] - [VERIFY] Verifying response contains error message
2025-09-14 00:00:54,169 - banking_api_tests - ERROR - [common_steps.py:991] - [ERROR] JSON decode error: Expecting value: line 2 column 48 (char 48)
2025-09-14 00:00:54,169 - banking_api_tests - ERROR - [common_steps.py:992] - [BODY] Raw response: 
                                               Request was not matched
                                               =======================

--------------------------------------------------------...
2025-09-14 00:00:54,170 - banking_api_tests - ERROR - [environment.py:170] - [SAVE] Failure details saved to: logs/failures/FAILED_Account_retrieval_with_special_characters_in_ID_--_20250914_000054.txt
2025-09-14 00:00:54,170 - banking_api_tests - INFO - [environment.py:384] - [END] ============================================================
2025-09-14 00:00:54,171 - banking_api_tests - INFO - [environment.py:385] - [FAILED] SCENARIO COMPLETE: Account retrieval with special characters in ID -- @1.2 
2025-09-14 00:00:54,171 - banking_api_tests - INFO - [environment.py:386] - [INFO] Status: [FAILED] FAILED
2025-09-14 00:00:54,171 - banking_api_tests - INFO - [environment.py:387] - [TIME]  Duration: 0:00:01.586396
2025-09-14 00:00:54,171 - banking_api_tests - INFO - [environment.py:388] - [URL] API Calls Made: 1
2025-09-14 00:00:54,171 - banking_api_tests - INFO - [environment.py:392] - [PERFORMANCE] Avg Response Time: 0.749s
2025-09-14 00:00:54,171 - banking_api_tests - INFO - [environment.py:393] - [INFO] Total Response Time: 0.749s
2025-09-14 00:00:54,171 - banking_api_tests - ERROR - [environment.py:397] - [ERROR] Last Error: JSON decode error and no error text found: Expecting value: line 2 column 48 (char 48)
2025-09-14 00:00:54,171 - banking_api_tests - INFO - [environment.py:406] - [END] ============================================================
2025-09-14 00:00:54,172 - banking_api_tests - INFO - [environment.py:344] - [SCENARIO] ============================================================
2025-09-14 00:00:54,172 - banking_api_tests - INFO - [environment.py:345] - [TEST] SCENARIO START: Account retrieval with special characters in ID -- @1.3 
2025-09-14 00:00:54,172 - banking_api_tests - INFO - [environment.py:346] - [FILE] Feature: Account Retrieval
2025-09-14 00:00:54,172 - banking_api_tests - INFO - [environment.py:347] - [LOCATION] Location: features/accounts/account_retrieval.feature:117
2025-09-14 00:00:54,172 - banking_api_tests - INFO - [environment.py:348] - [TAGS]  Tags: edge_cases
2025-09-14 00:00:54,172 - banking_api_tests - INFO - [environment.py:349] - [TIME] Start Time: 2025-09-14T00:00:54.172299
2025-09-14 00:00:54,172 - banking_api_tests - INFO - [environment.py:350] - [SCENARIO] ============================================================
2025-09-14 00:00:54,173 - banking_api_tests - INFO - [common_steps.py:153] - [API] Checking API availability...
2025-09-14 00:00:55,047 - banking_api_tests - INFO - [common_steps.py:163] - [RESPONSE] API Health Check - Status: 200
2025-09-14 00:00:55,047 - banking_api_tests - INFO - [common_steps.py:170] - [SUCCESS] API is available and responding
2025-09-14 00:00:55,048 - banking_api_tests - INFO - [common_steps.py:192] - [AUTH] Configuring authentication credentials...
2025-09-14 00:00:55,048 - banking_api_tests - INFO - [common_steps.py:201] - [AUTH] Auth Token Configured: ****************2024
2025-09-14 00:00:55,049 - banking_api_tests - INFO - [common_steps.py:211] - [SUCCESS] Authentication credentials validated and configured
2025-09-14 00:00:55,049 - banking_api_tests - INFO - [common_steps.py:305] - [REQUEST] Sending GET request to: /accounts/ACC#001
2025-09-14 00:00:55,792 - banking_api_tests - INFO - [common_steps.py:327] - [RESPONSE] GET Response: 500
2025-09-14 00:00:55,792 - banking_api_tests - INFO - [common_steps.py:328] - [TIME] Response Time: 0.743s
2025-09-14 00:00:55,792 - banking_api_tests - INFO - [common_steps.py:341] - [SUCCESS] GET request completed successfully
2025-09-14 00:00:55,793 - banking_api_tests - INFO - [common_steps.py:497] - [VERIFY] Verifying response status code should be 404
2025-09-14 00:00:55,793 - banking_api_tests - INFO - [common_steps.py:504] - [INFO] Expected: 404, Actual: 500
2025-09-14 00:00:55,793 - banking_api_tests - ERROR - [common_steps.py:509] - [ERROR] Status code assertion FAILED: Expected 404, got 500
2025-09-14 00:00:55,793 - banking_api_tests - ERROR - [common_steps.py:510] - [BODY] Response content: {
"servlet":"com.github.tomakehurst.wiremock.servlet.WireMockHandlerDispatchingServlet-5305c37d",
"cause0":"java.io.FileNotFoundException: /app/./__files/account-ACC.json (No such file or directory)",
"message":"java.io.FileNotFoundException: /app/./__files/account-ACC.json (No such file or director...
2025-09-14 00:00:55,793 - banking_api_tests - ERROR - [common_steps.py:525] - [BODY] Error Response JSON: {
  "servlet": "com.github.tomakehurst.wiremock.servlet.WireMockHandlerDispatchingServlet-5305c37d",
  "cause0": "java.io.FileNotFoundException: /app/./__files/account-ACC.json (No such file or directory)",
  "message": "java.io.FileNotFoundException: /app/./__files/account-ACC.json (No such file or directory)",
  "url": "/accounts/ACC",
  "status": "500"
}
2025-09-14 00:00:55,794 - banking_api_tests - ERROR - [environment.py:170] - [SAVE] Failure details saved to: logs/failures/FAILED_Account_retrieval_with_special_characters_in_ID_--_20250914_000055.txt
2025-09-14 00:00:55,794 - banking_api_tests - INFO - [environment.py:384] - [END] ============================================================
2025-09-14 00:00:55,794 - banking_api_tests - INFO - [environment.py:385] - [FAILED] SCENARIO COMPLETE: Account retrieval with special characters in ID -- @1.3 
2025-09-14 00:00:55,795 - banking_api_tests - INFO - [environment.py:386] - [INFO] Status: [FAILED] FAILED
2025-09-14 00:00:55,795 - banking_api_tests - INFO - [environment.py:387] - [TIME]  Duration: 0:00:01.621701
2025-09-14 00:00:55,795 - banking_api_tests - INFO - [environment.py:388] - [URL] API Calls Made: 1
2025-09-14 00:00:55,795 - banking_api_tests - INFO - [environment.py:392] - [PERFORMANCE] Avg Response Time: 0.743s
2025-09-14 00:00:55,795 - banking_api_tests - INFO - [environment.py:393] - [INFO] Total Response Time: 0.743s
2025-09-14 00:00:55,795 - banking_api_tests - ERROR - [environment.py:397] - [ERROR] Last Error: Status code assertion failed - Expected: 404, Actual: 500 | JSON Error: {"servlet": "com.github.tomakehurst.wiremock.servlet.WireMockHandlerDispatchingServlet-5305c37d", "cause0": "java.io.FileNotFoundException: /app/./__files/account-ACC.json (No such file or directory)", "message": "java.io.FileNotFoundException: /app/./__files/account-ACC.json (No such file or directory)", "url": "/accounts/ACC", "status": "500"}
2025-09-14 00:00:55,795 - banking_api_tests - INFO - [environment.py:406] - [END] ============================================================
2025-09-14 00:00:55,797 - banking_api_tests - INFO - [environment.py:344] - [SCENARIO] ============================================================
2025-09-14 00:00:55,797 - banking_api_tests - INFO - [environment.py:345] - [TEST] SCENARIO START: Account retrieval with special characters in ID -- @1.4 
2025-09-14 00:00:55,797 - banking_api_tests - INFO - [environment.py:346] - [FILE] Feature: Account Retrieval
2025-09-14 00:00:55,797 - banking_api_tests - INFO - [environment.py:347] - [LOCATION] Location: features/accounts/account_retrieval.feature:118
2025-09-14 00:00:55,797 - banking_api_tests - INFO - [environment.py:348] - [TAGS]  Tags: edge_cases
2025-09-14 00:00:55,797 - banking_api_tests - INFO - [environment.py:349] - [TIME] Start Time: 2025-09-14T00:00:55.797084
2025-09-14 00:00:55,797 - banking_api_tests - INFO - [environment.py:350] - [SCENARIO] ============================================================
2025-09-14 00:00:55,798 - banking_api_tests - INFO - [common_steps.py:153] - [API] Checking API availability...
2025-09-14 00:00:56,632 - banking_api_tests - INFO - [common_steps.py:163] - [RESPONSE] API Health Check - Status: 200
2025-09-14 00:00:56,632 - banking_api_tests - INFO - [common_steps.py:170] - [SUCCESS] API is available and responding
2025-09-14 00:00:56,634 - banking_api_tests - INFO - [common_steps.py:192] - [AUTH] Configuring authentication credentials...
2025-09-14 00:00:56,634 - banking_api_tests - INFO - [common_steps.py:201] - [AUTH] Auth Token Configured: ****************2024
2025-09-14 00:00:56,634 - banking_api_tests - INFO - [common_steps.py:211] - [SUCCESS] Authentication credentials validated and configured
2025-09-14 00:00:56,634 - banking_api_tests - INFO - [common_steps.py:305] - [REQUEST] Sending GET request to: /accounts/ACC%001
2025-09-14 00:00:57,390 - banking_api_tests - INFO - [common_steps.py:327] - [RESPONSE] GET Response: 400
2025-09-14 00:00:57,390 - banking_api_tests - INFO - [common_steps.py:328] - [TIME] Response Time: 0.756s
2025-09-14 00:00:57,390 - banking_api_tests - INFO - [common_steps.py:341] - [SUCCESS] GET request completed successfully
2025-09-14 00:00:57,391 - banking_api_tests - INFO - [common_steps.py:497] - [VERIFY] Verifying response status code should be 404
2025-09-14 00:00:57,391 - banking_api_tests - INFO - [common_steps.py:504] - [INFO] Expected: 404, Actual: 400
2025-09-14 00:00:57,391 - banking_api_tests - ERROR - [common_steps.py:509] - [ERROR] Status code assertion FAILED: Expected 404, got 400
2025-09-14 00:00:57,392 - banking_api_tests - ERROR - [common_steps.py:510] - [BODY] Response content: <h1>Bad Message 400</h1><pre>reason: Bad Request</pre>...
2025-09-14 00:00:57,393 - banking_api_tests - ERROR - [environment.py:170] - [SAVE] Failure details saved to: logs/failures/FAILED_Account_retrieval_with_special_characters_in_ID_--_20250914_000057.txt
2025-09-14 00:00:57,393 - banking_api_tests - INFO - [environment.py:384] - [END] ============================================================
2025-09-14 00:00:57,393 - banking_api_tests - INFO - [environment.py:385] - [FAILED] SCENARIO COMPLETE: Account retrieval with special characters in ID -- @1.4 
2025-09-14 00:00:57,393 - banking_api_tests - INFO - [environment.py:386] - [INFO] Status: [FAILED] FAILED
2025-09-14 00:00:57,393 - banking_api_tests - INFO - [environment.py:387] - [TIME]  Duration: 0:00:01.595329
2025-09-14 00:00:57,393 - banking_api_tests - INFO - [environment.py:388] - [URL] API Calls Made: 1
2025-09-14 00:00:57,393 - banking_api_tests - INFO - [environment.py:392] - [PERFORMANCE] Avg Response Time: 0.756s
2025-09-14 00:00:57,393 - banking_api_tests - INFO - [environment.py:393] - [INFO] Total Response Time: 0.756s
2025-09-14 00:00:57,393 - banking_api_tests - ERROR - [environment.py:397] - [ERROR] Last Error: Status code assertion failed - Expected: 404, Actual: 400
2025-09-14 00:00:57,394 - banking_api_tests - INFO - [environment.py:406] - [END] ============================================================
2025-09-14 00:00:57,398 - banking_api_tests - INFO - [environment.py:344] - [SCENARIO] ============================================================
2025-09-14 00:00:57,398 - banking_api_tests - INFO - [environment.py:345] - [TEST] SCENARIO START: Successful API access with valid bearer token
2025-09-14 00:00:57,398 - banking_api_tests - INFO - [environment.py:346] - [FILE] Feature: Authentication and Security
2025-09-14 00:00:57,398 - banking_api_tests - INFO - [environment.py:347] - [LOCATION] Location: features/authentication/auth_security.feature:11
2025-09-14 00:00:57,398 - banking_api_tests - INFO - [environment.py:348] - [TAGS]  Tags: authentication, smoke
2025-09-14 00:00:57,398 - banking_api_tests - INFO - [environment.py:349] - [TIME] Start Time: 2025-09-14T00:00:57.398107
2025-09-14 00:00:57,398 - banking_api_tests - INFO - [environment.py:350] - [SCENARIO] ============================================================
2025-09-14 00:00:57,399 - banking_api_tests - INFO - [common_steps.py:153] - [API] Checking API availability...
2025-09-14 00:00:58,250 - banking_api_tests - INFO - [common_steps.py:163] - [RESPONSE] API Health Check - Status: 200
2025-09-14 00:00:58,250 - banking_api_tests - INFO - [common_steps.py:170] - [SUCCESS] API is available and responding
2025-09-14 00:00:58,251 - banking_api_tests - INFO - [auth_steps.py:28] - [AUTH] Setting up valid bearer token
2025-09-14 00:00:58,252 - banking_api_tests - INFO - [common_steps.py:305] - [REQUEST] Sending GET request to: /customers/CUST001
2025-09-14 00:00:58,993 - banking_api_tests - INFO - [common_steps.py:327] - [RESPONSE] GET Response: 200
2025-09-14 00:00:58,994 - banking_api_tests - INFO - [common_steps.py:328] - [TIME] Response Time: 0.741s
2025-09-14 00:00:58,994 - banking_api_tests - INFO - [common_steps.py:341] - [SUCCESS] GET request completed successfully
2025-09-14 00:00:58,994 - banking_api_tests - INFO - [common_steps.py:924] - [VERIFY] Verifying response is successful (2xx status)
2025-09-14 00:00:58,994 - banking_api_tests - INFO - [common_steps.py:934] - [SUCCESS] Success assertion PASSED: Status 200
2025-09-14 00:00:58,995 - banking_api_tests - INFO - [common_steps.py:682] - [SUCCESS] Found correlation ID: 
2025-09-14 00:00:58,995 - banking_api_tests - INFO - [environment.py:384] - [END] ============================================================
2025-09-14 00:00:58,995 - banking_api_tests - INFO - [environment.py:385] - [PASSED] SCENARIO COMPLETE: Successful API access with valid bearer token
2025-09-14 00:00:58,995 - banking_api_tests - INFO - [environment.py:386] - [INFO] Status: [PASSED] PASSED
2025-09-14 00:00:58,995 - banking_api_tests - INFO - [environment.py:387] - [TIME]  Duration: 0:00:01.597187
2025-09-14 00:00:58,995 - banking_api_tests - INFO - [environment.py:388] - [URL] API Calls Made: 1
2025-09-14 00:00:58,995 - banking_api_tests - INFO - [environment.py:392] - [PERFORMANCE] Avg Response Time: 0.741s
2025-09-14 00:00:58,995 - banking_api_tests - INFO - [environment.py:393] - [INFO] Total Response Time: 0.741s
2025-09-14 00:00:58,996 - banking_api_tests - INFO - [environment.py:401] - [URL] Final Response Status: 200
2025-09-14 00:00:58,996 - banking_api_tests - INFO - [environment.py:404] - [VERIFY] Correlation ID: 
2025-09-14 00:00:58,996 - banking_api_tests - INFO - [environment.py:406] - [END] ============================================================
2025-09-14 00:00:59,001 - banking_api_tests - INFO - [environment.py:344] - [SCENARIO] ============================================================
2025-09-14 00:00:59,001 - banking_api_tests - INFO - [environment.py:345] - [TEST] SCENARIO START: Successfully create booking with generated data
2025-09-14 00:00:59,002 - banking_api_tests - INFO - [environment.py:346] - [FILE] Feature: Booking Management
2025-09-14 00:00:59,002 - banking_api_tests - INFO - [environment.py:347] - [LOCATION] Location: features/bookings/booking_management.feature:12
2025-09-14 00:00:59,002 - banking_api_tests - INFO - [environment.py:348] - [TAGS]  Tags: happy_path, smoke
2025-09-14 00:00:59,002 - banking_api_tests - INFO - [environment.py:349] - [TIME] Start Time: 2025-09-14T00:00:59.001821
2025-09-14 00:00:59,002 - banking_api_tests - INFO - [environment.py:350] - [SCENARIO] ============================================================
2025-09-14 00:00:59,003 - banking_api_tests - INFO - [common_steps.py:153] - [API] Checking API availability...
2025-09-14 00:00:59,836 - banking_api_tests - INFO - [common_steps.py:163] - [RESPONSE] API Health Check - Status: 200
2025-09-14 00:00:59,837 - banking_api_tests - INFO - [common_steps.py:170] - [SUCCESS] API is available and responding
2025-09-14 00:00:59,838 - banking_api_tests - INFO - [common_steps.py:192] - [AUTH] Configuring authentication credentials...
2025-09-14 00:00:59,838 - banking_api_tests - INFO - [common_steps.py:201] - [AUTH] Auth Token Configured: ****************2024
2025-09-14 00:00:59,838 - banking_api_tests - INFO - [common_steps.py:211] - [SUCCESS] Authentication credentials validated and configured
2025-09-14 00:00:59,839 - banking_api_tests - INFO - [data_steps.py:37] - [DATA] Generating dynamic test data for: booking
2025-09-14 00:00:59,840 - banking_api_tests - INFO - [data_steps.py:97] - [DATA] Using customer ID: CUST934244
2025-09-14 00:00:59,840 - banking_api_tests - INFO - [data_steps.py:255] - [REQUEST] Creating booking using generated data
2025-09-14 00:01:00,600 - banking_api_tests - INFO - [data_steps.py:275] - [RESPONSE] Create booking Response: 201
2025-09-14 00:01:00,600 - banking_api_tests - INFO - [data_steps.py:276] - [TIME]  Response Time: 0.759s
2025-09-14 00:01:00,601 - banking_api_tests - INFO - [common_steps.py:497] - [VERIFY] Verifying response status code should be 201
2025-09-14 00:01:00,601 - banking_api_tests - INFO - [common_steps.py:504] - [INFO] Expected: 201, Actual: 201
2025-09-14 00:01:00,601 - banking_api_tests - INFO - [common_steps.py:507] - [SUCCESS] Status code assertion PASSED: 201
2025-09-14 00:01:00,601 - banking_api_tests - INFO - [common_steps.py:590] - [VERIFY] Verifying response is valid JSON
2025-09-14 00:01:00,601 - banking_api_tests - INFO - [common_steps.py:598] - [SUCCESS] JSON validation PASSED: Response is valid JSON
2025-09-14 00:01:00,602 - banking_api_tests - INFO - [common_steps.py:539] - [VERIFY] Verifying response contains key: 'bookingId'
2025-09-14 00:01:00,602 - banking_api_tests - INFO - [common_steps.py:552] - [SUCCESS] Key assertion PASSED: Found 'bookingId' in response
2025-09-14 00:01:00,602 - banking_api_tests - INFO - [common_steps.py:539] - [VERIFY] Verifying response contains key: 'customerId'
2025-09-14 00:01:00,602 - banking_api_tests - INFO - [common_steps.py:552] - [SUCCESS] Key assertion PASSED: Found 'customerId' in response
2025-09-14 00:01:00,602 - banking_api_tests - INFO - [common_steps.py:539] - [VERIFY] Verifying response contains key: 'serviceType'
2025-09-14 00:01:00,603 - banking_api_tests - ERROR - [common_steps.py:555] - [ERROR] Key assertion FAILED: 'serviceType' not found in response
2025-09-14 00:01:00,603 - banking_api_tests - ERROR - [common_steps.py:556] - [HEADERS] Available keys: ['bookingId', 'customerId', 'productType', 'productId', 'status', 'priority', 'description', 'createdAt']
2025-09-14 00:01:00,604 - banking_api_tests - ERROR - [environment.py:170] - [SAVE] Failure details saved to: logs/failures/FAILED_Successfully_create_booking_with_generated_data_20250914_000100.txt
2025-09-14 00:01:00,604 - banking_api_tests - INFO - [environment.py:384] - [END] ============================================================
2025-09-14 00:01:00,604 - banking_api_tests - INFO - [environment.py:385] - [FAILED] SCENARIO COMPLETE: Successfully create booking with generated data
2025-09-14 00:01:00,604 - banking_api_tests - INFO - [environment.py:386] - [INFO] Status: [FAILED] FAILED
2025-09-14 00:01:00,604 - banking_api_tests - INFO - [environment.py:387] - [TIME]  Duration: 0:00:01.601729
2025-09-14 00:01:00,605 - banking_api_tests - INFO - [environment.py:388] - [URL] API Calls Made: 1
2025-09-14 00:01:00,605 - banking_api_tests - INFO - [environment.py:392] - [PERFORMANCE] Avg Response Time: 0.759s
2025-09-14 00:01:00,605 - banking_api_tests - INFO - [environment.py:393] - [INFO] Total Response Time: 0.759s
2025-09-14 00:01:00,605 - banking_api_tests - ERROR - [environment.py:397] - [ERROR] Last Error: Key assertion failed - 'serviceType' not found. Available keys: ['bookingId', 'customerId', 'productType', 'productId', 'status', 'priority', 'description', 'createdAt']
2025-09-14 00:01:00,605 - banking_api_tests - INFO - [environment.py:401] - [URL] Final Response Status: 201
2025-09-14 00:01:00,605 - banking_api_tests - INFO - [environment.py:404] - [VERIFY] Correlation ID: 
2025-09-14 00:01:00,605 - banking_api_tests - INFO - [environment.py:406] - [END] ============================================================
2025-09-14 00:01:00,610 - banking_api_tests - INFO - [environment.py:344] - [SCENARIO] ============================================================
2025-09-14 00:01:00,611 - banking_api_tests - INFO - [environment.py:345] - [TEST] SCENARIO START: Successfully create customer with generated data
2025-09-14 00:01:00,611 - banking_api_tests - INFO - [environment.py:346] - [FILE] Feature: Customer Management
2025-09-14 00:01:00,611 - banking_api_tests - INFO - [environment.py:347] - [LOCATION] Location: features/customers/customer_management.feature:12
2025-09-14 00:01:00,611 - banking_api_tests - INFO - [environment.py:348] - [TAGS]  Tags: happy_path, smoke
2025-09-14 00:01:00,611 - banking_api_tests - INFO - [environment.py:349] - [TIME] Start Time: 2025-09-14T00:01:00.610904
2025-09-14 00:01:00,611 - banking_api_tests - INFO - [environment.py:350] - [SCENARIO] ============================================================
2025-09-14 00:01:00,612 - banking_api_tests - INFO - [common_steps.py:153] - [API] Checking API availability...
2025-09-14 00:01:01,460 - banking_api_tests - INFO - [common_steps.py:163] - [RESPONSE] API Health Check - Status: 200
2025-09-14 00:01:01,461 - banking_api_tests - INFO - [common_steps.py:170] - [SUCCESS] API is available and responding
2025-09-14 00:01:01,462 - banking_api_tests - INFO - [common_steps.py:192] - [AUTH] Configuring authentication credentials...
2025-09-14 00:01:01,462 - banking_api_tests - INFO - [common_steps.py:201] - [AUTH] Auth Token Configured: ****************2024
2025-09-14 00:01:01,462 - banking_api_tests - INFO - [common_steps.py:211] - [SUCCESS] Authentication credentials validated and configured
2025-09-14 00:01:01,465 - banking_api_tests - INFO - [data_steps.py:37] - [DATA] Generating dynamic test data for: customer
2025-09-14 00:01:01,466 - banking_api_tests - INFO - [data_steps.py:95] - [DATA] Generated customer email: tiffanytaylor@example.org
2025-09-14 00:01:01,466 - banking_api_tests - INFO - [data_steps.py:255] - [REQUEST] Creating customer using generated data
2025-09-14 00:01:02,235 - banking_api_tests - INFO - [data_steps.py:275] - [RESPONSE] Create customer Response: 201
2025-09-14 00:01:02,235 - banking_api_tests - INFO - [data_steps.py:276] - [TIME]  Response Time: 0.768s
2025-09-14 00:01:02,235 - banking_api_tests - INFO - [common_steps.py:497] - [VERIFY] Verifying response status code should be 201
2025-09-14 00:01:02,236 - banking_api_tests - INFO - [common_steps.py:504] - [INFO] Expected: 201, Actual: 201
2025-09-14 00:01:02,236 - banking_api_tests - INFO - [common_steps.py:507] - [SUCCESS] Status code assertion PASSED: 201
2025-09-14 00:01:02,236 - banking_api_tests - INFO - [common_steps.py:590] - [VERIFY] Verifying response is valid JSON
2025-09-14 00:01:02,236 - banking_api_tests - INFO - [common_steps.py:598] - [SUCCESS] JSON validation PASSED: Response is valid JSON
2025-09-14 00:01:02,237 - banking_api_tests - INFO - [common_steps.py:539] - [VERIFY] Verifying response contains key: 'customerId'
2025-09-14 00:01:02,237 - banking_api_tests - INFO - [common_steps.py:552] - [SUCCESS] Key assertion PASSED: Found 'customerId' in response
2025-09-14 00:01:02,237 - banking_api_tests - INFO - [common_steps.py:539] - [VERIFY] Verifying response contains key: 'firstName'
2025-09-14 00:01:02,237 - banking_api_tests - INFO - [common_steps.py:552] - [SUCCESS] Key assertion PASSED: Found 'firstName' in response
2025-09-14 00:01:02,238 - banking_api_tests - INFO - [common_steps.py:539] - [VERIFY] Verifying response contains key: 'lastName'
2025-09-14 00:01:02,238 - banking_api_tests - INFO - [common_steps.py:552] - [SUCCESS] Key assertion PASSED: Found 'lastName' in response
2025-09-14 00:01:02,238 - banking_api_tests - INFO - [common_steps.py:539] - [VERIFY] Verifying response contains key: 'email'
2025-09-14 00:01:02,238 - banking_api_tests - INFO - [common_steps.py:552] - [SUCCESS] Key assertion PASSED: Found 'email' in response
2025-09-14 00:01:02,238 - banking_api_tests - INFO - [common_steps.py:539] - [VERIFY] Verifying response contains key: 'phone'
2025-09-14 00:01:02,239 - banking_api_tests - INFO - [common_steps.py:552] - [SUCCESS] Key assertion PASSED: Found 'phone' in response
2025-09-14 00:01:02,239 - banking_api_tests - INFO - [common_steps.py:539] - [VERIFY] Verifying response contains key: 'createdAt'
2025-09-14 00:01:02,239 - banking_api_tests - INFO - [common_steps.py:552] - [SUCCESS] Key assertion PASSED: Found 'createdAt' in response
2025-09-14 00:01:02,239 - banking_api_tests - INFO - [environment.py:384] - [END] ============================================================
2025-09-14 00:01:02,239 - banking_api_tests - INFO - [environment.py:385] - [PASSED] SCENARIO COMPLETE: Successfully create customer with generated data
2025-09-14 00:01:02,240 - banking_api_tests - INFO - [environment.py:386] - [INFO] Status: [PASSED] PASSED
2025-09-14 00:01:02,240 - banking_api_tests - INFO - [environment.py:387] - [TIME]  Duration: 0:00:01.628908
2025-09-14 00:01:02,240 - banking_api_tests - INFO - [environment.py:388] - [URL] API Calls Made: 1
2025-09-14 00:01:02,240 - banking_api_tests - INFO - [environment.py:392] - [PERFORMANCE] Avg Response Time: 0.768s
2025-09-14 00:01:02,240 - banking_api_tests - INFO - [environment.py:393] - [INFO] Total Response Time: 0.768s
2025-09-14 00:01:02,240 - banking_api_tests - INFO - [environment.py:401] - [URL] Final Response Status: 201
2025-09-14 00:01:02,240 - banking_api_tests - INFO - [environment.py:404] - [VERIFY] Correlation ID: 
2025-09-14 00:01:02,240 - banking_api_tests - INFO - [environment.py:406] - [END] ============================================================
2025-09-14 00:01:02,242 - banking_api_tests - INFO - [environment.py:344] - [SCENARIO] ============================================================
2025-09-14 00:01:02,242 - banking_api_tests - INFO - [environment.py:345] - [TEST] SCENARIO START: Successfully retrieve customer with generated ID
2025-09-14 00:01:02,242 - banking_api_tests - INFO - [environment.py:346] - [FILE] Feature: Customer Management
2025-09-14 00:01:02,242 - banking_api_tests - INFO - [environment.py:347] - [LOCATION] Location: features/customers/customer_management.feature:25
2025-09-14 00:01:02,242 - banking_api_tests - INFO - [environment.py:348] - [TAGS]  Tags: happy_path, smoke
2025-09-14 00:01:02,242 - banking_api_tests - INFO - [environment.py:349] - [TIME] Start Time: 2025-09-14T00:01:02.242334
2025-09-14 00:01:02,243 - banking_api_tests - INFO - [environment.py:350] - [SCENARIO] ============================================================
2025-09-14 00:01:02,243 - banking_api_tests - INFO - [common_steps.py:153] - [API] Checking API availability...
2025-09-14 00:01:03,121 - banking_api_tests - INFO - [common_steps.py:163] - [RESPONSE] API Health Check - Status: 200
2025-09-14 00:01:03,121 - banking_api_tests - INFO - [common_steps.py:170] - [SUCCESS] API is available and responding
2025-09-14 00:01:03,123 - banking_api_tests - INFO - [common_steps.py:192] - [AUTH] Configuring authentication credentials...
2025-09-14 00:01:03,123 - banking_api_tests - INFO - [common_steps.py:201] - [AUTH] Auth Token Configured: ****************2024
2025-09-14 00:01:03,123 - banking_api_tests - INFO - [common_steps.py:211] - [SUCCESS] Authentication credentials validated and configured
2025-09-14 00:01:03,124 - banking_api_tests - INFO - [data_steps.py:37] - [DATA] Generating dynamic test data for: customer
2025-09-14 00:01:03,125 - banking_api_tests - INFO - [data_steps.py:95] - [DATA] Generated customer email: alecwhite@example.org
2025-09-14 00:01:03,125 - banking_api_tests - INFO - [data_steps.py:255] - [REQUEST] Creating customer using generated data
2025-09-14 00:01:03,881 - banking_api_tests - INFO - [data_steps.py:275] - [RESPONSE] Create customer Response: 201
2025-09-14 00:01:03,881 - banking_api_tests - INFO - [data_steps.py:276] - [TIME]  Response Time: 0.756s
2025-09-14 00:01:03,882 - banking_api_tests - INFO - [common_steps.py:497] - [VERIFY] Verifying response status code should be 201
2025-09-14 00:01:03,882 - banking_api_tests - INFO - [common_steps.py:504] - [INFO] Expected: 201, Actual: 201
2025-09-14 00:01:03,882 - banking_api_tests - INFO - [common_steps.py:507] - [SUCCESS] Status code assertion PASSED: 201
2025-09-14 00:01:03,882 - banking_api_tests - INFO - [data_steps.py:347] - [VERIFY] Retrieving customer with ID: CUST422167
2025-09-14 00:01:04,632 - banking_api_tests - INFO - [data_steps.py:366] - [RESPONSE] Retrieve customer Response: 200
2025-09-14 00:01:04,632 - banking_api_tests - INFO - [data_steps.py:367] - [TIME]  Response Time: 0.749s
2025-09-14 00:01:04,633 - banking_api_tests - INFO - [common_steps.py:497] - [VERIFY] Verifying response status code should be 200
2025-09-14 00:01:04,633 - banking_api_tests - INFO - [common_steps.py:504] - [INFO] Expected: 200, Actual: 200
2025-09-14 00:01:04,633 - banking_api_tests - INFO - [common_steps.py:507] - [SUCCESS] Status code assertion PASSED: 200
2025-09-14 00:01:04,633 - banking_api_tests - INFO - [common_steps.py:539] - [VERIFY] Verifying response contains key: 'customerId'
2025-09-14 00:01:04,633 - banking_api_tests - INFO - [common_steps.py:552] - [SUCCESS] Key assertion PASSED: Found 'customerId' in response
2025-09-14 00:01:04,634 - banking_api_tests - INFO - [environment.py:384] - [END] ============================================================
2025-09-14 00:01:04,634 - banking_api_tests - INFO - [environment.py:385] - [PASSED] SCENARIO COMPLETE: Successfully retrieve customer with generated ID
2025-09-14 00:01:04,634 - banking_api_tests - INFO - [environment.py:386] - [INFO] Status: [PASSED] PASSED
2025-09-14 00:01:04,634 - banking_api_tests - INFO - [environment.py:387] - [TIME]  Duration: 0:00:02.391779
2025-09-14 00:01:04,634 - banking_api_tests - INFO - [environment.py:388] - [URL] API Calls Made: 2
2025-09-14 00:01:04,634 - banking_api_tests - INFO - [environment.py:392] - [PERFORMANCE] Avg Response Time: 0.752s
2025-09-14 00:01:04,634 - banking_api_tests - INFO - [environment.py:393] - [INFO] Total Response Time: 1.504s
2025-09-14 00:01:04,634 - banking_api_tests - INFO - [environment.py:401] - [URL] Final Response Status: 200
2025-09-14 00:01:04,634 - banking_api_tests - INFO - [environment.py:404] - [VERIFY] Correlation ID: 
2025-09-14 00:01:04,635 - banking_api_tests - INFO - [environment.py:406] - [END] ============================================================
2025-09-14 00:01:04,641 - banking_api_tests - INFO - [environment.py:344] - [SCENARIO] ============================================================
2025-09-14 00:01:04,641 - banking_api_tests - INFO - [environment.py:345] - [TEST] SCENARIO START: Complete customer onboarding workflow
2025-09-14 00:01:04,641 - banking_api_tests - INFO - [environment.py:346] - [FILE] Feature: End-to-End Banking Workflows
2025-09-14 00:01:04,641 - banking_api_tests - INFO - [environment.py:347] - [LOCATION] Location: features/integration/end_to_end_workflows.feature:12
2025-09-14 00:01:04,641 - banking_api_tests - INFO - [environment.py:348] - [TAGS]  Tags: workflow, smoke
2025-09-14 00:01:04,641 - banking_api_tests - INFO - [environment.py:349] - [TIME] Start Time: 2025-09-14T00:01:04.641123
2025-09-14 00:01:04,641 - banking_api_tests - INFO - [environment.py:350] - [SCENARIO] ============================================================
2025-09-14 00:01:04,642 - banking_api_tests - INFO - [common_steps.py:153] - [API] Checking API availability...
2025-09-14 00:01:05,495 - banking_api_tests - INFO - [common_steps.py:163] - [RESPONSE] API Health Check - Status: 200
2025-09-14 00:01:05,495 - banking_api_tests - INFO - [common_steps.py:170] - [SUCCESS] API is available and responding
2025-09-14 00:01:05,496 - banking_api_tests - INFO - [common_steps.py:192] - [AUTH] Configuring authentication credentials...
2025-09-14 00:01:05,496 - banking_api_tests - INFO - [common_steps.py:201] - [AUTH] Auth Token Configured: ****************2024
2025-09-14 00:01:05,497 - banking_api_tests - INFO - [common_steps.py:211] - [SUCCESS] Authentication credentials validated and configured
2025-09-14 00:01:05,498 - banking_api_tests - INFO - [data_steps.py:37] - [DATA] Generating dynamic test data for: customer
2025-09-14 00:01:05,498 - banking_api_tests - INFO - [data_steps.py:95] - [DATA] Generated customer email: colleen44@example.net
2025-09-14 00:01:05,499 - banking_api_tests - INFO - [data_steps.py:613] - [HEADERS] Generated correlation ID: corr_2e7cb023c378
2025-09-14 00:01:05,499 - banking_api_tests - INFO - [data_steps.py:255] - [REQUEST] Creating customer using generated data
2025-09-14 00:01:06,247 - banking_api_tests - INFO - [data_steps.py:275] - [RESPONSE] Create customer Response: 201
2025-09-14 00:01:06,247 - banking_api_tests - INFO - [data_steps.py:276] - [TIME]  Response Time: 0.748s
2025-09-14 00:01:06,248 - banking_api_tests - INFO - [common_steps.py:497] - [VERIFY] Verifying response status code should be 201
2025-09-14 00:01:06,248 - banking_api_tests - INFO - [common_steps.py:504] - [INFO] Expected: 201, Actual: 201
2025-09-14 00:01:06,248 - banking_api_tests - INFO - [common_steps.py:507] - [SUCCESS] Status code assertion PASSED: 201
2025-09-14 00:01:06,248 - banking_api_tests - INFO - [common_steps.py:662] - [SUCCESS] Saved customerId='CUST453233' as 'customer_id'
2025-09-14 00:01:06,249 - banking_api_tests - INFO - [data_steps.py:37] - [DATA] Generating dynamic test data for: account
2025-09-14 00:01:06,249 - banking_api_tests - INFO - [data_steps.py:97] - [DATA] Using customer ID: CUST235627
2025-09-14 00:01:06,250 - banking_api_tests - INFO - [data_steps.py:255] - [REQUEST] Creating account using generated data
2025-09-14 00:01:06,984 - banking_api_tests - INFO - [data_steps.py:275] - [RESPONSE] Create account Response: 201
2025-09-14 00:01:06,984 - banking_api_tests - INFO - [data_steps.py:276] - [TIME]  Response Time: 0.733s
2025-09-14 00:01:06,985 - banking_api_tests - INFO - [common_steps.py:497] - [VERIFY] Verifying response status code should be 201
2025-09-14 00:01:06,985 - banking_api_tests - INFO - [common_steps.py:504] - [INFO] Expected: 201, Actual: 201
2025-09-14 00:01:06,985 - banking_api_tests - INFO - [common_steps.py:507] - [SUCCESS] Status code assertion PASSED: 201
2025-09-14 00:01:06,985 - banking_api_tests - INFO - [common_steps.py:662] - [SUCCESS] Saved accountId='ACC899860' as 'account_id'
2025-09-14 00:01:06,986 - banking_api_tests - INFO - [data_steps.py:347] - [VERIFY] Retrieving customer with ID: CUST453233
2025-09-14 00:01:07,723 - banking_api_tests - INFO - [data_steps.py:366] - [RESPONSE] Retrieve customer Response: 200
2025-09-14 00:01:07,723 - banking_api_tests - INFO - [data_steps.py:367] - [TIME]  Response Time: 0.736s
2025-09-14 00:01:07,724 - banking_api_tests - INFO - [common_steps.py:497] - [VERIFY] Verifying response status code should be 200
2025-09-14 00:01:07,724 - banking_api_tests - INFO - [common_steps.py:504] - [INFO] Expected: 200, Actual: 200
2025-09-14 00:01:07,724 - banking_api_tests - INFO - [common_steps.py:507] - [SUCCESS] Status code assertion PASSED: 200
2025-09-14 00:01:07,724 - banking_api_tests - INFO - [data_steps.py:347] - [VERIFY] Retrieving account with ID: ACC899860
2025-09-14 00:01:08,472 - banking_api_tests - INFO - [data_steps.py:366] - [RESPONSE] Retrieve account Response: 500
2025-09-14 00:01:08,472 - banking_api_tests - INFO - [data_steps.py:367] - [TIME]  Response Time: 0.747s
2025-09-14 00:01:08,473 - banking_api_tests - INFO - [common_steps.py:497] - [VERIFY] Verifying response status code should be 200
2025-09-14 00:01:08,473 - banking_api_tests - INFO - [common_steps.py:504] - [INFO] Expected: 200, Actual: 500
2025-09-14 00:01:08,473 - banking_api_tests - ERROR - [common_steps.py:509] - [ERROR] Status code assertion FAILED: Expected 200, got 500
2025-09-14 00:01:08,473 - banking_api_tests - ERROR - [common_steps.py:510] - [BODY] Response content: {
"servlet":"com.github.tomakehurst.wiremock.servlet.WireMockHandlerDispatchingServlet-5305c37d",
"cause0":"java.io.FileNotFoundException: /app/./__files/account-ACC899860.json (No such file or directory)",
"message":"java.io.FileNotFoundException: /app/./__files/account-ACC899860.json (No such file...
2025-09-14 00:01:08,473 - banking_api_tests - ERROR - [common_steps.py:525] - [BODY] Error Response JSON: {
  "servlet": "com.github.tomakehurst.wiremock.servlet.WireMockHandlerDispatchingServlet-5305c37d",
  "cause0": "java.io.FileNotFoundException: /app/./__files/account-ACC899860.json (No such file or directory)",
  "message": "java.io.FileNotFoundException: /app/./__files/account-ACC899860.json (No such file or directory)",
  "url": "/accounts/ACC899860",
  "status": "500"
}
2025-09-14 00:01:08,475 - banking_api_tests - ERROR - [environment.py:170] - [SAVE] Failure details saved to: logs/failures/FAILED_Complete_customer_onboarding_workflow_20250914_000108.txt
2025-09-14 00:01:08,475 - banking_api_tests - INFO - [environment.py:384] - [END] ============================================================
2025-09-14 00:01:08,475 - banking_api_tests - INFO - [environment.py:385] - [FAILED] SCENARIO COMPLETE: Complete customer onboarding workflow
2025-09-14 00:01:08,475 - banking_api_tests - INFO - [environment.py:386] - [INFO] Status: [FAILED] FAILED
2025-09-14 00:01:08,475 - banking_api_tests - INFO - [environment.py:387] - [TIME]  Duration: 0:00:03.833264
2025-09-14 00:01:08,475 - banking_api_tests - INFO - [environment.py:388] - [URL] API Calls Made: 4
2025-09-14 00:01:08,475 - banking_api_tests - INFO - [environment.py:392] - [PERFORMANCE] Avg Response Time: 0.741s
2025-09-14 00:01:08,475 - banking_api_tests - INFO - [environment.py:393] - [INFO] Total Response Time: 2.964s
2025-09-14 00:01:08,475 - banking_api_tests - ERROR - [environment.py:397] - [ERROR] Last Error: Status code assertion failed - Expected: 200, Actual: 500 | JSON Error: {"servlet": "com.github.tomakehurst.wiremock.servlet.WireMockHandlerDispatchingServlet-5305c37d", "cause0": "java.io.FileNotFoundException: /app/./__files/account-ACC899860.json (No such file or directory)", "message": "java.io.FileNotFoundException: /app/./__files/account-ACC899860.json (No such file or directory)", "url": "/accounts/ACC899860", "status": "500"}
2025-09-14 00:01:08,476 - banking_api_tests - INFO - [environment.py:406] - [END] ============================================================
2025-09-14 00:01:08,481 - banking_api_tests - INFO - [environment.py:344] - [SCENARIO] ============================================================
2025-09-14 00:01:08,481 - banking_api_tests - INFO - [environment.py:345] - [TEST] SCENARIO START: Successfully create loan application with generated data
2025-09-14 00:01:08,481 - banking_api_tests - INFO - [environment.py:346] - [FILE] Feature: Loan Management
2025-09-14 00:01:08,481 - banking_api_tests - INFO - [environment.py:347] - [LOCATION] Location: features/loans/loan_management.feature:12
2025-09-14 00:01:08,481 - banking_api_tests - INFO - [environment.py:348] - [TAGS]  Tags: happy_path, smoke
2025-09-14 00:01:08,481 - banking_api_tests - INFO - [environment.py:349] - [TIME] Start Time: 2025-09-14T00:01:08.481238
2025-09-14 00:01:08,481 - banking_api_tests - INFO - [environment.py:350] - [SCENARIO] ============================================================
2025-09-14 00:01:08,482 - banking_api_tests - INFO - [common_steps.py:153] - [API] Checking API availability...
2025-09-14 00:01:09,318 - banking_api_tests - INFO - [common_steps.py:163] - [RESPONSE] API Health Check - Status: 200
2025-09-14 00:01:09,318 - banking_api_tests - INFO - [common_steps.py:170] - [SUCCESS] API is available and responding
2025-09-14 00:01:09,320 - banking_api_tests - INFO - [common_steps.py:192] - [AUTH] Configuring authentication credentials...
2025-09-14 00:01:09,320 - banking_api_tests - INFO - [common_steps.py:201] - [AUTH] Auth Token Configured: ****************2024
2025-09-14 00:01:09,320 - banking_api_tests - INFO - [common_steps.py:211] - [SUCCESS] Authentication credentials validated and configured
2025-09-14 00:01:09,321 - banking_api_tests - INFO - [data_steps.py:37] - [DATA] Generating dynamic test data for: loan
2025-09-14 00:01:09,322 - banking_api_tests - INFO - [data_steps.py:97] - [DATA] Using customer ID: CUST62977
2025-09-14 00:01:09,322 - banking_api_tests - INFO - [data_steps.py:255] - [REQUEST] Creating loan using generated data
2025-09-14 00:01:10,078 - banking_api_tests - INFO - [data_steps.py:275] - [RESPONSE] Create loan Response: 404
2025-09-14 00:01:10,078 - banking_api_tests - INFO - [data_steps.py:276] - [TIME]  Response Time: 0.756s
2025-09-14 00:01:10,079 - banking_api_tests - INFO - [common_steps.py:497] - [VERIFY] Verifying response status code should be 201
2025-09-14 00:01:10,079 - banking_api_tests - INFO - [common_steps.py:504] - [INFO] Expected: 201, Actual: 404
2025-09-14 00:01:10,079 - banking_api_tests - ERROR - [common_steps.py:509] - [ERROR] Status code assertion FAILED: Expected 201, got 404
2025-09-14 00:01:10,079 - banking_api_tests - ERROR - [common_steps.py:510] - [BODY] Response content: 
                                               Request was not matched
                                               =======================

-----------------------------------------------------------------------------------------------------------------------
| Closest stub                      ...
2025-09-14 00:01:10,080 - banking_api_tests - ERROR - [environment.py:170] - [SAVE] Failure details saved to: logs/failures/FAILED_Successfully_create_loan_application_with_generate_20250914_000110.txt
2025-09-14 00:01:10,081 - banking_api_tests - INFO - [environment.py:384] - [END] ============================================================
2025-09-14 00:01:10,081 - banking_api_tests - INFO - [environment.py:385] - [FAILED] SCENARIO COMPLETE: Successfully create loan application with generated data
2025-09-14 00:01:10,081 - banking_api_tests - INFO - [environment.py:386] - [INFO] Status: [FAILED] FAILED
2025-09-14 00:01:10,081 - banking_api_tests - INFO - [environment.py:387] - [TIME]  Duration: 0:00:01.598736
2025-09-14 00:01:10,081 - banking_api_tests - INFO - [environment.py:388] - [URL] API Calls Made: 1
2025-09-14 00:01:10,081 - banking_api_tests - INFO - [environment.py:392] - [PERFORMANCE] Avg Response Time: 0.756s
2025-09-14 00:01:10,081 - banking_api_tests - INFO - [environment.py:393] - [INFO] Total Response Time: 0.756s
2025-09-14 00:01:10,081 - banking_api_tests - ERROR - [environment.py:397] - [ERROR] Last Error: Status code assertion failed - Expected: 201, Actual: 404
2025-09-14 00:01:10,081 - banking_api_tests - INFO - [environment.py:406] - [END] ============================================================
2025-09-14 00:01:10,086 - banking_api_tests - INFO - [environment.py:344] - [SCENARIO] ============================================================
2025-09-14 00:01:10,086 - banking_api_tests - INFO - [environment.py:345] - [TEST] SCENARIO START: Successfully create term deposit with generated data
2025-09-14 00:01:10,086 - banking_api_tests - INFO - [environment.py:346] - [FILE] Feature: Term Deposit Management
2025-09-14 00:01:10,086 - banking_api_tests - INFO - [environment.py:347] - [LOCATION] Location: features/term_deposits/term_deposit_management.feature:12
2025-09-14 00:01:10,086 - banking_api_tests - INFO - [environment.py:348] - [TAGS]  Tags: happy_path, smoke
2025-09-14 00:01:10,086 - banking_api_tests - INFO - [environment.py:349] - [TIME] Start Time: 2025-09-14T00:01:10.085955
2025-09-14 00:01:10,086 - banking_api_tests - INFO - [environment.py:350] - [SCENARIO] ============================================================
2025-09-14 00:01:10,087 - banking_api_tests - INFO - [common_steps.py:153] - [API] Checking API availability...
2025-09-14 00:01:10,932 - banking_api_tests - INFO - [common_steps.py:163] - [RESPONSE] API Health Check - Status: 200
2025-09-14 00:01:10,933 - banking_api_tests - INFO - [common_steps.py:170] - [SUCCESS] API is available and responding
2025-09-14 00:01:10,934 - banking_api_tests - INFO - [common_steps.py:192] - [AUTH] Configuring authentication credentials...
2025-09-14 00:01:10,934 - banking_api_tests - INFO - [common_steps.py:201] - [AUTH] Auth Token Configured: ****************2024
2025-09-14 00:01:10,934 - banking_api_tests - INFO - [common_steps.py:211] - [SUCCESS] Authentication credentials validated and configured
2025-09-14 00:01:10,935 - banking_api_tests - INFO - [data_steps.py:37] - [DATA] Generating dynamic test data for: term_deposit
2025-09-14 00:01:10,936 - banking_api_tests - INFO - [data_steps.py:97] - [DATA] Using customer ID: CUST171125
2025-09-14 00:01:10,937 - banking_api_tests - INFO - [data_steps.py:255] - [REQUEST] Creating term_deposit using generated data
2025-09-14 00:01:11,675 - banking_api_tests - INFO - [data_steps.py:275] - [RESPONSE] Create term_deposit Response: 500
2025-09-14 00:01:11,675 - banking_api_tests - INFO - [data_steps.py:276] - [TIME]  Response Time: 0.738s
2025-09-14 00:01:11,675 - banking_api_tests - INFO - [common_steps.py:497] - [VERIFY] Verifying response status code should be 201
2025-09-14 00:01:11,676 - banking_api_tests - INFO - [common_steps.py:504] - [INFO] Expected: 201, Actual: 500
2025-09-14 00:01:11,676 - banking_api_tests - ERROR - [common_steps.py:509] - [ERROR] Status code assertion FAILED: Expected 201, got 500
2025-09-14 00:01:11,676 - banking_api_tests - ERROR - [common_steps.py:510] - [BODY] Response content: 1:438: java.lang.IllegalArgumentException: Offset can be of the short form <amount> <unit> e.g. 8 seconds or long form now +/-<amount> <unit> e.g. now +5 years...
2025-09-14 00:01:11,677 - banking_api_tests - ERROR - [environment.py:170] - [SAVE] Failure details saved to: logs/failures/FAILED_Successfully_create_term_deposit_with_generated_da_20250914_000111.txt
2025-09-14 00:01:11,677 - banking_api_tests - INFO - [environment.py:384] - [END] ============================================================
2025-09-14 00:01:11,678 - banking_api_tests - INFO - [environment.py:385] - [FAILED] SCENARIO COMPLETE: Successfully create term deposit with generated data
2025-09-14 00:01:11,678 - banking_api_tests - INFO - [environment.py:386] - [INFO] Status: [FAILED] FAILED
2025-09-14 00:01:11,678 - banking_api_tests - INFO - [environment.py:387] - [TIME]  Duration: 0:00:01.591048
2025-09-14 00:01:11,678 - banking_api_tests - INFO - [environment.py:388] - [URL] API Calls Made: 1
2025-09-14 00:01:11,678 - banking_api_tests - INFO - [environment.py:392] - [PERFORMANCE] Avg Response Time: 0.738s
2025-09-14 00:01:11,678 - banking_api_tests - INFO - [environment.py:393] - [INFO] Total Response Time: 0.738s
2025-09-14 00:01:11,678 - banking_api_tests - ERROR - [environment.py:397] - [ERROR] Last Error: Status code assertion failed - Expected: 201, Actual: 500
2025-09-14 00:01:11,678 - banking_api_tests - INFO - [environment.py:406] - [END] ============================================================
2025-09-14 00:01:11,682 - banking_api_tests - INFO - [environment.py:429] - [RESULTS] ================================================================================
2025-09-14 00:01:11,682 - banking_api_tests - INFO - [environment.py:430] - [FRAMEWORK] BANKING API BDD TEST FRAMEWORK - EXECUTION COMPLETE
2025-09-14 00:01:11,682 - banking_api_tests - INFO - [environment.py:431] - [RESULTS] ================================================================================
2025-09-14 00:01:11,682 - banking_api_tests - INFO - [environment.py:432] - [TIMEOUT] Total Execution Time: 0:00:46.815841
2025-09-14 00:01:11,682 - banking_api_tests - INFO - [environment.py:433] - [INFO] Total Scenarios: 26
2025-09-14 00:01:11,682 - banking_api_tests - INFO - [environment.py:434] - [PASSED] Passed: 9
2025-09-14 00:01:11,683 - banking_api_tests - INFO - [environment.py:435] - [FAILED] Failed: 17
2025-09-14 00:01:11,683 - banking_api_tests - INFO - [environment.py:436] - [SKIPPED]  Skipped: 0
2025-09-14 00:01:11,683 - banking_api_tests - INFO - [environment.py:437] - [PERFORMANCE] Pass Rate: 34.62%
2025-09-14 00:01:11,683 - banking_api_tests - INFO - [environment.py:438] - [URL] Total API Calls: 31
2025-09-14 00:01:11,683 - banking_api_tests - INFO - [environment.py:442] - [PERFORMANCE] Average Response Time: 0.778s
2025-09-14 00:01:11,683 - banking_api_tests - INFO - [environment.py:443] - [INFO] Total Response Time: 24.130s
2025-09-14 00:01:11,683 - banking_api_tests - INFO - [environment.py:445] - [FILE] Detailed Logs: logs/banking_api_tests_20250914_000024.log
2025-09-14 00:01:11,683 - banking_api_tests - INFO - [environment.py:446] - [TIME] End Time: 2025-09-14T00:01:11.682227
2025-09-14 00:01:11,683 - banking_api_tests - ERROR - [environment.py:460] - [ERROR] LOW SUCCESS RATE. Significant issues need attention.
2025-09-14 00:01:11,684 - banking_api_tests - INFO - [environment.py:469] - [RESULTS] ================================================================================
