2025-09-14 11:06:31,644 - banking_api_tests - INFO - [environment.py:276] - [FRAMEWORK] ================================================================================
2025-09-14 11:06:31,645 - banking_api_tests - INFO - [environment.py:277] - [FRAMEWORK] BANKING API BDD TEST FRAMEWORK - EXECUTION START
2025-09-14 11:06:31,645 - banking_api_tests - INFO - [environment.py:278] - [FRAMEWORK] ================================================================================
2025-09-14 11:06:31,645 - banking_api_tests - DEBUG - [environment.py:283] - [FILE] Created reports directories
2025-09-14 11:06:31,645 - banking_api_tests - INFO - [environment.py:242] - [ENV] Loading environment: test
2025-09-14 11:06:31,645 - banking_api_tests - INFO - [environment.py:243] - [FILE] Environment file: environments/.env.test
2025-09-14 11:06:31,646 - banking_api_tests - INFO - [environment.py:261] - [ENV] Successfully loaded environments/.env.test
2025-09-14 11:06:31,646 - banking_api_tests - INFO - [environment.py:300] - [ENV] Configuration loaded successfully for environment: test
2025-09-14 11:06:31,646 - banking_api_tests - INFO - [environment.py:311] - [ENV] Test Environment: test
2025-09-14 11:06:31,646 - banking_api_tests - INFO - [environment.py:312] - [URL] API Base URL: https://wiremock-production.up.railway.app
2025-09-14 11:06:31,646 - banking_api_tests - INFO - [environment.py:313] - [AUTH] Auth Token: ****************2024
2025-09-14 11:06:31,646 - banking_api_tests - INFO - [environment.py:314] - [FILE] Log File: logs/banking_api_tests_20250914_110631.log
2025-09-14 11:06:31,646 - banking_api_tests - INFO - [environment.py:317] - [PLATFORM]  Platform: nt
2025-09-14 11:06:31,646 - banking_api_tests - INFO - [environment.py:318] - [TIME] Start Time: 2025-09-14T11:06:31.646562
2025-09-14 11:06:31,646 - banking_api_tests - INFO - [environment.py:319] - [USER] User: D
2025-09-14 11:06:31,646 - banking_api_tests - INFO - [environment.py:320] - [DIR] Working Directory: C:\Users\D\python api automation framework
2025-09-14 11:06:31,646 - banking_api_tests - INFO - [environment.py:321] - [TIMEOUT] Request Timeout: 15s
2025-09-14 11:06:31,646 - banking_api_tests - INFO - [environment.py:322] - [PERFORMANCE] Performance Threshold: 3000ms
2025-09-14 11:06:31,646 - banking_api_tests - INFO - [environment.py:335] - [START] Framework initialization complete - Ready to execute tests
2025-09-14 11:06:31,648 - banking_api_tests - INFO - [environment.py:344] - [SCENARIO] ============================================================
2025-09-14 11:06:31,648 - banking_api_tests - INFO - [environment.py:345] - [TEST] SCENARIO START: Create account with minimum required fields
2025-09-14 11:06:31,648 - banking_api_tests - INFO - [environment.py:346] - [FILE] Feature: Account Creation
2025-09-14 11:06:31,648 - banking_api_tests - INFO - [environment.py:347] - [LOCATION] Location: features/accounts/account_creation.feature:25
2025-09-14 11:06:31,648 - banking_api_tests - INFO - [environment.py:348] - [TAGS]  Tags: happy_path, regression
2025-09-14 11:06:31,648 - banking_api_tests - INFO - [environment.py:349] - [TIME] Start Time: 2025-09-14T11:06:31.648088
2025-09-14 11:06:31,648 - banking_api_tests - INFO - [environment.py:350] - [SCENARIO] ============================================================
2025-09-14 11:06:31,648 - banking_api_tests - INFO - [common_steps.py:153] - [API] Checking API availability...
2025-09-14 11:06:32,677 - banking_api_tests - INFO - [common_steps.py:163] - [RESPONSE] API Health Check - Status: 200
2025-09-14 11:06:32,677 - banking_api_tests - INFO - [common_steps.py:170] - [SUCCESS] API is available and responding
2025-09-14 11:06:32,679 - banking_api_tests - INFO - [common_steps.py:192] - [AUTH] Configuring authentication credentials...
2025-09-14 11:06:32,679 - banking_api_tests - INFO - [common_steps.py:201] - [AUTH] Auth Token Configured: ****************2024
2025-09-14 11:06:32,679 - banking_api_tests - INFO - [common_steps.py:211] - [SUCCESS] Authentication credentials validated and configured
2025-09-14 11:06:32,680 - banking_api_tests - INFO - [environment.py:384] - [END] ============================================================
2025-09-14 11:06:32,680 - banking_api_tests - INFO - [environment.py:385] - [FAILED] SCENARIO COMPLETE: Create account with minimum required fields
2025-09-14 11:06:32,680 - banking_api_tests - INFO - [environment.py:386] - [INFO] Status: [FAILED] FAILED
2025-09-14 11:06:32,680 - banking_api_tests - INFO - [environment.py:387] - [TIME]  Duration: 0:00:01.031989
2025-09-14 11:06:32,680 - banking_api_tests - INFO - [environment.py:388] - [URL] API Calls Made: 0
2025-09-14 11:06:32,680 - banking_api_tests - INFO - [environment.py:406] - [END] ============================================================
2025-09-14 11:06:32,688 - banking_api_tests - INFO - [environment.py:429] - [RESULTS] ================================================================================
2025-09-14 11:06:32,688 - banking_api_tests - INFO - [environment.py:430] - [FRAMEWORK] BANKING API BDD TEST FRAMEWORK - EXECUTION COMPLETE
2025-09-14 11:06:32,688 - banking_api_tests - INFO - [environment.py:431] - [RESULTS] ================================================================================
2025-09-14 11:06:32,688 - banking_api_tests - INFO - [environment.py:432] - [TIMEOUT] Total Execution Time: 0:00:01.041379
2025-09-14 11:06:32,688 - banking_api_tests - INFO - [environment.py:433] - [INFO] Total Scenarios: 1
2025-09-14 11:06:32,688 - banking_api_tests - INFO - [environment.py:434] - [PASSED] Passed: 0
2025-09-14 11:06:32,688 - banking_api_tests - INFO - [environment.py:435] - [FAILED] Failed: 0
2025-09-14 11:06:32,688 - banking_api_tests - INFO - [environment.py:436] - [SKIPPED]  Skipped: 1
2025-09-14 11:06:32,688 - banking_api_tests - INFO - [environment.py:437] - [PERFORMANCE] Pass Rate: 0.00%
2025-09-14 11:06:32,688 - banking_api_tests - INFO - [environment.py:438] - [URL] Total API Calls: 0
2025-09-14 11:06:32,688 - banking_api_tests - INFO - [environment.py:445] - [FILE] Detailed Logs: logs/banking_api_tests_20250914_110631.log
2025-09-14 11:06:32,688 - banking_api_tests - INFO - [environment.py:446] - [TIME] End Time: 2025-09-14T11:06:32.688171
2025-09-14 11:06:32,688 - banking_api_tests - ERROR - [environment.py:460] - [ERROR] LOW SUCCESS RATE. Significant issues need attention.
2025-09-14 11:06:32,688 - banking_api_tests - INFO - [environment.py:469] - [RESULTS] ================================================================================
