2025-09-14 21:34:14,650 - banking_api_tests - INFO - [environment.py:276] - [FRAMEWORK] ================================================================================
2025-09-14 21:34:14,650 - banking_api_tests - INFO - [environment.py:277] - [FRAMEWORK] BANKING API BDD TEST FRAMEWORK - EXECUTION START
2025-09-14 21:34:14,651 - banking_api_tests - INFO - [environment.py:278] - [FRAMEWORK] ================================================================================
2025-09-14 21:34:14,651 - banking_api_tests - DEBUG - [environment.py:283] - [FILE] Created reports directories
2025-09-14 21:34:14,652 - banking_api_tests - INFO - [environment.py:242] - [ENV] Loading environment: test
2025-09-14 21:34:14,652 - banking_api_tests - INFO - [environment.py:243] - [FILE] Environment file: environments/.env.test
2025-09-14 21:34:14,653 - banking_api_tests - INFO - [environment.py:261] - [ENV] Successfully loaded environments/.env.test
2025-09-14 21:34:14,653 - banking_api_tests - INFO - [environment.py:300] - [ENV] Configuration loaded successfully for environment: test
2025-09-14 21:34:14,653 - banking_api_tests - INFO - [environment.py:311] - [ENV] Test Environment: test
2025-09-14 21:34:14,654 - banking_api_tests - INFO - [environment.py:312] - [URL] API Base URL: http://localhost:8081
2025-09-14 21:34:14,654 - banking_api_tests - INFO - [environment.py:313] - [AUTH] Auth Token: ****************2024
2025-09-14 21:34:14,654 - banking_api_tests - INFO - [environment.py:314] - [FILE] Log File: logs/banking_api_tests_20250914_213414.log
2025-09-14 21:34:14,654 - banking_api_tests - INFO - [environment.py:317] - [PLATFORM]  Platform: nt
2025-09-14 21:34:14,654 - banking_api_tests - INFO - [environment.py:318] - [TIME] Start Time: 2025-09-14T21:34:14.654766
2025-09-14 21:34:14,654 - banking_api_tests - INFO - [environment.py:319] - [USER] User: D
2025-09-14 21:34:14,655 - banking_api_tests - INFO - [environment.py:320] - [DIR] Working Directory: C:\Users\D\python api automation framework
2025-09-14 21:34:14,655 - banking_api_tests - INFO - [environment.py:321] - [TIMEOUT] Request Timeout: 15s
2025-09-14 21:34:14,655 - banking_api_tests - INFO - [environment.py:322] - [PERFORMANCE] Performance Threshold: 3000ms
2025-09-14 21:34:14,655 - banking_api_tests - INFO - [environment.py:335] - [START] Framework initialization complete - Ready to execute tests
2025-09-14 21:34:14,657 - banking_api_tests - INFO - [environment.py:344] - [SCENARIO] ============================================================
2025-09-14 21:34:14,657 - banking_api_tests - INFO - [environment.py:345] - [TEST] SCENARIO START: Successfully create account with valid generated data
2025-09-14 21:34:14,657 - banking_api_tests - INFO - [environment.py:346] - [FILE] Feature: Account Creation
2025-09-14 21:34:14,657 - banking_api_tests - INFO - [environment.py:347] - [LOCATION] Location: features/accounts/account_creation.feature:12
2025-09-14 21:34:14,657 - banking_api_tests - INFO - [environment.py:348] - [TAGS]  Tags: happy_path, smoke
2025-09-14 21:34:14,657 - banking_api_tests - INFO - [environment.py:349] - [TIME] Start Time: 2025-09-14T21:34:14.657022
2025-09-14 21:34:14,657 - banking_api_tests - INFO - [environment.py:350] - [SCENARIO] ============================================================
2025-09-14 21:34:14,658 - banking_api_tests - INFO - [common_steps.py:153] - [API] Checking API availability...
2025-09-14 21:34:14,776 - banking_api_tests - INFO - [common_steps.py:163] - [RESPONSE] API Health Check - Status: 200
2025-09-14 21:34:14,776 - banking_api_tests - INFO - [common_steps.py:170] - [SUCCESS] API is available and responding
2025-09-14 21:34:14,777 - banking_api_tests - INFO - [common_steps.py:192] - [AUTH] Configuring authentication credentials...
2025-09-14 21:34:14,777 - banking_api_tests - INFO - [common_steps.py:201] - [AUTH] Auth Token Configured: ****************2024
2025-09-14 21:34:14,778 - banking_api_tests - INFO - [common_steps.py:211] - [SUCCESS] Authentication credentials validated and configured
2025-09-14 21:34:14,845 - banking_api_tests - INFO - [data_steps.py:37] - [DATA] Generating dynamic test data for: account
2025-09-14 21:34:14,846 - banking_api_tests - INFO - [data_steps.py:98] - [DATA] Using customer ID: CUST904379
2025-09-14 21:34:14,847 - banking_api_tests - INFO - [data_steps.py:256] - [REQUEST] Creating account using generated data
2025-09-14 21:34:14,870 - banking_api_tests - INFO - [data_steps.py:276] - [RESPONSE] Create account Response: 201
2025-09-14 21:34:14,870 - banking_api_tests - INFO - [data_steps.py:277] - [TIME]  Response Time: 0.023s
2025-09-14 21:34:14,871 - banking_api_tests - INFO - [common_steps.py:497] - [VERIFY] Verifying response status code should be 201
2025-09-14 21:34:14,871 - banking_api_tests - INFO - [common_steps.py:504] - [INFO] Expected: 201, Actual: 201
2025-09-14 21:34:14,871 - banking_api_tests - INFO - [common_steps.py:507] - [SUCCESS] Status code assertion PASSED: 201
2025-09-14 21:34:14,872 - banking_api_tests - INFO - [common_steps.py:590] - [VERIFY] Verifying response is valid JSON
2025-09-14 21:34:14,872 - banking_api_tests - INFO - [common_steps.py:598] - [SUCCESS] JSON validation PASSED: Response is valid JSON
2025-09-14 21:34:14,873 - banking_api_tests - INFO - [common_steps.py:539] - [VERIFY] Verifying response contains key: 'accountId'
2025-09-14 21:34:14,873 - banking_api_tests - INFO - [common_steps.py:552] - [SUCCESS] Key assertion PASSED: Found 'accountId' in response
2025-09-14 21:34:14,873 - banking_api_tests - INFO - [common_steps.py:539] - [VERIFY] Verifying response contains key: 'customerId'
2025-09-14 21:34:14,873 - banking_api_tests - INFO - [common_steps.py:552] - [SUCCESS] Key assertion PASSED: Found 'customerId' in response
2025-09-14 21:34:14,874 - banking_api_tests - INFO - [common_steps.py:539] - [VERIFY] Verifying response contains key: 'accountType'
2025-09-14 21:34:14,874 - banking_api_tests - INFO - [common_steps.py:552] - [SUCCESS] Key assertion PASSED: Found 'accountType' in response
2025-09-14 21:34:14,875 - banking_api_tests - INFO - [common_steps.py:539] - [VERIFY] Verifying response contains key: 'currency'
2025-09-14 21:34:14,875 - banking_api_tests - INFO - [common_steps.py:552] - [SUCCESS] Key assertion PASSED: Found 'currency' in response
2025-09-14 21:34:14,875 - banking_api_tests - INFO - [common_steps.py:539] - [VERIFY] Verifying response contains key: 'createdAt'
2025-09-14 21:34:14,876 - banking_api_tests - INFO - [common_steps.py:552] - [SUCCESS] Key assertion PASSED: Found 'createdAt' in response
2025-09-14 21:34:14,876 - banking_api_tests - INFO - [common_steps.py:682] - [SUCCESS] Found correlation ID: 
2025-09-14 21:34:14,876 - banking_api_tests - INFO - [environment.py:384] - [END] ============================================================
2025-09-14 21:34:14,877 - banking_api_tests - INFO - [environment.py:385] - [PASSED] SCENARIO COMPLETE: Successfully create account with valid generated data
2025-09-14 21:34:14,877 - banking_api_tests - INFO - [environment.py:386] - [INFO] Status: [PASSED] PASSED
2025-09-14 21:34:14,877 - banking_api_tests - INFO - [environment.py:387] - [TIME]  Duration: 0:00:00.219839
2025-09-14 21:34:14,877 - banking_api_tests - INFO - [environment.py:388] - [URL] API Calls Made: 1
2025-09-14 21:34:14,877 - banking_api_tests - INFO - [environment.py:392] - [PERFORMANCE] Avg Response Time: 0.023s
2025-09-14 21:34:14,877 - banking_api_tests - INFO - [environment.py:393] - [INFO] Total Response Time: 0.023s
2025-09-14 21:34:14,878 - banking_api_tests - INFO - [environment.py:401] - [URL] Final Response Status: 201
2025-09-14 21:34:14,878 - banking_api_tests - INFO - [environment.py:404] - [VERIFY] Correlation ID: 
2025-09-14 21:34:14,878 - banking_api_tests - INFO - [environment.py:406] - [END] ============================================================
2025-09-14 21:34:14,910 - banking_api_tests - INFO - [environment.py:344] - [SCENARIO] ============================================================
2025-09-14 21:34:14,911 - banking_api_tests - INFO - [environment.py:345] - [TEST] SCENARIO START: Successfully create account with generated data
2025-09-14 21:34:14,911 - banking_api_tests - INFO - [environment.py:346] - [FILE] Feature: Account Creation with Dynamic Data
2025-09-14 21:34:14,911 - banking_api_tests - INFO - [environment.py:347] - [LOCATION] Location: features/accounts/account_creation_dynamic.feature:12
2025-09-14 21:34:14,911 - banking_api_tests - INFO - [environment.py:348] - [TAGS]  Tags: happy_path, smoke
2025-09-14 21:34:14,911 - banking_api_tests - INFO - [environment.py:349] - [TIME] Start Time: 2025-09-14T21:34:14.910846
2025-09-14 21:34:14,911 - banking_api_tests - INFO - [environment.py:350] - [SCENARIO] ============================================================
2025-09-14 21:34:14,912 - banking_api_tests - INFO - [common_steps.py:153] - [API] Checking API availability...
2025-09-14 21:34:15,021 - banking_api_tests - INFO - [common_steps.py:163] - [RESPONSE] API Health Check - Status: 200
2025-09-14 21:34:15,021 - banking_api_tests - INFO - [common_steps.py:170] - [SUCCESS] API is available and responding
2025-09-14 21:34:15,022 - banking_api_tests - INFO - [common_steps.py:192] - [AUTH] Configuring authentication credentials...
2025-09-14 21:34:15,022 - banking_api_tests - INFO - [common_steps.py:201] - [AUTH] Auth Token Configured: ****************2024
2025-09-14 21:34:15,023 - banking_api_tests - INFO - [common_steps.py:211] - [SUCCESS] Authentication credentials validated and configured
2025-09-14 21:34:15,024 - banking_api_tests - INFO - [data_steps.py:37] - [DATA] Generating dynamic test data for: account
2025-09-14 21:34:15,025 - banking_api_tests - INFO - [data_steps.py:98] - [DATA] Using customer ID: CUST506460
2025-09-14 21:34:15,026 - banking_api_tests - INFO - [data_steps.py:256] - [REQUEST] Creating account using generated data
2025-09-14 21:34:15,054 - banking_api_tests - INFO - [data_steps.py:276] - [RESPONSE] Create account Response: 201
2025-09-14 21:34:15,055 - banking_api_tests - INFO - [data_steps.py:277] - [TIME]  Response Time: 0.028s
2025-09-14 21:34:15,055 - banking_api_tests - INFO - [common_steps.py:497] - [VERIFY] Verifying response status code should be 201
2025-09-14 21:34:15,056 - banking_api_tests - INFO - [common_steps.py:504] - [INFO] Expected: 201, Actual: 201
2025-09-14 21:34:15,056 - banking_api_tests - INFO - [common_steps.py:507] - [SUCCESS] Status code assertion PASSED: 201
2025-09-14 21:34:15,056 - banking_api_tests - INFO - [common_steps.py:590] - [VERIFY] Verifying response is valid JSON
2025-09-14 21:34:15,056 - banking_api_tests - INFO - [common_steps.py:598] - [SUCCESS] JSON validation PASSED: Response is valid JSON
2025-09-14 21:34:15,057 - banking_api_tests - INFO - [common_steps.py:539] - [VERIFY] Verifying response contains key: 'accountId'
2025-09-14 21:34:15,057 - banking_api_tests - INFO - [common_steps.py:552] - [SUCCESS] Key assertion PASSED: Found 'accountId' in response
2025-09-14 21:34:15,058 - banking_api_tests - INFO - [common_steps.py:539] - [VERIFY] Verifying response contains key: 'customerId'
2025-09-14 21:34:15,058 - banking_api_tests - INFO - [common_steps.py:552] - [SUCCESS] Key assertion PASSED: Found 'customerId' in response
2025-09-14 21:34:15,058 - banking_api_tests - INFO - [common_steps.py:539] - [VERIFY] Verifying response contains key: 'accountType'
2025-09-14 21:34:15,058 - banking_api_tests - INFO - [common_steps.py:552] - [SUCCESS] Key assertion PASSED: Found 'accountType' in response
2025-09-14 21:34:15,059 - banking_api_tests - INFO - [common_steps.py:539] - [VERIFY] Verifying response contains key: 'currency'
2025-09-14 21:34:15,059 - banking_api_tests - INFO - [common_steps.py:552] - [SUCCESS] Key assertion PASSED: Found 'currency' in response
2025-09-14 21:34:15,059 - banking_api_tests - INFO - [common_steps.py:539] - [VERIFY] Verifying response contains key: 'createdAt'
2025-09-14 21:34:15,059 - banking_api_tests - INFO - [common_steps.py:552] - [SUCCESS] Key assertion PASSED: Found 'createdAt' in response
2025-09-14 21:34:15,060 - banking_api_tests - INFO - [environment.py:384] - [END] ============================================================
2025-09-14 21:34:15,060 - banking_api_tests - INFO - [environment.py:385] - [PASSED] SCENARIO COMPLETE: Successfully create account with generated data
2025-09-14 21:34:15,061 - banking_api_tests - INFO - [environment.py:386] - [INFO] Status: [PASSED] PASSED
2025-09-14 21:34:15,061 - banking_api_tests - INFO - [environment.py:387] - [TIME]  Duration: 0:00:00.149838
2025-09-14 21:34:15,061 - banking_api_tests - INFO - [environment.py:388] - [URL] API Calls Made: 1
2025-09-14 21:34:15,061 - banking_api_tests - INFO - [environment.py:392] - [PERFORMANCE] Avg Response Time: 0.028s
2025-09-14 21:34:15,061 - banking_api_tests - INFO - [environment.py:393] - [INFO] Total Response Time: 0.028s
2025-09-14 21:34:15,061 - banking_api_tests - INFO - [environment.py:401] - [URL] Final Response Status: 201
2025-09-14 21:34:15,061 - banking_api_tests - INFO - [environment.py:404] - [VERIFY] Correlation ID: 
2025-09-14 21:34:15,061 - banking_api_tests - INFO - [environment.py:406] - [END] ============================================================
2025-09-14 21:34:15,114 - banking_api_tests - INFO - [environment.py:344] - [SCENARIO] ============================================================
2025-09-14 21:34:15,114 - banking_api_tests - INFO - [environment.py:345] - [TEST] SCENARIO START: Successfully retrieve account by valid ID
2025-09-14 21:34:15,115 - banking_api_tests - INFO - [environment.py:346] - [FILE] Feature: Account Retrieval
2025-09-14 21:34:15,115 - banking_api_tests - INFO - [environment.py:347] - [LOCATION] Location: features/accounts/account_retrieval.feature:12
2025-09-14 21:34:15,115 - banking_api_tests - INFO - [environment.py:348] - [TAGS]  Tags: happy_path, regression
2025-09-14 21:34:15,115 - banking_api_tests - INFO - [environment.py:349] - [TIME] Start Time: 2025-09-14T21:34:15.114683
2025-09-14 21:34:15,115 - banking_api_tests - INFO - [environment.py:350] - [SCENARIO] ============================================================
2025-09-14 21:34:15,116 - banking_api_tests - INFO - [common_steps.py:153] - [API] Checking API availability...
2025-09-14 21:34:15,222 - banking_api_tests - INFO - [common_steps.py:163] - [RESPONSE] API Health Check - Status: 200
2025-09-14 21:34:15,222 - banking_api_tests - INFO - [common_steps.py:170] - [SUCCESS] API is available and responding
2025-09-14 21:34:15,223 - banking_api_tests - INFO - [common_steps.py:192] - [AUTH] Configuring authentication credentials...
2025-09-14 21:34:15,223 - banking_api_tests - INFO - [common_steps.py:201] - [AUTH] Auth Token Configured: ****************2024
2025-09-14 21:34:15,223 - banking_api_tests - INFO - [common_steps.py:211] - [SUCCESS] Authentication credentials validated and configured
2025-09-14 21:34:15,224 - banking_api_tests - INFO - [common_steps.py:305] - [REQUEST] Sending GET request to: /accounts/ACC001
2025-09-14 21:34:15,239 - banking_api_tests - INFO - [common_steps.py:327] - [RESPONSE] GET Response: 200
2025-09-14 21:34:15,240 - banking_api_tests - INFO - [common_steps.py:328] - [TIME] Response Time: 0.016s
2025-09-14 21:34:15,240 - banking_api_tests - INFO - [common_steps.py:341] - [SUCCESS] GET request completed successfully
2025-09-14 21:34:15,241 - banking_api_tests - INFO - [common_steps.py:497] - [VERIFY] Verifying response status code should be 200
2025-09-14 21:34:15,241 - banking_api_tests - INFO - [common_steps.py:504] - [INFO] Expected: 200, Actual: 200
2025-09-14 21:34:15,241 - banking_api_tests - INFO - [common_steps.py:507] - [SUCCESS] Status code assertion PASSED: 200
2025-09-14 21:34:15,241 - banking_api_tests - INFO - [common_steps.py:590] - [VERIFY] Verifying response is valid JSON
2025-09-14 21:34:15,242 - banking_api_tests - INFO - [common_steps.py:598] - [SUCCESS] JSON validation PASSED: Response is valid JSON
2025-09-14 21:34:15,242 - banking_api_tests - INFO - [common_steps.py:539] - [VERIFY] Verifying response contains key: 'customerId'
2025-09-14 21:34:15,242 - banking_api_tests - INFO - [common_steps.py:552] - [SUCCESS] Key assertion PASSED: Found 'customerId' in response
2025-09-14 21:34:15,243 - banking_api_tests - INFO - [common_steps.py:539] - [VERIFY] Verifying response contains key: 'accountId'
2025-09-14 21:34:15,243 - banking_api_tests - INFO - [common_steps.py:552] - [SUCCESS] Key assertion PASSED: Found 'accountId' in response
2025-09-14 21:34:15,243 - banking_api_tests - INFO - [common_steps.py:539] - [VERIFY] Verifying response contains key: 'accountType'
2025-09-14 21:34:15,244 - banking_api_tests - INFO - [common_steps.py:552] - [SUCCESS] Key assertion PASSED: Found 'accountType' in response
2025-09-14 21:34:15,244 - banking_api_tests - INFO - [common_steps.py:539] - [VERIFY] Verifying response contains key: 'createdAt'
2025-09-14 21:34:15,244 - banking_api_tests - INFO - [common_steps.py:552] - [SUCCESS] Key assertion PASSED: Found 'createdAt' in response
2025-09-14 21:34:15,245 - banking_api_tests - INFO - [common_steps.py:682] - [SUCCESS] Found correlation ID: 
2025-09-14 21:34:15,245 - banking_api_tests - INFO - [common_steps.py:1016] - [VERIFY] Verifying response time is under 2000ms
2025-09-14 21:34:15,245 - banking_api_tests - INFO - [common_steps.py:1035] - [SUCCESS] Response time assertion PASSED: 16ms <= 2000ms
2025-09-14 21:34:15,246 - banking_api_tests - INFO - [environment.py:384] - [END] ============================================================
2025-09-14 21:34:15,246 - banking_api_tests - INFO - [environment.py:385] - [PASSED] SCENARIO COMPLETE: Successfully retrieve account by valid ID
2025-09-14 21:34:15,246 - banking_api_tests - INFO - [environment.py:386] - [INFO] Status: [PASSED] PASSED
2025-09-14 21:34:15,246 - banking_api_tests - INFO - [environment.py:387] - [TIME]  Duration: 0:00:00.131599
2025-09-14 21:34:15,246 - banking_api_tests - INFO - [environment.py:388] - [URL] API Calls Made: 1
2025-09-14 21:34:15,247 - banking_api_tests - INFO - [environment.py:392] - [PERFORMANCE] Avg Response Time: 0.016s
2025-09-14 21:34:15,247 - banking_api_tests - INFO - [environment.py:393] - [INFO] Total Response Time: 0.016s
2025-09-14 21:34:15,247 - banking_api_tests - INFO - [environment.py:401] - [URL] Final Response Status: 200
2025-09-14 21:34:15,247 - banking_api_tests - INFO - [environment.py:404] - [VERIFY] Correlation ID: 
2025-09-14 21:34:15,247 - banking_api_tests - INFO - [environment.py:406] - [END] ============================================================
2025-09-14 21:34:15,248 - banking_api_tests - INFO - [environment.py:344] - [SCENARIO] ============================================================
2025-09-14 21:34:15,248 - banking_api_tests - INFO - [environment.py:345] - [TEST] SCENARIO START: Successfully retrieve account with different valid ID
2025-09-14 21:34:15,248 - banking_api_tests - INFO - [environment.py:346] - [FILE] Feature: Account Retrieval
2025-09-14 21:34:15,248 - banking_api_tests - INFO - [environment.py:347] - [LOCATION] Location: features/accounts/account_retrieval.feature:24
2025-09-14 21:34:15,248 - banking_api_tests - INFO - [environment.py:348] - [TAGS]  Tags: happy_path, regression
2025-09-14 21:34:15,249 - banking_api_tests - INFO - [environment.py:349] - [TIME] Start Time: 2025-09-14T21:34:15.248243
2025-09-14 21:34:15,249 - banking_api_tests - INFO - [environment.py:350] - [SCENARIO] ============================================================
2025-09-14 21:34:15,250 - banking_api_tests - INFO - [common_steps.py:153] - [API] Checking API availability...
2025-09-14 21:34:15,376 - banking_api_tests - INFO - [common_steps.py:163] - [RESPONSE] API Health Check - Status: 200
2025-09-14 21:34:15,376 - banking_api_tests - INFO - [common_steps.py:170] - [SUCCESS] API is available and responding
2025-09-14 21:34:15,377 - banking_api_tests - INFO - [common_steps.py:192] - [AUTH] Configuring authentication credentials...
2025-09-14 21:34:15,377 - banking_api_tests - INFO - [common_steps.py:201] - [AUTH] Auth Token Configured: ****************2024
2025-09-14 21:34:15,378 - banking_api_tests - INFO - [common_steps.py:211] - [SUCCESS] Authentication credentials validated and configured
2025-09-14 21:34:15,378 - banking_api_tests - INFO - [common_steps.py:305] - [REQUEST] Sending GET request to: /accounts/ACC002
2025-09-14 21:34:15,383 - banking_api_tests - INFO - [common_steps.py:327] - [RESPONSE] GET Response: 200
2025-09-14 21:34:15,383 - banking_api_tests - INFO - [common_steps.py:328] - [TIME] Response Time: 0.005s
2025-09-14 21:34:15,383 - banking_api_tests - INFO - [common_steps.py:341] - [SUCCESS] GET request completed successfully
2025-09-14 21:34:15,384 - banking_api_tests - INFO - [common_steps.py:497] - [VERIFY] Verifying response status code should be 200
2025-09-14 21:34:15,384 - banking_api_tests - INFO - [common_steps.py:504] - [INFO] Expected: 200, Actual: 200
2025-09-14 21:34:15,384 - banking_api_tests - INFO - [common_steps.py:507] - [SUCCESS] Status code assertion PASSED: 200
2025-09-14 21:34:15,385 - banking_api_tests - INFO - [common_steps.py:590] - [VERIFY] Verifying response is valid JSON
2025-09-14 21:34:15,385 - banking_api_tests - INFO - [common_steps.py:598] - [SUCCESS] JSON validation PASSED: Response is valid JSON
2025-09-14 21:34:15,386 - banking_api_tests - INFO - [common_steps.py:539] - [VERIFY] Verifying response contains key: 'customerId'
2025-09-14 21:34:15,386 - banking_api_tests - INFO - [common_steps.py:552] - [SUCCESS] Key assertion PASSED: Found 'customerId' in response
2025-09-14 21:34:15,387 - banking_api_tests - INFO - [common_steps.py:1094] - [VERIFY] Checking response contains required fields
2025-09-14 21:34:15,389 - banking_api_tests - INFO - [environment.py:384] - [END] ============================================================
2025-09-14 21:34:15,389 - banking_api_tests - INFO - [environment.py:385] - [FAILED] SCENARIO COMPLETE: Successfully retrieve account with different valid ID
2025-09-14 21:34:15,389 - banking_api_tests - INFO - [environment.py:386] - [INFO] Status: [FAILED] FAILED
2025-09-14 21:34:15,390 - banking_api_tests - INFO - [environment.py:387] - [TIME]  Duration: 0:00:00.141295
2025-09-14 21:34:15,390 - banking_api_tests - INFO - [environment.py:388] - [URL] API Calls Made: 1
2025-09-14 21:34:15,390 - banking_api_tests - INFO - [environment.py:392] - [PERFORMANCE] Avg Response Time: 0.005s
2025-09-14 21:34:15,390 - banking_api_tests - INFO - [environment.py:393] - [INFO] Total Response Time: 0.005s
2025-09-14 21:34:15,390 - banking_api_tests - INFO - [environment.py:401] - [URL] Final Response Status: 200
2025-09-14 21:34:15,390 - banking_api_tests - INFO - [environment.py:404] - [VERIFY] Correlation ID: 
2025-09-14 21:34:15,390 - banking_api_tests - INFO - [environment.py:406] - [END] ============================================================
2025-09-14 21:34:15,391 - banking_api_tests - INFO - [environment.py:344] - [SCENARIO] ============================================================
2025-09-14 21:34:15,392 - banking_api_tests - INFO - [environment.py:345] - [TEST] SCENARIO START: Attempt to retrieve non-existent account
2025-09-14 21:34:15,392 - banking_api_tests - INFO - [environment.py:346] - [FILE] Feature: Account Retrieval
2025-09-14 21:34:15,392 - banking_api_tests - INFO - [environment.py:347] - [LOCATION] Location: features/accounts/account_retrieval.feature:39
2025-09-14 21:34:15,392 - banking_api_tests - INFO - [environment.py:348] - [TAGS]  Tags: error_handling, regression
2025-09-14 21:34:15,392 - banking_api_tests - INFO - [environment.py:349] - [TIME] Start Time: 2025-09-14T21:34:15.391879
2025-09-14 21:34:15,392 - banking_api_tests - INFO - [environment.py:350] - [SCENARIO] ============================================================
2025-09-14 21:34:15,393 - banking_api_tests - INFO - [common_steps.py:153] - [API] Checking API availability...
2025-09-14 21:34:15,518 - banking_api_tests - INFO - [common_steps.py:163] - [RESPONSE] API Health Check - Status: 200
2025-09-14 21:34:15,518 - banking_api_tests - INFO - [common_steps.py:170] - [SUCCESS] API is available and responding
2025-09-14 21:34:15,519 - banking_api_tests - INFO - [common_steps.py:192] - [AUTH] Configuring authentication credentials...
2025-09-14 21:34:15,519 - banking_api_tests - INFO - [common_steps.py:201] - [AUTH] Auth Token Configured: ****************2024
2025-09-14 21:34:15,519 - banking_api_tests - INFO - [common_steps.py:211] - [SUCCESS] Authentication credentials validated and configured
2025-09-14 21:34:15,520 - banking_api_tests - INFO - [common_steps.py:305] - [REQUEST] Sending GET request to: /accounts/NONEXISTENT
2025-09-14 21:34:15,534 - banking_api_tests - INFO - [common_steps.py:327] - [RESPONSE] GET Response: 404
2025-09-14 21:34:15,535 - banking_api_tests - INFO - [common_steps.py:328] - [TIME] Response Time: 0.014s
2025-09-14 21:34:15,535 - banking_api_tests - INFO - [common_steps.py:341] - [SUCCESS] GET request completed successfully
2025-09-14 21:34:15,536 - banking_api_tests - INFO - [common_steps.py:497] - [VERIFY] Verifying response status code should be 404
2025-09-14 21:34:15,536 - banking_api_tests - INFO - [common_steps.py:504] - [INFO] Expected: 404, Actual: 404
2025-09-14 21:34:15,536 - banking_api_tests - INFO - [common_steps.py:507] - [SUCCESS] Status code assertion PASSED: 404
2025-09-14 21:34:15,536 - banking_api_tests - INFO - [common_steps.py:590] - [VERIFY] Verifying response is valid JSON
2025-09-14 21:34:15,536 - banking_api_tests - INFO - [common_steps.py:598] - [SUCCESS] JSON validation PASSED: Response is valid JSON
2025-09-14 21:34:15,537 - banking_api_tests - INFO - [common_steps.py:956] - [VERIFY] Verifying response contains error message
2025-09-14 21:34:15,537 - banking_api_tests - INFO - [common_steps.py:976] - [SUCCESS] Error message assertion PASSED: Found 'error': Account not found
2025-09-14 21:34:15,537 - banking_api_tests - INFO - [common_steps.py:682] - [SUCCESS] Found correlation ID: 
2025-09-14 21:34:15,538 - banking_api_tests - INFO - [environment.py:384] - [END] ============================================================
2025-09-14 21:34:15,538 - banking_api_tests - INFO - [environment.py:385] - [PASSED] SCENARIO COMPLETE: Attempt to retrieve non-existent account
2025-09-14 21:34:15,538 - banking_api_tests - INFO - [environment.py:386] - [INFO] Status: [PASSED] PASSED
2025-09-14 21:34:15,538 - banking_api_tests - INFO - [environment.py:387] - [TIME]  Duration: 0:00:00.146190
2025-09-14 21:34:15,538 - banking_api_tests - INFO - [environment.py:388] - [URL] API Calls Made: 1
2025-09-14 21:34:15,538 - banking_api_tests - INFO - [environment.py:392] - [PERFORMANCE] Avg Response Time: 0.014s
2025-09-14 21:34:15,538 - banking_api_tests - INFO - [environment.py:393] - [INFO] Total Response Time: 0.014s
2025-09-14 21:34:15,539 - banking_api_tests - INFO - [environment.py:406] - [END] ============================================================
2025-09-14 21:34:15,539 - banking_api_tests - INFO - [environment.py:344] - [SCENARIO] ============================================================
2025-09-14 21:34:15,539 - banking_api_tests - INFO - [environment.py:345] - [TEST] SCENARIO START: Attempt to retrieve account with invalid ID format
2025-09-14 21:34:15,540 - banking_api_tests - INFO - [environment.py:346] - [FILE] Feature: Account Retrieval
2025-09-14 21:34:15,540 - banking_api_tests - INFO - [environment.py:347] - [LOCATION] Location: features/accounts/account_retrieval.feature:47
2025-09-14 21:34:15,540 - banking_api_tests - INFO - [environment.py:348] - [TAGS]  Tags: error_handling, regression
2025-09-14 21:34:15,540 - banking_api_tests - INFO - [environment.py:349] - [TIME] Start Time: 2025-09-14T21:34:15.539668
2025-09-14 21:34:15,540 - banking_api_tests - INFO - [environment.py:350] - [SCENARIO] ============================================================
2025-09-14 21:34:15,541 - banking_api_tests - INFO - [common_steps.py:153] - [API] Checking API availability...
2025-09-14 21:34:15,656 - banking_api_tests - INFO - [common_steps.py:163] - [RESPONSE] API Health Check - Status: 200
2025-09-14 21:34:15,656 - banking_api_tests - INFO - [common_steps.py:170] - [SUCCESS] API is available and responding
2025-09-14 21:34:15,657 - banking_api_tests - INFO - [common_steps.py:192] - [AUTH] Configuring authentication credentials...
2025-09-14 21:34:15,657 - banking_api_tests - INFO - [common_steps.py:201] - [AUTH] Auth Token Configured: ****************2024
2025-09-14 21:34:15,657 - banking_api_tests - INFO - [common_steps.py:211] - [SUCCESS] Authentication credentials validated and configured
2025-09-14 21:34:15,658 - banking_api_tests - INFO - [common_steps.py:305] - [REQUEST] Sending GET request to: /accounts/123invalid
2025-09-14 21:34:15,674 - banking_api_tests - INFO - [common_steps.py:327] - [RESPONSE] GET Response: 404
2025-09-14 21:34:15,674 - banking_api_tests - INFO - [common_steps.py:328] - [TIME] Response Time: 0.016s
2025-09-14 21:34:15,674 - banking_api_tests - INFO - [common_steps.py:341] - [SUCCESS] GET request completed successfully
2025-09-14 21:34:15,675 - banking_api_tests - INFO - [common_steps.py:497] - [VERIFY] Verifying response status code should be 404
2025-09-14 21:34:15,675 - banking_api_tests - INFO - [common_steps.py:504] - [INFO] Expected: 404, Actual: 404
2025-09-14 21:34:15,675 - banking_api_tests - INFO - [common_steps.py:507] - [SUCCESS] Status code assertion PASSED: 404
2025-09-14 21:34:15,676 - banking_api_tests - INFO - [common_steps.py:956] - [VERIFY] Verifying response contains error message
2025-09-14 21:34:15,676 - banking_api_tests - INFO - [common_steps.py:976] - [SUCCESS] Error message assertion PASSED: Found 'error': Account not found
2025-09-14 21:34:15,676 - banking_api_tests - INFO - [environment.py:384] - [END] ============================================================
2025-09-14 21:34:15,676 - banking_api_tests - INFO - [environment.py:385] - [PASSED] SCENARIO COMPLETE: Attempt to retrieve account with invalid ID format
2025-09-14 21:34:15,677 - banking_api_tests - INFO - [environment.py:386] - [INFO] Status: [PASSED] PASSED
2025-09-14 21:34:15,677 - banking_api_tests - INFO - [environment.py:387] - [TIME]  Duration: 0:00:00.137064
2025-09-14 21:34:15,677 - banking_api_tests - INFO - [environment.py:388] - [URL] API Calls Made: 1
2025-09-14 21:34:15,677 - banking_api_tests - INFO - [environment.py:392] - [PERFORMANCE] Avg Response Time: 0.016s
2025-09-14 21:34:15,677 - banking_api_tests - INFO - [environment.py:393] - [INFO] Total Response Time: 0.016s
2025-09-14 21:34:15,677 - banking_api_tests - INFO - [environment.py:406] - [END] ============================================================
2025-09-14 21:34:15,678 - banking_api_tests - INFO - [environment.py:344] - [SCENARIO] ============================================================
2025-09-14 21:34:15,679 - banking_api_tests - INFO - [environment.py:345] - [TEST] SCENARIO START: Retrieve accounts with boundary ID values -- @1.1 
2025-09-14 21:34:15,679 - banking_api_tests - INFO - [environment.py:346] - [FILE] Feature: Account Retrieval
2025-09-14 21:34:15,679 - banking_api_tests - INFO - [environment.py:347] - [LOCATION] Location: features/accounts/account_retrieval.feature:60
2025-09-14 21:34:15,679 - banking_api_tests - INFO - [environment.py:348] - [TAGS]  Tags: boundary_testing
2025-09-14 21:34:15,679 - banking_api_tests - INFO - [environment.py:349] - [TIME] Start Time: 2025-09-14T21:34:15.678857
2025-09-14 21:34:15,679 - banking_api_tests - INFO - [environment.py:350] - [SCENARIO] ============================================================
2025-09-14 21:34:15,680 - banking_api_tests - INFO - [common_steps.py:153] - [API] Checking API availability...
2025-09-14 21:34:15,812 - banking_api_tests - INFO - [common_steps.py:163] - [RESPONSE] API Health Check - Status: 200
2025-09-14 21:34:15,812 - banking_api_tests - INFO - [common_steps.py:170] - [SUCCESS] API is available and responding
2025-09-14 21:34:15,813 - banking_api_tests - INFO - [common_steps.py:192] - [AUTH] Configuring authentication credentials...
2025-09-14 21:34:15,813 - banking_api_tests - INFO - [common_steps.py:201] - [AUTH] Auth Token Configured: ****************2024
2025-09-14 21:34:15,813 - banking_api_tests - INFO - [common_steps.py:211] - [SUCCESS] Authentication credentials validated and configured
2025-09-14 21:34:15,814 - banking_api_tests - INFO - [common_steps.py:305] - [REQUEST] Sending GET request to: /accounts/ACC001
2025-09-14 21:34:15,818 - banking_api_tests - INFO - [common_steps.py:327] - [RESPONSE] GET Response: 200
2025-09-14 21:34:15,819 - banking_api_tests - INFO - [common_steps.py:328] - [TIME] Response Time: 0.004s
2025-09-14 21:34:15,819 - banking_api_tests - INFO - [common_steps.py:341] - [SUCCESS] GET request completed successfully
2025-09-14 21:34:15,820 - banking_api_tests - INFO - [common_steps.py:497] - [VERIFY] Verifying response status code should be 200
2025-09-14 21:34:15,820 - banking_api_tests - INFO - [common_steps.py:504] - [INFO] Expected: 200, Actual: 200
2025-09-14 21:34:15,820 - banking_api_tests - INFO - [common_steps.py:507] - [SUCCESS] Status code assertion PASSED: 200
2025-09-14 21:34:15,820 - banking_api_tests - INFO - [common_steps.py:590] - [VERIFY] Verifying response is valid JSON
2025-09-14 21:34:15,821 - banking_api_tests - INFO - [common_steps.py:598] - [SUCCESS] JSON validation PASSED: Response is valid JSON
2025-09-14 21:34:15,821 - banking_api_tests - INFO - [environment.py:384] - [END] ============================================================
2025-09-14 21:34:15,821 - banking_api_tests - INFO - [environment.py:385] - [PASSED] SCENARIO COMPLETE: Retrieve accounts with boundary ID values -- @1.1 
2025-09-14 21:34:15,821 - banking_api_tests - INFO - [environment.py:386] - [INFO] Status: [PASSED] PASSED
2025-09-14 21:34:15,821 - banking_api_tests - INFO - [environment.py:387] - [TIME]  Duration: 0:00:00.142484
2025-09-14 21:34:15,821 - banking_api_tests - INFO - [environment.py:388] - [URL] API Calls Made: 1
2025-09-14 21:34:15,822 - banking_api_tests - INFO - [environment.py:392] - [PERFORMANCE] Avg Response Time: 0.004s
2025-09-14 21:34:15,822 - banking_api_tests - INFO - [environment.py:393] - [INFO] Total Response Time: 0.004s
2025-09-14 21:34:15,822 - banking_api_tests - INFO - [environment.py:401] - [URL] Final Response Status: 200
2025-09-14 21:34:15,822 - banking_api_tests - INFO - [environment.py:404] - [VERIFY] Correlation ID: 
2025-09-14 21:34:15,822 - banking_api_tests - INFO - [environment.py:406] - [END] ============================================================
2025-09-14 21:34:15,823 - banking_api_tests - INFO - [environment.py:344] - [SCENARIO] ============================================================
2025-09-14 21:34:15,823 - banking_api_tests - INFO - [environment.py:345] - [TEST] SCENARIO START: Retrieve accounts with boundary ID values -- @1.2 
2025-09-14 21:34:15,823 - banking_api_tests - INFO - [environment.py:346] - [FILE] Feature: Account Retrieval
2025-09-14 21:34:15,823 - banking_api_tests - INFO - [environment.py:347] - [LOCATION] Location: features/accounts/account_retrieval.feature:61
2025-09-14 21:34:15,823 - banking_api_tests - INFO - [environment.py:348] - [TAGS]  Tags: boundary_testing
2025-09-14 21:34:15,823 - banking_api_tests - INFO - [environment.py:349] - [TIME] Start Time: 2025-09-14T21:34:15.823163
2025-09-14 21:34:15,824 - banking_api_tests - INFO - [environment.py:350] - [SCENARIO] ============================================================
2025-09-14 21:34:15,824 - banking_api_tests - INFO - [common_steps.py:153] - [API] Checking API availability...
2025-09-14 21:34:15,952 - banking_api_tests - INFO - [common_steps.py:163] - [RESPONSE] API Health Check - Status: 200
2025-09-14 21:34:15,952 - banking_api_tests - INFO - [common_steps.py:170] - [SUCCESS] API is available and responding
2025-09-14 21:34:15,953 - banking_api_tests - INFO - [common_steps.py:192] - [AUTH] Configuring authentication credentials...
2025-09-14 21:34:15,953 - banking_api_tests - INFO - [common_steps.py:201] - [AUTH] Auth Token Configured: ****************2024
2025-09-14 21:34:15,953 - banking_api_tests - INFO - [common_steps.py:211] - [SUCCESS] Authentication credentials validated and configured
2025-09-14 21:34:15,954 - banking_api_tests - INFO - [common_steps.py:305] - [REQUEST] Sending GET request to: /accounts/ACC999
2025-09-14 21:34:15,957 - banking_api_tests - INFO - [common_steps.py:327] - [RESPONSE] GET Response: 404
2025-09-14 21:34:15,957 - banking_api_tests - INFO - [common_steps.py:328] - [TIME] Response Time: 0.003s
2025-09-14 21:34:15,957 - banking_api_tests - INFO - [common_steps.py:341] - [SUCCESS] GET request completed successfully
2025-09-14 21:34:15,958 - banking_api_tests - INFO - [common_steps.py:497] - [VERIFY] Verifying response status code should be 404
2025-09-14 21:34:15,958 - banking_api_tests - INFO - [common_steps.py:504] - [INFO] Expected: 404, Actual: 404
2025-09-14 21:34:15,959 - banking_api_tests - INFO - [common_steps.py:507] - [SUCCESS] Status code assertion PASSED: 404
2025-09-14 21:34:15,959 - banking_api_tests - INFO - [common_steps.py:590] - [VERIFY] Verifying response is valid JSON
2025-09-14 21:34:15,959 - banking_api_tests - INFO - [common_steps.py:598] - [SUCCESS] JSON validation PASSED: Response is valid JSON
2025-09-14 21:34:15,960 - banking_api_tests - INFO - [environment.py:384] - [END] ============================================================
2025-09-14 21:34:15,960 - banking_api_tests - INFO - [environment.py:385] - [PASSED] SCENARIO COMPLETE: Retrieve accounts with boundary ID values -- @1.2 
2025-09-14 21:34:15,960 - banking_api_tests - INFO - [environment.py:386] - [INFO] Status: [PASSED] PASSED
2025-09-14 21:34:15,960 - banking_api_tests - INFO - [environment.py:387] - [TIME]  Duration: 0:00:00.136905
2025-09-14 21:34:15,960 - banking_api_tests - INFO - [environment.py:388] - [URL] API Calls Made: 1
2025-09-14 21:34:15,960 - banking_api_tests - INFO - [environment.py:392] - [PERFORMANCE] Avg Response Time: 0.003s
2025-09-14 21:34:15,960 - banking_api_tests - INFO - [environment.py:393] - [INFO] Total Response Time: 0.003s
2025-09-14 21:34:15,960 - banking_api_tests - INFO - [environment.py:406] - [END] ============================================================
2025-09-14 21:34:15,961 - banking_api_tests - INFO - [environment.py:344] - [SCENARIO] ============================================================
2025-09-14 21:34:15,961 - banking_api_tests - INFO - [environment.py:345] - [TEST] SCENARIO START: Retrieve accounts with boundary ID values -- @1.3 
2025-09-14 21:34:15,961 - banking_api_tests - INFO - [environment.py:346] - [FILE] Feature: Account Retrieval
2025-09-14 21:34:15,961 - banking_api_tests - INFO - [environment.py:347] - [LOCATION] Location: features/accounts/account_retrieval.feature:62
2025-09-14 21:34:15,962 - banking_api_tests - INFO - [environment.py:348] - [TAGS]  Tags: boundary_testing
2025-09-14 21:34:15,962 - banking_api_tests - INFO - [environment.py:349] - [TIME] Start Time: 2025-09-14T21:34:15.961406
2025-09-14 21:34:15,962 - banking_api_tests - INFO - [environment.py:350] - [SCENARIO] ============================================================
2025-09-14 21:34:15,963 - banking_api_tests - INFO - [common_steps.py:153] - [API] Checking API availability...
2025-09-14 21:34:16,092 - banking_api_tests - INFO - [common_steps.py:163] - [RESPONSE] API Health Check - Status: 200
2025-09-14 21:34:16,092 - banking_api_tests - INFO - [common_steps.py:170] - [SUCCESS] API is available and responding
2025-09-14 21:34:16,093 - banking_api_tests - INFO - [common_steps.py:192] - [AUTH] Configuring authentication credentials...
2025-09-14 21:34:16,093 - banking_api_tests - INFO - [common_steps.py:201] - [AUTH] Auth Token Configured: ****************2024
2025-09-14 21:34:16,093 - banking_api_tests - INFO - [common_steps.py:211] - [SUCCESS] Authentication credentials validated and configured
2025-09-14 21:34:16,093 - banking_api_tests - INFO - [common_steps.py:305] - [REQUEST] Sending GET request to: /accounts/A
2025-09-14 21:34:16,109 - banking_api_tests - INFO - [common_steps.py:327] - [RESPONSE] GET Response: 404
2025-09-14 21:34:16,110 - banking_api_tests - INFO - [common_steps.py:328] - [TIME] Response Time: 0.016s
2025-09-14 21:34:16,110 - banking_api_tests - INFO - [common_steps.py:341] - [SUCCESS] GET request completed successfully
2025-09-14 21:34:16,111 - banking_api_tests - INFO - [common_steps.py:497] - [VERIFY] Verifying response status code should be 404
2025-09-14 21:34:16,111 - banking_api_tests - INFO - [common_steps.py:504] - [INFO] Expected: 404, Actual: 404
2025-09-14 21:34:16,111 - banking_api_tests - INFO - [common_steps.py:507] - [SUCCESS] Status code assertion PASSED: 404
2025-09-14 21:34:16,111 - banking_api_tests - INFO - [common_steps.py:590] - [VERIFY] Verifying response is valid JSON
2025-09-14 21:34:16,112 - banking_api_tests - INFO - [common_steps.py:598] - [SUCCESS] JSON validation PASSED: Response is valid JSON
2025-09-14 21:34:16,112 - banking_api_tests - INFO - [environment.py:384] - [END] ============================================================
2025-09-14 21:34:16,112 - banking_api_tests - INFO - [environment.py:385] - [PASSED] SCENARIO COMPLETE: Retrieve accounts with boundary ID values -- @1.3 
2025-09-14 21:34:16,112 - banking_api_tests - INFO - [environment.py:386] - [INFO] Status: [PASSED] PASSED
2025-09-14 21:34:16,112 - banking_api_tests - INFO - [environment.py:387] - [TIME]  Duration: 0:00:00.151008
2025-09-14 21:34:16,112 - banking_api_tests - INFO - [environment.py:388] - [URL] API Calls Made: 1
2025-09-14 21:34:16,113 - banking_api_tests - INFO - [environment.py:392] - [PERFORMANCE] Avg Response Time: 0.016s
2025-09-14 21:34:16,113 - banking_api_tests - INFO - [environment.py:393] - [INFO] Total Response Time: 0.016s
2025-09-14 21:34:16,113 - banking_api_tests - INFO - [environment.py:406] - [END] ============================================================
2025-09-14 21:34:16,114 - banking_api_tests - INFO - [environment.py:344] - [SCENARIO] ============================================================
2025-09-14 21:34:16,114 - banking_api_tests - INFO - [environment.py:345] - [TEST] SCENARIO START: Retrieve accounts with boundary ID values -- @1.4 
2025-09-14 21:34:16,114 - banking_api_tests - INFO - [environment.py:346] - [FILE] Feature: Account Retrieval
2025-09-14 21:34:16,114 - banking_api_tests - INFO - [environment.py:347] - [LOCATION] Location: features/accounts/account_retrieval.feature:63
2025-09-14 21:34:16,114 - banking_api_tests - INFO - [environment.py:348] - [TAGS]  Tags: boundary_testing
2025-09-14 21:34:16,114 - banking_api_tests - INFO - [environment.py:349] - [TIME] Start Time: 2025-09-14T21:34:16.114047
2025-09-14 21:34:16,115 - banking_api_tests - INFO - [environment.py:350] - [SCENARIO] ============================================================
2025-09-14 21:34:16,115 - banking_api_tests - INFO - [common_steps.py:153] - [API] Checking API availability...
2025-09-14 21:34:16,230 - banking_api_tests - INFO - [common_steps.py:163] - [RESPONSE] API Health Check - Status: 200
2025-09-14 21:34:16,231 - banking_api_tests - INFO - [common_steps.py:170] - [SUCCESS] API is available and responding
2025-09-14 21:34:16,231 - banking_api_tests - INFO - [common_steps.py:192] - [AUTH] Configuring authentication credentials...
2025-09-14 21:34:16,232 - banking_api_tests - INFO - [common_steps.py:201] - [AUTH] Auth Token Configured: ****************2024
2025-09-14 21:34:16,232 - banking_api_tests - INFO - [common_steps.py:211] - [SUCCESS] Authentication credentials validated and configured
2025-09-14 21:34:16,232 - banking_api_tests - INFO - [common_steps.py:305] - [REQUEST] Sending GET request to: /accounts/VERYLONGACCOUNTID
2025-09-14 21:34:16,248 - banking_api_tests - INFO - [common_steps.py:327] - [RESPONSE] GET Response: 404
2025-09-14 21:34:16,248 - banking_api_tests - INFO - [common_steps.py:328] - [TIME] Response Time: 0.015s
2025-09-14 21:34:16,248 - banking_api_tests - INFO - [common_steps.py:341] - [SUCCESS] GET request completed successfully
2025-09-14 21:34:16,249 - banking_api_tests - INFO - [common_steps.py:497] - [VERIFY] Verifying response status code should be 404
2025-09-14 21:34:16,249 - banking_api_tests - INFO - [common_steps.py:504] - [INFO] Expected: 404, Actual: 404
2025-09-14 21:34:16,249 - banking_api_tests - INFO - [common_steps.py:507] - [SUCCESS] Status code assertion PASSED: 404
2025-09-14 21:34:16,250 - banking_api_tests - INFO - [common_steps.py:590] - [VERIFY] Verifying response is valid JSON
2025-09-14 21:34:16,250 - banking_api_tests - INFO - [common_steps.py:598] - [SUCCESS] JSON validation PASSED: Response is valid JSON
2025-09-14 21:34:16,250 - banking_api_tests - INFO - [environment.py:384] - [END] ============================================================
2025-09-14 21:34:16,250 - banking_api_tests - INFO - [environment.py:385] - [PASSED] SCENARIO COMPLETE: Retrieve accounts with boundary ID values -- @1.4 
2025-09-14 21:34:16,251 - banking_api_tests - INFO - [environment.py:386] - [INFO] Status: [PASSED] PASSED
2025-09-14 21:34:16,251 - banking_api_tests - INFO - [environment.py:387] - [TIME]  Duration: 0:00:00.136743
2025-09-14 21:34:16,251 - banking_api_tests - INFO - [environment.py:388] - [URL] API Calls Made: 1
2025-09-14 21:34:16,251 - banking_api_tests - INFO - [environment.py:392] - [PERFORMANCE] Avg Response Time: 0.015s
2025-09-14 21:34:16,251 - banking_api_tests - INFO - [environment.py:393] - [INFO] Total Response Time: 0.015s
2025-09-14 21:34:16,251 - banking_api_tests - INFO - [environment.py:406] - [END] ============================================================
2025-09-14 21:34:16,252 - banking_api_tests - INFO - [environment.py:344] - [SCENARIO] ============================================================
2025-09-14 21:34:16,252 - banking_api_tests - INFO - [environment.py:345] - [TEST] SCENARIO START: Multiple concurrent account retrievals
2025-09-14 21:34:16,252 - banking_api_tests - INFO - [environment.py:346] - [FILE] Feature: Account Retrieval
2025-09-14 21:34:16,252 - banking_api_tests - INFO - [environment.py:347] - [LOCATION] Location: features/accounts/account_retrieval.feature:66
2025-09-14 21:34:16,252 - banking_api_tests - INFO - [environment.py:348] - [TAGS]  Tags: performance, load_testing
2025-09-14 21:34:16,252 - banking_api_tests - INFO - [environment.py:349] - [TIME] Start Time: 2025-09-14T21:34:16.252343
2025-09-14 21:34:16,253 - banking_api_tests - INFO - [environment.py:350] - [SCENARIO] ============================================================
2025-09-14 21:34:16,253 - banking_api_tests - INFO - [common_steps.py:153] - [API] Checking API availability...
2025-09-14 21:34:16,371 - banking_api_tests - INFO - [common_steps.py:163] - [RESPONSE] API Health Check - Status: 200
2025-09-14 21:34:16,371 - banking_api_tests - INFO - [common_steps.py:170] - [SUCCESS] API is available and responding
2025-09-14 21:34:16,372 - banking_api_tests - INFO - [common_steps.py:192] - [AUTH] Configuring authentication credentials...
2025-09-14 21:34:16,372 - banking_api_tests - INFO - [common_steps.py:201] - [AUTH] Auth Token Configured: ****************2024
2025-09-14 21:34:16,372 - banking_api_tests - INFO - [common_steps.py:211] - [SUCCESS] Authentication credentials validated and configured
2025-09-14 21:34:16,373 - banking_api_tests - INFO - [common_steps.py:305] - [REQUEST] Sending GET request to: /accounts/ACC001
2025-09-14 21:34:16,387 - banking_api_tests - INFO - [common_steps.py:327] - [RESPONSE] GET Response: 200
2025-09-14 21:34:16,387 - banking_api_tests - INFO - [common_steps.py:328] - [TIME] Response Time: 0.014s
2025-09-14 21:34:16,387 - banking_api_tests - INFO - [common_steps.py:341] - [SUCCESS] GET request completed successfully
2025-09-14 21:34:16,388 - banking_api_tests - INFO - [common_steps.py:305] - [REQUEST] Sending GET request to: /accounts/ACC002
2025-09-14 21:34:16,402 - banking_api_tests - INFO - [common_steps.py:327] - [RESPONSE] GET Response: 200
2025-09-14 21:34:16,403 - banking_api_tests - INFO - [common_steps.py:328] - [TIME] Response Time: 0.014s
2025-09-14 21:34:16,403 - banking_api_tests - INFO - [common_steps.py:341] - [SUCCESS] GET request completed successfully
2025-09-14 21:34:16,403 - banking_api_tests - INFO - [common_steps.py:1016] - [VERIFY] Verifying response time is under 1500ms
2025-09-14 21:34:16,404 - banking_api_tests - INFO - [common_steps.py:1035] - [SUCCESS] Response time assertion PASSED: 14ms <= 1500ms
2025-09-14 21:34:16,404 - banking_api_tests - INFO - [common_steps.py:925] - [VERIFY] Verifying response is successful (2xx status)
2025-09-14 21:34:16,404 - banking_api_tests - INFO - [common_steps.py:935] - [SUCCESS] Success assertion PASSED: Status 200
2025-09-14 21:34:16,405 - banking_api_tests - INFO - [environment.py:384] - [END] ============================================================
2025-09-14 21:34:16,405 - banking_api_tests - INFO - [environment.py:385] - [PASSED] SCENARIO COMPLETE: Multiple concurrent account retrievals
2025-09-14 21:34:16,405 - banking_api_tests - INFO - [environment.py:386] - [INFO] Status: [PASSED] PASSED
2025-09-14 21:34:16,406 - banking_api_tests - INFO - [environment.py:387] - [TIME]  Duration: 0:00:00.152893
2025-09-14 21:34:16,406 - banking_api_tests - INFO - [environment.py:388] - [URL] API Calls Made: 2
2025-09-14 21:34:16,406 - banking_api_tests - INFO - [environment.py:392] - [PERFORMANCE] Avg Response Time: 0.014s
2025-09-14 21:34:16,406 - banking_api_tests - INFO - [environment.py:393] - [INFO] Total Response Time: 0.028s
2025-09-14 21:34:16,406 - banking_api_tests - INFO - [environment.py:401] - [URL] Final Response Status: 200
2025-09-14 21:34:16,406 - banking_api_tests - INFO - [environment.py:404] - [VERIFY] Correlation ID: 
2025-09-14 21:34:16,406 - banking_api_tests - INFO - [environment.py:406] - [END] ============================================================
2025-09-14 21:34:16,407 - banking_api_tests - INFO - [environment.py:344] - [SCENARIO] ============================================================
2025-09-14 21:34:16,407 - banking_api_tests - INFO - [environment.py:345] - [TEST] SCENARIO START: Verify account response data types and formats
2025-09-14 21:34:16,407 - banking_api_tests - INFO - [environment.py:346] - [FILE] Feature: Account Retrieval
2025-09-14 21:34:16,407 - banking_api_tests - INFO - [environment.py:347] - [LOCATION] Location: features/accounts/account_retrieval.feature:73
2025-09-14 21:34:16,408 - banking_api_tests - INFO - [environment.py:348] - [TAGS]  Tags: data_validation
2025-09-14 21:34:16,408 - banking_api_tests - INFO - [environment.py:349] - [TIME] Start Time: 2025-09-14T21:34:16.407463
2025-09-14 21:34:16,408 - banking_api_tests - INFO - [environment.py:350] - [SCENARIO] ============================================================
2025-09-14 21:34:16,409 - banking_api_tests - INFO - [common_steps.py:153] - [API] Checking API availability...
2025-09-14 21:34:16,524 - banking_api_tests - INFO - [common_steps.py:163] - [RESPONSE] API Health Check - Status: 200
2025-09-14 21:34:16,524 - banking_api_tests - INFO - [common_steps.py:170] - [SUCCESS] API is available and responding
2025-09-14 21:34:16,525 - banking_api_tests - INFO - [common_steps.py:192] - [AUTH] Configuring authentication credentials...
2025-09-14 21:34:16,526 - banking_api_tests - INFO - [common_steps.py:201] - [AUTH] Auth Token Configured: ****************2024
2025-09-14 21:34:16,526 - banking_api_tests - INFO - [common_steps.py:211] - [SUCCESS] Authentication credentials validated and configured
2025-09-14 21:34:16,526 - banking_api_tests - INFO - [common_steps.py:305] - [REQUEST] Sending GET request to: /accounts/ACC001
2025-09-14 21:34:16,543 - banking_api_tests - INFO - [common_steps.py:327] - [RESPONSE] GET Response: 500
2025-09-14 21:34:16,543 - banking_api_tests - INFO - [common_steps.py:328] - [TIME] Response Time: 0.016s
2025-09-14 21:34:16,543 - banking_api_tests - INFO - [common_steps.py:341] - [SUCCESS] GET request completed successfully
2025-09-14 21:34:16,544 - banking_api_tests - INFO - [common_steps.py:497] - [VERIFY] Verifying response status code should be 200
2025-09-14 21:34:16,544 - banking_api_tests - INFO - [common_steps.py:504] - [INFO] Expected: 200, Actual: 500
2025-09-14 21:34:16,544 - banking_api_tests - ERROR - [common_steps.py:509] - [ERROR] Status code assertion FAILED: Expected 200, got 500
2025-09-14 21:34:16,544 - banking_api_tests - ERROR - [common_steps.py:510] - [BODY] Response content: {
"cause1":"com.github.tomakehurst.wiremock.common.JsonException: {\r\n  &quot;errors&quot; : [ {\r\n    &quot;code&quot; : 10,\r\n    &quot;source&quot; : { },\r\n    &quot;title&quot; : &quot;Error parsing JSON&quot;,\r\n    &quot;detail&quot; : &quot;Unrecognized character escape &apos;6&apos; (c...
2025-09-14 21:34:16,545 - banking_api_tests - ERROR - [common_steps.py:525] - [BODY] Error Response JSON: {
  "cause1": "com.github.tomakehurst.wiremock.common.JsonException: {\r\n  &quot;errors&quot; : [ {\r\n    &quot;code&quot; : 10,\r\n    &quot;source&quot; : { },\r\n    &quot;title&quot; : &quot;Error parsing JSON&quot;,\r\n    &quot;detail&quot; : &quot;Unrecognized character escape &apos;6&apos; (code 54)\\n at [Source: (String)\\&quot;{\\&quot;accountId\\&quot;:\\&quot;ACC001\\&quot;,\\&quot;customerId\\&quot;:\\&quot;CUST523176\\&quot;,\\&quot;bsb\\&quot;:\\&quot;591500\\&quot;,\\&quot;accountNumber\\&quot;:\\&quot;70968799\\&quot;,\\&quot;accountType\\&quot;:\\&quot;SAVINGS\\&quot;,\\&quot;currency\\&quot;:\\&quot;AUD\\&quot;,\\&quot;balance\\&quot;:\\&quot;=x\\\\b;exdhlmtlxl81el$c(w\\\\6mr~q w#i457\\&quot;,\\&quot;createdAt\\&quot;:\\&quot;2025-09-14 21:34:16\\&quot;}\\&quot;; line: 1, column: 167]&quot;\r\n  } ]\r\n}",
  "servlet": "com.github.tomakehurst.wiremock.servlet.WireMockHandlerDispatchingServlet-72ed9aad",
  "cause0": "wiremock.com.fasterxml.jackson.databind.JsonMappingException: {\r\n  &quot;errors&quot; : [ {\r\n    &quot;code&quot; : 10,\r\n    &quot;source&quot; : { },\r\n    &quot;title&quot; : &quot;Error parsing JSON&quot;,\r\n    &quot;detail&quot; : &quot;Unrecognized character escape &apos;6&apos; (code 54)\\n at [Source: (String)\\&quot;{\\&quot;accountId\\&quot;:\\&quot;ACC001\\&quot;,\\&quot;customerId\\&quot;:\\&quot;CUST523176\\&quot;,\\&quot;bsb\\&quot;:\\&quot;591500\\&quot;,\\&quot;accountNumber\\&quot;:\\&quot;70968799\\&quot;,\\&quot;accountType\\&quot;:\\&quot;SAVINGS\\&quot;,\\&quot;currency\\&quot;:\\&quot;AUD\\&quot;,\\&quot;balance\\&quot;:\\&quot;=x\\\\b;exdhlmtlxl81el$c(w\\\\6mr~q w#i457\\&quot;,\\&quot;createdAt\\&quot;:\\&quot;2025-09-14 21:34:16\\&quot;}\\&quot;; line: 1, column: 167]&quot;\r\n  } ]\r\n} (through reference chain: com.github.tomakehurst.wiremock.http.ResponseDefinition[&quot;jsonBody&quot;])",
  "message": "wiremock.com.fasterxml.jackson.databind.JsonMappingException: {\r\n  &quot;errors&quot; : [ {\r\n    &quot;code&quot; : 10,\r\n    &quot;source&quot; : { },\r\n    &quot;title&quot; : &quot;Error parsing JSON&quot;,\r\n    &quot;detail&quot; : &quot;Unrecognized character escape &apos;6&apos; (code 54)\\n at [Source: (String)\\&quot;{\\&quot;accountId\\&quot;:\\&quot;ACC001\\&quot;,\\&quot;customerId\\&quot;:\\&quot;CUST523176\\&quot;,\\&quot;bsb\\&quot;:\\&quot;591500\\&quot;,\\&quot;accountNumber\\&quot;:\\&quot;70968799\\&quot;,\\&quot;accountType\\&quot;:\\&quot;SAVINGS\\&quot;,\\&quot;currency\\&quot;:\\&quot;AUD\\&quot;,\\&quot;balance\\&quot;:\\&quot;=x\\\\b;exdhlmtlxl81el$c(w\\\\6mr~q w#i457\\&quot;,\\&quot;createdAt\\&quot;:\\&quot;2025-09-14 21:34:16\\&quot;}\\&quot;; line: 1, column: 167]&quot;\r\n  } ]\r\n} (through reference chain: com.github.tomakehurst.wiremock.http.ResponseDefinition[&quot;jsonBody&quot;])",
  "url": "/accounts/ACC001",
  "status": "500"
}
2025-09-14 21:34:16,547 - banking_api_tests - ERROR - [environment.py:170] - [SAVE] Failure details saved to: logs/failures/FAILED_Verify_account_response_data_types_and_formats_20250914_213416.txt
2025-09-14 21:34:16,548 - banking_api_tests - INFO - [environment.py:384] - [END] ============================================================
2025-09-14 21:34:16,548 - banking_api_tests - INFO - [environment.py:385] - [FAILED] SCENARIO COMPLETE: Verify account response data types and formats
2025-09-14 21:34:16,548 - banking_api_tests - INFO - [environment.py:386] - [INFO] Status: [FAILED] FAILED
2025-09-14 21:34:16,548 - banking_api_tests - INFO - [environment.py:387] - [TIME]  Duration: 0:00:00.138958
2025-09-14 21:34:16,548 - banking_api_tests - INFO - [environment.py:388] - [URL] API Calls Made: 1
2025-09-14 21:34:16,548 - banking_api_tests - INFO - [environment.py:392] - [PERFORMANCE] Avg Response Time: 0.016s
2025-09-14 21:34:16,548 - banking_api_tests - INFO - [environment.py:393] - [INFO] Total Response Time: 0.016s
2025-09-14 21:34:16,549 - banking_api_tests - ERROR - [environment.py:397] - [ERROR] Last Error: Status code assertion failed - Expected: 200, Actual: 500 | JSON Error: {"cause1": "com.github.tomakehurst.wiremock.common.JsonException: {\r\n  &quot;errors&quot; : [ {\r\n    &quot;code&quot; : 10,\r\n    &quot;source&quot; : { },\r\n    &quot;title&quot; : &quot;Error parsing JSON&quot;,\r\n    &quot;detail&quot; : &quot;Unrecognized character escape &apos;6&apos; (code 54)\\n at [Source: (String)\\&quot;{\\&quot;accountId\\&quot;:\\&quot;ACC001\\&quot;,\\&quot;customerId\\&quot;:\\&quot;CUST523176\\&quot;,\\&quot;bsb\\&quot;:\\&quot;591500\\&quot;,\\&quot;accountNumber\\&quot;:\\&quot;70968799\\&quot;,\\&quot;accountType\\&quot;:\\&quot;SAVINGS\\&quot;,\\&quot;currency\\&quot;:\\&quot;AUD\\&quot;,\\&quot;balance\\&quot;:\\&quot;=x\\\\b;exdhlmtlxl81el$c(w\\\\6mr~q w#i457\\&quot;,\\&quot;createdAt\\&quot;:\\&quot;2025-09-14 21:34:16\\&quot;}\\&quot;; line: 1, column: 167]&quot;\r\n  } ]\r\n}", "servlet": "com.github.tomakehurst.wiremock.servlet.WireMockHandlerDispatchingServlet-72ed9aad", "cause0": "wiremock.com.fasterxml.jackson.databind.JsonMappingException: {\r\n  &quot;errors&quot; : [ {\r\n    &quot;code&quot; : 10,\r\n    &quot;source&quot; : { },\r\n    &quot;title&quot; : &quot;Error parsing JSON&quot;,\r\n    &quot;detail&quot; : &quot;Unrecognized character escape &apos;6&apos; (code 54)\\n at [Source: (String)\\&quot;{\\&quot;accountId\\&quot;:\\&quot;ACC001\\&quot;,\\&quot;customerId\\&quot;:\\&quot;CUST523176\\&quot;,\\&quot;bsb\\&quot;:\\&quot;591500\\&quot;,\\&quot;accountNumber\\&quot;:\\&quot;70968799\\&quot;,\\&quot;accountType\\&quot;:\\&quot;SAVINGS\\&quot;,\\&quot;currency\\&quot;:\\&quot;AUD\\&quot;,\\&quot;balance\\&quot;:\\&quot;=x\\\\b;exdhlmtlxl81el$c(w\\\\6mr~q w#i457\\&quot;,\\&quot;createdAt\\&quot;:\\&quot;2025-09-14 21:34:16\\&quot;}\\&quot;; line: 1, column: 167]&quot;\r\n  } ]\r\n} (through reference chain: com.github.tomakehurst.wiremock.http.ResponseDefinition[&quot;jsonBody&quot;])", "message": "wiremock.com.fasterxml.jackson.databind.JsonMappingException: {\r\n  &quot;errors&quot; : [ {\r\n    &quot;code&quot; : 10,\r\n    &quot;source&quot; : { },\r\n    &quot;title&quot; : &quot;Error parsing JSON&quot;,\r\n    &quot;detail&quot; : &quot;Unrecognized character escape &apos;6&apos; (code 54)\\n at [Source: (String)\\&quot;{\\&quot;accountId\\&quot;:\\&quot;ACC001\\&quot;,\\&quot;customerId\\&quot;:\\&quot;CUST523176\\&quot;,\\&quot;bsb\\&quot;:\\&quot;591500\\&quot;,\\&quot;accountNumber\\&quot;:\\&quot;70968799\\&quot;,\\&quot;accountType\\&quot;:\\&quot;SAVINGS\\&quot;,\\&quot;currency\\&quot;:\\&quot;AUD\\&quot;,\\&quot;balance\\&quot;:\\&quot;=x\\\\b;exdhlmtlxl81el$c(w\\\\6mr~q w#i457\\&quot;,\\&quot;createdAt\\&quot;:\\&quot;2025-09-14 21:34:16\\&quot;}\\&quot;; line: 1, column: 167]&quot;\r\n  } ]\r\n} (through reference chain: com.github.tomakehurst.wiremock.http.ResponseDefinition[&quot;jsonBody&quot;])", "url": "/accounts/ACC001", "status": "500"}
2025-09-14 21:34:16,549 - banking_api_tests - INFO - [environment.py:406] - [END] ============================================================
2025-09-14 21:34:16,550 - banking_api_tests - INFO - [environment.py:344] - [SCENARIO] ============================================================
2025-09-14 21:34:16,550 - banking_api_tests - INFO - [environment.py:345] - [TEST] SCENARIO START: Verify correlation ID is propagated in account retrieval
2025-09-14 21:34:16,551 - banking_api_tests - INFO - [environment.py:346] - [FILE] Feature: Account Retrieval
2025-09-14 21:34:16,551 - banking_api_tests - INFO - [environment.py:347] - [LOCATION] Location: features/accounts/account_retrieval.feature:84
2025-09-14 21:34:16,551 - banking_api_tests - INFO - [environment.py:348] - [TAGS]  Tags: correlation_tracking
2025-09-14 21:34:16,551 - banking_api_tests - INFO - [environment.py:349] - [TIME] Start Time: 2025-09-14T21:34:16.550740
2025-09-14 21:34:16,551 - banking_api_tests - INFO - [environment.py:350] - [SCENARIO] ============================================================
2025-09-14 21:34:16,552 - banking_api_tests - INFO - [common_steps.py:153] - [API] Checking API availability...
2025-09-14 21:34:16,682 - banking_api_tests - INFO - [common_steps.py:163] - [RESPONSE] API Health Check - Status: 200
2025-09-14 21:34:16,682 - banking_api_tests - INFO - [common_steps.py:170] - [SUCCESS] API is available and responding
2025-09-14 21:34:16,683 - banking_api_tests - INFO - [common_steps.py:192] - [AUTH] Configuring authentication credentials...
2025-09-14 21:34:16,683 - banking_api_tests - INFO - [common_steps.py:201] - [AUTH] Auth Token Configured: ****************2024
2025-09-14 21:34:16,683 - banking_api_tests - INFO - [common_steps.py:211] - [SUCCESS] Authentication credentials validated and configured
2025-09-14 21:34:16,684 - banking_api_tests - INFO - [common_steps.py:221] - [CORRELATION] Setting correlation ID: test-acc-001
2025-09-14 21:34:16,684 - banking_api_tests - INFO - [common_steps.py:305] - [REQUEST] Sending GET request to: /accounts/ACC001
2025-09-14 21:34:16,701 - banking_api_tests - INFO - [common_steps.py:327] - [RESPONSE] GET Response: 500
2025-09-14 21:34:16,701 - banking_api_tests - INFO - [common_steps.py:328] - [TIME] Response Time: 0.016s
2025-09-14 21:34:16,701 - banking_api_tests - INFO - [common_steps.py:341] - [SUCCESS] GET request completed successfully
2025-09-14 21:34:16,702 - banking_api_tests - INFO - [common_steps.py:497] - [VERIFY] Verifying response status code should be 200
2025-09-14 21:34:16,702 - banking_api_tests - INFO - [common_steps.py:504] - [INFO] Expected: 200, Actual: 500
2025-09-14 21:34:16,702 - banking_api_tests - ERROR - [common_steps.py:509] - [ERROR] Status code assertion FAILED: Expected 200, got 500
2025-09-14 21:34:16,702 - banking_api_tests - ERROR - [common_steps.py:510] - [BODY] Response content: {
"cause1":"com.github.tomakehurst.wiremock.common.JsonException: {\r\n  &quot;errors&quot; : [ {\r\n    &quot;code&quot; : 10,\r\n    &quot;source&quot; : { },\r\n    &quot;title&quot; : &quot;Error parsing JSON&quot;,\r\n    &quot;detail&quot; : &quot;Unexpected character (&apos;g&apos; (code 103)...
2025-09-14 21:34:16,703 - banking_api_tests - ERROR - [common_steps.py:525] - [BODY] Error Response JSON: {
  "cause1": "com.github.tomakehurst.wiremock.common.JsonException: {\r\n  &quot;errors&quot; : [ {\r\n    &quot;code&quot; : 10,\r\n    &quot;source&quot; : { },\r\n    &quot;title&quot; : &quot;Error parsing JSON&quot;,\r\n    &quot;detail&quot; : &quot;Unexpected character (&apos;g&apos; (code 103)): was expecting comma to separate Object entries\\n at [Source: (String)\\&quot;{\\&quot;accountId\\&quot;:\\&quot;ACC001\\&quot;,\\&quot;customerId\\&quot;:\\&quot;CUST009376\\&quot;,\\&quot;bsb\\&quot;:\\&quot;627735\\&quot;,\\&quot;accountNumber\\&quot;:\\&quot;41229829\\&quot;,\\&quot;accountType\\&quot;:\\&quot;SAVINGS\\&quot;,\\&quot;currency\\&quot;:\\&quot;AUD\\&quot;,\\&quot;balance\\&quot;:\\&quot;arqly4y#xr!q#tx\\&quot;g3w4_`r:g|baxdj^-&amp;go\\&quot;,\\&quot;createdAt\\&quot;:\\&quot;2025-09-14 21:34:16\\&quot;}\\&quot;; line: 1, column: 159]&quot;\r\n  } ]\r\n}",
  "servlet": "com.github.tomakehurst.wiremock.servlet.WireMockHandlerDispatchingServlet-72ed9aad",
  "cause0": "wiremock.com.fasterxml.jackson.databind.JsonMappingException: {\r\n  &quot;errors&quot; : [ {\r\n    &quot;code&quot; : 10,\r\n    &quot;source&quot; : { },\r\n    &quot;title&quot; : &quot;Error parsing JSON&quot;,\r\n    &quot;detail&quot; : &quot;Unexpected character (&apos;g&apos; (code 103)): was expecting comma to separate Object entries\\n at [Source: (String)\\&quot;{\\&quot;accountId\\&quot;:\\&quot;ACC001\\&quot;,\\&quot;customerId\\&quot;:\\&quot;CUST009376\\&quot;,\\&quot;bsb\\&quot;:\\&quot;627735\\&quot;,\\&quot;accountNumber\\&quot;:\\&quot;41229829\\&quot;,\\&quot;accountType\\&quot;:\\&quot;SAVINGS\\&quot;,\\&quot;currency\\&quot;:\\&quot;AUD\\&quot;,\\&quot;balance\\&quot;:\\&quot;arqly4y#xr!q#tx\\&quot;g3w4_`r:g|baxdj^-&amp;go\\&quot;,\\&quot;createdAt\\&quot;:\\&quot;2025-09-14 21:34:16\\&quot;}\\&quot;; line: 1, column: 159]&quot;\r\n  } ]\r\n} (through reference chain: com.github.tomakehurst.wiremock.http.ResponseDefinition[&quot;jsonBody&quot;])",
  "message": "wiremock.com.fasterxml.jackson.databind.JsonMappingException: {\r\n  &quot;errors&quot; : [ {\r\n    &quot;code&quot; : 10,\r\n    &quot;source&quot; : { },\r\n    &quot;title&quot; : &quot;Error parsing JSON&quot;,\r\n    &quot;detail&quot; : &quot;Unexpected character (&apos;g&apos; (code 103)): was expecting comma to separate Object entries\\n at [Source: (String)\\&quot;{\\&quot;accountId\\&quot;:\\&quot;ACC001\\&quot;,\\&quot;customerId\\&quot;:\\&quot;CUST009376\\&quot;,\\&quot;bsb\\&quot;:\\&quot;627735\\&quot;,\\&quot;accountNumber\\&quot;:\\&quot;41229829\\&quot;,\\&quot;accountType\\&quot;:\\&quot;SAVINGS\\&quot;,\\&quot;currency\\&quot;:\\&quot;AUD\\&quot;,\\&quot;balance\\&quot;:\\&quot;arqly4y#xr!q#tx\\&quot;g3w4_`r:g|baxdj^-&amp;go\\&quot;,\\&quot;createdAt\\&quot;:\\&quot;2025-09-14 21:34:16\\&quot;}\\&quot;; line: 1, column: 159]&quot;\r\n  } ]\r\n} (through reference chain: com.github.tomakehurst.wiremock.http.ResponseDefinition[&quot;jsonBody&quot;])",
  "url": "/accounts/ACC001",
  "status": "500"
}
2025-09-14 21:34:16,704 - banking_api_tests - ERROR - [environment.py:170] - [SAVE] Failure details saved to: logs/failures/FAILED_Verify_correlation_ID_is_propagated_in_account_ret_20250914_213416.txt
2025-09-14 21:34:16,705 - banking_api_tests - INFO - [environment.py:384] - [END] ============================================================
2025-09-14 21:34:16,705 - banking_api_tests - INFO - [environment.py:385] - [FAILED] SCENARIO COMPLETE: Verify correlation ID is propagated in account retrieval
2025-09-14 21:34:16,705 - banking_api_tests - INFO - [environment.py:386] - [INFO] Status: [FAILED] FAILED
2025-09-14 21:34:16,705 - banking_api_tests - INFO - [environment.py:387] - [TIME]  Duration: 0:00:00.153167
2025-09-14 21:34:16,705 - banking_api_tests - INFO - [environment.py:388] - [URL] API Calls Made: 1
2025-09-14 21:34:16,705 - banking_api_tests - INFO - [environment.py:392] - [PERFORMANCE] Avg Response Time: 0.016s
2025-09-14 21:34:16,705 - banking_api_tests - INFO - [environment.py:393] - [INFO] Total Response Time: 0.016s
2025-09-14 21:34:16,706 - banking_api_tests - ERROR - [environment.py:397] - [ERROR] Last Error: Status code assertion failed - Expected: 200, Actual: 500 | JSON Error: {"cause1": "com.github.tomakehurst.wiremock.common.JsonException: {\r\n  &quot;errors&quot; : [ {\r\n    &quot;code&quot; : 10,\r\n    &quot;source&quot; : { },\r\n    &quot;title&quot; : &quot;Error parsing JSON&quot;,\r\n    &quot;detail&quot; : &quot;Unexpected character (&apos;g&apos; (code 103)): was expecting comma to separate Object entries\\n at [Source: (String)\\&quot;{\\&quot;accountId\\&quot;:\\&quot;ACC001\\&quot;,\\&quot;customerId\\&quot;:\\&quot;CUST009376\\&quot;,\\&quot;bsb\\&quot;:\\&quot;627735\\&quot;,\\&quot;accountNumber\\&quot;:\\&quot;41229829\\&quot;,\\&quot;accountType\\&quot;:\\&quot;SAVINGS\\&quot;,\\&quot;currency\\&quot;:\\&quot;AUD\\&quot;,\\&quot;balance\\&quot;:\\&quot;arqly4y#xr!q#tx\\&quot;g3w4_`r:g|baxdj^-&amp;go\\&quot;,\\&quot;createdAt\\&quot;:\\&quot;2025-09-14 21:34:16\\&quot;}\\&quot;; line: 1, column: 159]&quot;\r\n  } ]\r\n}", "servlet": "com.github.tomakehurst.wiremock.servlet.WireMockHandlerDispatchingServlet-72ed9aad", "cause0": "wiremock.com.fasterxml.jackson.databind.JsonMappingException: {\r\n  &quot;errors&quot; : [ {\r\n    &quot;code&quot; : 10,\r\n    &quot;source&quot; : { },\r\n    &quot;title&quot; : &quot;Error parsing JSON&quot;,\r\n    &quot;detail&quot; : &quot;Unexpected character (&apos;g&apos; (code 103)): was expecting comma to separate Object entries\\n at [Source: (String)\\&quot;{\\&quot;accountId\\&quot;:\\&quot;ACC001\\&quot;,\\&quot;customerId\\&quot;:\\&quot;CUST009376\\&quot;,\\&quot;bsb\\&quot;:\\&quot;627735\\&quot;,\\&quot;accountNumber\\&quot;:\\&quot;41229829\\&quot;,\\&quot;accountType\\&quot;:\\&quot;SAVINGS\\&quot;,\\&quot;currency\\&quot;:\\&quot;AUD\\&quot;,\\&quot;balance\\&quot;:\\&quot;arqly4y#xr!q#tx\\&quot;g3w4_`r:g|baxdj^-&amp;go\\&quot;,\\&quot;createdAt\\&quot;:\\&quot;2025-09-14 21:34:16\\&quot;}\\&quot;; line: 1, column: 159]&quot;\r\n  } ]\r\n} (through reference chain: com.github.tomakehurst.wiremock.http.ResponseDefinition[&quot;jsonBody&quot;])", "message": "wiremock.com.fasterxml.jackson.databind.JsonMappingException: {\r\n  &quot;errors&quot; : [ {\r\n    &quot;code&quot; : 10,\r\n    &quot;source&quot; : { },\r\n    &quot;title&quot; : &quot;Error parsing JSON&quot;,\r\n    &quot;detail&quot; : &quot;Unexpected character (&apos;g&apos; (code 103)): was expecting comma to separate Object entries\\n at [Source: (String)\\&quot;{\\&quot;accountId\\&quot;:\\&quot;ACC001\\&quot;,\\&quot;customerId\\&quot;:\\&quot;CUST009376\\&quot;,\\&quot;bsb\\&quot;:\\&quot;627735\\&quot;,\\&quot;accountNumber\\&quot;:\\&quot;41229829\\&quot;,\\&quot;accountType\\&quot;:\\&quot;SAVINGS\\&quot;,\\&quot;currency\\&quot;:\\&quot;AUD\\&quot;,\\&quot;balance\\&quot;:\\&quot;arqly4y#xr!q#tx\\&quot;g3w4_`r:g|baxdj^-&amp;go\\&quot;,\\&quot;createdAt\\&quot;:\\&quot;2025-09-14 21:34:16\\&quot;}\\&quot;; line: 1, column: 159]&quot;\r\n  } ]\r\n} (through reference chain: com.github.tomakehurst.wiremock.http.ResponseDefinition[&quot;jsonBody&quot;])", "url": "/accounts/ACC001", "status": "500"}
2025-09-14 21:34:16,706 - banking_api_tests - INFO - [environment.py:406] - [END] ============================================================
2025-09-14 21:34:16,707 - banking_api_tests - INFO - [environment.py:344] - [SCENARIO] ============================================================
2025-09-14 21:34:16,708 - banking_api_tests - INFO - [environment.py:345] - [TEST] SCENARIO START: Verify consistent response for repeated requests
2025-09-14 21:34:16,708 - banking_api_tests - INFO - [environment.py:346] - [FILE] Feature: Account Retrieval
2025-09-14 21:34:16,708 - banking_api_tests - INFO - [environment.py:347] - [LOCATION] Location: features/accounts/account_retrieval.feature:91
2025-09-14 21:34:16,708 - banking_api_tests - INFO - [environment.py:348] - [TAGS]  Tags: caching_behavior
2025-09-14 21:34:16,708 - banking_api_tests - INFO - [environment.py:349] - [TIME] Start Time: 2025-09-14T21:34:16.707848
2025-09-14 21:34:16,708 - banking_api_tests - INFO - [environment.py:350] - [SCENARIO] ============================================================
2025-09-14 21:34:16,709 - banking_api_tests - INFO - [common_steps.py:153] - [API] Checking API availability...
2025-09-14 21:34:16,822 - banking_api_tests - INFO - [common_steps.py:163] - [RESPONSE] API Health Check - Status: 200
2025-09-14 21:34:16,822 - banking_api_tests - INFO - [common_steps.py:170] - [SUCCESS] API is available and responding
2025-09-14 21:34:16,823 - banking_api_tests - INFO - [common_steps.py:192] - [AUTH] Configuring authentication credentials...
2025-09-14 21:34:16,823 - banking_api_tests - INFO - [common_steps.py:201] - [AUTH] Auth Token Configured: ****************2024
2025-09-14 21:34:16,823 - banking_api_tests - INFO - [common_steps.py:211] - [SUCCESS] Authentication credentials validated and configured
2025-09-14 21:34:16,824 - banking_api_tests - INFO - [common_steps.py:305] - [REQUEST] Sending GET request to: /accounts/ACC001
2025-09-14 21:34:16,842 - banking_api_tests - INFO - [common_steps.py:327] - [RESPONSE] GET Response: 500
2025-09-14 21:34:16,842 - banking_api_tests - INFO - [common_steps.py:328] - [TIME] Response Time: 0.018s
2025-09-14 21:34:16,842 - banking_api_tests - INFO - [common_steps.py:341] - [SUCCESS] GET request completed successfully
2025-09-14 21:34:16,843 - banking_api_tests - INFO - [common_steps.py:497] - [VERIFY] Verifying response status code should be 200
2025-09-14 21:34:16,843 - banking_api_tests - INFO - [common_steps.py:504] - [INFO] Expected: 200, Actual: 500
2025-09-14 21:34:16,843 - banking_api_tests - ERROR - [common_steps.py:509] - [ERROR] Status code assertion FAILED: Expected 200, got 500
2025-09-14 21:34:16,844 - banking_api_tests - ERROR - [common_steps.py:510] - [BODY] Response content: {
"cause1":"com.github.tomakehurst.wiremock.common.JsonException: {\r\n  &quot;errors&quot; : [ {\r\n    &quot;code&quot; : 10,\r\n    &quot;source&quot; : { },\r\n    &quot;title&quot; : &quot;Error parsing JSON&quot;,\r\n    &quot;detail&quot; : &quot;Unexpected character (&apos;2&apos; (code 50))...
2025-09-14 21:34:16,844 - banking_api_tests - ERROR - [common_steps.py:525] - [BODY] Error Response JSON: {
  "cause1": "com.github.tomakehurst.wiremock.common.JsonException: {\r\n  &quot;errors&quot; : [ {\r\n    &quot;code&quot; : 10,\r\n    &quot;source&quot; : { },\r\n    &quot;title&quot; : &quot;Error parsing JSON&quot;,\r\n    &quot;detail&quot; : &quot;Unexpected character (&apos;2&apos; (code 50)): was expecting comma to separate Object entries\\n at [Source: (String)\\&quot;{\\&quot;accountId\\&quot;:\\&quot;ACC001\\&quot;,\\&quot;customerId\\&quot;:\\&quot;CUST984175\\&quot;,\\&quot;bsb\\&quot;:\\&quot;456054\\&quot;,\\&quot;accountNumber\\&quot;:\\&quot;04191973\\&quot;,\\&quot;accountType\\&quot;:\\&quot;SAVINGS\\&quot;,\\&quot;currency\\&quot;:\\&quot;AUD\\&quot;,\\&quot;balance\\&quot;:\\&quot;{gz71;{xe\\&quot;2hhiu6&gt;b3ob~g6nuc5+ _pu*rj\\&quot;,\\&quot;createdAt\\&quot;:\\&quot;2025-09-14 21:34:16\\&quot;}\\&quot;; line: 1, column: 153]&quot;\r\n  } ]\r\n}",
  "servlet": "com.github.tomakehurst.wiremock.servlet.WireMockHandlerDispatchingServlet-72ed9aad",
  "cause0": "wiremock.com.fasterxml.jackson.databind.JsonMappingException: {\r\n  &quot;errors&quot; : [ {\r\n    &quot;code&quot; : 10,\r\n    &quot;source&quot; : { },\r\n    &quot;title&quot; : &quot;Error parsing JSON&quot;,\r\n    &quot;detail&quot; : &quot;Unexpected character (&apos;2&apos; (code 50)): was expecting comma to separate Object entries\\n at [Source: (String)\\&quot;{\\&quot;accountId\\&quot;:\\&quot;ACC001\\&quot;,\\&quot;customerId\\&quot;:\\&quot;CUST984175\\&quot;,\\&quot;bsb\\&quot;:\\&quot;456054\\&quot;,\\&quot;accountNumber\\&quot;:\\&quot;04191973\\&quot;,\\&quot;accountType\\&quot;:\\&quot;SAVINGS\\&quot;,\\&quot;currency\\&quot;:\\&quot;AUD\\&quot;,\\&quot;balance\\&quot;:\\&quot;{gz71;{xe\\&quot;2hhiu6&gt;b3ob~g6nuc5+ _pu*rj\\&quot;,\\&quot;createdAt\\&quot;:\\&quot;2025-09-14 21:34:16\\&quot;}\\&quot;; line: 1, column: 153]&quot;\r\n  } ]\r\n} (through reference chain: com.github.tomakehurst.wiremock.http.ResponseDefinition[&quot;jsonBody&quot;])",
  "message": "wiremock.com.fasterxml.jackson.databind.JsonMappingException: {\r\n  &quot;errors&quot; : [ {\r\n    &quot;code&quot; : 10,\r\n    &quot;source&quot; : { },\r\n    &quot;title&quot; : &quot;Error parsing JSON&quot;,\r\n    &quot;detail&quot; : &quot;Unexpected character (&apos;2&apos; (code 50)): was expecting comma to separate Object entries\\n at [Source: (String)\\&quot;{\\&quot;accountId\\&quot;:\\&quot;ACC001\\&quot;,\\&quot;customerId\\&quot;:\\&quot;CUST984175\\&quot;,\\&quot;bsb\\&quot;:\\&quot;456054\\&quot;,\\&quot;accountNumber\\&quot;:\\&quot;04191973\\&quot;,\\&quot;accountType\\&quot;:\\&quot;SAVINGS\\&quot;,\\&quot;currency\\&quot;:\\&quot;AUD\\&quot;,\\&quot;balance\\&quot;:\\&quot;{gz71;{xe\\&quot;2hhiu6&gt;b3ob~g6nuc5+ _pu*rj\\&quot;,\\&quot;createdAt\\&quot;:\\&quot;2025-09-14 21:34:16\\&quot;}\\&quot;; line: 1, column: 153]&quot;\r\n  } ]\r\n} (through reference chain: com.github.tomakehurst.wiremock.http.ResponseDefinition[&quot;jsonBody&quot;])",
  "url": "/accounts/ACC001",
  "status": "500"
}
2025-09-14 21:34:16,846 - banking_api_tests - ERROR - [environment.py:170] - [SAVE] Failure details saved to: logs/failures/FAILED_Verify_consistent_response_for_repeated_requests_20250914_213416.txt
2025-09-14 21:34:16,846 - banking_api_tests - INFO - [environment.py:384] - [END] ============================================================
2025-09-14 21:34:16,846 - banking_api_tests - INFO - [environment.py:385] - [FAILED] SCENARIO COMPLETE: Verify consistent response for repeated requests
2025-09-14 21:34:16,846 - banking_api_tests - INFO - [environment.py:386] - [INFO] Status: [FAILED] FAILED
2025-09-14 21:34:16,846 - banking_api_tests - INFO - [environment.py:387] - [TIME]  Duration: 0:00:00.137327
2025-09-14 21:34:16,846 - banking_api_tests - INFO - [environment.py:388] - [URL] API Calls Made: 1
2025-09-14 21:34:16,847 - banking_api_tests - INFO - [environment.py:392] - [PERFORMANCE] Avg Response Time: 0.018s
2025-09-14 21:34:16,847 - banking_api_tests - INFO - [environment.py:393] - [INFO] Total Response Time: 0.018s
2025-09-14 21:34:16,847 - banking_api_tests - ERROR - [environment.py:397] - [ERROR] Last Error: Status code assertion failed - Expected: 200, Actual: 500 | JSON Error: {"cause1": "com.github.tomakehurst.wiremock.common.JsonException: {\r\n  &quot;errors&quot; : [ {\r\n    &quot;code&quot; : 10,\r\n    &quot;source&quot; : { },\r\n    &quot;title&quot; : &quot;Error parsing JSON&quot;,\r\n    &quot;detail&quot; : &quot;Unexpected character (&apos;2&apos; (code 50)): was expecting comma to separate Object entries\\n at [Source: (String)\\&quot;{\\&quot;accountId\\&quot;:\\&quot;ACC001\\&quot;,\\&quot;customerId\\&quot;:\\&quot;CUST984175\\&quot;,\\&quot;bsb\\&quot;:\\&quot;456054\\&quot;,\\&quot;accountNumber\\&quot;:\\&quot;04191973\\&quot;,\\&quot;accountType\\&quot;:\\&quot;SAVINGS\\&quot;,\\&quot;currency\\&quot;:\\&quot;AUD\\&quot;,\\&quot;balance\\&quot;:\\&quot;{gz71;{xe\\&quot;2hhiu6&gt;b3ob~g6nuc5+ _pu*rj\\&quot;,\\&quot;createdAt\\&quot;:\\&quot;2025-09-14 21:34:16\\&quot;}\\&quot;; line: 1, column: 153]&quot;\r\n  } ]\r\n}", "servlet": "com.github.tomakehurst.wiremock.servlet.WireMockHandlerDispatchingServlet-72ed9aad", "cause0": "wiremock.com.fasterxml.jackson.databind.JsonMappingException: {\r\n  &quot;errors&quot; : [ {\r\n    &quot;code&quot; : 10,\r\n    &quot;source&quot; : { },\r\n    &quot;title&quot; : &quot;Error parsing JSON&quot;,\r\n    &quot;detail&quot; : &quot;Unexpected character (&apos;2&apos; (code 50)): was expecting comma to separate Object entries\\n at [Source: (String)\\&quot;{\\&quot;accountId\\&quot;:\\&quot;ACC001\\&quot;,\\&quot;customerId\\&quot;:\\&quot;CUST984175\\&quot;,\\&quot;bsb\\&quot;:\\&quot;456054\\&quot;,\\&quot;accountNumber\\&quot;:\\&quot;04191973\\&quot;,\\&quot;accountType\\&quot;:\\&quot;SAVINGS\\&quot;,\\&quot;currency\\&quot;:\\&quot;AUD\\&quot;,\\&quot;balance\\&quot;:\\&quot;{gz71;{xe\\&quot;2hhiu6&gt;b3ob~g6nuc5+ _pu*rj\\&quot;,\\&quot;createdAt\\&quot;:\\&quot;2025-09-14 21:34:16\\&quot;}\\&quot;; line: 1, column: 153]&quot;\r\n  } ]\r\n} (through reference chain: com.github.tomakehurst.wiremock.http.ResponseDefinition[&quot;jsonBody&quot;])", "message": "wiremock.com.fasterxml.jackson.databind.JsonMappingException: {\r\n  &quot;errors&quot; : [ {\r\n    &quot;code&quot; : 10,\r\n    &quot;source&quot; : { },\r\n    &quot;title&quot; : &quot;Error parsing JSON&quot;,\r\n    &quot;detail&quot; : &quot;Unexpected character (&apos;2&apos; (code 50)): was expecting comma to separate Object entries\\n at [Source: (String)\\&quot;{\\&quot;accountId\\&quot;:\\&quot;ACC001\\&quot;,\\&quot;customerId\\&quot;:\\&quot;CUST984175\\&quot;,\\&quot;bsb\\&quot;:\\&quot;456054\\&quot;,\\&quot;accountNumber\\&quot;:\\&quot;04191973\\&quot;,\\&quot;accountType\\&quot;:\\&quot;SAVINGS\\&quot;,\\&quot;currency\\&quot;:\\&quot;AUD\\&quot;,\\&quot;balance\\&quot;:\\&quot;{gz71;{xe\\&quot;2hhiu6&gt;b3ob~g6nuc5+ _pu*rj\\&quot;,\\&quot;createdAt\\&quot;:\\&quot;2025-09-14 21:34:16\\&quot;}\\&quot;; line: 1, column: 153]&quot;\r\n  } ]\r\n} (through reference chain: com.github.tomakehurst.wiremock.http.ResponseDefinition[&quot;jsonBody&quot;])", "url": "/accounts/ACC001", "status": "500"}
2025-09-14 21:34:16,847 - banking_api_tests - INFO - [environment.py:406] - [END] ============================================================
2025-09-14 21:34:16,849 - banking_api_tests - INFO - [environment.py:344] - [SCENARIO] ============================================================
2025-09-14 21:34:16,849 - banking_api_tests - INFO - [environment.py:345] - [TEST] SCENARIO START: Verify account retrieval response headers
2025-09-14 21:34:16,849 - banking_api_tests - INFO - [environment.py:346] - [FILE] Feature: Account Retrieval
2025-09-14 21:34:16,850 - banking_api_tests - INFO - [environment.py:347] - [LOCATION] Location: features/accounts/account_retrieval.feature:101
2025-09-14 21:34:16,850 - banking_api_tests - INFO - [environment.py:348] - [TAGS]  Tags: response_headers
2025-09-14 21:34:16,850 - banking_api_tests - INFO - [environment.py:349] - [TIME] Start Time: 2025-09-14T21:34:16.849532
2025-09-14 21:34:16,850 - banking_api_tests - INFO - [environment.py:350] - [SCENARIO] ============================================================
2025-09-14 21:34:16,851 - banking_api_tests - INFO - [common_steps.py:153] - [API] Checking API availability...
2025-09-14 21:34:16,964 - banking_api_tests - INFO - [common_steps.py:163] - [RESPONSE] API Health Check - Status: 200
2025-09-14 21:34:16,965 - banking_api_tests - INFO - [common_steps.py:170] - [SUCCESS] API is available and responding
2025-09-14 21:34:16,965 - banking_api_tests - INFO - [common_steps.py:192] - [AUTH] Configuring authentication credentials...
2025-09-14 21:34:16,966 - banking_api_tests - INFO - [common_steps.py:201] - [AUTH] Auth Token Configured: ****************2024
2025-09-14 21:34:16,966 - banking_api_tests - INFO - [common_steps.py:211] - [SUCCESS] Authentication credentials validated and configured
2025-09-14 21:34:16,966 - banking_api_tests - INFO - [common_steps.py:305] - [REQUEST] Sending GET request to: /accounts/ACC001
2025-09-14 21:34:16,971 - banking_api_tests - INFO - [common_steps.py:327] - [RESPONSE] GET Response: 200
2025-09-14 21:34:16,971 - banking_api_tests - INFO - [common_steps.py:328] - [TIME] Response Time: 0.004s
2025-09-14 21:34:16,971 - banking_api_tests - INFO - [common_steps.py:341] - [SUCCESS] GET request completed successfully
2025-09-14 21:34:16,972 - banking_api_tests - INFO - [common_steps.py:497] - [VERIFY] Verifying response status code should be 200
2025-09-14 21:34:16,972 - banking_api_tests - INFO - [common_steps.py:504] - [INFO] Expected: 200, Actual: 200
2025-09-14 21:34:16,972 - banking_api_tests - INFO - [common_steps.py:507] - [SUCCESS] Status code assertion PASSED: 200
2025-09-14 21:34:16,973 - banking_api_tests - INFO - [common_steps.py:1127] - [VERIFY] Checking security headers in response
2025-09-14 21:34:16,973 - banking_api_tests - INFO - [common_steps.py:1151] - [SUCCESS] All security headers present
2025-09-14 21:34:16,973 - banking_api_tests - INFO - [common_steps.py:682] - [SUCCESS] Found correlation ID: 
2025-09-14 21:34:16,974 - banking_api_tests - INFO - [environment.py:384] - [END] ============================================================
2025-09-14 21:34:16,974 - banking_api_tests - INFO - [environment.py:385] - [PASSED] SCENARIO COMPLETE: Verify account retrieval response headers
2025-09-14 21:34:16,974 - banking_api_tests - INFO - [environment.py:386] - [INFO] Status: [PASSED] PASSED
2025-09-14 21:34:16,974 - banking_api_tests - INFO - [environment.py:387] - [TIME]  Duration: 0:00:00.124511
2025-09-14 21:34:16,974 - banking_api_tests - INFO - [environment.py:388] - [URL] API Calls Made: 1
2025-09-14 21:34:16,974 - banking_api_tests - INFO - [environment.py:392] - [PERFORMANCE] Avg Response Time: 0.004s
2025-09-14 21:34:16,975 - banking_api_tests - INFO - [environment.py:393] - [INFO] Total Response Time: 0.004s
2025-09-14 21:34:16,975 - banking_api_tests - INFO - [environment.py:401] - [URL] Final Response Status: 200
2025-09-14 21:34:16,975 - banking_api_tests - INFO - [environment.py:404] - [VERIFY] Correlation ID: 
2025-09-14 21:34:16,975 - banking_api_tests - INFO - [environment.py:406] - [END] ============================================================
2025-09-14 21:34:16,977 - banking_api_tests - INFO - [environment.py:344] - [SCENARIO] ============================================================
2025-09-14 21:34:16,977 - banking_api_tests - INFO - [environment.py:345] - [TEST] SCENARIO START: Account retrieval with special characters in ID -- @1.1 
2025-09-14 21:34:16,977 - banking_api_tests - INFO - [environment.py:346] - [FILE] Feature: Account Retrieval
2025-09-14 21:34:16,977 - banking_api_tests - INFO - [environment.py:347] - [LOCATION] Location: features/accounts/account_retrieval.feature:115
2025-09-14 21:34:16,977 - banking_api_tests - INFO - [environment.py:348] - [TAGS]  Tags: edge_cases
2025-09-14 21:34:16,977 - banking_api_tests - INFO - [environment.py:349] - [TIME] Start Time: 2025-09-14T21:34:16.977101
2025-09-14 21:34:16,978 - banking_api_tests - INFO - [environment.py:350] - [SCENARIO] ============================================================
2025-09-14 21:34:16,978 - banking_api_tests - INFO - [common_steps.py:153] - [API] Checking API availability...
2025-09-14 21:34:17,106 - banking_api_tests - INFO - [common_steps.py:163] - [RESPONSE] API Health Check - Status: 200
2025-09-14 21:34:17,106 - banking_api_tests - INFO - [common_steps.py:170] - [SUCCESS] API is available and responding
2025-09-14 21:34:17,107 - banking_api_tests - INFO - [common_steps.py:192] - [AUTH] Configuring authentication credentials...
2025-09-14 21:34:17,107 - banking_api_tests - INFO - [common_steps.py:201] - [AUTH] Auth Token Configured: ****************2024
2025-09-14 21:34:17,107 - banking_api_tests - INFO - [common_steps.py:211] - [SUCCESS] Authentication credentials validated and configured
2025-09-14 21:34:17,108 - banking_api_tests - INFO - [common_steps.py:305] - [REQUEST] Sending GET request to: /accounts/ACC@001
2025-09-14 21:34:17,112 - banking_api_tests - INFO - [common_steps.py:327] - [RESPONSE] GET Response: 404
2025-09-14 21:34:17,112 - banking_api_tests - INFO - [common_steps.py:328] - [TIME] Response Time: 0.004s
2025-09-14 21:34:17,112 - banking_api_tests - INFO - [common_steps.py:341] - [SUCCESS] GET request completed successfully
2025-09-14 21:34:17,113 - banking_api_tests - INFO - [common_steps.py:497] - [VERIFY] Verifying response status code should be 404
2025-09-14 21:34:17,114 - banking_api_tests - INFO - [common_steps.py:504] - [INFO] Expected: 404, Actual: 404
2025-09-14 21:34:17,114 - banking_api_tests - INFO - [common_steps.py:507] - [SUCCESS] Status code assertion PASSED: 404
2025-09-14 21:34:17,114 - banking_api_tests - INFO - [common_steps.py:956] - [VERIFY] Verifying response contains error message
2025-09-14 21:34:17,115 - banking_api_tests - INFO - [common_steps.py:976] - [SUCCESS] Error message assertion PASSED: Found 'error': Account not found
2025-09-14 21:34:17,115 - banking_api_tests - INFO - [environment.py:384] - [END] ============================================================
2025-09-14 21:34:17,115 - banking_api_tests - INFO - [environment.py:385] - [PASSED] SCENARIO COMPLETE: Account retrieval with special characters in ID -- @1.1 
2025-09-14 21:34:17,115 - banking_api_tests - INFO - [environment.py:386] - [INFO] Status: [PASSED] PASSED
2025-09-14 21:34:17,115 - banking_api_tests - INFO - [environment.py:387] - [TIME]  Duration: 0:00:00.138278
2025-09-14 21:34:17,115 - banking_api_tests - INFO - [environment.py:388] - [URL] API Calls Made: 1
2025-09-14 21:34:17,116 - banking_api_tests - INFO - [environment.py:392] - [PERFORMANCE] Avg Response Time: 0.004s
2025-09-14 21:34:17,116 - banking_api_tests - INFO - [environment.py:393] - [INFO] Total Response Time: 0.004s
2025-09-14 21:34:17,116 - banking_api_tests - INFO - [environment.py:406] - [END] ============================================================
2025-09-14 21:34:17,117 - banking_api_tests - INFO - [environment.py:344] - [SCENARIO] ============================================================
2025-09-14 21:34:17,117 - banking_api_tests - INFO - [environment.py:345] - [TEST] SCENARIO START: Account retrieval with special characters in ID -- @1.2 
2025-09-14 21:34:17,117 - banking_api_tests - INFO - [environment.py:346] - [FILE] Feature: Account Retrieval
2025-09-14 21:34:17,117 - banking_api_tests - INFO - [environment.py:347] - [LOCATION] Location: features/accounts/account_retrieval.feature:116
2025-09-14 21:34:17,117 - banking_api_tests - INFO - [environment.py:348] - [TAGS]  Tags: edge_cases
2025-09-14 21:34:17,118 - banking_api_tests - INFO - [environment.py:349] - [TIME] Start Time: 2025-09-14T21:34:17.117227
2025-09-14 21:34:17,118 - banking_api_tests - INFO - [environment.py:350] - [SCENARIO] ============================================================
2025-09-14 21:34:17,119 - banking_api_tests - INFO - [common_steps.py:153] - [API] Checking API availability...
2025-09-14 21:34:17,228 - banking_api_tests - INFO - [common_steps.py:163] - [RESPONSE] API Health Check - Status: 200
2025-09-14 21:34:17,229 - banking_api_tests - INFO - [common_steps.py:170] - [SUCCESS] API is available and responding
2025-09-14 21:34:17,230 - banking_api_tests - INFO - [common_steps.py:192] - [AUTH] Configuring authentication credentials...
2025-09-14 21:34:17,230 - banking_api_tests - INFO - [common_steps.py:201] - [AUTH] Auth Token Configured: ****************2024
2025-09-14 21:34:17,230 - banking_api_tests - INFO - [common_steps.py:211] - [SUCCESS] Authentication credentials validated and configured
2025-09-14 21:34:17,231 - banking_api_tests - INFO - [common_steps.py:305] - [REQUEST] Sending GET request to: /accounts/ACC 001
2025-09-14 21:34:17,246 - banking_api_tests - INFO - [common_steps.py:327] - [RESPONSE] GET Response: 404
2025-09-14 21:34:17,247 - banking_api_tests - INFO - [common_steps.py:328] - [TIME] Response Time: 0.015s
2025-09-14 21:34:17,247 - banking_api_tests - INFO - [common_steps.py:341] - [SUCCESS] GET request completed successfully
2025-09-14 21:34:17,247 - banking_api_tests - INFO - [common_steps.py:497] - [VERIFY] Verifying response status code should be 404
2025-09-14 21:34:17,248 - banking_api_tests - INFO - [common_steps.py:504] - [INFO] Expected: 404, Actual: 404
2025-09-14 21:34:17,248 - banking_api_tests - INFO - [common_steps.py:507] - [SUCCESS] Status code assertion PASSED: 404
2025-09-14 21:34:17,248 - banking_api_tests - INFO - [common_steps.py:956] - [VERIFY] Verifying response contains error message
2025-09-14 21:34:17,249 - banking_api_tests - INFO - [common_steps.py:976] - [SUCCESS] Error message assertion PASSED: Found 'error': Account not found
2025-09-14 21:34:17,249 - banking_api_tests - INFO - [environment.py:384] - [END] ============================================================
2025-09-14 21:34:17,249 - banking_api_tests - INFO - [environment.py:385] - [PASSED] SCENARIO COMPLETE: Account retrieval with special characters in ID -- @1.2 
2025-09-14 21:34:17,249 - banking_api_tests - INFO - [environment.py:386] - [INFO] Status: [PASSED] PASSED
2025-09-14 21:34:17,249 - banking_api_tests - INFO - [environment.py:387] - [TIME]  Duration: 0:00:00.132091
2025-09-14 21:34:17,249 - banking_api_tests - INFO - [environment.py:388] - [URL] API Calls Made: 1
2025-09-14 21:34:17,250 - banking_api_tests - INFO - [environment.py:392] - [PERFORMANCE] Avg Response Time: 0.015s
2025-09-14 21:34:17,250 - banking_api_tests - INFO - [environment.py:393] - [INFO] Total Response Time: 0.015s
2025-09-14 21:34:17,250 - banking_api_tests - INFO - [environment.py:406] - [END] ============================================================
2025-09-14 21:34:17,251 - banking_api_tests - INFO - [environment.py:344] - [SCENARIO] ============================================================
2025-09-14 21:34:17,251 - banking_api_tests - INFO - [environment.py:345] - [TEST] SCENARIO START: Account retrieval with special characters in ID -- @1.3 
2025-09-14 21:34:17,251 - banking_api_tests - INFO - [environment.py:346] - [FILE] Feature: Account Retrieval
2025-09-14 21:34:17,251 - banking_api_tests - INFO - [environment.py:347] - [LOCATION] Location: features/accounts/account_retrieval.feature:117
2025-09-14 21:34:17,251 - banking_api_tests - INFO - [environment.py:348] - [TAGS]  Tags: edge_cases
2025-09-14 21:34:17,251 - banking_api_tests - INFO - [environment.py:349] - [TIME] Start Time: 2025-09-14T21:34:17.250931
2025-09-14 21:34:17,252 - banking_api_tests - INFO - [environment.py:350] - [SCENARIO] ============================================================
2025-09-14 21:34:17,252 - banking_api_tests - INFO - [common_steps.py:153] - [API] Checking API availability...
2025-09-14 21:34:17,368 - banking_api_tests - INFO - [common_steps.py:163] - [RESPONSE] API Health Check - Status: 200
2025-09-14 21:34:17,369 - banking_api_tests - INFO - [common_steps.py:170] - [SUCCESS] API is available and responding
2025-09-14 21:34:17,370 - banking_api_tests - INFO - [common_steps.py:192] - [AUTH] Configuring authentication credentials...
2025-09-14 21:34:17,370 - banking_api_tests - INFO - [common_steps.py:201] - [AUTH] Auth Token Configured: ****************2024
2025-09-14 21:34:17,370 - banking_api_tests - INFO - [common_steps.py:211] - [SUCCESS] Authentication credentials validated and configured
2025-09-14 21:34:17,371 - banking_api_tests - INFO - [common_steps.py:305] - [REQUEST] Sending GET request to: /accounts/ACC#001
2025-09-14 21:34:17,385 - banking_api_tests - INFO - [common_steps.py:327] - [RESPONSE] GET Response: 404
2025-09-14 21:34:17,386 - banking_api_tests - INFO - [common_steps.py:328] - [TIME] Response Time: 0.015s
2025-09-14 21:34:17,386 - banking_api_tests - INFO - [common_steps.py:341] - [SUCCESS] GET request completed successfully
2025-09-14 21:34:17,386 - banking_api_tests - INFO - [common_steps.py:497] - [VERIFY] Verifying response status code should be 404
2025-09-14 21:34:17,387 - banking_api_tests - INFO - [common_steps.py:504] - [INFO] Expected: 404, Actual: 404
2025-09-14 21:34:17,387 - banking_api_tests - INFO - [common_steps.py:507] - [SUCCESS] Status code assertion PASSED: 404
2025-09-14 21:34:17,388 - banking_api_tests - INFO - [common_steps.py:956] - [VERIFY] Verifying response contains error message
2025-09-14 21:34:17,388 - banking_api_tests - INFO - [common_steps.py:976] - [SUCCESS] Error message assertion PASSED: Found 'error': Account not found
2025-09-14 21:34:17,388 - banking_api_tests - INFO - [environment.py:384] - [END] ============================================================
2025-09-14 21:34:17,388 - banking_api_tests - INFO - [environment.py:385] - [PASSED] SCENARIO COMPLETE: Account retrieval with special characters in ID -- @1.3 
2025-09-14 21:34:17,388 - banking_api_tests - INFO - [environment.py:386] - [INFO] Status: [PASSED] PASSED
2025-09-14 21:34:17,388 - banking_api_tests - INFO - [environment.py:387] - [TIME]  Duration: 0:00:00.137548
2025-09-14 21:34:17,389 - banking_api_tests - INFO - [environment.py:388] - [URL] API Calls Made: 1
2025-09-14 21:34:17,389 - banking_api_tests - INFO - [environment.py:392] - [PERFORMANCE] Avg Response Time: 0.015s
2025-09-14 21:34:17,389 - banking_api_tests - INFO - [environment.py:393] - [INFO] Total Response Time: 0.015s
2025-09-14 21:34:17,389 - banking_api_tests - INFO - [environment.py:406] - [END] ============================================================
2025-09-14 21:34:17,390 - banking_api_tests - INFO - [environment.py:344] - [SCENARIO] ============================================================
2025-09-14 21:34:17,390 - banking_api_tests - INFO - [environment.py:345] - [TEST] SCENARIO START: Account retrieval with special characters in ID -- @1.4 
2025-09-14 21:34:17,390 - banking_api_tests - INFO - [environment.py:346] - [FILE] Feature: Account Retrieval
2025-09-14 21:34:17,390 - banking_api_tests - INFO - [environment.py:347] - [LOCATION] Location: features/accounts/account_retrieval.feature:118
2025-09-14 21:34:17,390 - banking_api_tests - INFO - [environment.py:348] - [TAGS]  Tags: edge_cases
2025-09-14 21:34:17,390 - banking_api_tests - INFO - [environment.py:349] - [TIME] Start Time: 2025-09-14T21:34:17.390069
2025-09-14 21:34:17,391 - banking_api_tests - INFO - [environment.py:350] - [SCENARIO] ============================================================
2025-09-14 21:34:17,391 - banking_api_tests - INFO - [common_steps.py:153] - [API] Checking API availability...
2025-09-14 21:34:17,522 - banking_api_tests - INFO - [common_steps.py:163] - [RESPONSE] API Health Check - Status: 200
2025-09-14 21:34:17,523 - banking_api_tests - INFO - [common_steps.py:170] - [SUCCESS] API is available and responding
2025-09-14 21:34:17,523 - banking_api_tests - INFO - [common_steps.py:192] - [AUTH] Configuring authentication credentials...
2025-09-14 21:34:17,523 - banking_api_tests - INFO - [common_steps.py:201] - [AUTH] Auth Token Configured: ****************2024
2025-09-14 21:34:17,523 - banking_api_tests - INFO - [common_steps.py:211] - [SUCCESS] Authentication credentials validated and configured
2025-09-14 21:34:17,524 - banking_api_tests - INFO - [common_steps.py:305] - [REQUEST] Sending GET request to: /accounts/ACC%001
2025-09-14 21:34:17,538 - banking_api_tests - INFO - [common_steps.py:327] - [RESPONSE] GET Response: 400
2025-09-14 21:34:17,538 - banking_api_tests - INFO - [common_steps.py:328] - [TIME] Response Time: 0.014s
2025-09-14 21:34:17,538 - banking_api_tests - INFO - [common_steps.py:341] - [SUCCESS] GET request completed successfully
2025-09-14 21:34:17,539 - banking_api_tests - INFO - [common_steps.py:497] - [VERIFY] Verifying response status code should be 404
2025-09-14 21:34:17,539 - banking_api_tests - INFO - [common_steps.py:504] - [INFO] Expected: 404, Actual: 400
2025-09-14 21:34:17,539 - banking_api_tests - ERROR - [common_steps.py:509] - [ERROR] Status code assertion FAILED: Expected 404, got 400
2025-09-14 21:34:17,540 - banking_api_tests - ERROR - [common_steps.py:510] - [BODY] Response content: <h1>Bad Message 400</h1><pre>reason: Bad Request</pre>...
2025-09-14 21:34:17,541 - banking_api_tests - ERROR - [environment.py:170] - [SAVE] Failure details saved to: logs/failures/FAILED_Account_retrieval_with_special_characters_in_ID_--_20250914_213417.txt
2025-09-14 21:34:17,541 - banking_api_tests - INFO - [environment.py:384] - [END] ============================================================
2025-09-14 21:34:17,541 - banking_api_tests - INFO - [environment.py:385] - [FAILED] SCENARIO COMPLETE: Account retrieval with special characters in ID -- @1.4 
2025-09-14 21:34:17,542 - banking_api_tests - INFO - [environment.py:386] - [INFO] Status: [FAILED] FAILED
2025-09-14 21:34:17,542 - banking_api_tests - INFO - [environment.py:387] - [TIME]  Duration: 0:00:00.150649
2025-09-14 21:34:17,542 - banking_api_tests - INFO - [environment.py:388] - [URL] API Calls Made: 1
2025-09-14 21:34:17,542 - banking_api_tests - INFO - [environment.py:392] - [PERFORMANCE] Avg Response Time: 0.014s
2025-09-14 21:34:17,542 - banking_api_tests - INFO - [environment.py:393] - [INFO] Total Response Time: 0.014s
2025-09-14 21:34:17,542 - banking_api_tests - ERROR - [environment.py:397] - [ERROR] Last Error: Status code assertion failed - Expected: 404, Actual: 400
2025-09-14 21:34:17,542 - banking_api_tests - INFO - [environment.py:406] - [END] ============================================================
2025-09-14 21:34:17,546 - banking_api_tests - INFO - [environment.py:344] - [SCENARIO] ============================================================
2025-09-14 21:34:17,546 - banking_api_tests - INFO - [environment.py:345] - [TEST] SCENARIO START: Successful API access with valid bearer token
2025-09-14 21:34:17,546 - banking_api_tests - INFO - [environment.py:346] - [FILE] Feature: Authentication and Security
2025-09-14 21:34:17,546 - banking_api_tests - INFO - [environment.py:347] - [LOCATION] Location: features/authentication/auth_security.feature:11
2025-09-14 21:34:17,546 - banking_api_tests - INFO - [environment.py:348] - [TAGS]  Tags: authentication, smoke
2025-09-14 21:34:17,547 - banking_api_tests - INFO - [environment.py:349] - [TIME] Start Time: 2025-09-14T21:34:17.546394
2025-09-14 21:34:17,547 - banking_api_tests - INFO - [environment.py:350] - [SCENARIO] ============================================================
2025-09-14 21:34:17,547 - banking_api_tests - INFO - [common_steps.py:153] - [API] Checking API availability...
2025-09-14 21:34:17,678 - banking_api_tests - INFO - [common_steps.py:163] - [RESPONSE] API Health Check - Status: 200
2025-09-14 21:34:17,678 - banking_api_tests - INFO - [common_steps.py:170] - [SUCCESS] API is available and responding
2025-09-14 21:34:17,679 - banking_api_tests - INFO - [auth_steps.py:28] - [AUTH] Setting up valid bearer token
2025-09-14 21:34:17,680 - banking_api_tests - INFO - [common_steps.py:305] - [REQUEST] Sending GET request to: /customers/CUST001
2025-09-14 21:34:17,703 - banking_api_tests - INFO - [common_steps.py:327] - [RESPONSE] GET Response: 200
2025-09-14 21:34:17,703 - banking_api_tests - INFO - [common_steps.py:328] - [TIME] Response Time: 0.023s
2025-09-14 21:34:17,703 - banking_api_tests - INFO - [common_steps.py:341] - [SUCCESS] GET request completed successfully
2025-09-14 21:34:17,704 - banking_api_tests - INFO - [common_steps.py:925] - [VERIFY] Verifying response is successful (2xx status)
2025-09-14 21:34:17,704 - banking_api_tests - INFO - [common_steps.py:935] - [SUCCESS] Success assertion PASSED: Status 200
2025-09-14 21:34:17,704 - banking_api_tests - INFO - [common_steps.py:682] - [SUCCESS] Found correlation ID: 
2025-09-14 21:34:17,705 - banking_api_tests - INFO - [environment.py:384] - [END] ============================================================
2025-09-14 21:34:17,705 - banking_api_tests - INFO - [environment.py:385] - [PASSED] SCENARIO COMPLETE: Successful API access with valid bearer token
2025-09-14 21:34:17,705 - banking_api_tests - INFO - [environment.py:386] - [INFO] Status: [PASSED] PASSED
2025-09-14 21:34:17,705 - banking_api_tests - INFO - [environment.py:387] - [TIME]  Duration: 0:00:00.158938
2025-09-14 21:34:17,705 - banking_api_tests - INFO - [environment.py:388] - [URL] API Calls Made: 1
2025-09-14 21:34:17,705 - banking_api_tests - INFO - [environment.py:392] - [PERFORMANCE] Avg Response Time: 0.023s
2025-09-14 21:34:17,706 - banking_api_tests - INFO - [environment.py:393] - [INFO] Total Response Time: 0.023s
2025-09-14 21:34:17,706 - banking_api_tests - INFO - [environment.py:401] - [URL] Final Response Status: 200
2025-09-14 21:34:17,706 - banking_api_tests - INFO - [environment.py:404] - [VERIFY] Correlation ID: 
2025-09-14 21:34:17,706 - banking_api_tests - INFO - [environment.py:406] - [END] ============================================================
2025-09-14 21:34:17,713 - banking_api_tests - INFO - [environment.py:344] - [SCENARIO] ============================================================
2025-09-14 21:34:17,713 - banking_api_tests - INFO - [environment.py:345] - [TEST] SCENARIO START: Successfully create booking with generated data
2025-09-14 21:34:17,713 - banking_api_tests - INFO - [environment.py:346] - [FILE] Feature: Booking Management
2025-09-14 21:34:17,714 - banking_api_tests - INFO - [environment.py:347] - [LOCATION] Location: features/bookings/booking_management.feature:12
2025-09-14 21:34:17,714 - banking_api_tests - INFO - [environment.py:348] - [TAGS]  Tags: happy_path, smoke
2025-09-14 21:34:17,714 - banking_api_tests - INFO - [environment.py:349] - [TIME] Start Time: 2025-09-14T21:34:17.713267
2025-09-14 21:34:17,714 - banking_api_tests - INFO - [environment.py:350] - [SCENARIO] ============================================================
2025-09-14 21:34:17,715 - banking_api_tests - INFO - [common_steps.py:153] - [API] Checking API availability...
2025-09-14 21:34:17,831 - banking_api_tests - INFO - [common_steps.py:163] - [RESPONSE] API Health Check - Status: 200
2025-09-14 21:34:17,831 - banking_api_tests - INFO - [common_steps.py:170] - [SUCCESS] API is available and responding
2025-09-14 21:34:17,832 - banking_api_tests - INFO - [common_steps.py:192] - [AUTH] Configuring authentication credentials...
2025-09-14 21:34:17,832 - banking_api_tests - INFO - [common_steps.py:201] - [AUTH] Auth Token Configured: ****************2024
2025-09-14 21:34:17,832 - banking_api_tests - INFO - [common_steps.py:211] - [SUCCESS] Authentication credentials validated and configured
2025-09-14 21:34:17,834 - banking_api_tests - INFO - [data_steps.py:37] - [DATA] Generating dynamic test data for: booking
2025-09-14 21:34:17,836 - banking_api_tests - INFO - [data_steps.py:98] - [DATA] Using customer ID: CUST937256
2025-09-14 21:34:17,837 - banking_api_tests - INFO - [data_steps.py:256] - [REQUEST] Creating booking using generated data
2025-09-14 21:34:17,865 - banking_api_tests - INFO - [data_steps.py:276] - [RESPONSE] Create booking Response: 201
2025-09-14 21:34:17,865 - banking_api_tests - INFO - [data_steps.py:277] - [TIME]  Response Time: 0.028s
2025-09-14 21:34:17,866 - banking_api_tests - INFO - [common_steps.py:497] - [VERIFY] Verifying response status code should be 201
2025-09-14 21:34:17,866 - banking_api_tests - INFO - [common_steps.py:504] - [INFO] Expected: 201, Actual: 201
2025-09-14 21:34:17,866 - banking_api_tests - INFO - [common_steps.py:507] - [SUCCESS] Status code assertion PASSED: 201
2025-09-14 21:34:17,867 - banking_api_tests - INFO - [common_steps.py:590] - [VERIFY] Verifying response is valid JSON
2025-09-14 21:34:17,867 - banking_api_tests - INFO - [common_steps.py:598] - [SUCCESS] JSON validation PASSED: Response is valid JSON
2025-09-14 21:34:17,868 - banking_api_tests - INFO - [common_steps.py:539] - [VERIFY] Verifying response contains key: 'bookingId'
2025-09-14 21:34:17,868 - banking_api_tests - INFO - [common_steps.py:552] - [SUCCESS] Key assertion PASSED: Found 'bookingId' in response
2025-09-14 21:34:17,868 - banking_api_tests - INFO - [common_steps.py:539] - [VERIFY] Verifying response contains key: 'customerId'
2025-09-14 21:34:17,869 - banking_api_tests - INFO - [common_steps.py:552] - [SUCCESS] Key assertion PASSED: Found 'customerId' in response
2025-09-14 21:34:17,869 - banking_api_tests - INFO - [common_steps.py:539] - [VERIFY] Verifying response contains key: 'productType'
2025-09-14 21:34:17,869 - banking_api_tests - INFO - [common_steps.py:552] - [SUCCESS] Key assertion PASSED: Found 'productType' in response
2025-09-14 21:34:17,870 - banking_api_tests - INFO - [common_steps.py:539] - [VERIFY] Verifying response contains key: 'bookingDate'
2025-09-14 21:34:17,870 - banking_api_tests - ERROR - [common_steps.py:555] - [ERROR] Key assertion FAILED: 'bookingDate' not found in response
2025-09-14 21:34:17,870 - banking_api_tests - ERROR - [common_steps.py:556] - [HEADERS] Available keys: ['bookingId', 'customerId', 'productType', 'productId', 'status', 'createdAt']
2025-09-14 21:34:17,872 - banking_api_tests - ERROR - [environment.py:170] - [SAVE] Failure details saved to: logs/failures/FAILED_Successfully_create_booking_with_generated_data_20250914_213417.txt
2025-09-14 21:34:17,872 - banking_api_tests - INFO - [environment.py:384] - [END] ============================================================
2025-09-14 21:34:17,872 - banking_api_tests - INFO - [environment.py:385] - [FAILED] SCENARIO COMPLETE: Successfully create booking with generated data
2025-09-14 21:34:17,872 - banking_api_tests - INFO - [environment.py:386] - [INFO] Status: [FAILED] FAILED
2025-09-14 21:34:17,872 - banking_api_tests - INFO - [environment.py:387] - [TIME]  Duration: 0:00:00.157617
2025-09-14 21:34:17,872 - banking_api_tests - INFO - [environment.py:388] - [URL] API Calls Made: 1
2025-09-14 21:34:17,873 - banking_api_tests - INFO - [environment.py:392] - [PERFORMANCE] Avg Response Time: 0.028s
2025-09-14 21:34:17,873 - banking_api_tests - INFO - [environment.py:393] - [INFO] Total Response Time: 0.028s
2025-09-14 21:34:17,873 - banking_api_tests - ERROR - [environment.py:397] - [ERROR] Last Error: Key assertion failed - 'bookingDate' not found. Available keys: ['bookingId', 'customerId', 'productType', 'productId', 'status', 'createdAt']
2025-09-14 21:34:17,873 - banking_api_tests - INFO - [environment.py:401] - [URL] Final Response Status: 201
2025-09-14 21:34:17,873 - banking_api_tests - INFO - [environment.py:404] - [VERIFY] Correlation ID: 
2025-09-14 21:34:17,873 - banking_api_tests - INFO - [environment.py:406] - [END] ============================================================
2025-09-14 21:34:17,878 - banking_api_tests - INFO - [environment.py:344] - [SCENARIO] ============================================================
2025-09-14 21:34:17,878 - banking_api_tests - INFO - [environment.py:345] - [TEST] SCENARIO START: Successfully create customer with generated data
2025-09-14 21:34:17,878 - banking_api_tests - INFO - [environment.py:346] - [FILE] Feature: Customer Management
2025-09-14 21:34:17,878 - banking_api_tests - INFO - [environment.py:347] - [LOCATION] Location: features/customers/customer_management.feature:12
2025-09-14 21:34:17,878 - banking_api_tests - INFO - [environment.py:348] - [TAGS]  Tags: happy_path, smoke
2025-09-14 21:34:17,879 - banking_api_tests - INFO - [environment.py:349] - [TIME] Start Time: 2025-09-14T21:34:17.878321
2025-09-14 21:34:17,879 - banking_api_tests - INFO - [environment.py:350] - [SCENARIO] ============================================================
2025-09-14 21:34:17,879 - banking_api_tests - INFO - [common_steps.py:153] - [API] Checking API availability...
2025-09-14 21:34:17,986 - banking_api_tests - INFO - [common_steps.py:163] - [RESPONSE] API Health Check - Status: 200
2025-09-14 21:34:17,987 - banking_api_tests - INFO - [common_steps.py:170] - [SUCCESS] API is available and responding
2025-09-14 21:34:17,988 - banking_api_tests - INFO - [common_steps.py:192] - [AUTH] Configuring authentication credentials...
2025-09-14 21:34:17,988 - banking_api_tests - INFO - [common_steps.py:201] - [AUTH] Auth Token Configured: ****************2024
2025-09-14 21:34:17,988 - banking_api_tests - INFO - [common_steps.py:211] - [SUCCESS] Authentication credentials validated and configured
2025-09-14 21:34:17,989 - banking_api_tests - INFO - [data_steps.py:37] - [DATA] Generating dynamic test data for: customer
2025-09-14 21:34:17,990 - banking_api_tests - INFO - [data_steps.py:96] - [DATA] Generated customer email: mmathews@example.org
2025-09-14 21:34:17,991 - banking_api_tests - INFO - [data_steps.py:256] - [REQUEST] Creating customer using generated data
2025-09-14 21:34:17,995 - banking_api_tests - INFO - [data_steps.py:276] - [RESPONSE] Create customer Response: 201
2025-09-14 21:34:17,996 - banking_api_tests - INFO - [data_steps.py:277] - [TIME]  Response Time: 0.005s
2025-09-14 21:34:17,996 - banking_api_tests - INFO - [common_steps.py:497] - [VERIFY] Verifying response status code should be 201
2025-09-14 21:34:17,996 - banking_api_tests - INFO - [common_steps.py:504] - [INFO] Expected: 201, Actual: 201
2025-09-14 21:34:17,997 - banking_api_tests - INFO - [common_steps.py:507] - [SUCCESS] Status code assertion PASSED: 201
2025-09-14 21:34:17,997 - banking_api_tests - INFO - [common_steps.py:590] - [VERIFY] Verifying response is valid JSON
2025-09-14 21:34:17,997 - banking_api_tests - INFO - [common_steps.py:598] - [SUCCESS] JSON validation PASSED: Response is valid JSON
2025-09-14 21:34:17,998 - banking_api_tests - INFO - [common_steps.py:539] - [VERIFY] Verifying response contains key: 'customerId'
2025-09-14 21:34:17,998 - banking_api_tests - INFO - [common_steps.py:552] - [SUCCESS] Key assertion PASSED: Found 'customerId' in response
2025-09-14 21:34:17,998 - banking_api_tests - INFO - [common_steps.py:539] - [VERIFY] Verifying response contains key: 'firstName'
2025-09-14 21:34:17,999 - banking_api_tests - INFO - [common_steps.py:552] - [SUCCESS] Key assertion PASSED: Found 'firstName' in response
2025-09-14 21:34:17,999 - banking_api_tests - INFO - [common_steps.py:539] - [VERIFY] Verifying response contains key: 'lastName'
2025-09-14 21:34:17,999 - banking_api_tests - INFO - [common_steps.py:552] - [SUCCESS] Key assertion PASSED: Found 'lastName' in response
2025-09-14 21:34:18,000 - banking_api_tests - INFO - [common_steps.py:539] - [VERIFY] Verifying response contains key: 'email'
2025-09-14 21:34:18,001 - banking_api_tests - INFO - [common_steps.py:552] - [SUCCESS] Key assertion PASSED: Found 'email' in response
2025-09-14 21:34:18,001 - banking_api_tests - INFO - [common_steps.py:539] - [VERIFY] Verifying response contains key: 'phone'
2025-09-14 21:34:18,001 - banking_api_tests - INFO - [common_steps.py:552] - [SUCCESS] Key assertion PASSED: Found 'phone' in response
2025-09-14 21:34:18,002 - banking_api_tests - INFO - [common_steps.py:539] - [VERIFY] Verifying response contains key: 'createdAt'
2025-09-14 21:34:18,002 - banking_api_tests - INFO - [common_steps.py:552] - [SUCCESS] Key assertion PASSED: Found 'createdAt' in response
2025-09-14 21:34:18,002 - banking_api_tests - INFO - [environment.py:384] - [END] ============================================================
2025-09-14 21:34:18,003 - banking_api_tests - INFO - [environment.py:385] - [PASSED] SCENARIO COMPLETE: Successfully create customer with generated data
2025-09-14 21:34:18,003 - banking_api_tests - INFO - [environment.py:386] - [INFO] Status: [PASSED] PASSED
2025-09-14 21:34:18,003 - banking_api_tests - INFO - [environment.py:387] - [TIME]  Duration: 0:00:00.124543
2025-09-14 21:34:18,003 - banking_api_tests - INFO - [environment.py:388] - [URL] API Calls Made: 1
2025-09-14 21:34:18,003 - banking_api_tests - INFO - [environment.py:392] - [PERFORMANCE] Avg Response Time: 0.005s
2025-09-14 21:34:18,003 - banking_api_tests - INFO - [environment.py:393] - [INFO] Total Response Time: 0.005s
2025-09-14 21:34:18,003 - banking_api_tests - INFO - [environment.py:401] - [URL] Final Response Status: 201
2025-09-14 21:34:18,003 - banking_api_tests - INFO - [environment.py:404] - [VERIFY] Correlation ID: 
2025-09-14 21:34:18,003 - banking_api_tests - INFO - [environment.py:406] - [END] ============================================================
2025-09-14 21:34:18,004 - banking_api_tests - INFO - [environment.py:344] - [SCENARIO] ============================================================
2025-09-14 21:34:18,004 - banking_api_tests - INFO - [environment.py:345] - [TEST] SCENARIO START: Successfully retrieve customer with generated ID
2025-09-14 21:34:18,004 - banking_api_tests - INFO - [environment.py:346] - [FILE] Feature: Customer Management
2025-09-14 21:34:18,004 - banking_api_tests - INFO - [environment.py:347] - [LOCATION] Location: features/customers/customer_management.feature:25
2025-09-14 21:34:18,005 - banking_api_tests - INFO - [environment.py:348] - [TAGS]  Tags: happy_path, smoke
2025-09-14 21:34:18,005 - banking_api_tests - INFO - [environment.py:349] - [TIME] Start Time: 2025-09-14T21:34:18.004465
2025-09-14 21:34:18,005 - banking_api_tests - INFO - [environment.py:350] - [SCENARIO] ============================================================
2025-09-14 21:34:18,006 - banking_api_tests - INFO - [common_steps.py:153] - [API] Checking API availability...
2025-09-14 21:34:18,125 - banking_api_tests - INFO - [common_steps.py:163] - [RESPONSE] API Health Check - Status: 200
2025-09-14 21:34:18,126 - banking_api_tests - INFO - [common_steps.py:170] - [SUCCESS] API is available and responding
2025-09-14 21:34:18,126 - banking_api_tests - INFO - [common_steps.py:192] - [AUTH] Configuring authentication credentials...
2025-09-14 21:34:18,127 - banking_api_tests - INFO - [common_steps.py:201] - [AUTH] Auth Token Configured: ****************2024
2025-09-14 21:34:18,127 - banking_api_tests - INFO - [common_steps.py:211] - [SUCCESS] Authentication credentials validated and configured
2025-09-14 21:34:18,131 - banking_api_tests - INFO - [data_steps.py:37] - [DATA] Generating dynamic test data for: customer
2025-09-14 21:34:18,132 - banking_api_tests - INFO - [data_steps.py:96] - [DATA] Generated customer email: ricardothompson@example.org
2025-09-14 21:34:18,132 - banking_api_tests - INFO - [data_steps.py:256] - [REQUEST] Creating customer using generated data
2025-09-14 21:34:18,140 - banking_api_tests - INFO - [data_steps.py:276] - [RESPONSE] Create customer Response: 201
2025-09-14 21:34:18,140 - banking_api_tests - INFO - [data_steps.py:277] - [TIME]  Response Time: 0.007s
2025-09-14 21:34:18,141 - banking_api_tests - INFO - [common_steps.py:497] - [VERIFY] Verifying response status code should be 201
2025-09-14 21:34:18,141 - banking_api_tests - INFO - [common_steps.py:504] - [INFO] Expected: 201, Actual: 201
2025-09-14 21:34:18,142 - banking_api_tests - INFO - [common_steps.py:507] - [SUCCESS] Status code assertion PASSED: 201
2025-09-14 21:34:18,143 - banking_api_tests - INFO - [data_steps.py:348] - [VERIFY] Retrieving customer with ID: CUST332576
2025-09-14 21:34:18,148 - banking_api_tests - INFO - [data_steps.py:367] - [RESPONSE] Retrieve customer Response: 200
2025-09-14 21:34:18,148 - banking_api_tests - INFO - [data_steps.py:368] - [TIME]  Response Time: 0.005s
2025-09-14 21:34:18,149 - banking_api_tests - INFO - [common_steps.py:497] - [VERIFY] Verifying response status code should be 200
2025-09-14 21:34:18,149 - banking_api_tests - INFO - [common_steps.py:504] - [INFO] Expected: 200, Actual: 200
2025-09-14 21:34:18,149 - banking_api_tests - INFO - [common_steps.py:507] - [SUCCESS] Status code assertion PASSED: 200
2025-09-14 21:34:18,150 - banking_api_tests - INFO - [common_steps.py:539] - [VERIFY] Verifying response contains key: 'customerId'
2025-09-14 21:34:18,150 - banking_api_tests - INFO - [common_steps.py:552] - [SUCCESS] Key assertion PASSED: Found 'customerId' in response
2025-09-14 21:34:18,150 - banking_api_tests - INFO - [environment.py:384] - [END] ============================================================
2025-09-14 21:34:18,151 - banking_api_tests - INFO - [environment.py:385] - [PASSED] SCENARIO COMPLETE: Successfully retrieve customer with generated ID
2025-09-14 21:34:18,151 - banking_api_tests - INFO - [environment.py:386] - [INFO] Status: [PASSED] PASSED
2025-09-14 21:34:18,151 - banking_api_tests - INFO - [environment.py:387] - [TIME]  Duration: 0:00:00.146229
2025-09-14 21:34:18,151 - banking_api_tests - INFO - [environment.py:388] - [URL] API Calls Made: 2
2025-09-14 21:34:18,151 - banking_api_tests - INFO - [environment.py:392] - [PERFORMANCE] Avg Response Time: 0.006s
2025-09-14 21:34:18,151 - banking_api_tests - INFO - [environment.py:393] - [INFO] Total Response Time: 0.012s
2025-09-14 21:34:18,152 - banking_api_tests - INFO - [environment.py:401] - [URL] Final Response Status: 200
2025-09-14 21:34:18,152 - banking_api_tests - INFO - [environment.py:404] - [VERIFY] Correlation ID: 
2025-09-14 21:34:18,152 - banking_api_tests - INFO - [environment.py:406] - [END] ============================================================
2025-09-14 21:34:18,162 - banking_api_tests - INFO - [environment.py:344] - [SCENARIO] ============================================================
2025-09-14 21:34:18,163 - banking_api_tests - INFO - [environment.py:345] - [TEST] SCENARIO START: Complete customer onboarding workflow
2025-09-14 21:34:18,163 - banking_api_tests - INFO - [environment.py:346] - [FILE] Feature: End-to-End Banking Workflows
2025-09-14 21:34:18,163 - banking_api_tests - INFO - [environment.py:347] - [LOCATION] Location: features/integration/end_to_end_workflows.feature:12
2025-09-14 21:34:18,164 - banking_api_tests - INFO - [environment.py:348] - [TAGS]  Tags: workflow, smoke
2025-09-14 21:34:18,164 - banking_api_tests - INFO - [environment.py:349] - [TIME] Start Time: 2025-09-14T21:34:18.162715
2025-09-14 21:34:18,164 - banking_api_tests - INFO - [environment.py:350] - [SCENARIO] ============================================================
2025-09-14 21:34:18,165 - banking_api_tests - INFO - [common_steps.py:153] - [API] Checking API availability...
2025-09-14 21:34:18,282 - banking_api_tests - INFO - [common_steps.py:163] - [RESPONSE] API Health Check - Status: 200
2025-09-14 21:34:18,282 - banking_api_tests - INFO - [common_steps.py:170] - [SUCCESS] API is available and responding
2025-09-14 21:34:18,283 - banking_api_tests - INFO - [common_steps.py:192] - [AUTH] Configuring authentication credentials...
2025-09-14 21:34:18,283 - banking_api_tests - INFO - [common_steps.py:201] - [AUTH] Auth Token Configured: ****************2024
2025-09-14 21:34:18,283 - banking_api_tests - INFO - [common_steps.py:211] - [SUCCESS] Authentication credentials validated and configured
2025-09-14 21:34:18,285 - banking_api_tests - INFO - [data_steps.py:37] - [DATA] Generating dynamic test data for: customer
2025-09-14 21:34:18,286 - banking_api_tests - INFO - [data_steps.py:96] - [DATA] Generated customer email: ccook@example.com
2025-09-14 21:34:18,287 - banking_api_tests - INFO - [data_steps.py:614] - [HEADERS] Generated correlation ID: corr_5b939581de7c
2025-09-14 21:34:18,287 - banking_api_tests - INFO - [data_steps.py:256] - [REQUEST] Creating customer using generated data
2025-09-14 21:34:18,316 - banking_api_tests - INFO - [data_steps.py:276] - [RESPONSE] Create customer Response: 201
2025-09-14 21:34:18,316 - banking_api_tests - INFO - [data_steps.py:277] - [TIME]  Response Time: 0.028s
2025-09-14 21:34:18,317 - banking_api_tests - INFO - [common_steps.py:497] - [VERIFY] Verifying response status code should be 201
2025-09-14 21:34:18,317 - banking_api_tests - INFO - [common_steps.py:504] - [INFO] Expected: 201, Actual: 201
2025-09-14 21:34:18,317 - banking_api_tests - INFO - [common_steps.py:507] - [SUCCESS] Status code assertion PASSED: 201
2025-09-14 21:34:18,317 - banking_api_tests - INFO - [common_steps.py:662] - [SUCCESS] Saved customerId='CUST911257' as 'customer_id'
2025-09-14 21:34:18,318 - banking_api_tests - INFO - [data_steps.py:37] - [DATA] Generating dynamic test data for: account
2025-09-14 21:34:18,319 - banking_api_tests - INFO - [data_steps.py:98] - [DATA] Using customer ID: CUST484484
2025-09-14 21:34:18,319 - banking_api_tests - INFO - [data_steps.py:256] - [REQUEST] Creating account using generated data
2025-09-14 21:34:18,347 - banking_api_tests - INFO - [data_steps.py:276] - [RESPONSE] Create account Response: 201
2025-09-14 21:34:18,347 - banking_api_tests - INFO - [data_steps.py:277] - [TIME]  Response Time: 0.028s
2025-09-14 21:34:18,348 - banking_api_tests - INFO - [common_steps.py:497] - [VERIFY] Verifying response status code should be 201
2025-09-14 21:34:18,348 - banking_api_tests - INFO - [common_steps.py:504] - [INFO] Expected: 201, Actual: 201
2025-09-14 21:34:18,348 - banking_api_tests - INFO - [common_steps.py:507] - [SUCCESS] Status code assertion PASSED: 201
2025-09-14 21:34:18,349 - banking_api_tests - INFO - [common_steps.py:662] - [SUCCESS] Saved accountId='ACC688826' as 'account_id'
2025-09-14 21:34:18,349 - banking_api_tests - INFO - [data_steps.py:348] - [VERIFY] Retrieving customer with ID: CUST911257
2025-09-14 21:34:18,354 - banking_api_tests - INFO - [data_steps.py:367] - [RESPONSE] Retrieve customer Response: 200
2025-09-14 21:34:18,354 - banking_api_tests - INFO - [data_steps.py:368] - [TIME]  Response Time: 0.004s
2025-09-14 21:34:18,354 - banking_api_tests - INFO - [common_steps.py:497] - [VERIFY] Verifying response status code should be 200
2025-09-14 21:34:18,355 - banking_api_tests - INFO - [common_steps.py:504] - [INFO] Expected: 200, Actual: 200
2025-09-14 21:34:18,355 - banking_api_tests - INFO - [common_steps.py:507] - [SUCCESS] Status code assertion PASSED: 200
2025-09-14 21:34:18,355 - banking_api_tests - INFO - [data_steps.py:348] - [VERIFY] Retrieving account with ID: ACC688826
2025-09-14 21:34:18,378 - banking_api_tests - INFO - [data_steps.py:367] - [RESPONSE] Retrieve account Response: 404
2025-09-14 21:34:18,379 - banking_api_tests - INFO - [data_steps.py:368] - [TIME]  Response Time: 0.023s
2025-09-14 21:34:18,379 - banking_api_tests - INFO - [common_steps.py:497] - [VERIFY] Verifying response status code should be 200
2025-09-14 21:34:18,379 - banking_api_tests - INFO - [common_steps.py:504] - [INFO] Expected: 200, Actual: 404
2025-09-14 21:34:18,380 - banking_api_tests - ERROR - [common_steps.py:509] - [ERROR] Status code assertion FAILED: Expected 200, got 404
2025-09-14 21:34:18,380 - banking_api_tests - ERROR - [common_steps.py:510] - [BODY] Response content: {"error":"Account not found","code":"ACCOUNT_NOT_FOUND","accountId":"ACC688826","message":"No account found with ID: ACC688826","timestamp":"2025-09-14 21:34:18"}...
2025-09-14 21:34:18,380 - banking_api_tests - ERROR - [common_steps.py:525] - [BODY] Error Response JSON: {
  "error": "Account not found",
  "code": "ACCOUNT_NOT_FOUND",
  "accountId": "ACC688826",
  "message": "No account found with ID: ACC688826",
  "timestamp": "2025-09-14 21:34:18"
}
2025-09-14 21:34:18,382 - banking_api_tests - ERROR - [environment.py:170] - [SAVE] Failure details saved to: logs/failures/FAILED_Complete_customer_onboarding_workflow_20250914_213418.txt
2025-09-14 21:34:18,382 - banking_api_tests - INFO - [environment.py:384] - [END] ============================================================
2025-09-14 21:34:18,382 - banking_api_tests - INFO - [environment.py:385] - [FAILED] SCENARIO COMPLETE: Complete customer onboarding workflow
2025-09-14 21:34:18,382 - banking_api_tests - INFO - [environment.py:386] - [INFO] Status: [FAILED] FAILED
2025-09-14 21:34:18,382 - banking_api_tests - INFO - [environment.py:387] - [TIME]  Duration: 0:00:00.218581
2025-09-14 21:34:18,383 - banking_api_tests - INFO - [environment.py:388] - [URL] API Calls Made: 4
2025-09-14 21:34:18,383 - banking_api_tests - INFO - [environment.py:392] - [PERFORMANCE] Avg Response Time: 0.021s
2025-09-14 21:34:18,383 - banking_api_tests - INFO - [environment.py:393] - [INFO] Total Response Time: 0.083s
2025-09-14 21:34:18,383 - banking_api_tests - ERROR - [environment.py:397] - [ERROR] Last Error: Status code assertion failed - Expected: 200, Actual: 404 | JSON Error: {"error": "Account not found", "code": "ACCOUNT_NOT_FOUND", "accountId": "ACC688826", "message": "No account found with ID: ACC688826", "timestamp": "2025-09-14 21:34:18"}
2025-09-14 21:34:18,383 - banking_api_tests - INFO - [environment.py:406] - [END] ============================================================
2025-09-14 21:34:18,389 - banking_api_tests - INFO - [environment.py:344] - [SCENARIO] ============================================================
2025-09-14 21:34:18,389 - banking_api_tests - INFO - [environment.py:345] - [TEST] SCENARIO START: Successfully create loan application with generated data
2025-09-14 21:34:18,390 - banking_api_tests - INFO - [environment.py:346] - [FILE] Feature: Loan Management
2025-09-14 21:34:18,390 - banking_api_tests - INFO - [environment.py:347] - [LOCATION] Location: features/loans/loan_management.feature:12
2025-09-14 21:34:18,390 - banking_api_tests - INFO - [environment.py:348] - [TAGS]  Tags: happy_path, smoke
2025-09-14 21:34:18,390 - banking_api_tests - INFO - [environment.py:349] - [TIME] Start Time: 2025-09-14T21:34:18.389698
2025-09-14 21:34:18,390 - banking_api_tests - INFO - [environment.py:350] - [SCENARIO] ============================================================
2025-09-14 21:34:18,391 - banking_api_tests - INFO - [common_steps.py:153] - [API] Checking API availability...
2025-09-14 21:34:18,499 - banking_api_tests - INFO - [common_steps.py:163] - [RESPONSE] API Health Check - Status: 200
2025-09-14 21:34:18,499 - banking_api_tests - INFO - [common_steps.py:170] - [SUCCESS] API is available and responding
2025-09-14 21:34:18,500 - banking_api_tests - INFO - [common_steps.py:192] - [AUTH] Configuring authentication credentials...
2025-09-14 21:34:18,500 - banking_api_tests - INFO - [common_steps.py:201] - [AUTH] Auth Token Configured: ****************2024
2025-09-14 21:34:18,501 - banking_api_tests - INFO - [common_steps.py:211] - [SUCCESS] Authentication credentials validated and configured
2025-09-14 21:34:18,502 - banking_api_tests - INFO - [data_steps.py:37] - [DATA] Generating dynamic test data for: loan
2025-09-14 21:34:18,503 - banking_api_tests - INFO - [data_steps.py:98] - [DATA] Using customer ID: CUST741185
2025-09-14 21:34:18,504 - banking_api_tests - INFO - [data_steps.py:256] - [REQUEST] Creating loan using generated data
2025-09-14 21:34:18,537 - banking_api_tests - INFO - [data_steps.py:276] - [RESPONSE] Create loan Response: 500
2025-09-14 21:34:18,537 - banking_api_tests - INFO - [data_steps.py:277] - [TIME]  Response Time: 0.033s
2025-09-14 21:34:18,538 - banking_api_tests - INFO - [common_steps.py:497] - [VERIFY] Verifying response status code should be 201
2025-09-14 21:34:18,538 - banking_api_tests - INFO - [common_steps.py:504] - [INFO] Expected: 201, Actual: 500
2025-09-14 21:34:18,538 - banking_api_tests - ERROR - [common_steps.py:509] - [ERROR] Status code assertion FAILED: Expected 201, got 500
2025-09-14 21:34:18,538 - banking_api_tests - ERROR - [common_steps.py:510] - [BODY] Response content: 1:661: java.lang.IllegalArgumentException: No enum constant com.github.tomakehurst.wiremock.common.DateTimeUnit.MONTH...
2025-09-14 21:34:18,540 - banking_api_tests - ERROR - [environment.py:170] - [SAVE] Failure details saved to: logs/failures/FAILED_Successfully_create_loan_application_with_generate_20250914_213418.txt
2025-09-14 21:34:18,540 - banking_api_tests - INFO - [environment.py:384] - [END] ============================================================
2025-09-14 21:34:18,540 - banking_api_tests - INFO - [environment.py:385] - [FAILED] SCENARIO COMPLETE: Successfully create loan application with generated data
2025-09-14 21:34:18,541 - banking_api_tests - INFO - [environment.py:386] - [INFO] Status: [FAILED] FAILED
2025-09-14 21:34:18,541 - banking_api_tests - INFO - [environment.py:387] - [TIME]  Duration: 0:00:00.149906
2025-09-14 21:34:18,541 - banking_api_tests - INFO - [environment.py:388] - [URL] API Calls Made: 1
2025-09-14 21:34:18,541 - banking_api_tests - INFO - [environment.py:392] - [PERFORMANCE] Avg Response Time: 0.033s
2025-09-14 21:34:18,541 - banking_api_tests - INFO - [environment.py:393] - [INFO] Total Response Time: 0.033s
2025-09-14 21:34:18,541 - banking_api_tests - ERROR - [environment.py:397] - [ERROR] Last Error: Status code assertion failed - Expected: 201, Actual: 500
2025-09-14 21:34:18,541 - banking_api_tests - INFO - [environment.py:406] - [END] ============================================================
2025-09-14 21:34:18,545 - banking_api_tests - INFO - [environment.py:344] - [SCENARIO] ============================================================
2025-09-14 21:34:18,546 - banking_api_tests - INFO - [environment.py:345] - [TEST] SCENARIO START: Successfully create term deposit with generated data
2025-09-14 21:34:18,546 - banking_api_tests - INFO - [environment.py:346] - [FILE] Feature: Term Deposit Management
2025-09-14 21:34:18,546 - banking_api_tests - INFO - [environment.py:347] - [LOCATION] Location: features/term_deposits/term_deposit_management.feature:12
2025-09-14 21:34:18,546 - banking_api_tests - INFO - [environment.py:348] - [TAGS]  Tags: happy_path, smoke
2025-09-14 21:34:18,546 - banking_api_tests - INFO - [environment.py:349] - [TIME] Start Time: 2025-09-14T21:34:18.545929
2025-09-14 21:34:18,546 - banking_api_tests - INFO - [environment.py:350] - [SCENARIO] ============================================================
2025-09-14 21:34:18,547 - banking_api_tests - INFO - [common_steps.py:153] - [API] Checking API availability...
2025-09-14 21:34:18,669 - banking_api_tests - INFO - [common_steps.py:163] - [RESPONSE] API Health Check - Status: 200
2025-09-14 21:34:18,669 - banking_api_tests - INFO - [common_steps.py:170] - [SUCCESS] API is available and responding
2025-09-14 21:34:18,670 - banking_api_tests - INFO - [common_steps.py:192] - [AUTH] Configuring authentication credentials...
2025-09-14 21:34:18,671 - banking_api_tests - INFO - [common_steps.py:201] - [AUTH] Auth Token Configured: ****************2024
2025-09-14 21:34:18,671 - banking_api_tests - INFO - [common_steps.py:211] - [SUCCESS] Authentication credentials validated and configured
2025-09-14 21:34:18,672 - banking_api_tests - INFO - [data_steps.py:37] - [DATA] Generating dynamic test data for: term_deposit
2025-09-14 21:34:18,673 - banking_api_tests - INFO - [data_steps.py:98] - [DATA] Using customer ID: CUST83568
2025-09-14 21:34:18,674 - banking_api_tests - INFO - [data_steps.py:256] - [REQUEST] Creating term_deposit using generated data
2025-09-14 21:34:18,678 - banking_api_tests - INFO - [data_steps.py:276] - [RESPONSE] Create term_deposit Response: 201
2025-09-14 21:34:18,679 - banking_api_tests - INFO - [data_steps.py:277] - [TIME]  Response Time: 0.005s
2025-09-14 21:34:18,679 - banking_api_tests - INFO - [common_steps.py:497] - [VERIFY] Verifying response status code should be 201
2025-09-14 21:34:18,679 - banking_api_tests - INFO - [common_steps.py:504] - [INFO] Expected: 201, Actual: 201
2025-09-14 21:34:18,680 - banking_api_tests - INFO - [common_steps.py:507] - [SUCCESS] Status code assertion PASSED: 201
2025-09-14 21:34:18,680 - banking_api_tests - INFO - [common_steps.py:539] - [VERIFY] Verifying response contains key: 'depositId'
2025-09-14 21:34:18,680 - banking_api_tests - INFO - [common_steps.py:552] - [SUCCESS] Key assertion PASSED: Found 'depositId' in response
2025-09-14 21:34:18,681 - banking_api_tests - INFO - [common_steps.py:539] - [VERIFY] Verifying response contains key: 'customerId'
2025-09-14 21:34:18,681 - banking_api_tests - INFO - [common_steps.py:552] - [SUCCESS] Key assertion PASSED: Found 'customerId' in response
2025-09-14 21:34:18,682 - banking_api_tests - INFO - [common_steps.py:539] - [VERIFY] Verifying response contains key: 'principal'
2025-09-14 21:34:18,682 - banking_api_tests - INFO - [common_steps.py:552] - [SUCCESS] Key assertion PASSED: Found 'principal' in response
2025-09-14 21:34:18,682 - banking_api_tests - INFO - [common_steps.py:539] - [VERIFY] Verifying response contains key: 'termMonths'
2025-09-14 21:34:18,682 - banking_api_tests - INFO - [common_steps.py:552] - [SUCCESS] Key assertion PASSED: Found 'termMonths' in response
2025-09-14 21:34:18,683 - banking_api_tests - INFO - [common_steps.py:539] - [VERIFY] Verifying response contains key: 'interestRate'
2025-09-14 21:34:18,683 - banking_api_tests - INFO - [common_steps.py:552] - [SUCCESS] Key assertion PASSED: Found 'interestRate' in response
2025-09-14 21:34:18,684 - banking_api_tests - INFO - [environment.py:384] - [END] ============================================================
2025-09-14 21:34:18,684 - banking_api_tests - INFO - [environment.py:385] - [PASSED] SCENARIO COMPLETE: Successfully create term deposit with generated data
2025-09-14 21:34:18,684 - banking_api_tests - INFO - [environment.py:386] - [INFO] Status: [PASSED] PASSED
2025-09-14 21:34:18,684 - banking_api_tests - INFO - [environment.py:387] - [TIME]  Duration: 0:00:00.138038
2025-09-14 21:34:18,684 - banking_api_tests - INFO - [environment.py:388] - [URL] API Calls Made: 1
2025-09-14 21:34:18,684 - banking_api_tests - INFO - [environment.py:392] - [PERFORMANCE] Avg Response Time: 0.005s
2025-09-14 21:34:18,684 - banking_api_tests - INFO - [environment.py:393] - [INFO] Total Response Time: 0.005s
2025-09-14 21:34:18,685 - banking_api_tests - INFO - [environment.py:401] - [URL] Final Response Status: 201
2025-09-14 21:34:18,685 - banking_api_tests - INFO - [environment.py:404] - [VERIFY] Correlation ID: 
2025-09-14 21:34:18,685 - banking_api_tests - INFO - [environment.py:406] - [END] ============================================================
2025-09-14 21:34:18,688 - banking_api_tests - INFO - [environment.py:429] - [RESULTS] ================================================================================
2025-09-14 21:34:18,688 - banking_api_tests - INFO - [environment.py:430] - [FRAMEWORK] BANKING API BDD TEST FRAMEWORK - EXECUTION COMPLETE
2025-09-14 21:34:18,688 - banking_api_tests - INFO - [environment.py:431] - [RESULTS] ================================================================================
2025-09-14 21:34:18,688 - banking_api_tests - INFO - [environment.py:432] - [TIMEOUT] Total Execution Time: 0:00:04.032828
2025-09-14 21:34:18,688 - banking_api_tests - INFO - [environment.py:433] - [INFO] Total Scenarios: 26
2025-09-14 21:34:18,689 - banking_api_tests - INFO - [environment.py:434] - [PASSED] Passed: 18
2025-09-14 21:34:18,689 - banking_api_tests - INFO - [environment.py:435] - [FAILED] Failed: 7
2025-09-14 21:34:18,689 - banking_api_tests - INFO - [environment.py:436] - [SKIPPED]  Skipped: 1
2025-09-14 21:34:18,689 - banking_api_tests - INFO - [environment.py:437] - [PERFORMANCE] Pass Rate: 69.23%
2025-09-14 21:34:18,690 - banking_api_tests - INFO - [environment.py:438] - [URL] Total API Calls: 31
2025-09-14 21:34:18,690 - banking_api_tests - INFO - [environment.py:442] - [PERFORMANCE] Average Response Time: 0.015s
2025-09-14 21:34:18,690 - banking_api_tests - INFO - [environment.py:443] - [INFO] Total Response Time: 0.457s
2025-09-14 21:34:18,690 - banking_api_tests - INFO - [environment.py:445] - [FILE] Detailed Logs: logs/banking_api_tests_20250914_213414.log
2025-09-14 21:34:18,690 - banking_api_tests - INFO - [environment.py:446] - [TIME] End Time: 2025-09-14T21:34:18.688249
2025-09-14 21:34:18,690 - banking_api_tests - ERROR - [environment.py:460] - [ERROR] LOW SUCCESS RATE. Significant issues need attention.
2025-09-14 21:34:18,690 - banking_api_tests - INFO - [environment.py:469] - [RESULTS] ================================================================================
