[ERROR] BANKING API BDD FRAMEWORK - TEST FAILURE REPORT [ERROR]
================================================================================

[TIME] Failure Time: 2025-09-14T15:49:56.585298
[TEST] Scenario: Verify account response data types and formats
[FILE] Feature: Account Retrieval
[LOCATION] Location: features/accounts/account_retrieval.feature:73
[TIME]  Duration: 0:00:01.631146
[TAGS]  Tags: data_validation
[INFO] Status: failed

[ERROR] Last Error: Value assertion failed - 'customerId' expected 'ACC001' but got 'CUST777350'

[URL] API RESPONSE DETAILS:
----------------------------------------
Status Code: 200
URL: https://wiremock-production.up.railway.app/accounts/ACC001
Headers: {
  "Content-Encoding": "gzip",
  "Content-Type": "application/json",
  "Matched-Stub-Id": "f86a34b1-8dd3-49f1-903c-297a0521bc10",
  "Server": "railway-edge",
  "X-Correlation-Id": "",
  "X-Railway-Edge": "railway/us-west2",
  "X-Railway-Request-Id": "HdyD2CxrSuW1PzpLLPU1MQ",
  "Date": "Sun, 14 Sep 2025 05:49:54 GMT",
  "Transfer-Encoding": "chunked"
}
Response Body:
{"accountId":"ACC001","customerId":"CUST777350","bsb":"542846","accountNumber":"07244872","accountType":"SAVINGS","currency":"AUD","balance":" g8xz$'1<95uhurkgn|[;(pf2?;;'-hzvzl4","createdAt":"2025-09-14 05:49:54"}

[INFO] SCENARIO METRICS:
----------------------------------------
API Calls: 1
Total Response Time: 0.741s
Errors: ["Value assertion failed - 'customerId' expected 'ACC001' but got 'CUST777350'"]

[ENV] ENVIRONMENT DETAILS:
----------------------------------------
Base URL: https://wiremock-production.up.railway.app
Test Environment: Not set
Working Directory: C:\Users\D\python api automation framework

================================================================================
[BODY] This file contains detailed failure information for debugging.
[VERIFY] Review the exception details and API response for troubleshooting.
================================================================================
