[ERROR] BANKING API BDD FRAMEWORK - TEST FAILURE REPORT [ERROR]
================================================================================

[TIME] Failure Time: 2025-09-14T20:34:01.935823
[TEST] Scenario: Create account with special characters in description
[FILE] Feature: Account Creation
[LOCATION] Location: features/accounts/account_creation.feature:226
[TIME]  Duration: 0:00:00.894938
[TAGS]  Tags: special_characters
[INFO] Status: failed

[ERROR] Last Error: name 'timeout' is not defined

[INFO] SCENARIO METRICS:
----------------------------------------
API Calls: 0
Total Response Time: 0.000s

[ENV] ENVIRONMENT DETAILS:
----------------------------------------
Base URL: https://wiremock-production.up.railway.app
Test Environment: Not set
Working Directory: C:\Users\D\python api automation framework

================================================================================
[BODY] This file contains detailed failure information for debugging.
[VERIFY] Review the exception details and API response for troubleshooting.
================================================================================
