[ERROR] BANKING API BDD FRAMEWORK - TEST FAILURE REPORT [ERROR]
================================================================================

[TIME] Failure Time: 2025-09-14T11:42:02.774999
[TEST] Scenario: Account retrieval without authentication
[FILE] Feature: Account Error Handling
[LOCATION] Location: features/accounts/account_errors.feature:12
[TIME]  Duration: 0:00:01.581969
[TAGS]  Tags: authentication_errors, regression
[INFO] Status: failed

[ERROR] Last Error: Unauthorized assertion failed - Expected: 401, Actual: 403

[INFO] SCENARIO METRICS:
----------------------------------------
API Calls: 1
Total Response Time: 0.750s
Errors: ['Unauthorized assertion failed - Expected: 401, Actual: 403']

[ENV] ENVIRONMENT DETAILS:
----------------------------------------
Base URL: https://wiremock-production.up.railway.app
Test Environment: Not set
Working Directory: C:\Users\D\python api automation framework

================================================================================
[BODY] This file contains detailed failure information for debugging.
[VERIFY] Review the exception details and API response for troubleshooting.
================================================================================
