[ERROR] BANKING API BDD FRAMEWORK - TEST FAILURE REPORT [ERROR]
================================================================================

[TIME] Failure Time: 2025-09-14T10:46:42.651713
[TEST] Scenario: Successful API access with valid bearer token
[FILE] Feature: Authentication and Security
[LOCATION] Location: features/authentication/auth_security.feature:11
[TIME]  Duration: 0:00:02.547980
[TAGS]  Tags: authentication, smoke
[INFO] Status: failed

[ERROR] Last Error: Success assertion failed - Status 500 is not in 2xx range

[INFO] SCENARIO METRICS:
----------------------------------------
API Calls: 1
Total Response Time: 1.238s
Errors: ['Success assertion failed - Status 500 is not in 2xx range']

[ENV] ENVIRONMENT DETAILS:
----------------------------------------
Base URL: http://wiremock-production.up.railway.app
Test Environment: Not set
Working Directory: C:\Users\D\python api automation framework

================================================================================
[BODY] This file contains detailed failure information for debugging.
[VERIFY] Review the exception details and API response for troubleshooting.
================================================================================
