[ERROR] BANKING API BDD FRAMEWORK - TEST FAILURE REPORT [ERROR]
================================================================================

[TIME] Failure Time: 2025-09-13T12:02:02.971625
[TEST] Scenario: Attempt to retrieve account with invalid ID format
[FILE] Feature: Account Retrieval
[LOCATION] Location: features/accounts/account_retrieval.feature:47
[TIME]  Duration: 0:00:01.030594
[TAGS]  Tags: error_handling, regression
[INFO] Status: failed

[ERROR] Last Error: JSON decode error and no error text found: Expecting value: line 1 column 1 (char 0)

[INFO] SCENARIO METRICS:
----------------------------------------
API Calls: 1
Total Response Time: 0.509s
Errors: ['JSON decode error and no error text found: Expecting value: line 1 column 1 (char 0)']

[ENV] ENVIRONMENT DETAILS:
----------------------------------------
Base URL: https://your-wiremock-app.railway.app
Test Environment: railway
Working Directory: C:\Users\D\python api automation framework

================================================================================
[BODY] This file contains detailed failure information for debugging.
[VERIFY] Review the exception details and API response for troubleshooting.
================================================================================
