[ERROR] BANKING API BDD FRAMEWORK - TEST FAILURE REPORT [ERROR]
================================================================================

[TIME] Failure Time: 2025-09-17T17:57:36.549346
[TEST] Scenario: Create account with boundary values -- @1.2 
[FILE] Feature: Account Creation
[LOCATION] Location: features/accounts/account_creation.feature:125
[TIME]  Duration: 0:00:00.140013
[TAGS]  Tags: boundary_testing
[INFO] Status: failed

[ERROR] Last Error: Status code assertion failed - Expected: 400, Actual: 201 | JSON Error: {"accountId": "ACC967533", "customerId": "CUST000001", "bsb": "058793", "accountNumber": "37167769", "accountType": "SAVINGS", "currency": "AUD", "initialBalance": "-100.0", "description": "", "branch": "", "createdAt": "2025-09-17 17:57:36"}

[URL] API RESPONSE DETAILS:
----------------------------------------
Status Code: 201
URL: http://localhost:8081/accounts
Headers: {
  "Content-Type": "application/json",
  "X-Correlation-Id": "",
  "Matched-Stub-Id": "bb546a1d-31ff-4d16-ae9b-f676db706078",
  "Content-Encoding": "gzip",
  "Transfer-Encoding": "chunked"
}
Response Body:
{"accountId":"ACC967533","customerId":"CUST000001","bsb":"058793","accountNumber":"37167769","accountType":"SAVINGS","currency":"AUD","initialBalance":"-100.0","description":"","branch":"","createdAt":"2025-09-17 17:57:36"}

[INFO] SCENARIO METRICS:
----------------------------------------
API Calls: 1
Total Response Time: 0.003s
Errors: ['Status code assertion failed - Expected: 400, Actual: 201']

[ENV] ENVIRONMENT DETAILS:
----------------------------------------
Base URL: http://localhost:8081
Test Environment: Not set
Working Directory: C:\Users\D\python api automation framework

================================================================================
[BODY] This file contains detailed failure information for debugging.
[VERIFY] Review the exception details and API response for troubleshooting.
================================================================================
