[ERROR] BANKING API BDD FRAMEWORK - TEST FAILURE REPORT [ERROR]
================================================================================

[TIME] Failure Time: 2025-09-17T13:18:43.112607
[TEST] Scenario: Customer retrieval without authentication
[FILE] Feature: Customer Management
[LOCATION] Location: features/customers/customer_management.feature:45
[TIME]  Duration: 0:00:00.133201
[TAGS]  Tags: error_handling, regression
[INFO] Status: failed

[ERROR] Last Error: Unauthorized assertion failed - Expected: 401, Actual: 403

[INFO] SCENARIO METRICS:
----------------------------------------
API Calls: 1
Total Response Time: 0.014s
Errors: ['Unauthorized assertion failed - Expected: 401, Actual: 403']

[ENV] ENVIRONMENT DETAILS:
----------------------------------------
Base URL: http://localhost:8081
Test Environment: Not set
Working Directory: C:\Users\D\python api automation framework

================================================================================
[BODY] This file contains detailed failure information for debugging.
[VERIFY] Review the exception details and API response for troubleshooting.
================================================================================
