[ERROR] BANKING API BDD FRAMEWORK - TEST FAILURE REPORT [ERROR]
================================================================================

[TIME] Failure Time: 2025-09-14T21:32:50.874657
[TEST] Scenario: Multiple concurrent account retrievals
[FILE] Feature: Account Retrieval
[LOCATION] Location: features/accounts/account_retrieval.feature:66
[TIME]  Duration: 0:00:00.185966
[TAGS]  Tags: performance, load_testing
[INFO] Status: failed

[ERROR] Last Error: Success assertion failed - Status 500 is not in 2xx range

[INFO] SCENARIO METRICS:
----------------------------------------
API Calls: 2
Total Response Time: 0.045s
Errors: ['Success assertion failed - Status 500 is not in 2xx range']

[ENV] ENVIRONMENT DETAILS:
----------------------------------------
Base URL: http://localhost:8081
Test Environment: Not set
Working Directory: C:\Users\D\python api automation framework

================================================================================
[BODY] This file contains detailed failure information for debugging.
[VERIFY] Review the exception details and API response for troubleshooting.
================================================================================
