[ERROR] BANKING API BDD FRAMEWORK - TEST FAILURE REPORT [ERROR]
================================================================================

[TIME] Failure Time: 2025-09-17T13:23:40.100968
[TEST] Scenario: Attempt to create account without authentication
[FILE] Feature: Account Creation
[LOCATION] Location: features/accounts/account_creation.feature:58
[TIME]  Duration: 0:00:00.157192
[TAGS]  Tags: error_handling, regression
[INFO] Status: failed

[ERROR] Last Error: Unauthorized assertion failed - Expected: 401, Actual: 400

[INFO] SCENARIO METRICS:
----------------------------------------
API Calls: 1
Total Response Time: 0.020s
Errors: ['Unauthorized assertion failed - Expected: 401, Actual: 400']

[ENV] ENVIRONMENT DETAILS:
----------------------------------------
Base URL: http://localhost:8081
Test Environment: Not set
Working Directory: C:\Users\D\python api automation framework

================================================================================
[BODY] This file contains detailed failure information for debugging.
[VERIFY] Review the exception details and API response for troubleshooting.
================================================================================
