[ERROR] BANKING API BDD FRAMEWORK - TEST FAILURE REPORT [ERROR]
================================================================================

[TIME] Failure Time: 2025-09-17T13:23:52.040867
[TEST] Scenario: API access denied without authentication token
[FILE] Feature: Authentication and Security
[LOCATION] Location: features/authentication/auth_security.feature:18
[TIME]  Duration: 0:00:00.154513
[TAGS]  Tags: authentication, error_handling
[INFO] Status: failed

[ERROR] Last Error: Unauthorized assertion failed - Expected: 401, Actual: 403

[INFO] SCENARIO METRICS:
----------------------------------------
API Calls: 1
Total Response Time: 0.015s
Errors: ['Unauthorized assertion failed - Expected: 401, Actual: 403']

[ENV] ENVIRONMENT DETAILS:
----------------------------------------
Base URL: http://localhost:8081
Test Environment: Not set
Working Directory: C:\Users\D\python api automation framework

================================================================================
[BODY] This file contains detailed failure information for debugging.
[VERIFY] Review the exception details and API response for troubleshooting.
================================================================================
