[ERROR] BANKING API BDD FRAMEWORK - TEST FAILURE REPORT [ERROR]
================================================================================

[TIME] Failure Time: 2025-09-16T12:43:26.495219
[TEST] Scenario: Complete customer onboarding workflow
[FILE] Feature: End-to-End Banking Workflows
[LOCATION] Location: features/integration/end_to_end_workflows.feature:12
[TIME]  Duration: 0:00:00.226277
[TAGS]  Tags: workflow, smoke
[INFO] Status: failed

[ERROR] Last Error: Status code assertion failed - Expected: 200, Actual: 404 | JSON Error: {"error": "Account not found", "code": "ACCOUNT_NOT_FOUND", "accountId": "ACC050784", "message": "No account found with ID: ACC050784", "timestamp": "2025-09-16 12:43:26"}

[INFO] SCENARIO METRICS:
----------------------------------------
API Calls: 4
Total Response Time: 0.084s
Errors: ['Status code assertion failed - Expected: 200, Actual: 404']

[ENV] ENVIRONMENT DETAILS:
----------------------------------------
Base URL: http://localhost:8081
Test Environment: Not set
Working Directory: C:\Users\D\python api automation framework

================================================================================
[BODY] This file contains detailed failure information for debugging.
[VERIFY] Review the exception details and API response for troubleshooting.
================================================================================
