[ERROR] BANKING API BDD FRAMEWORK - TEST FAILURE REPORT [ERROR]
================================================================================

[TIME] Failure Time: 2025-09-13T23:28:25.151502
[TEST] Scenario: Complete customer onboarding workflow
[FILE] Feature: End-to-End Banking Workflows
[LOCATION] Location: features/integration/end_to_end_workflows.feature:12
[TIME]  Duration: 0:00:03.045598
[TAGS]  Tags: workflow, smoke
[INFO] Status: failed

[ERROR] Last Error: Status code assertion failed - Expected: 200, Actual: 500 | JSON Error: {"servlet": "com.github.tomakehurst.wiremock.servlet.WireMockHandlerDispatchingServlet-5305c37d", "cause0": "java.io.FileNotFoundException: /app/./__files/customer-CUST118847.json (No such file or directory)", "message": "java.io.FileNotFoundException: /app/./__files/customer-CUST118847.json (No such file or directory)", "url": "/customers/CUST118847", "status": "500"}

[INFO] SCENARIO METRICS:
----------------------------------------
API Calls: 3
Total Response Time: 2.195s
Errors: ['Status code assertion failed - Expected: 200, Actual: 500']

[ENV] ENVIRONMENT DETAILS:
----------------------------------------
Base URL: https://wiremock-production.up.railway.app
Test Environment: railway
Working Directory: C:\Users\D\python api automation framework

================================================================================
[BODY] This file contains detailed failure information for debugging.
[VERIFY] Review the exception details and API response for troubleshooting.
================================================================================
