[ERROR] BANKING API BDD FRAMEWORK - TEST FAILURE REPORT [ERROR]
================================================================================

[TIME] Failure Time: 2025-09-14T11:00:48.922500
[TEST] Scenario: Successfully create account with valid generated data
[FILE] Feature: Account Creation
[LOCATION] Location: features/accounts/account_creation.feature:12
[TIME]  Duration: 0:00:02.606561
[TAGS]  Tags: happy_path, smoke
[INFO] Status: failed

[ERROR] Last Error: Status code assertion failed - Expected: 201, Actual: 404

[INFO] SCENARIO METRICS:
----------------------------------------
API Calls: 1
Total Response Time: 1.139s
Errors: ['Status code assertion failed - Expected: 201, Actual: 404']

[ENV] ENVIRONMENT DETAILS:
----------------------------------------
Base URL: http://wiremock-production.up.railway.app
Test Environment: Not set
Working Directory: C:\Users\D\python api automation framework

================================================================================
[BODY] This file contains detailed failure information for debugging.
[VERIFY] Review the exception details and API response for troubleshooting.
================================================================================
