[ERROR] BANKING API BDD FRAMEWORK - TEST FAILURE REPORT [ERROR]
================================================================================

[TIME] Failure Time: 2025-09-13T23:42:21.874652
[TEST] Scenario: Account retrieval with special characters in ID -- @1.2 
[FILE] Feature: Account Retrieval
[LOCATION] Location: features/accounts/account_retrieval.feature:116
[TIME]  Duration: 0:00:01.616467
[TAGS]  Tags: edge_cases
[INFO] Status: failed

[ERROR] Last Error: JSON decode error and no error text found: Expecting value: line 2 column 48 (char 48)

[INFO] SCENARIO METRICS:
----------------------------------------
API Calls: 1
Total Response Time: 0.750s
Errors: ['JSON decode error and no error text found: Expecting value: line 2 column 48 (char 48)']

[ENV] ENVIRONMENT DETAILS:
----------------------------------------
Base URL: https://wiremock-production.up.railway.app
Test Environment: railway
Working Directory: C:\Users\D\python api automation framework

================================================================================
[BODY] This file contains detailed failure information for debugging.
[VERIFY] Review the exception details and API response for troubleshooting.
================================================================================
