[ERROR] BANKING API BDD FRAMEWORK - TEST FAILURE REPORT [ERROR]
================================================================================

[TIME] Failure Time: 2025-09-13T11:58:59.744721
[TEST] Scenario: Multiple concurrent account retrievals
[FILE] Feature: Account Retrieval
[LOCATION] Location: features/accounts/account_retrieval.feature:66
[TIME]  Duration: 0:00:01.545129
[TAGS]  Tags: performance, load_testing
[INFO] Status: failed

[ERROR] Last Error: Success assertion failed - Status 404 is not in 2xx range

[INFO] SCENARIO METRICS:
----------------------------------------
API Calls: 2
Total Response Time: 1.048s
Errors: ['Success assertion failed - Status 404 is not in 2xx range']

[ENV] ENVIRONMENT DETAILS:
----------------------------------------
Base URL: https://your-wiremock-app.railway.app
Test Environment: Not set
Working Directory: C:\Users\D\python api automation framework

================================================================================
[BODY] This file contains detailed failure information for debugging.
[VERIFY] Review the exception details and API response for troubleshooting.
================================================================================
