[ERROR] BANKING API BDD FRAMEWORK - TEST FAILURE REPORT [ERROR]
================================================================================

[TIME] Failure Time: 2025-09-14T20:34:43.952852
[TEST] Scenario: Successfully create term deposit with generated data
[FILE] Feature: Term Deposit Management
[LOCATION] Location: features/term_deposits/term_deposit_management.feature:12
[TIME]  Duration: 0:00:01.595828
[TAGS]  Tags: happy_path, smoke
[INFO] Status: failed

[ERROR] Last Error: Status code assertion failed - Expected: 201, Actual: 500

[INFO] SCENARIO METRICS:
----------------------------------------
API Calls: 1
Total Response Time: 0.742s
Errors: ['Status code assertion failed - Expected: 201, Actual: 500']

[ENV] ENVIRONMENT DETAILS:
----------------------------------------
Base URL: https://wiremock-production.up.railway.app
Test Environment: Not set
Working Directory: C:\Users\D\python api automation framework

================================================================================
[BODY] This file contains detailed failure information for debugging.
[VERIFY] Review the exception details and API response for troubleshooting.
================================================================================
