[ERROR] BANKING API BDD FRAMEWORK - TEST FAILURE REPORT [ERROR]
================================================================================

[TIME] Failure Time: 2025-09-14T10:46:32.526354
[TEST] Scenario: Account retrieval with special characters in ID -- @1.1 
[FILE] Feature: Account Retrieval
[LOCATION] Location: features/accounts/account_retrieval.feature:115
[TIME]  Duration: 0:00:02.512504
[TAGS]  Tags: edge_cases
[INFO] Status: failed

[ERROR] Last Error: JSON decode error and no error text found: Expecting value: line 2 column 48 (char 48)

[INFO] SCENARIO METRICS:
----------------------------------------
API Calls: 1
Total Response Time: 1.203s
Errors: ['JSON decode error and no error text found: Expecting value: line 2 column 48 (char 48)']

[ENV] ENVIRONMENT DETAILS:
----------------------------------------
Base URL: http://wiremock-production.up.railway.app
Test Environment: Not set
Working Directory: C:\Users\D\python api automation framework

================================================================================
[BODY] This file contains detailed failure information for debugging.
[VERIFY] Review the exception details and API response for troubleshooting.
================================================================================
