[ERROR] BANKING API BDD FRAMEWORK - TEST FAILURE REPORT [ERROR]
================================================================================

[TIME] Failure Time: 2025-09-14T20:29:04.745011
[TEST] Scenario: Successfully create loan application with generated data
[FILE] Feature: Loan Management
[LOCATION] Location: features/loans/loan_management.feature:12
[TIME]  Duration: 0:00:01.605805
[TAGS]  Tags: happy_path, smoke
[INFO] Status: failed

[ERROR] Last Error: Status code assertion failed - Expected: 201, Actual: 500

[INFO] SCENARIO METRICS:
----------------------------------------
API Calls: 1
Total Response Time: 0.748s
Errors: ['Status code assertion failed - Expected: 201, Actual: 500']

[ENV] ENVIRONMENT DETAILS:
----------------------------------------
Base URL: https://wiremock-production.up.railway.app
Test Environment: Not set
Working Directory: C:\Users\D\python api automation framework

================================================================================
[BODY] This file contains detailed failure information for debugging.
[VERIFY] Review the exception details and API response for troubleshooting.
================================================================================
