[ERROR] BANKING API BDD FRAMEWORK - TEST FAILURE REPORT [ERROR]
================================================================================

[TIME] Failure Time: 2025-09-14T20:35:40.828540
[TEST] Scenario: Customer retrieval without authentication
[FILE] Feature: Customer Management
[LOCATION] Location: features/customers/customer_management.feature:45
[TIME]  Duration: 0:00:01.621967
[TAGS]  Tags: error_handling, regression
[INFO] Status: failed

[ERROR] Last Error: Unauthorized assertion failed - Expected: 401, Actual: 403

[INFO] SCENARIO METRICS:
----------------------------------------
API Calls: 1
Total Response Time: 0.776s
Errors: ['Unauthorized assertion failed - Expected: 401, Actual: 403']

[ENV] ENVIRONMENT DETAILS:
----------------------------------------
Base URL: https://wiremock-production.up.railway.app
Test Environment: Not set
Working Directory: C:\Users\D\python api automation framework

================================================================================
[BODY] This file contains detailed failure information for debugging.
[VERIFY] Review the exception details and API response for troubleshooting.
================================================================================
