[ERROR] BANKING API BDD FRAMEWORK - TEST FAILURE REPORT [ERROR]
================================================================================

[TIME] Failure Time: 2025-09-16T13:59:06.523823
[TEST] Scenario: Complete customer onboarding workflow
[FILE] Feature: End-to-End Banking Workflows
[LOCATION] Location: features/integration/end_to_end_workflows.feature:12
[TIME]  Duration: 0:00:00.178571
[TAGS]  Tags: workflow, smoke
[INFO] Status: failed

[ERROR] Last Error: Status code assertion failed - Expected: 200, Actual: 500 | JSON Error: {"servlet": "com.github.tomakehurst.wiremock.servlet.WireMockHandlerDispatchingServlet-1dab9dd6", "cause0": "java.io.FileNotFoundException: C:\\Users\\D\\Wiremock\\scripts\\..\\__files\\account-ACC607490.json (The system cannot find the file specified)", "message": "java.io.FileNotFoundException: C:\\Users\\D\\Wiremock\\scripts\\..\\__files\\account-ACC607490.json (The system cannot find the file specified)", "url": "/accounts/ACC607490", "status": "500"}

[INFO] SCENARIO METRICS:
----------------------------------------
API Calls: 4
Total Response Time: 0.053s
Errors: ['Status code assertion failed - Expected: 200, Actual: 500']

[ENV] ENVIRONMENT DETAILS:
----------------------------------------
Base URL: http://localhost:8081
Test Environment: Not set
Working Directory: C:\Users\D\python api automation framework

================================================================================
[BODY] This file contains detailed failure information for debugging.
[VERIFY] Review the exception details and API response for troubleshooting.
================================================================================
