[ERROR] BANKING API BDD FRAMEWORK - TEST FAILURE REPORT [ERROR]
================================================================================

[TIME] Failure Time: 2025-09-14T11:42:15.919265
[TEST] Scenario: Account retrieval for non-existent accounts -- @1.4 
[FILE] Feature: Account Error Handling
[LOCATION] Location: features/accounts/account_errors.feature:92
[TIME]  Duration: 0:00:01.565551
[TAGS]  Tags: not_found_errors, regression
[INFO] Status: failed

[ERROR] Last Error: JSON decode error and no error text found: Expecting value: line 2 column 48 (char 48)

[INFO] SCENARIO METRICS:
----------------------------------------
API Calls: 1
Total Response Time: 0.737s
Errors: ['JSON decode error and no error text found: Expecting value: line 2 column 48 (char 48)']

[ENV] ENVIRONMENT DETAILS:
----------------------------------------
Base URL: https://wiremock-production.up.railway.app
Test Environment: Not set
Working Directory: C:\Users\D\python api automation framework

================================================================================
[BODY] This file contains detailed failure information for debugging.
[VERIFY] Review the exception details and API response for troubleshooting.
================================================================================
